[01m[K/home/dyj/ros2_ws/src/stonefish_ros2/src/FluidDynamicsTestManager.cpp:27:10:[m[K [01;31m[Kfatal error: [m[Kstonefish_ros2/FluidDynamicsTestManager.h: Ê≤°ÊúâÈÇ£‰∏™Êñá‰ª∂ÊàñÁõÆÂΩï
   27 | #include [01;31m[K"stonefish_ros2/FluidDynamicsTestManager.h"[m[K
      |          [01;31m[K^~~~~~~~~~~~~~~~~~~~~~~~~~~~~~~~~~~~~~~~~~~[m[K
compilation terminated.
make[2]: *** [CMakeFiles/fluid_dynamics_test.dir/build.make:66ÔºöCMakeFiles/fluid_dynamics_test.dir/src/FluidDynamicsTestManager.cpp.o] ÈîôËØØ 1
make[2]: *** Ê≠£Âú®Á≠âÂæÖÊú™ÂÆåÊàêÁöÑ‰ªªÂä°....
In file included from [01m[K/home/dyj/ros2_ws/src/stonefish_ros2/src/FluidDynamicsTestApp.cpp:26[m[K:
[01m[K/home/dyj/ros2_ws/src/stonefish_ros2/src/FluidDynamicsTestApp.h:35:95:[m[K [01;31m[Kerror: [m[K‚Äò[01m[KFluidDynamicsTestManager[m[K‚Äô has not been declared
   35 |     FluidDynamicsTestApp(std::string dataDirPath, sf::RenderSettings s, sf::HelperSettings h, [01;31m[KFluidDynamicsTestManager[m[K* sim);
      |                                                                                               [01;31m[K^~~~~~~~~~~~~~~~~~~~~~~~[m[K
In file included from [01m[K/home/dyj/ros2_ws/src/stonefish_ros2/src/main.cpp:26[m[K:
[01m[K/home/dyj/ros2_ws/src/stonefish_ros2/src/FluidDynamicsTestApp.h:35:95:[m[K [01;31m[Kerror: [m[K‚Äò[01m[KFluidDynamicsTestManager[m[K‚Äô has not been declared
   35 |     FluidDynamicsTestApp(std::string dataDirPath, sf::RenderSettings s, sf::HelperSettings h, [01;31m[KFluidDynamicsTestManager[m[K* sim);
      |                                                                                               [01;31m[K^~~~~~~~~~~~~~~~~~~~~~~~[m[K
[01m[K/home/dyj/ros2_ws/src/stonefish_ros2/src/main.cpp:[m[K In function ‚Äò[01m[Kint main(int, const char**)[m[K‚Äô:
[01m[K/home/dyj/ros2_ws/src/stonefish_ros2/src/main.cpp:53:5:[m[K [01;31m[Kerror: [m[K‚Äò[01m[KFluidDynamicsTestManager[m[K‚Äô was not declared in this scope; did you mean ‚Äò[01m[Ksf::FluidDynamicsTestManager[m[K‚Äô?
   53 |     [01;31m[KFluidDynamicsTestManager[m[K simulationManager(500.0);
      |     [01;31m[K^~~~~~~~~~~~~~~~~~~~~~~~[m[K
      |     [32m[Ksf::FluidDynamicsTestManager[m[K
In file included from [01m[K/home/dyj/ros2_ws/src/stonefish_ros2/src/FluidDynamicsTestApp.h:30[m[K,
                 from [01m[K/home/dyj/ros2_ws/src/stonefish_ros2/src/main.cpp:26[m[K:
[01m[K/home/dyj/ros2_ws/src/stonefish_ros2/src/FluidDynamicsTestManager.h:21:7:[m[K [01;36m[Knote: [m[K‚Äò[01m[Ksf::FluidDynamicsTestManager[m[K‚Äô declared here
   21 | class [01;36m[KFluidDynamicsTestManager[m[K : public SimulationManager
      |       [01;36m[K^~~~~~~~~~~~~~~~~~~~~~~~[m[K
[01m[K/home/dyj/ros2_ws/src/stonefish_ros2/src/main.cpp:54:5:[m[K [01;31m[Kerror: [m[K‚Äò[01m[KsimulationManager[m[K‚Äô was not declared in this scope; did you mean ‚Äò[01m[KbtSimulationIslandManager[m[K‚Äô?
   54 |     [01;31m[KsimulationManager[m[K.setRealtimeFactor(1.0);
      |     [01;31m[K^~~~~~~~~~~~~~~~~[m[K
      |     [32m[KbtSimulationIslandManager[m[K
[01m[K/home/dyj/ros2_ws/src/stonefish_ros2/src/main.cpp:30:14:[m[K [01;35m[Kwarning: [m[Kunused parameter ‚Äò[01m[Kargc[m[K‚Äô [[01;35m[K-Wunused-parameter[m[K]
   30 | int main([01;35m[Kint argc[m[K, const char * argv[])
      |          [01;35m[K~~~~^~~~[m[K
[01m[K/home/dyj/ros2_ws/src/stonefish_ros2/src/main.cpp:30:33:[m[K [01;35m[Kwarning: [m[Kunused parameter ‚Äò[01m[Kargv[m[K‚Äô [[01;35m[K-Wunused-parameter[m[K]
   30 | int main(int argc, [01;35m[Kconst char * argv[][m[K)
      |                    [01;35m[K~~~~~~~~~~~~~^~~~~~[m[K
[01m[K/home/dyj/ros2_ws/src/stonefish_ros2/src/FluidDynamicsTestApp.cpp:42:113:[m[K [01;31m[Kerror: [m[K‚Äò[01m[KFluidDynamicsTestManager[m[K‚Äô has not been declared
   42 | FluidDynamicsTestApp::FluidDynamicsTestApp(std::string dataDirPath, sf::RenderSettings s, sf::HelperSettings h, [01;31m[KFluidDynamicsTestManager[m[K* sim)
      |                                                                                                                 [01;31m[K^~~~~~~~~~~~~~~~~~~~~~~~[m[K
[01m[K/home/dyj/ros2_ws/src/stonefish_ros2/src/FluidDynamicsTestApp.cpp:[m[K In constructor ‚Äò[01m[KFluidDynamicsTestApp::FluidDynamicsTestApp(std::string, sf::RenderSettings, sf::HelperSettings, int*)[m[K‚Äô:
[01m[K/home/dyj/ros2_ws/src/stonefish_ros2/src/FluidDynamicsTestApp.cpp:43:74:[m[K [01;31m[Kerror: [m[Kno matching function for call to ‚Äò[01m[Ksf::GraphicalSimulationApp::GraphicalSimulationApp(const char [19], std::string&, sf::RenderSettings&, sf::HelperSettings&, int*&)[m[K‚Äô
   43 |     : GraphicalSimulationApp("FluidDynamics Test", dataDirPath, s, h, sim[01;31m[K)[m[K
      |                                                                          [01;31m[K^[m[K
In file included from [01m[K/home/dyj/ros2_ws/src/stonefish_ros2/src/FluidDynamicsTestApp.h:29[m[K,
                 from [01m[K/home/dyj/ros2_ws/src/stonefish_ros2/src/FluidDynamicsTestApp.cpp:26[m[K:
[01m[K/usr/local/include/Stonefish/core/GraphicalSimulationApp.h:53:9:[m[K [01;36m[Knote: [m[Kcandidate: ‚Äò[01m[Ksf::GraphicalSimulationApp::GraphicalSimulationApp(std::string, std::string, sf::RenderSettings, sf::HelperSettings, sf::SimulationManager*)[m[K‚Äô
   53 |         [01;36m[KGraphicalSimulationApp[m[K(std::string title, std::string dataDirPath, RenderSettings s, HelperSettings h, SimulationManager* sim);
      |         [01;36m[K^~~~~~~~~~~~~~~~~~~~~~[m[K
In file included from [01m[K/home/dyj/ros2_ws/src/stonefish_ros2/src/FluidDynamicsTestApp.h:29[m[K,
                 from [01m[K/home/dyj/ros2_ws/src/stonefish_ros2/src/FluidDynamicsTestApp.cpp:26[m[K:
[01m[K/usr/local/include/Stonefish/core/GraphicalSimulationApp.h:53:131:[m[K [01;36m[Knote: [m[K  no known conversion for argument 5 from ‚Äò[01m[Kint*[m[K‚Äô to ‚Äò[01m[Ksf::SimulationManager*[m[K‚Äô
   53 |         GraphicalSimulationApp(std::string title, std::string dataDirPath, RenderSettings s, HelperSettings h, [01;36m[KSimulationManager* sim[m[K);
      |                                                                                                                [01;36m[K~~~~~~~~~~~~~~~~~~~^~~[m[K
In file included from [01m[K/home/dyj/ros2_ws/src/stonefish_ros2/src/FluidDynamicsTestApp.h:29[m[K,
                 from [01m[K/home/dyj/ros2_ws/src/stonefish_ros2/src/FluidDynamicsTestApp.cpp:26[m[K:
[01m[K/usr/local/include/Stonefish/core/GraphicalSimulationApp.h:42:11:[m[K [01;36m[Knote: [m[Kcandidate: ‚Äò[01m[Ksf::GraphicalSimulationApp::GraphicalSimulationApp(const sf::GraphicalSimulationApp&)[m[K‚Äô
   42 |     class [01;36m[KGraphicalSimulationApp[m[K : public SimulationApp
      |           [01;36m[K^~~~~~~~~~~~~~~~~~~~~~[m[K
[01m[K/usr/local/include/Stonefish/core/GraphicalSimulationApp.h:42:11:[m[K [01;36m[Knote: [m[K  candidate expects 1 argument, 5 provided
make[2]: *** [CMakeFiles/fluid_dynamics_test.dir/build.make:92ÔºöCMakeFiles/fluid_dynamics_test.dir/src/main.cpp.o] ÈîôËØØ 1
make[2]: *** [CMakeFiles/fluid_dynamics_test.dir/build.make:79ÔºöCMakeFiles/fluid_dynamics_test.dir/src/FluidDynamicsTestApp.cpp.o] ÈîôËØØ 1
make[1]: *** [CMakeFiles/Makefile2:390ÔºöCMakeFiles/fluid_dynamics_test.dir/all] ÈîôËØØ 2
make: *** [Makefile:144Ôºöall] ÈîôËØØ 2
