/usr/bin/cmake -S/home/dyj/ros2_ws/src/stonefish_ros2 -B/home/dyj/ros2_ws/build/stonefish_ros2 --check-build-system CMakeFiles/Makefile.cmake 0
/usr/bin/cmake -E cmake_progress_start /home/dyj/ros2_ws/build/stonefish_ros2/CMakeFiles /home/dyj/ros2_ws/build/stonefish_ros2/CMakeFiles/progress.marks
/usr/bin/make -f CMakeFiles/Makefile2 all
make[1]: è¿›å…¥ç›®å½•â€œ/home/dyj/ros2_ws/build/stonefish_ros2â€
/usr/bin/make -f CMakeFiles/stonefish_ros2__cpp.dir/build.make CMakeFiles/stonefish_ros2__cpp.dir/depend
/usr/bin/make -f CMakeFiles/stonefish_ros2__rosidl_generator_c.dir/build.make CMakeFiles/stonefish_ros2__rosidl_generator_c.dir/depend
/usr/bin/make -f CMakeFiles/ament_cmake_python_symlink_stonefish_ros2.dir/build.make CMakeFiles/ament_cmake_python_symlink_stonefish_ros2.dir/depend
make[2]: è¿›å…¥ç›®å½•â€œ/home/dyj/ros2_ws/build/stonefish_ros2â€
cd /home/dyj/ros2_ws/build/stonefish_ros2 && /usr/bin/cmake -E cmake_depends "Unix Makefiles" /home/dyj/ros2_ws/src/stonefish_ros2 /home/dyj/ros2_ws/src/stonefish_ros2 /home/dyj/ros2_ws/build/stonefish_ros2 /home/dyj/ros2_ws/build/stonefish_ros2 /home/dyj/ros2_ws/build/stonefish_ros2/CMakeFiles/ament_cmake_python_symlink_stonefish_ros2.dir/DependInfo.cmake --color=
make[2]: è¿›å…¥ç›®å½•â€œ/home/dyj/ros2_ws/build/stonefish_ros2â€
cd /home/dyj/ros2_ws/build/stonefish_ros2 && /usr/bin/cmake -E cmake_depends "Unix Makefiles" /home/dyj/ros2_ws/src/stonefish_ros2 /home/dyj/ros2_ws/src/stonefish_ros2 /home/dyj/ros2_ws/build/stonefish_ros2 /home/dyj/ros2_ws/build/stonefish_ros2 /home/dyj/ros2_ws/build/stonefish_ros2/CMakeFiles/stonefish_ros2__cpp.dir/DependInfo.cmake --color=
make[2]: è¿›å…¥ç›®å½•â€œ/home/dyj/ros2_ws/build/stonefish_ros2â€
cd /home/dyj/ros2_ws/build/stonefish_ros2 && /usr/bin/cmake -E cmake_depends "Unix Makefiles" /home/dyj/ros2_ws/src/stonefish_ros2 /home/dyj/ros2_ws/src/stonefish_ros2 /home/dyj/ros2_ws/build/stonefish_ros2 /home/dyj/ros2_ws/build/stonefish_ros2 /home/dyj/ros2_ws/build/stonefish_ros2/CMakeFiles/stonefish_ros2__rosidl_generator_c.dir/DependInfo.cmake --color=
make[2]: ç¦»å¼€ç›®å½•â€œ/home/dyj/ros2_ws/build/stonefish_ros2â€
/usr/bin/make -f CMakeFiles/stonefish_ros2__cpp.dir/build.make CMakeFiles/stonefish_ros2__cpp.dir/build
make[2]: ç¦»å¼€ç›®å½•â€œ/home/dyj/ros2_ws/build/stonefish_ros2â€
/usr/bin/make -f CMakeFiles/ament_cmake_python_symlink_stonefish_ros2.dir/build.make CMakeFiles/ament_cmake_python_symlink_stonefish_ros2.dir/build
make[2]: è¿›å…¥ç›®å½•â€œ/home/dyj/ros2_ws/build/stonefish_ros2â€
/usr/bin/cmake -E create_symlink /home/dyj/ros2_ws/build/stonefish_ros2/rosidl_generator_py/stonefish_ros2 /home/dyj/ros2_ws/build/stonefish_ros2/ament_cmake_python/stonefish_ros2/stonefish_ros2
make[2]: è¿›å…¥ç›®å½•â€œ/home/dyj/ros2_ws/build/stonefish_ros2â€
make[2]: å¯¹â€œCMakeFiles/stonefish_ros2__cpp.dir/buildâ€æ— éœ€åšä»»ä½•äº‹ã€‚
make[2]: ç¦»å¼€ç›®å½•â€œ/home/dyj/ros2_ws/build/stonefish_ros2â€
make[2]: ç¦»å¼€ç›®å½•â€œ/home/dyj/ros2_ws/build/stonefish_ros2â€
/usr/bin/make -f CMakeFiles/stonefish_ros2__rosidl_generator_c.dir/build.make CMakeFiles/stonefish_ros2__rosidl_generator_c.dir/build
[  1%] Built target stonefish_ros2__cpp
/usr/bin/make -f CMakeFiles/stonefish_ros2__rosidl_typesupport_cpp.dir/build.make CMakeFiles/stonefish_ros2__rosidl_typesupport_cpp.dir/depend
/usr/bin/make -f CMakeFiles/stonefish_ros2__rosidl_typesupport_fastrtps_cpp.dir/build.make CMakeFiles/stonefish_ros2__rosidl_typesupport_fastrtps_cpp.dir/depend
/usr/bin/make -f CMakeFiles/stonefish_ros2__rosidl_typesupport_introspection_cpp.dir/build.make CMakeFiles/stonefish_ros2__rosidl_typesupport_introspection_cpp.dir/depend
make[2]: è¿›å…¥ç›®å½•â€œ/home/dyj/ros2_ws/build/stonefish_ros2â€
make[2]: å¯¹â€œCMakeFiles/stonefish_ros2__rosidl_generator_c.dir/buildâ€æ— éœ€åšä»»ä½•äº‹ã€‚
make[2]: ç¦»å¼€ç›®å½•â€œ/home/dyj/ros2_ws/build/stonefish_ros2â€
make[2]: ç¦»å¼€ç›®å½•â€œ/home/dyj/ros2_ws/build/stonefish_ros2â€
make[2]: è¿›å…¥ç›®å½•â€œ/home/dyj/ros2_ws/build/stonefish_ros2â€
cd /home/dyj/ros2_ws/build/stonefish_ros2 && /usr/bin/cmake -E cmake_depends "Unix Makefiles" /home/dyj/ros2_ws/src/stonefish_ros2 /home/dyj/ros2_ws/src/stonefish_ros2 /home/dyj/ros2_ws/build/stonefish_ros2 /home/dyj/ros2_ws/build/stonefish_ros2 /home/dyj/ros2_ws/build/stonefish_ros2/CMakeFiles/stonefish_ros2__rosidl_typesupport_introspection_cpp.dir/DependInfo.cmake --color=
make[2]: è¿›å…¥ç›®å½•â€œ/home/dyj/ros2_ws/build/stonefish_ros2â€
cd /home/dyj/ros2_ws/build/stonefish_ros2 && /usr/bin/cmake -E cmake_depends "Unix Makefiles" /home/dyj/ros2_ws/src/stonefish_ros2 /home/dyj/ros2_ws/src/stonefish_ros2 /home/dyj/ros2_ws/build/stonefish_ros2 /home/dyj/ros2_ws/build/stonefish_ros2 /home/dyj/ros2_ws/build/stonefish_ros2/CMakeFiles/stonefish_ros2__rosidl_typesupport_fastrtps_cpp.dir/DependInfo.cmake --color=
make[2]: è¿›å…¥ç›®å½•â€œ/home/dyj/ros2_ws/build/stonefish_ros2â€
cd /home/dyj/ros2_ws/build/stonefish_ros2 && /usr/bin/cmake -E cmake_depends "Unix Makefiles" /home/dyj/ros2_ws/src/stonefish_ros2 /home/dyj/ros2_ws/src/stonefish_ros2 /home/dyj/ros2_ws/build/stonefish_ros2 /home/dyj/ros2_ws/build/stonefish_ros2 /home/dyj/ros2_ws/build/stonefish_ros2/CMakeFiles/stonefish_ros2__rosidl_typesupport_cpp.dir/DependInfo.cmake --color=
[  1%] Built target ament_cmake_python_symlink_stonefish_ros2
/usr/bin/make -f CMakeFiles/ament_cmake_python_build_stonefish_ros2_egg.dir/build.make CMakeFiles/ament_cmake_python_build_stonefish_ros2_egg.dir/depend
make[2]: è¿›å…¥ç›®å½•â€œ/home/dyj/ros2_ws/build/stonefish_ros2â€
cd /home/dyj/ros2_ws/build/stonefish_ros2 && /usr/bin/cmake -E cmake_depends "Unix Makefiles" /home/dyj/ros2_ws/src/stonefish_ros2 /home/dyj/ros2_ws/src/stonefish_ros2 /home/dyj/ros2_ws/build/stonefish_ros2 /home/dyj/ros2_ws/build/stonefish_ros2 /home/dyj/ros2_ws/build/stonefish_ros2/CMakeFiles/ament_cmake_python_build_stonefish_ros2_egg.dir/DependInfo.cmake --color=
make[2]: ç¦»å¼€ç›®å½•â€œ/home/dyj/ros2_ws/build/stonefish_ros2â€
/usr/bin/make -f CMakeFiles/stonefish_ros2__rosidl_typesupport_introspection_cpp.dir/build.make CMakeFiles/stonefish_ros2__rosidl_typesupport_introspection_cpp.dir/build
make[2]: ç¦»å¼€ç›®å½•â€œ/home/dyj/ros2_ws/build/stonefish_ros2â€
/usr/bin/make -f CMakeFiles/stonefish_ros2__rosidl_typesupport_fastrtps_cpp.dir/build.make CMakeFiles/stonefish_ros2__rosidl_typesupport_fastrtps_cpp.dir/build
[ 11%] Built target stonefish_ros2__rosidl_generator_c
/usr/bin/make -f CMakeFiles/stonefish_ros2__rosidl_typesupport_c.dir/build.make CMakeFiles/stonefish_ros2__rosidl_typesupport_c.dir/depend
/usr/bin/make -f CMakeFiles/stonefish_ros2__rosidl_typesupport_introspection_c.dir/build.make CMakeFiles/stonefish_ros2__rosidl_typesupport_introspection_c.dir/depend
make[2]: ç¦»å¼€ç›®å½•â€œ/home/dyj/ros2_ws/build/stonefish_ros2â€
/usr/bin/make -f CMakeFiles/ament_cmake_python_build_stonefish_ros2_egg.dir/build.make CMakeFiles/ament_cmake_python_build_stonefish_ros2_egg.dir/build
make[2]: è¿›å…¥ç›®å½•â€œ/home/dyj/ros2_ws/build/stonefish_ros2â€
cd /home/dyj/ros2_ws/build/stonefish_ros2/ament_cmake_python/stonefish_ros2 && /usr/bin/python3.8 setup.py egg_info
make[2]: è¿›å…¥ç›®å½•â€œ/home/dyj/ros2_ws/build/stonefish_ros2â€
make[2]: å¯¹â€œCMakeFiles/stonefish_ros2__rosidl_typesupport_introspection_cpp.dir/buildâ€æ— éœ€åšä»»ä½•äº‹ã€‚
make[2]: ç¦»å¼€ç›®å½•â€œ/home/dyj/ros2_ws/build/stonefish_ros2â€
make[2]: è¿›å…¥ç›®å½•â€œ/home/dyj/ros2_ws/build/stonefish_ros2â€
cd /home/dyj/ros2_ws/build/stonefish_ros2 && /usr/bin/cmake -E cmake_depends "Unix Makefiles" /home/dyj/ros2_ws/src/stonefish_ros2 /home/dyj/ros2_ws/src/stonefish_ros2 /home/dyj/ros2_ws/build/stonefish_ros2 /home/dyj/ros2_ws/build/stonefish_ros2 /home/dyj/ros2_ws/build/stonefish_ros2/CMakeFiles/stonefish_ros2__rosidl_typesupport_c.dir/DependInfo.cmake --color=
make[2]: è¿›å…¥ç›®å½•â€œ/home/dyj/ros2_ws/build/stonefish_ros2â€
cd /home/dyj/ros2_ws/build/stonefish_ros2 && /usr/bin/cmake -E cmake_depends "Unix Makefiles" /home/dyj/ros2_ws/src/stonefish_ros2 /home/dyj/ros2_ws/src/stonefish_ros2 /home/dyj/ros2_ws/build/stonefish_ros2 /home/dyj/ros2_ws/build/stonefish_ros2 /home/dyj/ros2_ws/build/stonefish_ros2/CMakeFiles/stonefish_ros2__rosidl_typesupport_introspection_c.dir/DependInfo.cmake --color=
make[2]: ç¦»å¼€ç›®å½•â€œ/home/dyj/ros2_ws/build/stonefish_ros2â€
/usr/bin/make -f CMakeFiles/stonefish_ros2__rosidl_typesupport_cpp.dir/build.make CMakeFiles/stonefish_ros2__rosidl_typesupport_cpp.dir/build
make[2]: è¿›å…¥ç›®å½•â€œ/home/dyj/ros2_ws/build/stonefish_ros2â€
make[2]: å¯¹â€œCMakeFiles/stonefish_ros2__rosidl_typesupport_fastrtps_cpp.dir/buildâ€æ— éœ€åšä»»ä½•äº‹ã€‚
make[2]: ç¦»å¼€ç›®å½•â€œ/home/dyj/ros2_ws/build/stonefish_ros2â€
[ 21%] Built target stonefish_ros2__rosidl_typesupport_fastrtps_cpp
make[2]: è¿›å…¥ç›®å½•â€œ/home/dyj/ros2_ws/build/stonefish_ros2â€
make[2]: å¯¹â€œCMakeFiles/stonefish_ros2__rosidl_typesupport_cpp.dir/buildâ€æ— éœ€åšä»»ä½•äº‹ã€‚
make[2]: ç¦»å¼€ç›®å½•â€œ/home/dyj/ros2_ws/build/stonefish_ros2â€
make[2]: ç¦»å¼€ç›®å½•â€œ/home/dyj/ros2_ws/build/stonefish_ros2â€
/usr/bin/make -f CMakeFiles/stonefish_ros2__rosidl_typesupport_fastrtps_c.dir/build.make CMakeFiles/stonefish_ros2__rosidl_typesupport_fastrtps_c.dir/depend
/usr/bin/make -f CMakeFiles/stonefish_ros2__rosidl_typesupport_c.dir/build.make CMakeFiles/stonefish_ros2__rosidl_typesupport_c.dir/build
make[2]: ç¦»å¼€ç›®å½•â€œ/home/dyj/ros2_ws/build/stonefish_ros2â€
/usr/bin/make -f CMakeFiles/stonefish_ros2__rosidl_typesupport_introspection_c.dir/build.make CMakeFiles/stonefish_ros2__rosidl_typesupport_introspection_c.dir/build
make[2]: è¿›å…¥ç›®å½•â€œ/home/dyj/ros2_ws/build/stonefish_ros2â€
cd /home/dyj/ros2_ws/build/stonefish_ros2 && /usr/bin/cmake -E cmake_depends "Unix Makefiles" /home/dyj/ros2_ws/src/stonefish_ros2 /home/dyj/ros2_ws/src/stonefish_ros2 /home/dyj/ros2_ws/build/stonefish_ros2 /home/dyj/ros2_ws/build/stonefish_ros2 /home/dyj/ros2_ws/build/stonefish_ros2/CMakeFiles/stonefish_ros2__rosidl_typesupport_fastrtps_c.dir/DependInfo.cmake --color=
[ 32%] Built target stonefish_ros2__rosidl_typesupport_introspection_cpp
[ 42%] Built target stonefish_ros2__rosidl_typesupport_cpp
/usr/bin/make -f CMakeFiles/camera_test.dir/build.make CMakeFiles/camera_test.dir/depend
/usr/bin/make -f CMakeFiles/stonefish_ros2_interface.dir/build.make CMakeFiles/stonefish_ros2_interface.dir/depend
/usr/bin/make -f CMakeFiles/fluid_dynamics_test.dir/build.make CMakeFiles/fluid_dynamics_test.dir/depend
make[2]: è¿›å…¥ç›®å½•â€œ/home/dyj/ros2_ws/build/stonefish_ros2â€
make[2]: å¯¹â€œCMakeFiles/stonefish_ros2__rosidl_typesupport_c.dir/buildâ€æ— éœ€åšä»»ä½•äº‹ã€‚
make[2]: ç¦»å¼€ç›®å½•â€œ/home/dyj/ros2_ws/build/stonefish_ros2â€
make[2]: è¿›å…¥ç›®å½•â€œ/home/dyj/ros2_ws/build/stonefish_ros2â€
cd /home/dyj/ros2_ws/build/stonefish_ros2 && /usr/bin/cmake -E cmake_depends "Unix Makefiles" /home/dyj/ros2_ws/src/stonefish_ros2 /home/dyj/ros2_ws/src/stonefish_ros2 /home/dyj/ros2_ws/build/stonefish_ros2 /home/dyj/ros2_ws/build/stonefish_ros2 /home/dyj/ros2_ws/build/stonefish_ros2/CMakeFiles/camera_test.dir/DependInfo.cmake --color=
make[2]: è¿›å…¥ç›®å½•â€œ/home/dyj/ros2_ws/build/stonefish_ros2â€
make[2]: å¯¹â€œCMakeFiles/stonefish_ros2__rosidl_typesupport_introspection_c.dir/buildâ€æ— éœ€åšä»»ä½•äº‹ã€‚
make[2]: ç¦»å¼€ç›®å½•â€œ/home/dyj/ros2_ws/build/stonefish_ros2â€
make[2]: è¿›å…¥ç›®å½•â€œ/home/dyj/ros2_ws/build/stonefish_ros2â€
cd /home/dyj/ros2_ws/build/stonefish_ros2 && /usr/bin/cmake -E cmake_depends "Unix Makefiles" /home/dyj/ros2_ws/src/stonefish_ros2 /home/dyj/ros2_ws/src/stonefish_ros2 /home/dyj/ros2_ws/build/stonefish_ros2 /home/dyj/ros2_ws/build/stonefish_ros2 /home/dyj/ros2_ws/build/stonefish_ros2/CMakeFiles/fluid_dynamics_test.dir/DependInfo.cmake --color=
make[2]: ç¦»å¼€ç›®å½•â€œ/home/dyj/ros2_ws/build/stonefish_ros2â€
/usr/bin/make -f CMakeFiles/stonefish_ros2__rosidl_typesupport_fastrtps_c.dir/build.make CMakeFiles/stonefish_ros2__rosidl_typesupport_fastrtps_c.dir/build
[ 52%] Built target stonefish_ros2__rosidl_typesupport_c
make[2]: è¿›å…¥ç›®å½•â€œ/home/dyj/ros2_ws/build/stonefish_ros2â€
cd /home/dyj/ros2_ws/build/stonefish_ros2 && /usr/bin/cmake -E cmake_depends "Unix Makefiles" /home/dyj/ros2_ws/src/stonefish_ros2 /home/dyj/ros2_ws/src/stonefish_ros2 /home/dyj/ros2_ws/build/stonefish_ros2 /home/dyj/ros2_ws/build/stonefish_ros2 /home/dyj/ros2_ws/build/stonefish_ros2/CMakeFiles/stonefish_ros2_interface.dir/DependInfo.cmake --color=
[ 63%] Built target stonefish_ros2__rosidl_typesupport_introspection_c
make[2]: ç¦»å¼€ç›®å½•â€œ/home/dyj/ros2_ws/build/stonefish_ros2â€
/usr/bin/make -f CMakeFiles/camera_test.dir/build.make CMakeFiles/camera_test.dir/build
Dependee "/home/dyj/ros2_ws/src/stonefish_ros2/src/main.cpp" is newer than depender "CMakeFiles/fluid_dynamics_test.dir/src/main.cpp.o".
Clearing dependencies in "/home/dyj/ros2_ws/build/stonefish_ros2/CMakeFiles/fluid_dynamics_test.dir/depend.make".
[35m[1mScanning dependencies of target fluid_dynamics_test[0m
make[2]: è¿›å…¥ç›®å½•â€œ/home/dyj/ros2_ws/build/stonefish_ros2â€
make[2]: å¯¹â€œCMakeFiles/camera_test.dir/buildâ€æ— éœ€åšä»»ä½•äº‹ã€‚
make[2]: ç¦»å¼€ç›®å½•â€œ/home/dyj/ros2_ws/build/stonefish_ros2â€
make[2]: è¿›å…¥ç›®å½•â€œ/home/dyj/ros2_ws/build/stonefish_ros2â€
make[2]: å¯¹â€œCMakeFiles/stonefish_ros2__rosidl_typesupport_fastrtps_c.dir/buildâ€æ— éœ€åšä»»ä½•äº‹ã€‚
make[2]: ç¦»å¼€ç›®å½•â€œ/home/dyj/ros2_ws/build/stonefish_ros2â€
make[2]: ç¦»å¼€ç›®å½•â€œ/home/dyj/ros2_ws/build/stonefish_ros2â€
/usr/bin/make -f CMakeFiles/stonefish_ros2_interface.dir/build.make CMakeFiles/stonefish_ros2_interface.dir/build
[ 69%] Built target camera_test
[ 76%] Built target stonefish_ros2__rosidl_typesupport_fastrtps_c
/usr/bin/make -f CMakeFiles/stonefish_ros2.dir/build.make CMakeFiles/stonefish_ros2.dir/depend
make[2]: è¿›å…¥ç›®å½•â€œ/home/dyj/ros2_ws/build/stonefish_ros2â€
cd /home/dyj/ros2_ws/build/stonefish_ros2 && /usr/bin/cmake -E cmake_depends "Unix Makefiles" /home/dyj/ros2_ws/src/stonefish_ros2 /home/dyj/ros2_ws/src/stonefish_ros2 /home/dyj/ros2_ws/build/stonefish_ros2 /home/dyj/ros2_ws/build/stonefish_ros2 /home/dyj/ros2_ws/build/stonefish_ros2/CMakeFiles/stonefish_ros2.dir/DependInfo.cmake --color=
make[2]: ç¦»å¼€ç›®å½•â€œ/home/dyj/ros2_ws/build/stonefish_ros2â€
/usr/bin/make -f CMakeFiles/stonefish_ros2.dir/build.make CMakeFiles/stonefish_ros2.dir/build
make[2]: è¿›å…¥ç›®å½•â€œ/home/dyj/ros2_ws/build/stonefish_ros2â€
make[2]: å¯¹â€œCMakeFiles/stonefish_ros2.dir/buildâ€æ— éœ€åšä»»ä½•äº‹ã€‚
make[2]: ç¦»å¼€ç›®å½•â€œ/home/dyj/ros2_ws/build/stonefish_ros2â€
make[2]: ç¦»å¼€ç›®å½•â€œ/home/dyj/ros2_ws/build/stonefish_ros2â€
/usr/bin/make -f CMakeFiles/fluid_dynamics_test.dir/build.make CMakeFiles/fluid_dynamics_test.dir/build
make[2]: è¿›å…¥ç›®å½•â€œ/home/dyj/ros2_ws/build/stonefish_ros2â€
make[2]: å¯¹â€œCMakeFiles/stonefish_ros2_interface.dir/buildâ€æ— éœ€åšä»»ä½•äº‹ã€‚
make[2]: ç¦»å¼€ç›®å½•â€œ/home/dyj/ros2_ws/build/stonefish_ros2â€
make[2]: è¿›å…¥ç›®å½•â€œ/home/dyj/ros2_ws/build/stonefish_ros2â€
[ 76%] Built target stonefish_ros2
/usr/bin/make -f stonefish_ros2__py/CMakeFiles/stonefish_ros2__py.dir/build.make stonefish_ros2__py/CMakeFiles/stonefish_ros2__py.dir/depend
make[2]: è¿›å…¥ç›®å½•â€œ/home/dyj/ros2_ws/build/stonefish_ros2â€
cd /home/dyj/ros2_ws/build/stonefish_ros2 && /usr/bin/cmake -E cmake_depends "Unix Makefiles" /home/dyj/ros2_ws/src/stonefish_ros2 /home/dyj/ros2_ws/build/stonefish_ros2/stonefish_ros2__py /home/dyj/ros2_ws/build/stonefish_ros2 /home/dyj/ros2_ws/build/stonefish_ros2/stonefish_ros2__py /home/dyj/ros2_ws/build/stonefish_ros2/stonefish_ros2__py/CMakeFiles/stonefish_ros2__py.dir/DependInfo.cmake --color=
[ 77%] [32mBuilding CXX object CMakeFiles/fluid_dynamics_test.dir/src/main.cpp.o[0m
/usr/bin/c++  -DBT_EULER_DEFAULT_ZYX -DBT_USE_DOUBLE_PRECISION -DDATA_DIR_PATH=\"/home/dyj/ros2_ws/src/stonefish_ros2/Data/\" -DDEFAULT_RMW_IMPLEMENTATION=rmw_cyclonedds_cpp -DRCUTILS_ENABLE_FAULT_INJECTION -DROS_PACKAGE_NAME=\"stonefish_ros2\" -DSHADER_DIR_PATH=\"/usr/local/share/Stonefish/shaders/\" -Dqh_QHpointer -DvtkRenderingContext2D_AUTOINIT="1(vtkRenderingContextOpenGL2)" -DvtkRenderingCore_AUTOINIT="3(vtkInteractionStyle,vtkRenderingFreeType,vtkRenderingOpenGL2)" -I/usr/include/vtk-7.1 -I/usr/include/freetype2 -I/home/dyj/ros2_ws/build/stonefish_ros2/rosidl_generator_cpp -isystem /opt/ros/rolling/include -isystem /usr/local/include/Stonefish  -Wall -Wextra -Wpedantic -std=gnu++2a -o CMakeFiles/fluid_dynamics_test.dir/src/main.cpp.o -c /home/dyj/ros2_ws/src/stonefish_ros2/src/main.cpp
[ 81%] Built target stonefish_ros2_interface
/usr/bin/make -f CMakeFiles/stonefish_simulator_nogpu.dir/build.make CMakeFiles/stonefish_simulator_nogpu.dir/depend
/usr/bin/make -f CMakeFiles/stonefish_simulator.dir/build.make CMakeFiles/stonefish_simulator.dir/depend
make[2]: è¿›å…¥ç›®å½•â€œ/home/dyj/ros2_ws/build/stonefish_ros2â€
cd /home/dyj/ros2_ws/build/stonefish_ros2 && /usr/bin/cmake -E cmake_depends "Unix Makefiles" /home/dyj/ros2_ws/src/stonefish_ros2 /home/dyj/ros2_ws/src/stonefish_ros2 /home/dyj/ros2_ws/build/stonefish_ros2 /home/dyj/ros2_ws/build/stonefish_ros2 /home/dyj/ros2_ws/build/stonefish_ros2/CMakeFiles/stonefish_simulator_nogpu.dir/DependInfo.cmake --color=
make[2]: è¿›å…¥ç›®å½•â€œ/home/dyj/ros2_ws/build/stonefish_ros2â€
cd /home/dyj/ros2_ws/build/stonefish_ros2 && /usr/bin/cmake -E cmake_depends "Unix Makefiles" /home/dyj/ros2_ws/src/stonefish_ros2 /home/dyj/ros2_ws/src/stonefish_ros2 /home/dyj/ros2_ws/build/stonefish_ros2 /home/dyj/ros2_ws/build/stonefish_ros2 /home/dyj/ros2_ws/build/stonefish_ros2/CMakeFiles/stonefish_simulator.dir/DependInfo.cmake --color=
make[2]: ç¦»å¼€ç›®å½•â€œ/home/dyj/ros2_ws/build/stonefish_ros2â€
/usr/bin/make -f stonefish_ros2__py/CMakeFiles/stonefish_ros2__py.dir/build.make stonefish_ros2__py/CMakeFiles/stonefish_ros2__py.dir/build
make[2]: è¿›å…¥ç›®å½•â€œ/home/dyj/ros2_ws/build/stonefish_ros2â€
make[2]: å¯¹â€œstonefish_ros2__py/CMakeFiles/stonefish_ros2__py.dir/buildâ€æ— éœ€åšä»»ä½•äº‹ã€‚
make[2]: ç¦»å¼€ç›®å½•â€œ/home/dyj/ros2_ws/build/stonefish_ros2â€
[ 82%] Built target stonefish_ros2__py
make[2]: ç¦»å¼€ç›®å½•â€œ/home/dyj/ros2_ws/build/stonefish_ros2â€
make[2]: ç¦»å¼€ç›®å½•â€œ/home/dyj/ros2_ws/build/stonefish_ros2â€
/usr/bin/make -f CMakeFiles/stonefish_simulator.dir/build.make CMakeFiles/stonefish_simulator.dir/build
/usr/bin/make -f CMakeFiles/stonefish_simulator_nogpu.dir/build.make CMakeFiles/stonefish_simulator_nogpu.dir/build
/usr/bin/make -f CMakeFiles/stonefish_ros2__rosidl_generator_py.dir/build.make CMakeFiles/stonefish_ros2__rosidl_generator_py.dir/depend
make[2]: è¿›å…¥ç›®å½•â€œ/home/dyj/ros2_ws/build/stonefish_ros2â€
cd /home/dyj/ros2_ws/build/stonefish_ros2 && /usr/bin/cmake -E cmake_depends "Unix Makefiles" /home/dyj/ros2_ws/src/stonefish_ros2 /home/dyj/ros2_ws/src/stonefish_ros2 /home/dyj/ros2_ws/build/stonefish_ros2 /home/dyj/ros2_ws/build/stonefish_ros2 /home/dyj/ros2_ws/build/stonefish_ros2/CMakeFiles/stonefish_ros2__rosidl_generator_py.dir/DependInfo.cmake --color=
make[2]: è¿›å…¥ç›®å½•â€œ/home/dyj/ros2_ws/build/stonefish_ros2â€
make[2]: å¯¹â€œCMakeFiles/stonefish_simulator_nogpu.dir/buildâ€æ— éœ€åšä»»ä½•äº‹ã€‚
make[2]: ç¦»å¼€ç›®å½•â€œ/home/dyj/ros2_ws/build/stonefish_ros2â€
make[2]: è¿›å…¥ç›®å½•â€œ/home/dyj/ros2_ws/build/stonefish_ros2â€
make[2]: å¯¹â€œCMakeFiles/stonefish_simulator.dir/buildâ€æ— éœ€åšä»»ä½•äº‹ã€‚
make[2]: ç¦»å¼€ç›®å½•â€œ/home/dyj/ros2_ws/build/stonefish_ros2â€
make[2]: ç¦»å¼€ç›®å½•â€œ/home/dyj/ros2_ws/build/stonefish_ros2â€
/usr/bin/make -f CMakeFiles/stonefish_ros2__rosidl_generator_py.dir/build.make CMakeFiles/stonefish_ros2__rosidl_generator_py.dir/build
[ 83%] Built target stonefish_simulator
make[2]: è¿›å…¥ç›®å½•â€œ/home/dyj/ros2_ws/build/stonefish_ros2â€
make[2]: å¯¹â€œCMakeFiles/stonefish_ros2__rosidl_generator_py.dir/buildâ€æ— éœ€åšä»»ä½•äº‹ã€‚
make[2]: ç¦»å¼€ç›®å½•â€œ/home/dyj/ros2_ws/build/stonefish_ros2â€
[ 85%] Built target stonefish_simulator_nogpu
[ 95%] Built target stonefish_ros2__rosidl_generator_py
/usr/bin/make -f CMakeFiles/stonefish_ros2__rosidl_typesupport_c__pyext.dir/build.make CMakeFiles/stonefish_ros2__rosidl_typesupport_c__pyext.dir/depend
/usr/bin/make -f CMakeFiles/stonefish_ros2__rosidl_typesupport_fastrtps_c__pyext.dir/build.make CMakeFiles/stonefish_ros2__rosidl_typesupport_fastrtps_c__pyext.dir/depend
/usr/bin/make -f CMakeFiles/stonefish_ros2__rosidl_typesupport_introspection_c__pyext.dir/build.make CMakeFiles/stonefish_ros2__rosidl_typesupport_introspection_c__pyext.dir/depend
make[2]: è¿›å…¥ç›®å½•â€œ/home/dyj/ros2_ws/build/stonefish_ros2â€
cd /home/dyj/ros2_ws/build/stonefish_ros2 && /usr/bin/cmake -E cmake_depends "Unix Makefiles" /home/dyj/ros2_ws/src/stonefish_ros2 /home/dyj/ros2_ws/src/stonefish_ros2 /home/dyj/ros2_ws/build/stonefish_ros2 /home/dyj/ros2_ws/build/stonefish_ros2 /home/dyj/ros2_ws/build/stonefish_ros2/CMakeFiles/stonefish_ros2__rosidl_typesupport_c__pyext.dir/DependInfo.cmake --color=
make[2]: è¿›å…¥ç›®å½•â€œ/home/dyj/ros2_ws/build/stonefish_ros2â€
cd /home/dyj/ros2_ws/build/stonefish_ros2 && /usr/bin/cmake -E cmake_depends "Unix Makefiles" /home/dyj/ros2_ws/src/stonefish_ros2 /home/dyj/ros2_ws/src/stonefish_ros2 /home/dyj/ros2_ws/build/stonefish_ros2 /home/dyj/ros2_ws/build/stonefish_ros2 /home/dyj/ros2_ws/build/stonefish_ros2/CMakeFiles/stonefish_ros2__rosidl_typesupport_introspection_c__pyext.dir/DependInfo.cmake --color=
make[2]: è¿›å…¥ç›®å½•â€œ/home/dyj/ros2_ws/build/stonefish_ros2â€
cd /home/dyj/ros2_ws/build/stonefish_ros2 && /usr/bin/cmake -E cmake_depends "Unix Makefiles" /home/dyj/ros2_ws/src/stonefish_ros2 /home/dyj/ros2_ws/src/stonefish_ros2 /home/dyj/ros2_ws/build/stonefish_ros2 /home/dyj/ros2_ws/build/stonefish_ros2 /home/dyj/ros2_ws/build/stonefish_ros2/CMakeFiles/stonefish_ros2__rosidl_typesupport_fastrtps_c__pyext.dir/DependInfo.cmake --color=
make[2]: ç¦»å¼€ç›®å½•â€œ/home/dyj/ros2_ws/build/stonefish_ros2â€
make[2]: ç¦»å¼€ç›®å½•â€œ/home/dyj/ros2_ws/build/stonefish_ros2â€
/usr/bin/make -f CMakeFiles/stonefish_ros2__rosidl_typesupport_c__pyext.dir/build.make CMakeFiles/stonefish_ros2__rosidl_typesupport_c__pyext.dir/build
/usr/bin/make -f CMakeFiles/stonefish_ros2__rosidl_typesupport_introspection_c__pyext.dir/build.make CMakeFiles/stonefish_ros2__rosidl_typesupport_introspection_c__pyext.dir/build
make[2]: ç¦»å¼€ç›®å½•â€œ/home/dyj/ros2_ws/build/stonefish_ros2â€
/usr/bin/make -f CMakeFiles/stonefish_ros2__rosidl_typesupport_fastrtps_c__pyext.dir/build.make CMakeFiles/stonefish_ros2__rosidl_typesupport_fastrtps_c__pyext.dir/build
make[2]: è¿›å…¥ç›®å½•â€œ/home/dyj/ros2_ws/build/stonefish_ros2â€
make[2]: å¯¹â€œCMakeFiles/stonefish_ros2__rosidl_typesupport_c__pyext.dir/buildâ€æ— éœ€åšä»»ä½•äº‹ã€‚
make[2]: ç¦»å¼€ç›®å½•â€œ/home/dyj/ros2_ws/build/stonefish_ros2â€
make[2]: è¿›å…¥ç›®å½•â€œ/home/dyj/ros2_ws/build/stonefish_ros2â€
make[2]: å¯¹â€œCMakeFiles/stonefish_ros2__rosidl_typesupport_fastrtps_c__pyext.dir/buildâ€æ— éœ€åšä»»ä½•äº‹ã€‚
make[2]: ç¦»å¼€ç›®å½•â€œ/home/dyj/ros2_ws/build/stonefish_ros2â€
[ 97%] Built target stonefish_ros2__rosidl_typesupport_c__pyext
make[2]: è¿›å…¥ç›®å½•â€œ/home/dyj/ros2_ws/build/stonefish_ros2â€
make[2]: å¯¹â€œCMakeFiles/stonefish_ros2__rosidl_typesupport_introspection_c__pyext.dir/buildâ€æ— éœ€åšä»»ä½•äº‹ã€‚
make[2]: ç¦»å¼€ç›®å½•â€œ/home/dyj/ros2_ws/build/stonefish_ros2â€
[ 98%] Built target stonefish_ros2__rosidl_typesupport_fastrtps_c__pyext
[ 99%] Built target stonefish_ros2__rosidl_typesupport_introspection_c__pyext
running egg_info
writing stonefish_ros2.egg-info/PKG-INFO
writing dependency_links to stonefish_ros2.egg-info/dependency_links.txt
writing top-level names to stonefish_ros2.egg-info/top_level.txt
reading manifest file 'stonefish_ros2.egg-info/SOURCES.txt'
writing manifest file 'stonefish_ros2.egg-info/SOURCES.txt'
make[2]: ç¦»å¼€ç›®å½•â€œ/home/dyj/ros2_ws/build/stonefish_ros2â€
[ 99%] Built target ament_cmake_python_build_stonefish_ros2_egg
[01m[K/home/dyj/ros2_ws/src/stonefish_ros2/src/main.cpp:[m[K In function â€˜[01m[Kint main(int, const char**)[m[Kâ€™:
[01m[K/home/dyj/ros2_ws/src/stonefish_ros2/src/main.cpp:52:5:[m[K [01;31m[Kerror: [m[Kâ€˜[01m[KFluidDynamicsTestManager[m[Kâ€™ was not declared in this scope; did you mean â€˜[01m[Ksf::FluidDynamicsTestManager[m[Kâ€™?
   52 |     [01;31m[KFluidDynamicsTestManager[m[K simulationManager(500.0);
      |     [01;31m[K^~~~~~~~~~~~~~~~~~~~~~~~[m[K
      |     [32m[Ksf::FluidDynamicsTestManager[m[K
In file included from [01m[K/home/dyj/ros2_ws/src/stonefish_ros2/src/FluidDynamicsTestApp.h:30[m[K,
                 from [01m[K/home/dyj/ros2_ws/src/stonefish_ros2/src/main.cpp:25[m[K:
[01m[K/home/dyj/ros2_ws/src/stonefish_ros2/src/FluidDynamicsTestManager.h:21:7:[m[K [01;36m[Knote: [m[Kâ€˜[01m[Ksf::FluidDynamicsTestManager[m[Kâ€™ declared here
   21 | class [01;36m[KFluidDynamicsTestManager[m[K : public SimulationManager
      |       [01;36m[K^~~~~~~~~~~~~~~~~~~~~~~~[m[K
[01m[K/home/dyj/ros2_ws/src/stonefish_ros2/src/main.cpp:53:5:[m[K [01;31m[Kerror: [m[Kâ€˜[01m[KsimulationManager[m[Kâ€™ was not declared in this scope; did you mean â€˜[01m[KbtSimulationIslandManager[m[Kâ€™?
   53 |     [01;31m[KsimulationManager[m[K.setRealtimeFactor(1.0);
      |     [01;31m[K^~~~~~~~~~~~~~~~~[m[K
      |     [32m[KbtSimulationIslandManager[m[K
[01m[K/home/dyj/ros2_ws/src/stonefish_ros2/src/main.cpp:54:5:[m[K [01;31m[Kerror: [m[Kâ€˜[01m[KFluidDynamicsTestApp[m[Kâ€™ was not declared in this scope; did you mean â€˜[01m[Ksf::FluidDynamicsTestApp[m[Kâ€™?
   54 |     [01;31m[KFluidDynamicsTestApp[m[K app(std::string(DATA_DIR_PATH), s, h, &simulationManager);
      |     [01;31m[K^~~~~~~~~~~~~~~~~~~~[m[K
      |     [32m[Ksf::FluidDynamicsTestApp[m[K
In file included from [01m[K/home/dyj/ros2_ws/src/stonefish_ros2/src/main.cpp:25[m[K:
[01m[K/home/dyj/ros2_ws/src/stonefish_ros2/src/FluidDynamicsTestApp.h:33:7:[m[K [01;36m[Knote: [m[Kâ€˜[01m[Ksf::FluidDynamicsTestApp[m[Kâ€™ declared here
   33 | class [01;36m[KFluidDynamicsTestApp[m[K : public sf::GraphicalSimulationApp
      |       [01;36m[K^~~~~~~~~~~~~~~~~~~~[m[K
[01m[K/home/dyj/ros2_ws/src/stonefish_ros2/src/main.cpp:55:5:[m[K [01;31m[Kerror: [m[Kâ€˜[01m[Kapp[m[Kâ€™ was not declared in this scope
   55 |     [01;31m[Kapp[m[K.Run();
      |     [01;31m[K^~~[m[K
[01m[K/home/dyj/ros2_ws/src/stonefish_ros2/src/main.cpp:29:14:[m[K [01;35m[Kwarning: [m[Kunused parameter â€˜[01m[Kargc[m[Kâ€™ [[01;35m[K-Wunused-parameter[m[K]
   29 | int main([01;35m[Kint argc[m[K, const char * argv[])
      |          [01;35m[K~~~~^~~~[m[K
[01m[K/home/dyj/ros2_ws/src/stonefish_ros2/src/main.cpp:29:33:[m[K [01;35m[Kwarning: [m[Kunused parameter â€˜[01m[Kargv[m[Kâ€™ [[01;35m[K-Wunused-parameter[m[K]
   29 | int main(int argc, [01;35m[Kconst char * argv[][m[K)
      |                    [01;35m[K~~~~~~~~~~~~~^~~~~~[m[K
make[2]: *** [CMakeFiles/fluid_dynamics_test.dir/build.make:92ï¼šCMakeFiles/fluid_dynamics_test.dir/src/main.cpp.o] é”™è¯¯ 1
make[2]: ç¦»å¼€ç›®å½•â€œ/home/dyj/ros2_ws/build/stonefish_ros2â€
make[1]: *** [CMakeFiles/Makefile2:390ï¼šCMakeFiles/fluid_dynamics_test.dir/all] é”™è¯¯ 2
make[1]: ç¦»å¼€ç›®å½•â€œ/home/dyj/ros2_ws/build/stonefish_ros2â€
make: *** [Makefile:144ï¼šall] é”™è¯¯ 2
