** WARNING ** io features related to pcap will be disabled
** WARNING ** io features related to png will be disabled
** WARNING ** io features related to libusb-1.0 will be disabled
In file included from [01m[K/home/dyj/ros2_ws/src/stonefish_ros2/src/CameraTest/CameraTestManager.cpp:26[m[K:
[01m[K/home/dyj/ros2_ws/src/stonefish_ros2/src/CameraTest/CameraTestManager.h:29:10:[m[K [01;31m[Kfatal error: [m[Kcore/SimulationManager.h: æ²¡æœ‰é‚£ä¸ªæ–‡ä»¶æˆ–ç›®å½•
   29 | #include [01;31m[K<core/SimulationManager.h>[m[K
      |          [01;31m[K^~~~~~~~~~~~~~~~~~~~~~~~~~[m[K
compilation terminated.
[01m[K/home/dyj/ros2_ws/src/stonefish_ros2/src/CameraTest/main.cpp:26:10:[m[K [01;31m[Kfatal error: [m[Kcore/GraphicalSimulationApp.h: æ²¡æœ‰é‚£ä¸ªæ–‡ä»¶æˆ–ç›®å½•
   26 | #include [01;31m[K<core/GraphicalSimulationApp.h>[m[K
      |          [01;31m[K^~~~~~~~~~~~~~~~~~~~~~~~~~~~~~~[m[K
compilation terminated.
make[2]: *** [CMakeFiles/camera_test.dir/build.make:66ï¼šCMakeFiles/camera_test.dir/src/CameraTest/CameraTestManager.cpp.o] é”™è¯¯ 1
make[2]: *** æ­£åœ¨ç­‰å¾…æœªå®Œæˆçš„ä»»åŠ¡....
make[2]: *** [CMakeFiles/camera_test.dir/build.make:79ï¼šCMakeFiles/camera_test.dir/src/CameraTest/main.cpp.o] é”™è¯¯ 1
make[1]: *** [CMakeFiles/Makefile2:137ï¼šCMakeFiles/camera_test.dir/all] é”™è¯¯ 2
make[1]: *** æ­£åœ¨ç­‰å¾…æœªå®Œæˆçš„ä»»åŠ¡....
make: *** [Makefile:144ï¼šall] é”™è¯¯ 2
