[01m[K/home/dyj/ros2_ws/src/stonefish_ros2/src/FluidDynamicsTestManager.cpp:[m[K In member function ‘[01m[Kvirtual void FluidDynamicsTestManager::SimulationStepCompleted(sf::Scalar)[m[K’:
[01m[K/home/dyj/ros2_ws/src/stonefish_ros2/src/FluidDynamicsTestManager.cpp:235:16:[m[K [01;31m[Kerror: [m[Kredeclaration of ‘[01m[Ksf::Scalar rho[m[K’
  235 |     sf::Scalar [01;31m[Krho[m[K = getOcean()->getLiquid().density;
      |                [01;31m[K^~~[m[K
[01m[K/home/dyj/ros2_ws/src/stonefish_ros2/src/FluidDynamicsTestManager.cpp:197:16:[m[K [01;36m[Knote: [m[K‘[01m[Ksf::Scalar rho[m[K’ previously declared here
  197 |     sf::Scalar [01;36m[Krho[m[K = getOcean()->getLiquid().density;
      |                [01;36m[K^~~[m[K
[01m[K/home/dyj/ros2_ws/src/stonefish_ros2/src/FluidDynamicsTestManager.cpp:238:38:[m[K [01;31m[Kerror: [m[K‘[01m[Kclass sf::Sphere[m[K’ has no member named ‘[01m[KgetTotalForce[m[K’
  238 |     sf::Vector3 totalForce = sphere->[01;31m[KgetTotalForce[m[K(); // 总力 (N)
      |                                      [01;31m[K^~~~~~~~~~~~~[m[K
[01m[K/home/dyj/ros2_ws/src/stonefish_ros2/src/FluidDynamicsTestManager.cpp:239:92:[m[K [01;31m[Kerror: [m[Kno matching function for call to ‘[01m[Ksf::Sphere::getHydrodynamicForces()[m[K’
  239 |     std::pair<sf::Vector3, sf::Vector3> hydrodynamicForces = sphere->getHydrodynamicForces([01;31m[K)[m[K; // 流体动力：力 (N) 和力矩 (N·m)
      |                                                                                            [01;31m[K^[m[K
In file included from [01m[K/usr/local/include/Stonefish/core/SimulationManager.h:32[m[K,
                 from [01m[K/home/dyj/ros2_ws/src/stonefish_ros2/src/FluidDynamicsTestManager.h:7[m[K,
                 from [01m[K/home/dyj/ros2_ws/src/stonefish_ros2/src/FluidDynamicsTestManager.cpp:28[m[K:
[01m[K/usr/local/include/Stonefish/entities/SolidEntity.h:325:14:[m[K [01;36m[Knote: [m[Kcandidate: ‘[01m[Kvoid sf::SolidEntity::getHydrodynamicForces(sf::Vector3&, sf::Vector3&, sf::Vector3&, sf::Vector3&, sf::Vector3&, sf::Vector3&)[m[K’
  325 |         void [01;36m[KgetHydrodynamicForces[m[K(Vector3& Fb, Vector3& Tb, Vector3& Fd, Vector3& Td, Vector3& Ff, Vector3& Tf);
      |              [01;36m[K^~~~~~~~~~~~~~~~~~~~~[m[K
[01m[K/usr/local/include/Stonefish/entities/SolidEntity.h:325:14:[m[K [01;36m[Knote: [m[K  candidate expects 6 arguments, 0 provided
[01m[K/home/dyj/ros2_ws/src/stonefish_ros2/src/FluidDynamicsTestManager.cpp:232:16:[m[K [01;35m[Kwarning: [m[Kunused variable ‘[01m[KsphereRadius[m[K’ [[01;35m[K-Wunused-variable[m[K]
  232 |     sf::Scalar [01;35m[KsphereRadius[m[K = 0.5;
      |                [01;35m[K^~~~~~~~~~~~[m[K
[01m[K/home/dyj/ros2_ws/src/stonefish_ros2/src/FluidDynamicsTestManager.cpp:192:67:[m[K [01;35m[Kwarning: [m[Kunused parameter ‘[01m[KtimeStep[m[K’ [[01;35m[K-Wunused-parameter[m[K]
  192 | void FluidDynamicsTestManager::SimulationStepCompleted([01;35m[Ksf::Scalar timeStep[m[K)
      |                                                        [01;35m[K~~~~~~~~~~~^~~~~~~~[m[K
make[2]: *** [CMakeFiles/fluid_dynamics_test.dir/build.make:66：CMakeFiles/fluid_dynamics_test.dir/src/FluidDynamicsTestManager.cpp.o] 错误 1
make[1]: *** [CMakeFiles/Makefile2:390：CMakeFiles/fluid_dynamics_test.dir/all] 错误 2
make: *** [Makefile:144：all] 错误 2
