[01m[K/home/dyj/ros2_ws/src/stonefish_ros2/src/FluidDynamicsTestManager.cpp:[m[K In member function â€˜[01m[Kvirtual void FluidDynamicsTestManager::SimulationStepCompleted(sf::Scalar)[m[Kâ€™:
[01m[K/home/dyj/ros2_ws/src/stonefish_ros2/src/FluidDynamicsTestManager.cpp:235:16:[m[K [01;31m[Kerror: [m[Kredeclaration of â€˜[01m[Ksf::Scalar rho[m[Kâ€™
  235 |     sf::Scalar [01;31m[Krho[m[K = getOcean()->getLiquid().density;
      |                [01;31m[K^~~[m[K
[01m[K/home/dyj/ros2_ws/src/stonefish_ros2/src/FluidDynamicsTestManager.cpp:197:16:[m[K [01;36m[Knote: [m[Kâ€˜[01m[Ksf::Scalar rho[m[Kâ€™ previously declared here
  197 |     sf::Scalar [01;36m[Krho[m[K = getOcean()->getLiquid().density;
      |                [01;36m[K^~~[m[K
[01m[K/home/dyj/ros2_ws/src/stonefish_ros2/src/FluidDynamicsTestManager.cpp:238:38:[m[K [01;31m[Kerror: [m[Kâ€˜[01m[Kclass sf::Sphere[m[Kâ€™ has no member named â€˜[01m[KgetTotalForce[m[Kâ€™
  238 |     sf::Vector3 totalForce = sphere->[01;31m[KgetTotalForce[m[K(); // æ€»åŠ› (N)
      |                                      [01;31m[K^~~~~~~~~~~~~[m[K
[01m[K/home/dyj/ros2_ws/src/stonefish_ros2/src/FluidDynamicsTestManager.cpp:239:92:[m[K [01;31m[Kerror: [m[Kno matching function for call to â€˜[01m[Ksf::Sphere::getHydrodynamicForces()[m[Kâ€™
  239 |     std::pair<sf::Vector3, sf::Vector3> hydrodynamicForces = sphere->getHydrodynamicForces([01;31m[K)[m[K; // æµä½“åŠ¨åŠ›ï¼šåŠ› (N) å’ŒåŠ›çŸ© (NÂ·m)
      |                                                                                            [01;31m[K^[m[K
In file included from [01m[K/usr/local/include/Stonefish/core/SimulationManager.h:32[m[K,
                 from [01m[K/home/dyj/ros2_ws/src/stonefish_ros2/src/FluidDynamicsTestManager.h:7[m[K,
                 from [01m[K/home/dyj/ros2_ws/src/stonefish_ros2/src/FluidDynamicsTestManager.cpp:28[m[K:
[01m[K/usr/local/include/Stonefish/entities/SolidEntity.h:325:14:[m[K [01;36m[Knote: [m[Kcandidate: â€˜[01m[Kvoid sf::SolidEntity::getHydrodynamicForces(sf::Vector3&, sf::Vector3&, sf::Vector3&, sf::Vector3&, sf::Vector3&, sf::Vector3&)[m[Kâ€™
  325 |         void [01;36m[KgetHydrodynamicForces[m[K(Vector3& Fb, Vector3& Tb, Vector3& Fd, Vector3& Td, Vector3& Ff, Vector3& Tf);
      |              [01;36m[K^~~~~~~~~~~~~~~~~~~~~[m[K
[01m[K/usr/local/include/Stonefish/entities/SolidEntity.h:325:14:[m[K [01;36m[Knote: [m[K  candidate expects 6 arguments, 0 provided
[01m[K/home/dyj/ros2_ws/src/stonefish_ros2/src/FluidDynamicsTestManager.cpp:232:16:[m[K [01;35m[Kwarning: [m[Kunused variable â€˜[01m[KsphereRadius[m[Kâ€™ [[01;35m[K-Wunused-variable[m[K]
  232 |     sf::Scalar [01;35m[KsphereRadius[m[K = 0.5;
      |                [01;35m[K^~~~~~~~~~~~[m[K
[01m[K/home/dyj/ros2_ws/src/stonefish_ros2/src/FluidDynamicsTestManager.cpp:192:67:[m[K [01;35m[Kwarning: [m[Kunused parameter â€˜[01m[KtimeStep[m[Kâ€™ [[01;35m[K-Wunused-parameter[m[K]
  192 | void FluidDynamicsTestManager::SimulationStepCompleted([01;35m[Ksf::Scalar timeStep[m[K)
      |                                                        [01;35m[K~~~~~~~~~~~^~~~~~~~[m[K
make[2]: *** [CMakeFiles/fluid_dynamics_test.dir/build.make:66ï¼šCMakeFiles/fluid_dynamics_test.dir/src/FluidDynamicsTestManager.cpp.o] é”™è¯¯ 1
make[1]: *** [CMakeFiles/Makefile2:390ï¼šCMakeFiles/fluid_dynamics_test.dir/all] é”™è¯¯ 2
make: *** [Makefile:144ï¼šall] é”™è¯¯ 2
