** WARNING ** io features related to pcap will be disabled
** WARNING ** io features related to png will be disabled
** WARNING ** io features related to libusb-1.0 will be disabled
[01m[K/home/dyj/ros2_ws/src/stonefish_ros2/src/CameraTest/main.cpp:[m[K In function â€˜[01m[Kint main(int, const char**)[m[Kâ€™:
[01m[K/home/dyj/ros2_ws/src/stonefish_ros2/src/CameraTest/main.cpp:49:62:[m[K [01;31m[Kerror: [m[Kâ€˜[01m[KDATA_DIR_PATH[m[Kâ€™ was not declared in this scope; did you mean â€˜[01m[KSHADER_DIR_PATH[m[Kâ€™?
   49 |     sf::GraphicalSimulationApp app("CameraTest", std::string([01;31m[KDATA_DIR_PATH[m[K), s, h, simulationManager);
      |                                                              [01;31m[K^~~~~~~~~~~~~[m[K
      |                                                              [32m[KSHADER_DIR_PATH[m[K
[01m[K/home/dyj/ros2_ws/src/stonefish_ros2/src/CameraTest/main.cpp:29:14:[m[K [01;35m[Kwarning: [m[Kunused parameter â€˜[01m[Kargc[m[Kâ€™ [[01;35m[K-Wunused-parameter[m[K]
   29 | int main([01;35m[Kint argc[m[K, const char * argv[])
      |          [01;35m[K~~~~^~~~[m[K
[01m[K/home/dyj/ros2_ws/src/stonefish_ros2/src/CameraTest/main.cpp:29:33:[m[K [01;35m[Kwarning: [m[Kunused parameter â€˜[01m[Kargv[m[Kâ€™ [[01;35m[K-Wunused-parameter[m[K]
   29 | int main(int argc, [01;35m[Kconst char * argv[][m[K)
      |                    [01;35m[K~~~~~~~~~~~~~^~~~~~[m[K
make[2]: *** [CMakeFiles/camera_test.dir/build.make:79ï¼šCMakeFiles/camera_test.dir/src/CameraTest/main.cpp.o] é”™è¯¯ 1
make[2]: *** æ­£åœ¨ç­‰å¾…æœªå®Œæˆçš„ä»»åŠ¡....
make[1]: *** [CMakeFiles/Makefile2:137ï¼šCMakeFiles/camera_test.dir/all] é”™è¯¯ 2
make: *** [Makefile:144ï¼šall] é”™è¯¯ 2
