** WARNING ** io features related to pcap will be disabled
** WARNING ** io features related to png will be disabled
** WARNING ** io features related to libusb-1.0 will be disabled
[01m[K/home/dyj/ros2_ws/src/stonefish_ros2/src/CameraTest/main.cpp:[m[K In function ‘[01m[Kint main(int, const char**)[m[K’:
[01m[K/home/dyj/ros2_ws/src/stonefish_ros2/src/CameraTest/main.cpp:49:62:[m[K [01;31m[Kerror: [m[K‘[01m[KDATA_DIR_PATH[m[K’ was not declared in this scope; did you mean ‘[01m[KSHADER_DIR_PATH[m[K’?
   49 |     sf::GraphicalSimulationApp app("CameraTest", std::string([01;31m[KDATA_DIR_PATH[m[K), s, h, simulationManager);
      |                                                              [01;31m[K^~~~~~~~~~~~~[m[K
      |                                                              [32m[KSHADER_DIR_PATH[m[K
[01m[K/home/dyj/ros2_ws/src/stonefish_ros2/src/CameraTest/main.cpp:29:14:[m[K [01;35m[Kwarning: [m[Kunused parameter ‘[01m[Kargc[m[K’ [[01;35m[K-Wunused-parameter[m[K]
   29 | int main([01;35m[Kint argc[m[K, const char * argv[])
      |          [01;35m[K~~~~^~~~[m[K
[01m[K/home/dyj/ros2_ws/src/stonefish_ros2/src/CameraTest/main.cpp:29:33:[m[K [01;35m[Kwarning: [m[Kunused parameter ‘[01m[Kargv[m[K’ [[01;35m[K-Wunused-parameter[m[K]
   29 | int main(int argc, [01;35m[Kconst char * argv[][m[K)
      |                    [01;35m[K~~~~~~~~~~~~~^~~~~~[m[K
make[2]: *** [CMakeFiles/camera_test.dir/build.make:79：CMakeFiles/camera_test.dir/src/CameraTest/main.cpp.o] 错误 1
make[2]: *** 正在等待未完成的任务....
make[1]: *** [CMakeFiles/Makefile2:137：CMakeFiles/camera_test.dir/all] 错误 2
make: *** [Makefile:144：all] 错误 2
