[01m[K/home/dyj/ros2_ws/src/stonefish_ros2/src/FluidDynamicsTestManager.cpp:[m[K In member function â€˜[01m[Kvirtual void sf::FluidDynamicsTestManager::SimulationStepCompleted(sf::Scalar)[m[Kâ€™:
[01m[K/home/dyj/ros2_ws/src/stonefish_ros2/src/FluidDynamicsTestManager.cpp:247:46:[m[K [01;31m[Kerror: [m[Kâ€˜[01m[Kbf[m[Kâ€™ was not declared in this scope; did you mean â€˜[01m[Ksf[m[Kâ€™?
  247 |     std::cout << "Body Fluid Position: " << ([01;31m[Kbf[m[K == sf::BodyFluidPosition::INSIDE ? "INSIDE" :
      |                                              [01;31m[K^~[m[K
      |                                              [32m[Ksf[m[K
make[2]: *** [CMakeFiles/fluid_dynamics_test.dir/build.make:66ï¼šCMakeFiles/fluid_dynamics_test.dir/src/FluidDynamicsTestManager.cpp.o] é”™è¯¯ 1
make[1]: *** [CMakeFiles/Makefile2:390ï¼šCMakeFiles/fluid_dynamics_test.dir/all] é”™è¯¯ 2
make: *** [Makefile:144ï¼šall] é”™è¯¯ 2
