/usr/bin/cmake -S/home/dyj/ros2_ws/src/stonefish_ros2 -B/home/dyj/ros2_ws/build/stonefish_ros2 --check-build-system CMakeFiles/Makefile.cmake 0
/usr/bin/cmake -E cmake_progress_start /home/dyj/ros2_ws/build/stonefish_ros2/CMakeFiles /home/dyj/ros2_ws/build/stonefish_ros2/CMakeFiles/progress.marks
/usr/bin/make -f CMakeFiles/Makefile2 all
make[1]: è¿›å…¥ç›®å½•â€œ/home/dyj/ros2_ws/build/stonefish_ros2â€
/usr/bin/make -f CMakeFiles/stonefish_ros2__cpp.dir/build.make CMakeFiles/stonefish_ros2__cpp.dir/depend
/usr/bin/make -f CMakeFiles/stonefish_ros2__rosidl_generator_c.dir/build.make CMakeFiles/stonefish_ros2__rosidl_generator_c.dir/depend
/usr/bin/make -f CMakeFiles/ament_cmake_python_symlink_stonefish_ros2.dir/build.make CMakeFiles/ament_cmake_python_symlink_stonefish_ros2.dir/depend
make[2]: è¿›å…¥ç›®å½•â€œ/home/dyj/ros2_ws/build/stonefish_ros2â€
cd /home/dyj/ros2_ws/build/stonefish_ros2 && /usr/bin/cmake -E cmake_depends "Unix Makefiles" /home/dyj/ros2_ws/src/stonefish_ros2 /home/dyj/ros2_ws/src/stonefish_ros2 /home/dyj/ros2_ws/build/stonefish_ros2 /home/dyj/ros2_ws/build/stonefish_ros2 /home/dyj/ros2_ws/build/stonefish_ros2/CMakeFiles/stonefish_ros2__cpp.dir/DependInfo.cmake --color=
make[2]: è¿›å…¥ç›®å½•â€œ/home/dyj/ros2_ws/build/stonefish_ros2â€
cd /home/dyj/ros2_ws/build/stonefish_ros2 && /usr/bin/cmake -E cmake_depends "Unix Makefiles" /home/dyj/ros2_ws/src/stonefish_ros2 /home/dyj/ros2_ws/src/stonefish_ros2 /home/dyj/ros2_ws/build/stonefish_ros2 /home/dyj/ros2_ws/build/stonefish_ros2 /home/dyj/ros2_ws/build/stonefish_ros2/CMakeFiles/ament_cmake_python_symlink_stonefish_ros2.dir/DependInfo.cmake --color=
make[2]: è¿›å…¥ç›®å½•â€œ/home/dyj/ros2_ws/build/stonefish_ros2â€
cd /home/dyj/ros2_ws/build/stonefish_ros2 && /usr/bin/cmake -E cmake_depends "Unix Makefiles" /home/dyj/ros2_ws/src/stonefish_ros2 /home/dyj/ros2_ws/src/stonefish_ros2 /home/dyj/ros2_ws/build/stonefish_ros2 /home/dyj/ros2_ws/build/stonefish_ros2 /home/dyj/ros2_ws/build/stonefish_ros2/CMakeFiles/stonefish_ros2__rosidl_generator_c.dir/DependInfo.cmake --color=
make[2]: ç¦»å¼€ç›®å½•â€œ/home/dyj/ros2_ws/build/stonefish_ros2â€
/usr/bin/make -f CMakeFiles/stonefish_ros2__cpp.dir/build.make CMakeFiles/stonefish_ros2__cpp.dir/build
make[2]: è¿›å…¥ç›®å½•â€œ/home/dyj/ros2_ws/build/stonefish_ros2â€
make[2]: å¯¹â€œCMakeFiles/stonefish_ros2__cpp.dir/buildâ€æ— éœ€åšä»»ä½•äº‹ã€‚
make[2]: ç¦»å¼€ç›®å½•â€œ/home/dyj/ros2_ws/build/stonefish_ros2â€
make[2]: ç¦»å¼€ç›®å½•â€œ/home/dyj/ros2_ws/build/stonefish_ros2â€
/usr/bin/make -f CMakeFiles/ament_cmake_python_symlink_stonefish_ros2.dir/build.make CMakeFiles/ament_cmake_python_symlink_stonefish_ros2.dir/build
make[2]: è¿›å…¥ç›®å½•â€œ/home/dyj/ros2_ws/build/stonefish_ros2â€
/usr/bin/cmake -E create_symlink /home/dyj/ros2_ws/build/stonefish_ros2/rosidl_generator_py/stonefish_ros2 /home/dyj/ros2_ws/build/stonefish_ros2/ament_cmake_python/stonefish_ros2/stonefish_ros2
[  1%] Built target stonefish_ros2__cpp
/usr/bin/make -f CMakeFiles/stonefish_ros2__rosidl_typesupport_cpp.dir/build.make CMakeFiles/stonefish_ros2__rosidl_typesupport_cpp.dir/depend
/usr/bin/make -f CMakeFiles/stonefish_ros2__rosidl_typesupport_fastrtps_cpp.dir/build.make CMakeFiles/stonefish_ros2__rosidl_typesupport_fastrtps_cpp.dir/depend
/usr/bin/make -f CMakeFiles/stonefish_ros2__rosidl_typesupport_introspection_cpp.dir/build.make CMakeFiles/stonefish_ros2__rosidl_typesupport_introspection_cpp.dir/depend
make[2]: ç¦»å¼€ç›®å½•â€œ/home/dyj/ros2_ws/build/stonefish_ros2â€
make[2]: è¿›å…¥ç›®å½•â€œ/home/dyj/ros2_ws/build/stonefish_ros2â€
cd /home/dyj/ros2_ws/build/stonefish_ros2 && /usr/bin/cmake -E cmake_depends "Unix Makefiles" /home/dyj/ros2_ws/src/stonefish_ros2 /home/dyj/ros2_ws/src/stonefish_ros2 /home/dyj/ros2_ws/build/stonefish_ros2 /home/dyj/ros2_ws/build/stonefish_ros2 /home/dyj/ros2_ws/build/stonefish_ros2/CMakeFiles/stonefish_ros2__rosidl_typesupport_cpp.dir/DependInfo.cmake --color=
make[2]: ç¦»å¼€ç›®å½•â€œ/home/dyj/ros2_ws/build/stonefish_ros2â€
/usr/bin/make -f CMakeFiles/stonefish_ros2__rosidl_generator_c.dir/build.make CMakeFiles/stonefish_ros2__rosidl_generator_c.dir/build
make[2]: è¿›å…¥ç›®å½•â€œ/home/dyj/ros2_ws/build/stonefish_ros2â€
cd /home/dyj/ros2_ws/build/stonefish_ros2 && /usr/bin/cmake -E cmake_depends "Unix Makefiles" /home/dyj/ros2_ws/src/stonefish_ros2 /home/dyj/ros2_ws/src/stonefish_ros2 /home/dyj/ros2_ws/build/stonefish_ros2 /home/dyj/ros2_ws/build/stonefish_ros2 /home/dyj/ros2_ws/build/stonefish_ros2/CMakeFiles/stonefish_ros2__rosidl_typesupport_introspection_cpp.dir/DependInfo.cmake --color=
[  1%] Built target ament_cmake_python_symlink_stonefish_ros2
/usr/bin/make -f CMakeFiles/ament_cmake_python_build_stonefish_ros2_egg.dir/build.make CMakeFiles/ament_cmake_python_build_stonefish_ros2_egg.dir/depend
make[2]: è¿›å…¥ç›®å½•â€œ/home/dyj/ros2_ws/build/stonefish_ros2â€
cd /home/dyj/ros2_ws/build/stonefish_ros2 && /usr/bin/cmake -E cmake_depends "Unix Makefiles" /home/dyj/ros2_ws/src/stonefish_ros2 /home/dyj/ros2_ws/src/stonefish_ros2 /home/dyj/ros2_ws/build/stonefish_ros2 /home/dyj/ros2_ws/build/stonefish_ros2 /home/dyj/ros2_ws/build/stonefish_ros2/CMakeFiles/ament_cmake_python_build_stonefish_ros2_egg.dir/DependInfo.cmake --color=
make[2]: è¿›å…¥ç›®å½•â€œ/home/dyj/ros2_ws/build/stonefish_ros2â€
cd /home/dyj/ros2_ws/build/stonefish_ros2 && /usr/bin/cmake -E cmake_depends "Unix Makefiles" /home/dyj/ros2_ws/src/stonefish_ros2 /home/dyj/ros2_ws/src/stonefish_ros2 /home/dyj/ros2_ws/build/stonefish_ros2 /home/dyj/ros2_ws/build/stonefish_ros2 /home/dyj/ros2_ws/build/stonefish_ros2/CMakeFiles/stonefish_ros2__rosidl_typesupport_fastrtps_cpp.dir/DependInfo.cmake --color=
make[2]: ç¦»å¼€ç›®å½•â€œ/home/dyj/ros2_ws/build/stonefish_ros2â€
/usr/bin/make -f CMakeFiles/stonefish_ros2__rosidl_typesupport_cpp.dir/build.make CMakeFiles/stonefish_ros2__rosidl_typesupport_cpp.dir/build
make[2]: è¿›å…¥ç›®å½•â€œ/home/dyj/ros2_ws/build/stonefish_ros2â€
make[2]: å¯¹â€œCMakeFiles/stonefish_ros2__rosidl_generator_c.dir/buildâ€æ— éœ€åšä»»ä½•äº‹ã€‚
make[2]: ç¦»å¼€ç›®å½•â€œ/home/dyj/ros2_ws/build/stonefish_ros2â€
make[2]: ç¦»å¼€ç›®å½•â€œ/home/dyj/ros2_ws/build/stonefish_ros2â€
/usr/bin/make -f CMakeFiles/stonefish_ros2__rosidl_typesupport_introspection_cpp.dir/build.make CMakeFiles/stonefish_ros2__rosidl_typesupport_introspection_cpp.dir/build
make[2]: ç¦»å¼€ç›®å½•â€œ/home/dyj/ros2_ws/build/stonefish_ros2â€
/usr/bin/make -f CMakeFiles/ament_cmake_python_build_stonefish_ros2_egg.dir/build.make CMakeFiles/ament_cmake_python_build_stonefish_ros2_egg.dir/build
make[2]: è¿›å…¥ç›®å½•â€œ/home/dyj/ros2_ws/build/stonefish_ros2â€
make[2]: å¯¹â€œCMakeFiles/stonefish_ros2__rosidl_typesupport_cpp.dir/buildâ€æ— éœ€åšä»»ä½•äº‹ã€‚
make[2]: ç¦»å¼€ç›®å½•â€œ/home/dyj/ros2_ws/build/stonefish_ros2â€
make[2]: ç¦»å¼€ç›®å½•â€œ/home/dyj/ros2_ws/build/stonefish_ros2â€
/usr/bin/make -f CMakeFiles/stonefish_ros2__rosidl_typesupport_fastrtps_cpp.dir/build.make CMakeFiles/stonefish_ros2__rosidl_typesupport_fastrtps_cpp.dir/build
make[2]: è¿›å…¥ç›®å½•â€œ/home/dyj/ros2_ws/build/stonefish_ros2â€
cd /home/dyj/ros2_ws/build/stonefish_ros2/ament_cmake_python/stonefish_ros2 && /usr/bin/python3.8 setup.py egg_info
[ 11%] Built target stonefish_ros2__rosidl_generator_c
make[2]: è¿›å…¥ç›®å½•â€œ/home/dyj/ros2_ws/build/stonefish_ros2â€
make[2]: å¯¹â€œCMakeFiles/stonefish_ros2__rosidl_typesupport_introspection_cpp.dir/buildâ€æ— éœ€åšä»»ä½•äº‹ã€‚
make[2]: ç¦»å¼€ç›®å½•â€œ/home/dyj/ros2_ws/build/stonefish_ros2â€
[ 21%] Built target stonefish_ros2__rosidl_typesupport_cpp
/usr/bin/make -f CMakeFiles/stonefish_ros2__rosidl_typesupport_c.dir/build.make CMakeFiles/stonefish_ros2__rosidl_typesupport_c.dir/depend
/usr/bin/make -f CMakeFiles/stonefish_ros2__rosidl_typesupport_introspection_c.dir/build.make CMakeFiles/stonefish_ros2__rosidl_typesupport_introspection_c.dir/depend
/usr/bin/make -f CMakeFiles/camera_test.dir/build.make CMakeFiles/camera_test.dir/depend
/usr/bin/make -f CMakeFiles/stonefish_ros2_interface.dir/build.make CMakeFiles/stonefish_ros2_interface.dir/depend
/usr/bin/make -f CMakeFiles/fluid_dynamics_test.dir/build.make CMakeFiles/fluid_dynamics_test.dir/depend
make[2]: è¿›å…¥ç›®å½•â€œ/home/dyj/ros2_ws/build/stonefish_ros2â€
cd /home/dyj/ros2_ws/build/stonefish_ros2 && /usr/bin/cmake -E cmake_depends "Unix Makefiles" /home/dyj/ros2_ws/src/stonefish_ros2 /home/dyj/ros2_ws/src/stonefish_ros2 /home/dyj/ros2_ws/build/stonefish_ros2 /home/dyj/ros2_ws/build/stonefish_ros2 /home/dyj/ros2_ws/build/stonefish_ros2/CMakeFiles/camera_test.dir/DependInfo.cmake --color=
make[2]: è¿›å…¥ç›®å½•â€œ/home/dyj/ros2_ws/build/stonefish_ros2â€
cd /home/dyj/ros2_ws/build/stonefish_ros2 && /usr/bin/cmake -E cmake_depends "Unix Makefiles" /home/dyj/ros2_ws/src/stonefish_ros2 /home/dyj/ros2_ws/src/stonefish_ros2 /home/dyj/ros2_ws/build/stonefish_ros2 /home/dyj/ros2_ws/build/stonefish_ros2 /home/dyj/ros2_ws/build/stonefish_ros2/CMakeFiles/stonefish_ros2__rosidl_typesupport_c.dir/DependInfo.cmake --color=
make[2]: è¿›å…¥ç›®å½•â€œ/home/dyj/ros2_ws/build/stonefish_ros2â€
make[2]: å¯¹â€œCMakeFiles/stonefish_ros2__rosidl_typesupport_fastrtps_cpp.dir/buildâ€æ— éœ€åšä»»ä½•äº‹ã€‚
make[2]: ç¦»å¼€ç›®å½•â€œ/home/dyj/ros2_ws/build/stonefish_ros2â€
make[2]: è¿›å…¥ç›®å½•â€œ/home/dyj/ros2_ws/build/stonefish_ros2â€
cd /home/dyj/ros2_ws/build/stonefish_ros2 && /usr/bin/cmake -E cmake_depends "Unix Makefiles" /home/dyj/ros2_ws/src/stonefish_ros2 /home/dyj/ros2_ws/src/stonefish_ros2 /home/dyj/ros2_ws/build/stonefish_ros2 /home/dyj/ros2_ws/build/stonefish_ros2 /home/dyj/ros2_ws/build/stonefish_ros2/CMakeFiles/stonefish_ros2__rosidl_typesupport_introspection_c.dir/DependInfo.cmake --color=
make[2]: è¿›å…¥ç›®å½•â€œ/home/dyj/ros2_ws/build/stonefish_ros2â€
cd /home/dyj/ros2_ws/build/stonefish_ros2 && /usr/bin/cmake -E cmake_depends "Unix Makefiles" /home/dyj/ros2_ws/src/stonefish_ros2 /home/dyj/ros2_ws/src/stonefish_ros2 /home/dyj/ros2_ws/build/stonefish_ros2 /home/dyj/ros2_ws/build/stonefish_ros2 /home/dyj/ros2_ws/build/stonefish_ros2/CMakeFiles/fluid_dynamics_test.dir/DependInfo.cmake --color=
make[2]: è¿›å…¥ç›®å½•â€œ/home/dyj/ros2_ws/build/stonefish_ros2â€
cd /home/dyj/ros2_ws/build/stonefish_ros2 && /usr/bin/cmake -E cmake_depends "Unix Makefiles" /home/dyj/ros2_ws/src/stonefish_ros2 /home/dyj/ros2_ws/src/stonefish_ros2 /home/dyj/ros2_ws/build/stonefish_ros2 /home/dyj/ros2_ws/build/stonefish_ros2 /home/dyj/ros2_ws/build/stonefish_ros2/CMakeFiles/stonefish_ros2_interface.dir/DependInfo.cmake --color=
make[2]: ç¦»å¼€ç›®å½•â€œ/home/dyj/ros2_ws/build/stonefish_ros2â€
/usr/bin/make -f CMakeFiles/camera_test.dir/build.make CMakeFiles/camera_test.dir/build
[ 32%] Built target stonefish_ros2__rosidl_typesupport_fastrtps_cpp
[ 42%] Built target stonefish_ros2__rosidl_typesupport_introspection_cpp
/usr/bin/make -f CMakeFiles/stonefish_ros2__rosidl_typesupport_fastrtps_c.dir/build.make CMakeFiles/stonefish_ros2__rosidl_typesupport_fastrtps_c.dir/depend
Dependee "/home/dyj/ros2_ws/src/stonefish_ros2/src/FluidDynamicsTestManager.cpp" is newer than depends file "/home/dyj/ros2_ws/build/stonefish_ros2/CMakeFiles/fluid_dynamics_test.dir/depend.internal".
Clearing dependencies in "/home/dyj/ros2_ws/build/stonefish_ros2/CMakeFiles/fluid_dynamics_test.dir/depend.make".
[35m[1mScanning dependencies of target fluid_dynamics_test[0m
make[2]: è¿›å…¥ç›®å½•â€œ/home/dyj/ros2_ws/build/stonefish_ros2â€
make[2]: å¯¹â€œCMakeFiles/camera_test.dir/buildâ€æ— éœ€åšä»»ä½•äº‹ã€‚
make[2]: ç¦»å¼€ç›®å½•â€œ/home/dyj/ros2_ws/build/stonefish_ros2â€
make[2]: è¿›å…¥ç›®å½•â€œ/home/dyj/ros2_ws/build/stonefish_ros2â€
cd /home/dyj/ros2_ws/build/stonefish_ros2 && /usr/bin/cmake -E cmake_depends "Unix Makefiles" /home/dyj/ros2_ws/src/stonefish_ros2 /home/dyj/ros2_ws/src/stonefish_ros2 /home/dyj/ros2_ws/build/stonefish_ros2 /home/dyj/ros2_ws/build/stonefish_ros2 /home/dyj/ros2_ws/build/stonefish_ros2/CMakeFiles/stonefish_ros2__rosidl_typesupport_fastrtps_c.dir/DependInfo.cmake --color=
make[2]: ç¦»å¼€ç›®å½•â€œ/home/dyj/ros2_ws/build/stonefish_ros2â€
/usr/bin/make -f CMakeFiles/stonefish_ros2__rosidl_typesupport_introspection_c.dir/build.make CMakeFiles/stonefish_ros2__rosidl_typesupport_introspection_c.dir/build
make[2]: ç¦»å¼€ç›®å½•â€œ/home/dyj/ros2_ws/build/stonefish_ros2â€
/usr/bin/make -f CMakeFiles/stonefish_ros2__rosidl_typesupport_c.dir/build.make CMakeFiles/stonefish_ros2__rosidl_typesupport_c.dir/build
make[2]: ç¦»å¼€ç›®å½•â€œ/home/dyj/ros2_ws/build/stonefish_ros2â€
/usr/bin/make -f CMakeFiles/stonefish_ros2_interface.dir/build.make CMakeFiles/stonefish_ros2_interface.dir/build
make[2]: è¿›å…¥ç›®å½•â€œ/home/dyj/ros2_ws/build/stonefish_ros2â€
make[2]: å¯¹â€œCMakeFiles/stonefish_ros2__rosidl_typesupport_c.dir/buildâ€æ— éœ€åšä»»ä½•äº‹ã€‚
make[2]: ç¦»å¼€ç›®å½•â€œ/home/dyj/ros2_ws/build/stonefish_ros2â€
make[2]: ç¦»å¼€ç›®å½•â€œ/home/dyj/ros2_ws/build/stonefish_ros2â€
/usr/bin/make -f CMakeFiles/stonefish_ros2__rosidl_typesupport_fastrtps_c.dir/build.make CMakeFiles/stonefish_ros2__rosidl_typesupport_fastrtps_c.dir/build
[ 44%] Built target camera_test
make[2]: è¿›å…¥ç›®å½•â€œ/home/dyj/ros2_ws/build/stonefish_ros2â€
make[2]: å¯¹â€œCMakeFiles/stonefish_ros2__rosidl_typesupport_introspection_c.dir/buildâ€æ— éœ€åšä»»ä½•äº‹ã€‚
make[2]: ç¦»å¼€ç›®å½•â€œ/home/dyj/ros2_ws/build/stonefish_ros2â€
[ 54%] Built target stonefish_ros2__rosidl_typesupport_c
make[2]: è¿›å…¥ç›®å½•â€œ/home/dyj/ros2_ws/build/stonefish_ros2â€
make[2]: å¯¹â€œCMakeFiles/stonefish_ros2__rosidl_typesupport_fastrtps_c.dir/buildâ€æ— éœ€åšä»»ä½•äº‹ã€‚
make[2]: ç¦»å¼€ç›®å½•â€œ/home/dyj/ros2_ws/build/stonefish_ros2â€
make[2]: ç¦»å¼€ç›®å½•â€œ/home/dyj/ros2_ws/build/stonefish_ros2â€
/usr/bin/make -f CMakeFiles/fluid_dynamics_test.dir/build.make CMakeFiles/fluid_dynamics_test.dir/build
[ 65%] Built target stonefish_ros2__rosidl_typesupport_introspection_c
[ 76%] Built target stonefish_ros2__rosidl_typesupport_fastrtps_c
/usr/bin/make -f CMakeFiles/stonefish_ros2.dir/build.make CMakeFiles/stonefish_ros2.dir/depend
make[2]: è¿›å…¥ç›®å½•â€œ/home/dyj/ros2_ws/build/stonefish_ros2â€
cd /home/dyj/ros2_ws/build/stonefish_ros2 && /usr/bin/cmake -E cmake_depends "Unix Makefiles" /home/dyj/ros2_ws/src/stonefish_ros2 /home/dyj/ros2_ws/src/stonefish_ros2 /home/dyj/ros2_ws/build/stonefish_ros2 /home/dyj/ros2_ws/build/stonefish_ros2 /home/dyj/ros2_ws/build/stonefish_ros2/CMakeFiles/stonefish_ros2.dir/DependInfo.cmake --color=
make[2]: è¿›å…¥ç›®å½•â€œ/home/dyj/ros2_ws/build/stonefish_ros2â€
make[2]: å¯¹â€œCMakeFiles/stonefish_ros2_interface.dir/buildâ€æ— éœ€åšä»»ä½•äº‹ã€‚
make[2]: ç¦»å¼€ç›®å½•â€œ/home/dyj/ros2_ws/build/stonefish_ros2â€
make[2]: è¿›å…¥ç›®å½•â€œ/home/dyj/ros2_ws/build/stonefish_ros2â€
[ 78%] [32mBuilding CXX object CMakeFiles/fluid_dynamics_test.dir/src/main.cpp.o[0m
[ 78%] [32mBuilding CXX object CMakeFiles/fluid_dynamics_test.dir/src/FluidDynamicsTestManager.cpp.o[0m
[ 80%] [32mBuilding CXX object CMakeFiles/fluid_dynamics_test.dir/src/FluidDynamicsTestApp.cpp.o[0m
[ 82%] Built target stonefish_ros2_interface
/usr/bin/c++  -DBT_EULER_DEFAULT_ZYX -DBT_USE_DOUBLE_PRECISION -DDATA_DIR_PATH=\"/home/dyj/ros2_ws/src/stonefish_ros2/Data/\" -DDEFAULT_RMW_IMPLEMENTATION=rmw_cyclonedds_cpp -DRCUTILS_ENABLE_FAULT_INJECTION -DROS_PACKAGE_NAME=\"stonefish_ros2\" -DSHADER_DIR_PATH=\"/usr/local/share/Stonefish/shaders/\" -Dqh_QHpointer -DvtkRenderingContext2D_AUTOINIT="1(vtkRenderingContextOpenGL2)" -DvtkRenderingCore_AUTOINIT="3(vtkInteractionStyle,vtkRenderingFreeType,vtkRenderingOpenGL2)" -I/usr/include/vtk-7.1 -I/usr/include/freetype2 -I/home/dyj/ros2_ws/build/stonefish_ros2/rosidl_generator_cpp -isystem /opt/ros/rolling/include -isystem /usr/local/include/Stonefish  -Wall -Wextra -Wpedantic -std=gnu++2a -o CMakeFiles/fluid_dynamics_test.dir/src/FluidDynamicsTestApp.cpp.o -c /home/dyj/ros2_ws/src/stonefish_ros2/src/FluidDynamicsTestApp.cpp
/usr/bin/make -f CMakeFiles/stonefish_simulator_nogpu.dir/build.make CMakeFiles/stonefish_simulator_nogpu.dir/depend
make[2]: ç¦»å¼€ç›®å½•â€œ/home/dyj/ros2_ws/build/stonefish_ros2â€
/usr/bin/c++  -DBT_EULER_DEFAULT_ZYX -DBT_USE_DOUBLE_PRECISION -DDATA_DIR_PATH=\"/home/dyj/ros2_ws/src/stonefish_ros2/Data/\" -DDEFAULT_RMW_IMPLEMENTATION=rmw_cyclonedds_cpp -DRCUTILS_ENABLE_FAULT_INJECTION -DROS_PACKAGE_NAME=\"stonefish_ros2\" -DSHADER_DIR_PATH=\"/usr/local/share/Stonefish/shaders/\" -Dqh_QHpointer -DvtkRenderingContext2D_AUTOINIT="1(vtkRenderingContextOpenGL2)" -DvtkRenderingCore_AUTOINIT="3(vtkInteractionStyle,vtkRenderingFreeType,vtkRenderingOpenGL2)" -I/usr/include/vtk-7.1 -I/usr/include/freetype2 -I/home/dyj/ros2_ws/build/stonefish_ros2/rosidl_generator_cpp -isystem /opt/ros/rolling/include -isystem /usr/local/include/Stonefish  -Wall -Wextra -Wpedantic -std=gnu++2a -o CMakeFiles/fluid_dynamics_test.dir/src/FluidDynamicsTestManager.cpp.o -c /home/dyj/ros2_ws/src/stonefish_ros2/src/FluidDynamicsTestManager.cpp
/usr/bin/make -f CMakeFiles/stonefish_simulator.dir/build.make CMakeFiles/stonefish_simulator.dir/depend
/usr/bin/c++  -DBT_EULER_DEFAULT_ZYX -DBT_USE_DOUBLE_PRECISION -DDATA_DIR_PATH=\"/home/dyj/ros2_ws/src/stonefish_ros2/Data/\" -DDEFAULT_RMW_IMPLEMENTATION=rmw_cyclonedds_cpp -DRCUTILS_ENABLE_FAULT_INJECTION -DROS_PACKAGE_NAME=\"stonefish_ros2\" -DSHADER_DIR_PATH=\"/usr/local/share/Stonefish/shaders/\" -Dqh_QHpointer -DvtkRenderingContext2D_AUTOINIT="1(vtkRenderingContextOpenGL2)" -DvtkRenderingCore_AUTOINIT="3(vtkInteractionStyle,vtkRenderingFreeType,vtkRenderingOpenGL2)" -I/usr/include/vtk-7.1 -I/usr/include/freetype2 -I/home/dyj/ros2_ws/build/stonefish_ros2/rosidl_generator_cpp -isystem /opt/ros/rolling/include -isystem /usr/local/include/Stonefish  -Wall -Wextra -Wpedantic -std=gnu++2a -o CMakeFiles/fluid_dynamics_test.dir/src/main.cpp.o -c /home/dyj/ros2_ws/src/stonefish_ros2/src/main.cpp
/usr/bin/make -f CMakeFiles/stonefish_ros2.dir/build.make CMakeFiles/stonefish_ros2.dir/build
make[2]: è¿›å…¥ç›®å½•â€œ/home/dyj/ros2_ws/build/stonefish_ros2â€
make[2]: å¯¹â€œCMakeFiles/stonefish_ros2.dir/buildâ€æ— éœ€åšä»»ä½•äº‹ã€‚
make[2]: ç¦»å¼€ç›®å½•â€œ/home/dyj/ros2_ws/build/stonefish_ros2â€
make[2]: è¿›å…¥ç›®å½•â€œ/home/dyj/ros2_ws/build/stonefish_ros2â€
cd /home/dyj/ros2_ws/build/stonefish_ros2 && /usr/bin/cmake -E cmake_depends "Unix Makefiles" /home/dyj/ros2_ws/src/stonefish_ros2 /home/dyj/ros2_ws/src/stonefish_ros2 /home/dyj/ros2_ws/build/stonefish_ros2 /home/dyj/ros2_ws/build/stonefish_ros2 /home/dyj/ros2_ws/build/stonefish_ros2/CMakeFiles/stonefish_simulator.dir/DependInfo.cmake --color=
make[2]: è¿›å…¥ç›®å½•â€œ/home/dyj/ros2_ws/build/stonefish_ros2â€
cd /home/dyj/ros2_ws/build/stonefish_ros2 && /usr/bin/cmake -E cmake_depends "Unix Makefiles" /home/dyj/ros2_ws/src/stonefish_ros2 /home/dyj/ros2_ws/src/stonefish_ros2 /home/dyj/ros2_ws/build/stonefish_ros2 /home/dyj/ros2_ws/build/stonefish_ros2 /home/dyj/ros2_ws/build/stonefish_ros2/CMakeFiles/stonefish_simulator_nogpu.dir/DependInfo.cmake --color=
[ 82%] Built target stonefish_ros2
/usr/bin/make -f stonefish_ros2__py/CMakeFiles/stonefish_ros2__py.dir/build.make stonefish_ros2__py/CMakeFiles/stonefish_ros2__py.dir/depend
make[2]: è¿›å…¥ç›®å½•â€œ/home/dyj/ros2_ws/build/stonefish_ros2â€
make[2]: ç¦»å¼€ç›®å½•â€œ/home/dyj/ros2_ws/build/stonefish_ros2â€
cd /home/dyj/ros2_ws/build/stonefish_ros2 && /usr/bin/cmake -E cmake_depends "Unix Makefiles" /home/dyj/ros2_ws/src/stonefish_ros2 /home/dyj/ros2_ws/build/stonefish_ros2/stonefish_ros2__py /home/dyj/ros2_ws/build/stonefish_ros2 /home/dyj/ros2_ws/build/stonefish_ros2/stonefish_ros2__py /home/dyj/ros2_ws/build/stonefish_ros2/stonefish_ros2__py/CMakeFiles/stonefish_ros2__py.dir/DependInfo.cmake --color=
/usr/bin/make -f CMakeFiles/stonefish_simulator.dir/build.make CMakeFiles/stonefish_simulator.dir/build
make[2]: ç¦»å¼€ç›®å½•â€œ/home/dyj/ros2_ws/build/stonefish_ros2â€
/usr/bin/make -f CMakeFiles/stonefish_simulator_nogpu.dir/build.make CMakeFiles/stonefish_simulator_nogpu.dir/build
make[2]: ç¦»å¼€ç›®å½•â€œ/home/dyj/ros2_ws/build/stonefish_ros2â€
/usr/bin/make -f stonefish_ros2__py/CMakeFiles/stonefish_ros2__py.dir/build.make stonefish_ros2__py/CMakeFiles/stonefish_ros2__py.dir/build
make[2]: è¿›å…¥ç›®å½•â€œ/home/dyj/ros2_ws/build/stonefish_ros2â€
make[2]: å¯¹â€œstonefish_ros2__py/CMakeFiles/stonefish_ros2__py.dir/buildâ€æ— éœ€åšä»»ä½•äº‹ã€‚
make[2]: ç¦»å¼€ç›®å½•â€œ/home/dyj/ros2_ws/build/stonefish_ros2â€
make[2]: è¿›å…¥ç›®å½•â€œ/home/dyj/ros2_ws/build/stonefish_ros2â€
make[2]: å¯¹â€œCMakeFiles/stonefish_simulator.dir/buildâ€æ— éœ€åšä»»ä½•äº‹ã€‚
make[2]: ç¦»å¼€ç›®å½•â€œ/home/dyj/ros2_ws/build/stonefish_ros2â€
make[2]: è¿›å…¥ç›®å½•â€œ/home/dyj/ros2_ws/build/stonefish_ros2â€
make[2]: å¯¹â€œCMakeFiles/stonefish_simulator_nogpu.dir/buildâ€æ— éœ€åšä»»ä½•äº‹ã€‚
make[2]: ç¦»å¼€ç›®å½•â€œ/home/dyj/ros2_ws/build/stonefish_ros2â€
[ 83%] Built target stonefish_ros2__py
/usr/bin/make -f CMakeFiles/stonefish_ros2__rosidl_generator_py.dir/build.make CMakeFiles/stonefish_ros2__rosidl_generator_py.dir/depend
[ 84%] Built target stonefish_simulator
[ 86%] Built target stonefish_simulator_nogpu
make[2]: è¿›å…¥ç›®å½•â€œ/home/dyj/ros2_ws/build/stonefish_ros2â€
cd /home/dyj/ros2_ws/build/stonefish_ros2 && /usr/bin/cmake -E cmake_depends "Unix Makefiles" /home/dyj/ros2_ws/src/stonefish_ros2 /home/dyj/ros2_ws/src/stonefish_ros2 /home/dyj/ros2_ws/build/stonefish_ros2 /home/dyj/ros2_ws/build/stonefish_ros2 /home/dyj/ros2_ws/build/stonefish_ros2/CMakeFiles/stonefish_ros2__rosidl_generator_py.dir/DependInfo.cmake --color=
make[2]: ç¦»å¼€ç›®å½•â€œ/home/dyj/ros2_ws/build/stonefish_ros2â€
/usr/bin/make -f CMakeFiles/stonefish_ros2__rosidl_generator_py.dir/build.make CMakeFiles/stonefish_ros2__rosidl_generator_py.dir/build
make[2]: è¿›å…¥ç›®å½•â€œ/home/dyj/ros2_ws/build/stonefish_ros2â€
make[2]: å¯¹â€œCMakeFiles/stonefish_ros2__rosidl_generator_py.dir/buildâ€æ— éœ€åšä»»ä½•äº‹ã€‚
make[2]: ç¦»å¼€ç›®å½•â€œ/home/dyj/ros2_ws/build/stonefish_ros2â€
[ 96%] Built target stonefish_ros2__rosidl_generator_py
/usr/bin/make -f CMakeFiles/stonefish_ros2__rosidl_typesupport_c__pyext.dir/build.make CMakeFiles/stonefish_ros2__rosidl_typesupport_c__pyext.dir/depend
/usr/bin/make -f CMakeFiles/stonefish_ros2__rosidl_typesupport_fastrtps_c__pyext.dir/build.make CMakeFiles/stonefish_ros2__rosidl_typesupport_fastrtps_c__pyext.dir/depend
/usr/bin/make -f CMakeFiles/stonefish_ros2__rosidl_typesupport_introspection_c__pyext.dir/build.make CMakeFiles/stonefish_ros2__rosidl_typesupport_introspection_c__pyext.dir/depend
make[2]: è¿›å…¥ç›®å½•â€œ/home/dyj/ros2_ws/build/stonefish_ros2â€
cd /home/dyj/ros2_ws/build/stonefish_ros2 && /usr/bin/cmake -E cmake_depends "Unix Makefiles" /home/dyj/ros2_ws/src/stonefish_ros2 /home/dyj/ros2_ws/src/stonefish_ros2 /home/dyj/ros2_ws/build/stonefish_ros2 /home/dyj/ros2_ws/build/stonefish_ros2 /home/dyj/ros2_ws/build/stonefish_ros2/CMakeFiles/stonefish_ros2__rosidl_typesupport_fastrtps_c__pyext.dir/DependInfo.cmake --color=
make[2]: è¿›å…¥ç›®å½•â€œ/home/dyj/ros2_ws/build/stonefish_ros2â€
cd /home/dyj/ros2_ws/build/stonefish_ros2 && /usr/bin/cmake -E cmake_depends "Unix Makefiles" /home/dyj/ros2_ws/src/stonefish_ros2 /home/dyj/ros2_ws/src/stonefish_ros2 /home/dyj/ros2_ws/build/stonefish_ros2 /home/dyj/ros2_ws/build/stonefish_ros2 /home/dyj/ros2_ws/build/stonefish_ros2/CMakeFiles/stonefish_ros2__rosidl_typesupport_c__pyext.dir/DependInfo.cmake --color=
make[2]: è¿›å…¥ç›®å½•â€œ/home/dyj/ros2_ws/build/stonefish_ros2â€
cd /home/dyj/ros2_ws/build/stonefish_ros2 && /usr/bin/cmake -E cmake_depends "Unix Makefiles" /home/dyj/ros2_ws/src/stonefish_ros2 /home/dyj/ros2_ws/src/stonefish_ros2 /home/dyj/ros2_ws/build/stonefish_ros2 /home/dyj/ros2_ws/build/stonefish_ros2 /home/dyj/ros2_ws/build/stonefish_ros2/CMakeFiles/stonefish_ros2__rosidl_typesupport_introspection_c__pyext.dir/DependInfo.cmake --color=
make[2]: ç¦»å¼€ç›®å½•â€œ/home/dyj/ros2_ws/build/stonefish_ros2â€
/usr/bin/make -f CMakeFiles/stonefish_ros2__rosidl_typesupport_fastrtps_c__pyext.dir/build.make CMakeFiles/stonefish_ros2__rosidl_typesupport_fastrtps_c__pyext.dir/build
make[2]: ç¦»å¼€ç›®å½•â€œ/home/dyj/ros2_ws/build/stonefish_ros2â€
/usr/bin/make -f CMakeFiles/stonefish_ros2__rosidl_typesupport_introspection_c__pyext.dir/build.make CMakeFiles/stonefish_ros2__rosidl_typesupport_introspection_c__pyext.dir/build
make[2]: ç¦»å¼€ç›®å½•â€œ/home/dyj/ros2_ws/build/stonefish_ros2â€
/usr/bin/make -f CMakeFiles/stonefish_ros2__rosidl_typesupport_c__pyext.dir/build.make CMakeFiles/stonefish_ros2__rosidl_typesupport_c__pyext.dir/build
make[2]: è¿›å…¥ç›®å½•â€œ/home/dyj/ros2_ws/build/stonefish_ros2â€
make[2]: å¯¹â€œCMakeFiles/stonefish_ros2__rosidl_typesupport_fastrtps_c__pyext.dir/buildâ€æ— éœ€åšä»»ä½•äº‹ã€‚
make[2]: ç¦»å¼€ç›®å½•â€œ/home/dyj/ros2_ws/build/stonefish_ros2â€
make[2]: è¿›å…¥ç›®å½•â€œ/home/dyj/ros2_ws/build/stonefish_ros2â€
make[2]: å¯¹â€œCMakeFiles/stonefish_ros2__rosidl_typesupport_introspection_c__pyext.dir/buildâ€æ— éœ€åšä»»ä½•äº‹ã€‚
make[2]: ç¦»å¼€ç›®å½•â€œ/home/dyj/ros2_ws/build/stonefish_ros2â€
make[2]: è¿›å…¥ç›®å½•â€œ/home/dyj/ros2_ws/build/stonefish_ros2â€
make[2]: å¯¹â€œCMakeFiles/stonefish_ros2__rosidl_typesupport_c__pyext.dir/buildâ€æ— éœ€åšä»»ä½•äº‹ã€‚
make[2]: ç¦»å¼€ç›®å½•â€œ/home/dyj/ros2_ws/build/stonefish_ros2â€
[ 97%] Built target stonefish_ros2__rosidl_typesupport_fastrtps_c__pyext
[ 98%] Built target stonefish_ros2__rosidl_typesupport_introspection_c__pyext
[100%] Built target stonefish_ros2__rosidl_typesupport_c__pyext
running egg_info
writing stonefish_ros2.egg-info/PKG-INFO
writing dependency_links to stonefish_ros2.egg-info/dependency_links.txt
writing top-level names to stonefish_ros2.egg-info/top_level.txt
reading manifest file 'stonefish_ros2.egg-info/SOURCES.txt'
writing manifest file 'stonefish_ros2.egg-info/SOURCES.txt'
make[2]: ç¦»å¼€ç›®å½•â€œ/home/dyj/ros2_ws/build/stonefish_ros2â€
[100%] Built target ament_cmake_python_build_stonefish_ros2_egg
In file included from [01m[K/home/dyj/ros2_ws/src/stonefish_ros2/src/FluidDynamicsTestManager.cpp:28[m[K:
[01m[K/home/dyj/ros2_ws/src/stonefish_ros2/src/FluidDynamicsTestManager.h:21:1:[m[K [01;31m[Kerror: [m[Kexpected class-name before â€˜[01m[K{[m[Kâ€™ token
   21 | [01;31m[K{[m[K
      | [01;31m[K^[m[K
[01m[K/home/dyj/ros2_ws/src/stonefish_ros2/src/FluidDynamicsTestManager.h:25:10:[m[K [01;31m[Kerror: [m[Kâ€˜[01m[Kvoid FluidDynamicsTestManager::BuildScenario()[m[Kâ€™ marked â€˜[01m[Koverride[m[Kâ€™, but does not override
   25 |     void [01;31m[KBuildScenario[m[K() override;
      |          [01;31m[K^~~~~~~~~~~~~[m[K
[01m[K/home/dyj/ros2_ws/src/stonefish_ros2/src/FluidDynamicsTestManager.h:26:10:[m[K [01;31m[Kerror: [m[Kâ€˜[01m[Kvoid FluidDynamicsTestManager::SimulationStepCompleted(sf::Scalar)[m[Kâ€™ marked â€˜[01m[Koverride[m[Kâ€™, but does not override
   26 |     void [01;31m[KSimulationStepCompleted[m[K(sf::Scalar timeStep) override;
      |          [01;31m[K^~~~~~~~~~~~~~~~~~~~~~~[m[K
In file included from [01m[K/home/dyj/ros2_ws/src/stonefish_ros2/src/FluidDynamicsTestApp.h:30[m[K,
                 from [01m[K/home/dyj/ros2_ws/src/stonefish_ros2/src/FluidDynamicsTestApp.cpp:26[m[K:
[01m[K/home/dyj/ros2_ws/src/stonefish_ros2/src/FluidDynamicsTestManager.h:21:1:[m[K [01;31m[Kerror: [m[Kexpected class-name before â€˜[01m[K{[m[Kâ€™ token
   21 | [01;31m[K{[m[K
      | [01;31m[K^[m[K
In file included from [01m[K/home/dyj/ros2_ws/src/stonefish_ros2/src/FluidDynamicsTestApp.h:30[m[K,
                 from [01m[K/home/dyj/ros2_ws/src/stonefish_ros2/src/main.cpp:26[m[K:
[01m[K/home/dyj/ros2_ws/src/stonefish_ros2/src/FluidDynamicsTestManager.h:21:1:[m[K [01;31m[Kerror: [m[Kexpected class-name before â€˜[01m[K{[m[Kâ€™ token
   21 | [01;31m[K{[m[K
      | [01;31m[K^[m[K
[01m[K/home/dyj/ros2_ws/src/stonefish_ros2/src/FluidDynamicsTestManager.h:25:10:[m[K [01;31m[Kerror: [m[Kâ€˜[01m[Kvoid FluidDynamicsTestManager::BuildScenario()[m[Kâ€™ marked â€˜[01m[Koverride[m[Kâ€™, but does not override
   25 |     void [01;31m[KBuildScenario[m[K() override;
      |          [01;31m[K^~~~~~~~~~~~~[m[K
[01m[K/home/dyj/ros2_ws/src/stonefish_ros2/src/FluidDynamicsTestManager.h:26:10:[m[K [01;31m[Kerror: [m[Kâ€˜[01m[Kvoid FluidDynamicsTestManager::SimulationStepCompleted(sf::Scalar)[m[Kâ€™ marked â€˜[01m[Koverride[m[Kâ€™, but does not override
   26 |     void [01;31m[KSimulationStepCompleted[m[K(sf::Scalar timeStep) override;
      |          [01;31m[K^~~~~~~~~~~~~~~~~~~~~~~[m[K
[01m[K/home/dyj/ros2_ws/src/stonefish_ros2/src/FluidDynamicsTestManager.h:25:10:[m[K [01;31m[Kerror: [m[Kâ€˜[01m[Kvoid FluidDynamicsTestManager::BuildScenario()[m[Kâ€™ marked â€˜[01m[Koverride[m[Kâ€™, but does not override
   25 |     void [01;31m[KBuildScenario[m[K() override;
      |          [01;31m[K^~~~~~~~~~~~~[m[K
[01m[K/home/dyj/ros2_ws/src/stonefish_ros2/src/FluidDynamicsTestManager.h:26:10:[m[K [01;31m[Kerror: [m[Kâ€˜[01m[Kvoid FluidDynamicsTestManager::SimulationStepCompleted(sf::Scalar)[m[Kâ€™ marked â€˜[01m[Koverride[m[Kâ€™, but does not override
   26 |     void [01;31m[KSimulationStepCompleted[m[K(sf::Scalar timeStep) override;
      |          [01;31m[K^~~~~~~~~~~~~~~~~~~~~~~[m[K
[01m[K/home/dyj/ros2_ws/src/stonefish_ros2/src/main.cpp:[m[K In function â€˜[01m[Kint main(int, const char**)[m[Kâ€™:
[01m[K/home/dyj/ros2_ws/src/stonefish_ros2/src/main.cpp:54:23:[m[K [01;31m[Kerror: [m[Kâ€˜[01m[Kclass FluidDynamicsTestManager[m[Kâ€™ has no member named â€˜[01m[KsetRealtimeFactor[m[Kâ€™
   54 |     simulationManager.[01;31m[KsetRealtimeFactor[m[K(1.0);
      |                       [01;31m[K^~~~~~~~~~~~~~~~~[m[K
[01m[K/home/dyj/ros2_ws/src/stonefish_ros2/src/main.cpp:30:14:[m[K [01;35m[Kwarning: [m[Kunused parameter â€˜[01m[Kargc[m[Kâ€™ [[01;35m[K-Wunused-parameter[m[K]
   30 | int main([01;35m[Kint argc[m[K, const char * argv[])
      |          [01;35m[K~~~~^~~~[m[K
[01m[K/home/dyj/ros2_ws/src/stonefish_ros2/src/main.cpp:30:33:[m[K [01;35m[Kwarning: [m[Kunused parameter â€˜[01m[Kargv[m[Kâ€™ [[01;35m[K-Wunused-parameter[m[K]
   30 | int main(int argc, [01;35m[Kconst char * argv[][m[K)
      |                    [01;35m[K~~~~~~~~~~~~~^~~~~~[m[K
[01m[K/home/dyj/ros2_ws/src/stonefish_ros2/src/FluidDynamicsTestApp.cpp:[m[K In constructor â€˜[01m[KFluidDynamicsTestApp::FluidDynamicsTestApp(std::string, sf::RenderSettings, sf::HelperSettings, FluidDynamicsTestManager*)[m[Kâ€™:
[01m[K/home/dyj/ros2_ws/src/stonefish_ros2/src/FluidDynamicsTestApp.cpp:43:74:[m[K [01;31m[Kerror: [m[Kno matching function for call to â€˜[01m[Ksf::GraphicalSimulationApp::GraphicalSimulationApp(const char [19], std::string&, sf::RenderSettings&, sf::HelperSettings&, FluidDynamicsTestManager*&)[m[Kâ€™
   43 |     : GraphicalSimulationApp("FluidDynamics Test", dataDirPath, s, h, sim[01;31m[K)[m[K
      |                                                                          [01;31m[K^[m[K
In file included from [01m[K/home/dyj/ros2_ws/src/stonefish_ros2/src/FluidDynamicsTestApp.h:29[m[K,
                 from [01m[K/home/dyj/ros2_ws/src/stonefish_ros2/src/FluidDynamicsTestApp.cpp:26[m[K:
[01m[K/usr/local/include/Stonefish/core/GraphicalSimulationApp.h:53:9:[m[K [01;36m[Knote: [m[Kcandidate: â€˜[01m[Ksf::GraphicalSimulationApp::GraphicalSimulationApp(std::string, std::string, sf::RenderSettings, sf::HelperSettings, sf::SimulationManager*)[m[Kâ€™
   53 |         [01;36m[KGraphicalSimulationApp[m[K(std::string title, std::string dataDirPath, RenderSettings s, HelperSettings h, SimulationManager* sim);
      |         [01;36m[K^~~~~~~~~~~~~~~~~~~~~~[m[K
In file included from [01m[K/home/dyj/ros2_ws/src/stonefish_ros2/src/FluidDynamicsTestApp.h:29[m[K,
                 from [01m[K/home/dyj/ros2_ws/src/stonefish_ros2/src/FluidDynamicsTestApp.cpp:26[m[K:
[01m[K/usr/local/include/Stonefish/core/GraphicalSimulationApp.h:53:131:[m[K [01;36m[Knote: [m[K  no known conversion for argument 5 from â€˜[01m[KFluidDynamicsTestManager*[m[Kâ€™ to â€˜[01m[Ksf::SimulationManager*[m[Kâ€™
   53 |         GraphicalSimulationApp(std::string title, std::string dataDirPath, RenderSettings s, HelperSettings h, [01;36m[KSimulationManager* sim[m[K);
      |                                                                                                                [01;36m[K~~~~~~~~~~~~~~~~~~~^~~[m[K
In file included from [01m[K/home/dyj/ros2_ws/src/stonefish_ros2/src/FluidDynamicsTestApp.h:29[m[K,
                 from [01m[K/home/dyj/ros2_ws/src/stonefish_ros2/src/FluidDynamicsTestApp.cpp:26[m[K:
[01m[K/usr/local/include/Stonefish/core/GraphicalSimulationApp.h:42:11:[m[K [01;36m[Knote: [m[Kcandidate: â€˜[01m[Ksf::GraphicalSimulationApp::GraphicalSimulationApp(const sf::GraphicalSimulationApp&)[m[Kâ€™
   42 |     class [01;36m[KGraphicalSimulationApp[m[K : public SimulationApp
      |           [01;36m[K^~~~~~~~~~~~~~~~~~~~~~[m[K
[01m[K/usr/local/include/Stonefish/core/GraphicalSimulationApp.h:42:11:[m[K [01;36m[Knote: [m[K  candidate expects 1 argument, 5 provided
[01m[K/home/dyj/ros2_ws/src/stonefish_ros2/src/FluidDynamicsTestManager.cpp:[m[K In constructor â€˜[01m[KFluidDynamicsTestManager::FluidDynamicsTestManager(sf::Scalar)[m[Kâ€™:
[01m[K/home/dyj/ros2_ws/src/stonefish_ros2/src/FluidDynamicsTestManager.cpp:52:3:[m[K [01;31m[Kerror: [m[Kclass â€˜[01m[KFluidDynamicsTestManager[m[Kâ€™ does not have any field named â€˜[01m[KSimulationManager[m[Kâ€™
   52 | : [01;31m[KSimulationManager[m[K(stepsPerSecond, sf::SolverType::SOLVER_SI, sf::CollisionFilteringType::COLLISION_EXCLUSIVE)
      |   [01;31m[K^~~~~~~~~~~~~~~~~[m[K
[01m[K/home/dyj/ros2_ws/src/stonefish_ros2/src/FluidDynamicsTestManager.cpp:[m[K In member function â€˜[01m[Kvoid FluidDynamicsTestManager::BuildScenario()[m[Kâ€™:
[01m[K/home/dyj/ros2_ws/src/stonefish_ros2/src/FluidDynamicsTestManager.cpp:77:5:[m[K [01;31m[Kerror: [m[Kâ€˜[01m[KgetJointErp[m[Kâ€™ was not declared in this scope
   77 |     [01;31m[KgetJointErp[m[K(erp, stopErp);
      |     [01;31m[K^~~~~~~~~~~[m[K
[01m[K/home/dyj/ros2_ws/src/stonefish_ros2/src/FluidDynamicsTestManager.cpp:78:23:[m[K [01;31m[Kerror: [m[Kâ€˜[01m[KgetDynamicsWorld[m[Kâ€™ was not declared in this scope; did you mean â€˜[01m[KbtDynamicsWorld[m[Kâ€™?
   78 |     sf::Scalar erp2 = [01;31m[KgetDynamicsWorld[m[K()->getSolverInfo().m_erp2;
      |                       [01;31m[K^~~~~~~~~~~~~~~~[m[K
      |                       [32m[KbtDynamicsWorld[m[K
[01m[K/home/dyj/ros2_ws/src/stonefish_ros2/src/FluidDynamicsTestManager.cpp:82:5:[m[K [01;31m[Kerror: [m[Kâ€˜[01m[KgetSleepingThresholds[m[Kâ€™ was not declared in this scope
   82 |     [01;31m[KgetSleepingThresholds[m[K(linSleep, angSleep);
      |     [01;31m[K^~~~~~~~~~~~~~~~~~~~~[m[K
[01m[K/home/dyj/ros2_ws/src/stonefish_ros2/src/FluidDynamicsTestManager.cpp:85:5:[m[K [01;31m[Kerror: [m[Kâ€˜[01m[KsetSolverParams[m[Kâ€™ was not declared in this scope
   85 |     [01;31m[KsetSolverParams[m[K(erp, stopErp, erp2, globalDamping, globalFriction, linSleep, angSleep);
      |     [01;31m[K^~~~~~~~~~~~~~~[m[K
[01m[K/home/dyj/ros2_ws/src/stonefish_ros2/src/FluidDynamicsTestManager.cpp:86:5:[m[K [01;31m[Kerror: [m[Kâ€˜[01m[KsetFluidDynamicsPrescaler[m[Kâ€™ was not declared in this scope
   86 |     [01;31m[KsetFluidDynamicsPrescaler[m[K(1);
      |     [01;31m[K^~~~~~~~~~~~~~~~~~~~~~~~~[m[K
[01m[K/home/dyj/ros2_ws/src/stonefish_ros2/src/FluidDynamicsTestManager.cpp:89:5:[m[K [01;31m[Kerror: [m[Kâ€˜[01m[KCreateMaterial[m[Kâ€™ was not declared in this scope
   89 |     [01;31m[KCreateMaterial[m[K("Light", sf::UnitSystem::Density(sf::CGS, sf::MKS, 0.9), 0.3);
      |     [01;31m[K^~~~~~~~~~~~~~[m[K
[01m[K/home/dyj/ros2_ws/src/stonefish_ros2/src/FluidDynamicsTestManager.cpp:92:5:[m[K [01;31m[Kerror: [m[Kâ€˜[01m[KSetMaterialsInteraction[m[Kâ€™ was not declared in this scope
   92 |     [01;31m[KSetMaterialsInteraction[m[K("Light", "Light", 0.5, 0.2);
      |     [01;31m[K^~~~~~~~~~~~~~~~~~~~~~~[m[K
[01m[K/home/dyj/ros2_ws/src/stonefish_ros2/src/FluidDynamicsTestManager.cpp:100:5:[m[K [01;31m[Kerror: [m[Kâ€˜[01m[KCreateLook[m[Kâ€™ was not declared in this scope
  100 |     [01;31m[KCreateLook[m[K("Yellow", sf::Color::RGB(1.f, 0.9f, 0.1f), 0.3f, 0.f);
      |     [01;31m[K^~~~~~~~~~[m[K
[01m[K/home/dyj/ros2_ws/src/stonefish_ros2/src/FluidDynamicsTestManager.cpp:104:5:[m[K [01;31m[Kerror: [m[Kâ€˜[01m[KEnableOcean[m[Kâ€™ was not declared in this scope
  104 |     [01;31m[KEnableOcean[m[K(0.0);
      |     [01;31m[K^~~~~~~~~~~[m[K
[01m[K/home/dyj/ros2_ws/src/stonefish_ros2/src/FluidDynamicsTestManager.cpp:105:5:[m[K [01;31m[Kerror: [m[Kâ€˜[01m[KgetOcean[m[Kâ€™ was not declared in this scope
  105 |     [01;31m[KgetOcean[m[K()->setWaterType(0.2);
      |     [01;31m[K^~~~~~~~[m[K
[01m[K/home/dyj/ros2_ws/src/stonefish_ros2/src/FluidDynamicsTestManager.cpp:106:5:[m[K [01;31m[Kerror: [m[Kâ€˜[01m[KgetAtmosphere[m[Kâ€™ was not declared in this scope
  106 |     [01;31m[KgetAtmosphere[m[K()->SetSunPosition(0.0, 60.0);
      |     [01;31m[K^~~~~~~~~~~~~[m[K
[01m[K/home/dyj/ros2_ws/src/stonefish_ros2/src/FluidDynamicsTestManager.cpp:116:5:[m[K [01;31m[Kerror: [m[Kâ€˜[01m[KAddSolidEntity[m[Kâ€™ was not declared in this scope
  116 |     [01;31m[KAddSolidEntity[m[K(AUV_body, sf::Transform(sf::Quaternion(0.0, 0.5, 0.0), sf::Vector3(0, 0, 6)));
      |     [01;31m[K^~~~~~~~~~~~~~[m[K
[01m[K/home/dyj/ros2_ws/src/stonefish_ros2/src/FluidDynamicsTestManager.cpp:150:5:[m[K [01;31m[Kerror: [m[Kâ€˜[01m[KAddRobot[m[Kâ€™ was not declared in this scope
  150 |     [01;31m[KAddRobot[m[K(robot, sf::Transform(sf::IQ(), sf::Vector3(4, 0, 0)));
      |     [01;31m[K^~~~~~~~[m[K
[01m[K/home/dyj/ros2_ws/src/stonefish_ros2/src/FluidDynamicsTestManager.cpp:166:5:[m[K [01;31m[Kerror: [m[Kâ€˜[01m[KAddActuator[m[Kâ€™ was not declared in this scope
  166 |     [01;31m[KAddActuator[m[K(thruster1_);
      |     [01;31m[K^~~~~~~~~~~[m[K
[01m[K/home/dyj/ros2_ws/src/stonefish_ros2/src/FluidDynamicsTestManager.cpp:185:9:[m[K [01;31m[Kerror: [m[Kâ€˜[01m[KAddSensor[m[Kâ€™ was not declared in this scope
  185 |         [01;31m[KAddSensor[m[K(odometry);
      |         [01;31m[K^~~~~~~~~[m[K
[01m[K/home/dyj/ros2_ws/src/stonefish_ros2/src/FluidDynamicsTestManager.cpp:[m[K In member function â€˜[01m[Kvoid FluidDynamicsTestManager::SimulationStepCompleted(sf::Scalar)[m[Kâ€™:
[01m[K/home/dyj/ros2_ws/src/stonefish_ros2/src/FluidDynamicsTestManager.cpp:197:56:[m[K [01;31m[Kerror: [m[Kâ€˜[01m[Kstd::filesystem[m[Kâ€™ has not been declared
  197 |     std::cout << "Current working directory: " << std::[01;31m[Kfilesystem[m[K::current_path() << std::endl;
      |                                                        [01;31m[K^~~~~~~~~~[m[K
[01m[K/home/dyj/ros2_ws/src/stonefish_ros2/src/FluidDynamicsTestManager.cpp:200:22:[m[K [01;31m[Kerror: [m[Kâ€˜[01m[KgetOcean[m[Kâ€™ was not declared in this scope
  200 |     sf::Scalar rho = [01;31m[KgetOcean[m[K()->getLiquid().density;
      |                      [01;31m[K^~~~~~~~[m[K
[01m[K/home/dyj/ros2_ws/src/stonefish_ros2/src/FluidDynamicsTestManager.cpp:203:39:[m[K [01;31m[Kerror: [m[Kâ€˜[01m[KgetEntity[m[Kâ€™ was not declared in this scope
  203 |     sf::Sphere* sphere = (sf::Sphere*)[01;31m[KgetEntity[m[K("Sphere");
      |                                       [01;31m[K^~~~~~~~~[m[K
make[2]: *** [CMakeFiles/fluid_dynamics_test.dir/build.make:92ï¼šCMakeFiles/fluid_dynamics_test.dir/src/main.cpp.o] é”™è¯¯ 1
make[2]: *** æ­£åœ¨ç­‰å¾…æœªå®Œæˆçš„ä»»åŠ¡....
make[2]: *** [CMakeFiles/fluid_dynamics_test.dir/build.make:79ï¼šCMakeFiles/fluid_dynamics_test.dir/src/FluidDynamicsTestApp.cpp.o] é”™è¯¯ 1
make[2]: ç¦»å¼€ç›®å½•â€œ/home/dyj/ros2_ws/build/stonefish_ros2â€
make[2]: *** [CMakeFiles/fluid_dynamics_test.dir/build.make:66ï¼šCMakeFiles/fluid_dynamics_test.dir/src/FluidDynamicsTestManager.cpp.o] é”™è¯¯ 1
make[1]: *** [CMakeFiles/Makefile2:390ï¼šCMakeFiles/fluid_dynamics_test.dir/all] é”™è¯¯ 2
make[1]: ç¦»å¼€ç›®å½•â€œ/home/dyj/ros2_ws/build/stonefish_ros2â€
make: *** [Makefile:144ï¼šall] é”™è¯¯ 2
