[0.000000] (-) TimerEvent: {}
[0.000179] (stonefish_ros2) JobQueued: {'identifier': 'stonefish_ros2', 'dependencies': OrderedDict()}
[0.000325] (stonefish_ros2) JobStarted: {'identifier': 'stonefish_ros2'}
[0.004815] (stonefish_ros2) JobProgress: {'identifier': 'stonefish_ros2', 'progress': 'cmake'}
[0.005279] (stonefish_ros2) JobProgress: {'identifier': 'stonefish_ros2', 'progress': 'build'}
[0.005741] (stonefish_ros2) Command: {'cmd': ['/usr/bin/cmake', '--build', '/home/dyj/ros2_ws/build/stonefish_ros2', '--', '-j16', '-l16'], 'cwd': '/home/dyj/ros2_ws/build/stonefish_ros2', 'env': OrderedDict([('GJS_DEBUG_TOPICS', 'JS ERROR;JS LOG'), ('LESSOPEN', '| /usr/bin/lesspipe %s'), ('HTTPS_PROXY', 'http://127.0.0.1:7890/'), ('no_proxy', 'localhost,127.0.0.0/8,::1'), ('LANGUAGE', 'zh_CN:zh'), ('USER', 'dyj'), ('all_proxy', 'socks://127.0.0.1:7891/'), ('SSH_AGENT_PID', '1372'), ('XDG_SESSION_TYPE', 'x11'), ('SHLVL', '1'), ('LD_LIBRARY_PATH', '/opt/ros/rolling/lib:/usr/local/lib:/usr/local/lib:/opt/ros/rolling/opt/yaml_cpp_vendor/lib:/opt/ros/rolling/opt/rviz_ogre_vendor/lib:/opt/ros/rolling/lib/x86_64-linux-gnu:/opt/ros/rolling/libb'), ('HOME', '/home/dyj'), ('OLDPWD', '/home/dyj/桌面'), ('DESKTOP_SESSION', 'ubuntu'), ('NO_PROXY', 'localhost,127.0.0.0/8,::1'), ('ROS_PYTHON_VERSION', '3'), ('GNOME_SHELL_SESSION_MODE', 'ubuntu'), ('GTK_MODULES', 'gail:atk-bridge'), ('MANAGERPID', '1020'), ('DBUS_SESSION_BUS_ADDRESS', 'unix:path=/run/user/1000/bus'), ('COLORTERM', 'truecolor'), ('IM_CONFIG_PHASE', '1'), ('https_proxy', 'http://127.0.0.1:7890/'), ('ROS_DISTRO', 'rolling'), ('LOGNAME', 'dyj'), ('ALL_PROXY', 'socks://127.0.0.1:7891/'), ('http_proxy', 'http://127.0.0.1:7890/'), ('JOURNAL_STREAM', '8:49447'), ('_', '/usr/bin/colcon'), ('ROS_VERSION', '2'), ('PKG_CONFIG_PATH', '/usr/local/lib/pkgconfig:/usr/local/lib/pkgconfig:'), ('XDG_SESSION_CLASS', 'user'), ('USERNAME', 'dyj'), ('TERM', 'xterm-256color'), ('GNOME_DESKTOP_SESSION_ID', 'this-is-deprecated'), ('ROS_LOCALHOST_ONLY', '0'), ('WINDOWPATH', '2'), ('PATH', '/opt/ros/rolling/bin:/usr/local/sbin:/usr/local/bin:/usr/sbin:/usr/bin:/sbin:/bin:/usr/games:/usr/local/games:/snap/bin'), ('SESSION_MANAGER', 'local/dyj-Jiaolong-Series-MRID6:@/tmp/.ICE-unix/1407,unix/dyj-Jiaolong-Series-MRID6:/tmp/.ICE-unix/1407'), ('INVOCATION_ID', '2c40440abd1d4280b41abb92091ea868'), ('XDG_MENU_PREFIX', 'gnome-'), ('GNOME_TERMINAL_SCREEN', '/org/gnome/Terminal/screen/330d58ca_23b7_42fa_ba82_b24fb45b043b'), ('XDG_RUNTIME_DIR', '/run/user/1000'), ('DISPLAY', ':0'), ('LANG', 'zh_CN.UTF-8'), ('XDG_CURRENT_DESKTOP', 'ubuntu:GNOME'), ('XMODIFIERS', '@im=ibus'), ('XDG_SESSION_DESKTOP', 'ubuntu'), ('XAUTHORITY', '/run/user/1000/gdm/Xauthority'), ('LS_COLORS', 'rs=0:di=01;34:ln=01;36:mh=00:pi=40;33:so=01;35:do=01;35:bd=40;33;01:cd=40;33;01:or=40;31;01:mi=00:su=37;41:sg=30;43:ca=30;41:tw=30;42:ow=34;42:st=37;44:ex=01;32:*.tar=01;31:*.tgz=01;31:*.arc=01;31:*.arj=01;31:*.taz=01;31:*.lha=01;31:*.lz4=01;31:*.lzh=01;31:*.lzma=01;31:*.tlz=01;31:*.txz=01;31:*.tzo=01;31:*.t7z=01;31:*.zip=01;31:*.z=01;31:*.dz=01;31:*.gz=01;31:*.lrz=01;31:*.lz=01;31:*.lzo=01;31:*.xz=01;31:*.zst=01;31:*.tzst=01;31:*.bz2=01;31:*.bz=01;31:*.tbz=01;31:*.tbz2=01;31:*.tz=01;31:*.deb=01;31:*.rpm=01;31:*.jar=01;31:*.war=01;31:*.ear=01;31:*.sar=01;31:*.rar=01;31:*.alz=01;31:*.ace=01;31:*.zoo=01;31:*.cpio=01;31:*.7z=01;31:*.rz=01;31:*.cab=01;31:*.wim=01;31:*.swm=01;31:*.dwm=01;31:*.esd=01;31:*.jpg=01;35:*.jpeg=01;35:*.mjpg=01;35:*.mjpeg=01;35:*.gif=01;35:*.bmp=01;35:*.pbm=01;35:*.pgm=01;35:*.ppm=01;35:*.tga=01;35:*.xbm=01;35:*.xpm=01;35:*.tif=01;35:*.tiff=01;35:*.png=01;35:*.svg=01;35:*.svgz=01;35:*.mng=01;35:*.pcx=01;35:*.mov=01;35:*.mpg=01;35:*.mpeg=01;35:*.m2v=01;35:*.mkv=01;35:*.webm=01;35:*.ogm=01;35:*.mp4=01;35:*.m4v=01;35:*.mp4v=01;35:*.vob=01;35:*.qt=01;35:*.nuv=01;35:*.wmv=01;35:*.asf=01;35:*.rm=01;35:*.rmvb=01;35:*.flc=01;35:*.avi=01;35:*.fli=01;35:*.flv=01;35:*.gl=01;35:*.dl=01;35:*.xcf=01;35:*.xwd=01;35:*.yuv=01;35:*.cgm=01;35:*.emf=01;35:*.ogv=01;35:*.ogx=01;35:*.aac=00;36:*.au=00;36:*.flac=00;36:*.m4a=00;36:*.mid=00;36:*.midi=00;36:*.mka=00;36:*.mp3=00;36:*.mpc=00;36:*.ogg=00;36:*.ra=00;36:*.wav=00;36:*.oga=00;36:*.opus=00;36:*.spx=00;36:*.xspf=00;36:'), ('GNOME_TERMINAL_SERVICE', ':1.109'), ('SSH_AUTH_SOCK', '/run/user/1000/keyring/ssh'), ('AMENT_PREFIX_PATH', '/opt/ros/rolling'), ('SHELL', '/bin/bash'), ('QT_ACCESSIBILITY', '1'), ('GDMSESSION', 'ubuntu'), ('LESSCLOSE', '/usr/bin/lesspipe %s %s'), ('GPG_AGENT_INFO', '/run/user/1000/gnupg/S.gpg-agent:0:1'), ('GJS_DEBUG_OUTPUT', 'stderr'), ('QT_IM_MODULE', 'ibus'), ('PWD', '/home/dyj/ros2_ws/build/stonefish_ros2'), ('XDG_CONFIG_DIRS', '/etc/xdg/xdg-ubuntu:/etc/xdg'), ('XDG_DATA_DIRS', '/usr/share/ubuntu:/usr/local/share/:/usr/share/:/var/lib/snapd/desktop'), ('PYTHONPATH', '/opt/ros/rolling/lib/python3.8/site-packages'), ('HTTP_PROXY', 'http://127.0.0.1:7890/'), ('COLCON', '1'), ('VTE_VERSION', '6003'), ('CMAKE_PREFIX_PATH', '/usr/local:/usr/local::/opt/ros/rolling')]), 'shell': False}
[0.038037] (stonefish_ros2) StdoutLine: {'line': b'/usr/bin/cmake -S/home/dyj/ros2_ws/src/stonefish_ros2 -B/home/dyj/ros2_ws/build/stonefish_ros2 --check-build-system CMakeFiles/Makefile.cmake 0\n'}
[0.049906] (stonefish_ros2) StdoutLine: {'line': b'/usr/bin/cmake -E cmake_progress_start /home/dyj/ros2_ws/build/stonefish_ros2/CMakeFiles /home/dyj/ros2_ws/build/stonefish_ros2/CMakeFiles/progress.marks\n'}
[0.053774] (stonefish_ros2) StdoutLine: {'line': b'/usr/bin/make -f CMakeFiles/Makefile2 all\n'}
[0.054446] (stonefish_ros2) StdoutLine: {'line': b'make[1]: \xe8\xbf\x9b\xe5\x85\xa5\xe7\x9b\xae\xe5\xbd\x95\xe2\x80\x9c/home/dyj/ros2_ws/build/stonefish_ros2\xe2\x80\x9d\n'}
[0.054585] (stonefish_ros2) StdoutLine: {'line': b'/usr/bin/make -f CMakeFiles/stonefish_ros2__cpp.dir/build.make CMakeFiles/stonefish_ros2__cpp.dir/depend\n'}
[0.054706] (stonefish_ros2) StdoutLine: {'line': b'/usr/bin/make -f CMakeFiles/stonefish_ros2__rosidl_generator_c.dir/build.make CMakeFiles/stonefish_ros2__rosidl_generator_c.dir/depend\n'}
[0.054774] (stonefish_ros2) StdoutLine: {'line': b'/usr/bin/make -f CMakeFiles/ament_cmake_python_symlink_stonefish_ros2.dir/build.make CMakeFiles/ament_cmake_python_symlink_stonefish_ros2.dir/depend\n'}
[0.055596] (stonefish_ros2) StdoutLine: {'line': b'make[2]: \xe8\xbf\x9b\xe5\x85\xa5\xe7\x9b\xae\xe5\xbd\x95\xe2\x80\x9c/home/dyj/ros2_ws/build/stonefish_ros2\xe2\x80\x9d\n'}
[0.055689] (stonefish_ros2) StdoutLine: {'line': b'cd /home/dyj/ros2_ws/build/stonefish_ros2 && /usr/bin/cmake -E cmake_depends "Unix Makefiles" /home/dyj/ros2_ws/src/stonefish_ros2 /home/dyj/ros2_ws/src/stonefish_ros2 /home/dyj/ros2_ws/build/stonefish_ros2 /home/dyj/ros2_ws/build/stonefish_ros2 /home/dyj/ros2_ws/build/stonefish_ros2/CMakeFiles/ament_cmake_python_symlink_stonefish_ros2.dir/DependInfo.cmake --color=\n'}
[0.055926] (stonefish_ros2) StdoutLine: {'line': b'make[2]: \xe8\xbf\x9b\xe5\x85\xa5\xe7\x9b\xae\xe5\xbd\x95\xe2\x80\x9c/home/dyj/ros2_ws/build/stonefish_ros2\xe2\x80\x9d\n'}
[0.055990] (stonefish_ros2) StdoutLine: {'line': b'cd /home/dyj/ros2_ws/build/stonefish_ros2 && /usr/bin/cmake -E cmake_depends "Unix Makefiles" /home/dyj/ros2_ws/src/stonefish_ros2 /home/dyj/ros2_ws/src/stonefish_ros2 /home/dyj/ros2_ws/build/stonefish_ros2 /home/dyj/ros2_ws/build/stonefish_ros2 /home/dyj/ros2_ws/build/stonefish_ros2/CMakeFiles/stonefish_ros2__cpp.dir/DependInfo.cmake --color=\n'}
[0.058455] (stonefish_ros2) StdoutLine: {'line': b'make[2]: \xe8\xbf\x9b\xe5\x85\xa5\xe7\x9b\xae\xe5\xbd\x95\xe2\x80\x9c/home/dyj/ros2_ws/build/stonefish_ros2\xe2\x80\x9d\n'}
[0.058667] (stonefish_ros2) StdoutLine: {'line': b'cd /home/dyj/ros2_ws/build/stonefish_ros2 && /usr/bin/cmake -E cmake_depends "Unix Makefiles" /home/dyj/ros2_ws/src/stonefish_ros2 /home/dyj/ros2_ws/src/stonefish_ros2 /home/dyj/ros2_ws/build/stonefish_ros2 /home/dyj/ros2_ws/build/stonefish_ros2 /home/dyj/ros2_ws/build/stonefish_ros2/CMakeFiles/stonefish_ros2__rosidl_generator_c.dir/DependInfo.cmake --color=\n'}
[0.062598] (stonefish_ros2) StdoutLine: {'line': b'make[2]: \xe7\xa6\xbb\xe5\xbc\x80\xe7\x9b\xae\xe5\xbd\x95\xe2\x80\x9c/home/dyj/ros2_ws/build/stonefish_ros2\xe2\x80\x9d\n'}
[0.062772] (stonefish_ros2) StdoutLine: {'line': b'/usr/bin/make -f CMakeFiles/stonefish_ros2__rosidl_generator_c.dir/build.make CMakeFiles/stonefish_ros2__rosidl_generator_c.dir/build\n'}
[0.063695] (stonefish_ros2) StdoutLine: {'line': b'make[2]: \xe7\xa6\xbb\xe5\xbc\x80\xe7\x9b\xae\xe5\xbd\x95\xe2\x80\x9c/home/dyj/ros2_ws/build/stonefish_ros2\xe2\x80\x9d\n'}
[0.063856] (stonefish_ros2) StdoutLine: {'line': b'/usr/bin/make -f CMakeFiles/ament_cmake_python_symlink_stonefish_ros2.dir/build.make CMakeFiles/ament_cmake_python_symlink_stonefish_ros2.dir/build\n'}
[0.064619] (stonefish_ros2) StdoutLine: {'line': b'make[2]: \xe8\xbf\x9b\xe5\x85\xa5\xe7\x9b\xae\xe5\xbd\x95\xe2\x80\x9c/home/dyj/ros2_ws/build/stonefish_ros2\xe2\x80\x9d\n'}
[0.064690] (stonefish_ros2) StdoutLine: {'line': b'/usr/bin/cmake -E create_symlink /home/dyj/ros2_ws/build/stonefish_ros2/rosidl_generator_py/stonefish_ros2 /home/dyj/ros2_ws/build/stonefish_ros2/ament_cmake_python/stonefish_ros2/stonefish_ros2\n'}
[0.064783] (stonefish_ros2) StdoutLine: {'line': b'make[2]: \xe7\xa6\xbb\xe5\xbc\x80\xe7\x9b\xae\xe5\xbd\x95\xe2\x80\x9c/home/dyj/ros2_ws/build/stonefish_ros2\xe2\x80\x9d\n'}
[0.064866] (stonefish_ros2) StdoutLine: {'line': b'/usr/bin/make -f CMakeFiles/stonefish_ros2__cpp.dir/build.make CMakeFiles/stonefish_ros2__cpp.dir/build\n'}
[0.066228] (stonefish_ros2) StdoutLine: {'line': b'make[2]: \xe8\xbf\x9b\xe5\x85\xa5\xe7\x9b\xae\xe5\xbd\x95\xe2\x80\x9c/home/dyj/ros2_ws/build/stonefish_ros2\xe2\x80\x9d\n'}
[0.066293] (stonefish_ros2) StdoutLine: {'line': b'make[2]: \xe5\xaf\xb9\xe2\x80\x9cCMakeFiles/stonefish_ros2__cpp.dir/build\xe2\x80\x9d\xe6\x97\xa0\xe9\x9c\x80\xe5\x81\x9a\xe4\xbb\xbb\xe4\xbd\x95\xe4\xba\x8b\xe3\x80\x82\n'}
[0.066355] (stonefish_ros2) StdoutLine: {'line': b'make[2]: \xe7\xa6\xbb\xe5\xbc\x80\xe7\x9b\xae\xe5\xbd\x95\xe2\x80\x9c/home/dyj/ros2_ws/build/stonefish_ros2\xe2\x80\x9d\n'}
[0.067799] (stonefish_ros2) StdoutLine: {'line': b'make[2]: \xe7\xa6\xbb\xe5\xbc\x80\xe7\x9b\xae\xe5\xbd\x95\xe2\x80\x9c/home/dyj/ros2_ws/build/stonefish_ros2\xe2\x80\x9d\n'}
[0.069140] (stonefish_ros2) StdoutLine: {'line': b'make[2]: \xe8\xbf\x9b\xe5\x85\xa5\xe7\x9b\xae\xe5\xbd\x95\xe2\x80\x9c/home/dyj/ros2_ws/build/stonefish_ros2\xe2\x80\x9d\n'}
[0.069221] (stonefish_ros2) StdoutLine: {'line': b'make[2]: \xe5\xaf\xb9\xe2\x80\x9cCMakeFiles/stonefish_ros2__rosidl_generator_c.dir/build\xe2\x80\x9d\xe6\x97\xa0\xe9\x9c\x80\xe5\x81\x9a\xe4\xbb\xbb\xe4\xbd\x95\xe4\xba\x8b\xe3\x80\x82\n'}
[0.069294] (stonefish_ros2) StdoutLine: {'line': b'make[2]: \xe7\xa6\xbb\xe5\xbc\x80\xe7\x9b\xae\xe5\xbd\x95\xe2\x80\x9c/home/dyj/ros2_ws/build/stonefish_ros2\xe2\x80\x9d\n'}
[0.071246] (stonefish_ros2) StdoutLine: {'line': b'[  0%] Built target ament_cmake_python_symlink_stonefish_ros2\n'}
[0.071645] (stonefish_ros2) StdoutLine: {'line': b'/usr/bin/make -f CMakeFiles/ament_cmake_python_build_stonefish_ros2_egg.dir/build.make CMakeFiles/ament_cmake_python_build_stonefish_ros2_egg.dir/depend\n'}
[0.072064] (stonefish_ros2) StdoutLine: {'line': b'make[2]: \xe8\xbf\x9b\xe5\x85\xa5\xe7\x9b\xae\xe5\xbd\x95\xe2\x80\x9c/home/dyj/ros2_ws/build/stonefish_ros2\xe2\x80\x9d\n'}
[0.072125] (stonefish_ros2) StdoutLine: {'line': b'cd /home/dyj/ros2_ws/build/stonefish_ros2 && /usr/bin/cmake -E cmake_depends "Unix Makefiles" /home/dyj/ros2_ws/src/stonefish_ros2 /home/dyj/ros2_ws/src/stonefish_ros2 /home/dyj/ros2_ws/build/stonefish_ros2 /home/dyj/ros2_ws/build/stonefish_ros2 /home/dyj/ros2_ws/build/stonefish_ros2/CMakeFiles/ament_cmake_python_build_stonefish_ros2_egg.dir/DependInfo.cmake --color=\n'}
[0.072371] (stonefish_ros2) StdoutLine: {'line': b'[ 10%] Built target stonefish_ros2__rosidl_generator_c\n'}
[0.072699] (stonefish_ros2) StdoutLine: {'line': b'/usr/bin/make -f CMakeFiles/stonefish_ros2__rosidl_typesupport_c.dir/build.make CMakeFiles/stonefish_ros2__rosidl_typesupport_c.dir/depend\n'}
[0.072788] (stonefish_ros2) StdoutLine: {'line': b'/usr/bin/make -f CMakeFiles/stonefish_ros2__rosidl_typesupport_introspection_c.dir/build.make CMakeFiles/stonefish_ros2__rosidl_typesupport_introspection_c.dir/depend\n'}
[0.073220] (stonefish_ros2) StdoutLine: {'line': b'[ 11%] Built target stonefish_ros2__cpp\n'}
[0.073857] (stonefish_ros2) StdoutLine: {'line': b'/usr/bin/make -f CMakeFiles/stonefish_ros2__rosidl_typesupport_cpp.dir/build.make CMakeFiles/stonefish_ros2__rosidl_typesupport_cpp.dir/depend\n'}
[0.074017] (stonefish_ros2) StdoutLine: {'line': b'/usr/bin/make -f CMakeFiles/stonefish_ros2__rosidl_typesupport_fastrtps_cpp.dir/build.make CMakeFiles/stonefish_ros2__rosidl_typesupport_fastrtps_cpp.dir/depend\n'}
[0.074105] (stonefish_ros2) StdoutLine: {'line': b'make[2]: \xe8\xbf\x9b\xe5\x85\xa5\xe7\x9b\xae\xe5\xbd\x95\xe2\x80\x9c/home/dyj/ros2_ws/build/stonefish_ros2\xe2\x80\x9d\n'}
[0.074152] (stonefish_ros2) StdoutLine: {'line': b'cd /home/dyj/ros2_ws/build/stonefish_ros2 && /usr/bin/cmake -E cmake_depends "Unix Makefiles" /home/dyj/ros2_ws/src/stonefish_ros2 /home/dyj/ros2_ws/src/stonefish_ros2 /home/dyj/ros2_ws/build/stonefish_ros2 /home/dyj/ros2_ws/build/stonefish_ros2 /home/dyj/ros2_ws/build/stonefish_ros2/CMakeFiles/stonefish_ros2__rosidl_typesupport_c.dir/DependInfo.cmake --color=\n'}
[0.074193] (stonefish_ros2) StdoutLine: {'line': b'/usr/bin/make -f CMakeFiles/stonefish_ros2__rosidl_typesupport_introspection_cpp.dir/build.make CMakeFiles/stonefish_ros2__rosidl_typesupport_introspection_cpp.dir/depend\n'}
[0.074671] (stonefish_ros2) StdoutLine: {'line': b'make[2]: \xe8\xbf\x9b\xe5\x85\xa5\xe7\x9b\xae\xe5\xbd\x95\xe2\x80\x9c/home/dyj/ros2_ws/build/stonefish_ros2\xe2\x80\x9d\n'}
[0.074713] (stonefish_ros2) StdoutLine: {'line': b'cd /home/dyj/ros2_ws/build/stonefish_ros2 && /usr/bin/cmake -E cmake_depends "Unix Makefiles" /home/dyj/ros2_ws/src/stonefish_ros2 /home/dyj/ros2_ws/src/stonefish_ros2 /home/dyj/ros2_ws/build/stonefish_ros2 /home/dyj/ros2_ws/build/stonefish_ros2 /home/dyj/ros2_ws/build/stonefish_ros2/CMakeFiles/stonefish_ros2__rosidl_typesupport_introspection_c.dir/DependInfo.cmake --color=\n'}
[0.075602] (stonefish_ros2) StdoutLine: {'line': b'make[2]: \xe8\xbf\x9b\xe5\x85\xa5\xe7\x9b\xae\xe5\xbd\x95\xe2\x80\x9c/home/dyj/ros2_ws/build/stonefish_ros2\xe2\x80\x9d\n'}
[0.075638] (stonefish_ros2) StdoutLine: {'line': b'cd /home/dyj/ros2_ws/build/stonefish_ros2 && /usr/bin/cmake -E cmake_depends "Unix Makefiles" /home/dyj/ros2_ws/src/stonefish_ros2 /home/dyj/ros2_ws/src/stonefish_ros2 /home/dyj/ros2_ws/build/stonefish_ros2 /home/dyj/ros2_ws/build/stonefish_ros2 /home/dyj/ros2_ws/build/stonefish_ros2/CMakeFiles/stonefish_ros2__rosidl_typesupport_cpp.dir/DependInfo.cmake --color=\n'}
[0.075707] (stonefish_ros2) StdoutLine: {'line': b'make[2]: \xe8\xbf\x9b\xe5\x85\xa5\xe7\x9b\xae\xe5\xbd\x95\xe2\x80\x9c/home/dyj/ros2_ws/build/stonefish_ros2\xe2\x80\x9d\n'}
[0.075741] (stonefish_ros2) StdoutLine: {'line': b'cd /home/dyj/ros2_ws/build/stonefish_ros2 && /usr/bin/cmake -E cmake_depends "Unix Makefiles" /home/dyj/ros2_ws/src/stonefish_ros2 /home/dyj/ros2_ws/src/stonefish_ros2 /home/dyj/ros2_ws/build/stonefish_ros2 /home/dyj/ros2_ws/build/stonefish_ros2 /home/dyj/ros2_ws/build/stonefish_ros2/CMakeFiles/stonefish_ros2__rosidl_typesupport_introspection_cpp.dir/DependInfo.cmake --color=\n'}
[0.076006] (stonefish_ros2) StdoutLine: {'line': b'make[2]: \xe8\xbf\x9b\xe5\x85\xa5\xe7\x9b\xae\xe5\xbd\x95\xe2\x80\x9c/home/dyj/ros2_ws/build/stonefish_ros2\xe2\x80\x9d\n'}
[0.076040] (stonefish_ros2) StdoutLine: {'line': b'cd /home/dyj/ros2_ws/build/stonefish_ros2 && /usr/bin/cmake -E cmake_depends "Unix Makefiles" /home/dyj/ros2_ws/src/stonefish_ros2 /home/dyj/ros2_ws/src/stonefish_ros2 /home/dyj/ros2_ws/build/stonefish_ros2 /home/dyj/ros2_ws/build/stonefish_ros2 /home/dyj/ros2_ws/build/stonefish_ros2/CMakeFiles/stonefish_ros2__rosidl_typesupport_fastrtps_cpp.dir/DependInfo.cmake --color=\n'}
[0.079580] (stonefish_ros2) StdoutLine: {'line': b'make[2]: \xe7\xa6\xbb\xe5\xbc\x80\xe7\x9b\xae\xe5\xbd\x95\xe2\x80\x9c/home/dyj/ros2_ws/build/stonefish_ros2\xe2\x80\x9d\n'}
[0.079686] (stonefish_ros2) StdoutLine: {'line': b'/usr/bin/make -f CMakeFiles/stonefish_ros2__rosidl_typesupport_cpp.dir/build.make CMakeFiles/stonefish_ros2__rosidl_typesupport_cpp.dir/build\n'}
[0.079757] (stonefish_ros2) StdoutLine: {'line': b'make[2]: \xe7\xa6\xbb\xe5\xbc\x80\xe7\x9b\xae\xe5\xbd\x95\xe2\x80\x9c/home/dyj/ros2_ws/build/stonefish_ros2\xe2\x80\x9d\n'}
[0.079787] (stonefish_ros2) StdoutLine: {'line': b'/usr/bin/make -f CMakeFiles/stonefish_ros2__rosidl_typesupport_introspection_cpp.dir/build.make CMakeFiles/stonefish_ros2__rosidl_typesupport_introspection_cpp.dir/build\n'}
[0.079969] (stonefish_ros2) StdoutLine: {'line': b'make[2]: \xe7\xa6\xbb\xe5\xbc\x80\xe7\x9b\xae\xe5\xbd\x95\xe2\x80\x9c/home/dyj/ros2_ws/build/stonefish_ros2\xe2\x80\x9d\n'}
[0.080023] (stonefish_ros2) StdoutLine: {'line': b'/usr/bin/make -f CMakeFiles/stonefish_ros2__rosidl_typesupport_fastrtps_cpp.dir/build.make CMakeFiles/stonefish_ros2__rosidl_typesupport_fastrtps_cpp.dir/build\n'}
[0.080087] (stonefish_ros2) StdoutLine: {'line': b'make[2]: \xe7\xa6\xbb\xe5\xbc\x80\xe7\x9b\xae\xe5\xbd\x95\xe2\x80\x9c/home/dyj/ros2_ws/build/stonefish_ros2\xe2\x80\x9d\n'}
[0.080144] (stonefish_ros2) StdoutLine: {'line': b'/usr/bin/make -f CMakeFiles/ament_cmake_python_build_stonefish_ros2_egg.dir/build.make CMakeFiles/ament_cmake_python_build_stonefish_ros2_egg.dir/build\n'}
[0.080532] (stonefish_ros2) StdoutLine: {'line': b'make[2]: \xe8\xbf\x9b\xe5\x85\xa5\xe7\x9b\xae\xe5\xbd\x95\xe2\x80\x9c/home/dyj/ros2_ws/build/stonefish_ros2\xe2\x80\x9d\n'}
[0.080607] (stonefish_ros2) StdoutLine: {'line': b'cd /home/dyj/ros2_ws/build/stonefish_ros2/ament_cmake_python/stonefish_ros2 && /usr/bin/python3.8 setup.py egg_info\n'}
[0.082790] (stonefish_ros2) StdoutLine: {'line': b'make[2]: \xe7\xa6\xbb\xe5\xbc\x80\xe7\x9b\xae\xe5\xbd\x95\xe2\x80\x9c/home/dyj/ros2_ws/build/stonefish_ros2\xe2\x80\x9d\n'}
[0.082856] (stonefish_ros2) StdoutLine: {'line': b'/usr/bin/make -f CMakeFiles/stonefish_ros2__rosidl_typesupport_c.dir/build.make CMakeFiles/stonefish_ros2__rosidl_typesupport_c.dir/build\n'}
[0.083050] (stonefish_ros2) StdoutLine: {'line': b'make[2]: \xe7\xa6\xbb\xe5\xbc\x80\xe7\x9b\xae\xe5\xbd\x95\xe2\x80\x9c/home/dyj/ros2_ws/build/stonefish_ros2\xe2\x80\x9d\n'}
[0.083108] (stonefish_ros2) StdoutLine: {'line': b'/usr/bin/make -f CMakeFiles/stonefish_ros2__rosidl_typesupport_introspection_c.dir/build.make CMakeFiles/stonefish_ros2__rosidl_typesupport_introspection_c.dir/build\n'}
[0.083436] (stonefish_ros2) StdoutLine: {'line': b'make[2]: \xe8\xbf\x9b\xe5\x85\xa5\xe7\x9b\xae\xe5\xbd\x95\xe2\x80\x9c/home/dyj/ros2_ws/build/stonefish_ros2\xe2\x80\x9d\n'}
[0.083472] (stonefish_ros2) StdoutLine: {'line': b'make[2]: \xe5\xaf\xb9\xe2\x80\x9cCMakeFiles/stonefish_ros2__rosidl_typesupport_cpp.dir/build\xe2\x80\x9d\xe6\x97\xa0\xe9\x9c\x80\xe5\x81\x9a\xe4\xbb\xbb\xe4\xbd\x95\xe4\xba\x8b\xe3\x80\x82\n'}
[0.083507] (stonefish_ros2) StdoutLine: {'line': b'make[2]: \xe7\xa6\xbb\xe5\xbc\x80\xe7\x9b\xae\xe5\xbd\x95\xe2\x80\x9c/home/dyj/ros2_ws/build/stonefish_ros2\xe2\x80\x9d\n'}
[0.083863] (stonefish_ros2) StdoutLine: {'line': b'make[2]: \xe8\xbf\x9b\xe5\x85\xa5\xe7\x9b\xae\xe5\xbd\x95\xe2\x80\x9c/home/dyj/ros2_ws/build/stonefish_ros2\xe2\x80\x9d\n'}
[0.083899] (stonefish_ros2) StdoutLine: {'line': b'make[2]: \xe5\xaf\xb9\xe2\x80\x9cCMakeFiles/stonefish_ros2__rosidl_typesupport_introspection_cpp.dir/build\xe2\x80\x9d\xe6\x97\xa0\xe9\x9c\x80\xe5\x81\x9a\xe4\xbb\xbb\xe4\xbd\x95\xe4\xba\x8b\xe3\x80\x82\n'}
[0.083933] (stonefish_ros2) StdoutLine: {'line': b'make[2]: \xe7\xa6\xbb\xe5\xbc\x80\xe7\x9b\xae\xe5\xbd\x95\xe2\x80\x9c/home/dyj/ros2_ws/build/stonefish_ros2\xe2\x80\x9d\n'}
[0.085103] (stonefish_ros2) StdoutLine: {'line': b'make[2]: \xe8\xbf\x9b\xe5\x85\xa5\xe7\x9b\xae\xe5\xbd\x95\xe2\x80\x9c/home/dyj/ros2_ws/build/stonefish_ros2\xe2\x80\x9d\n'}
[0.085137] (stonefish_ros2) StdoutLine: {'line': b'make[2]: \xe5\xaf\xb9\xe2\x80\x9cCMakeFiles/stonefish_ros2__rosidl_typesupport_fastrtps_cpp.dir/build\xe2\x80\x9d\xe6\x97\xa0\xe9\x9c\x80\xe5\x81\x9a\xe4\xbb\xbb\xe4\xbd\x95\xe4\xba\x8b\xe3\x80\x82\n'}
[0.085170] (stonefish_ros2) StdoutLine: {'line': b'make[2]: \xe7\xa6\xbb\xe5\xbc\x80\xe7\x9b\xae\xe5\xbd\x95\xe2\x80\x9c/home/dyj/ros2_ws/build/stonefish_ros2\xe2\x80\x9d\n'}
[0.086502] (stonefish_ros2) StdoutLine: {'line': b'make[2]: \xe8\xbf\x9b\xe5\x85\xa5\xe7\x9b\xae\xe5\xbd\x95\xe2\x80\x9c/home/dyj/ros2_ws/build/stonefish_ros2\xe2\x80\x9d\n'}
[0.086541] (stonefish_ros2) StdoutLine: {'line': b'make[2]: \xe5\xaf\xb9\xe2\x80\x9cCMakeFiles/stonefish_ros2__rosidl_typesupport_c.dir/build\xe2\x80\x9d\xe6\x97\xa0\xe9\x9c\x80\xe5\x81\x9a\xe4\xbb\xbb\xe4\xbd\x95\xe4\xba\x8b\xe3\x80\x82\n'}
[0.086576] (stonefish_ros2) StdoutLine: {'line': b'make[2]: \xe7\xa6\xbb\xe5\xbc\x80\xe7\x9b\xae\xe5\xbd\x95\xe2\x80\x9c/home/dyj/ros2_ws/build/stonefish_ros2\xe2\x80\x9d\n'}
[0.087230] (stonefish_ros2) StdoutLine: {'line': b'[ 31%] Built target stonefish_ros2__rosidl_typesupport_cpp\n'}
[0.087280] (stonefish_ros2) StdoutLine: {'line': b'[ 32%] Built target stonefish_ros2__rosidl_typesupport_introspection_cpp\n'}
[0.087566] (stonefish_ros2) StdoutLine: {'line': b'/usr/bin/make -f CMakeFiles/camera_test.dir/build.make CMakeFiles/camera_test.dir/depend\n'}
[0.087646] (stonefish_ros2) StdoutLine: {'line': b'/usr/bin/make -f CMakeFiles/stonefish_ros2_interface.dir/build.make CMakeFiles/stonefish_ros2_interface.dir/depend\n'}
[0.087715] (stonefish_ros2) StdoutLine: {'line': b'/usr/bin/make -f CMakeFiles/fluid_dynamics_test.dir/build.make CMakeFiles/fluid_dynamics_test.dir/depend\n'}
[0.088024] (stonefish_ros2) StdoutLine: {'line': b'make[2]: \xe8\xbf\x9b\xe5\x85\xa5\xe7\x9b\xae\xe5\xbd\x95\xe2\x80\x9c/home/dyj/ros2_ws/build/stonefish_ros2\xe2\x80\x9d\n'}
[0.088061] (stonefish_ros2) StdoutLine: {'line': b'make[2]: \xe5\xaf\xb9\xe2\x80\x9cCMakeFiles/stonefish_ros2__rosidl_typesupport_introspection_c.dir/build\xe2\x80\x9d\xe6\x97\xa0\xe9\x9c\x80\xe5\x81\x9a\xe4\xbb\xbb\xe4\xbd\x95\xe4\xba\x8b\xe3\x80\x82\n'}
[0.088091] (stonefish_ros2) StdoutLine: {'line': b'make[2]: \xe7\xa6\xbb\xe5\xbc\x80\xe7\x9b\xae\xe5\xbd\x95\xe2\x80\x9c/home/dyj/ros2_ws/build/stonefish_ros2\xe2\x80\x9d\n'}
[0.088140] (stonefish_ros2) StdoutLine: {'line': b'make[2]: \xe8\xbf\x9b\xe5\x85\xa5\xe7\x9b\xae\xe5\xbd\x95\xe2\x80\x9c/home/dyj/ros2_ws/build/stonefish_ros2\xe2\x80\x9d\n'}
[0.088178] (stonefish_ros2) StdoutLine: {'line': b'cd /home/dyj/ros2_ws/build/stonefish_ros2 && /usr/bin/cmake -E cmake_depends "Unix Makefiles" /home/dyj/ros2_ws/src/stonefish_ros2 /home/dyj/ros2_ws/src/stonefish_ros2 /home/dyj/ros2_ws/build/stonefish_ros2 /home/dyj/ros2_ws/build/stonefish_ros2 /home/dyj/ros2_ws/build/stonefish_ros2/CMakeFiles/camera_test.dir/DependInfo.cmake --color=\n'}
[0.088510] (stonefish_ros2) StdoutLine: {'line': b'[ 42%] Built target stonefish_ros2__rosidl_typesupport_fastrtps_cpp\n'}
[0.088846] (stonefish_ros2) StdoutLine: {'line': b'/usr/bin/make -f CMakeFiles/stonefish_ros2__rosidl_typesupport_fastrtps_c.dir/build.make CMakeFiles/stonefish_ros2__rosidl_typesupport_fastrtps_c.dir/depend\n'}
[0.089839] (stonefish_ros2) StdoutLine: {'line': b'[ 52%] Built target stonefish_ros2__rosidl_typesupport_c\n'}
[0.090911] (stonefish_ros2) StdoutLine: {'line': b'make[2]: \xe8\xbf\x9b\xe5\x85\xa5\xe7\x9b\xae\xe5\xbd\x95\xe2\x80\x9c/home/dyj/ros2_ws/build/stonefish_ros2\xe2\x80\x9d\n'}
[0.090951] (stonefish_ros2) StdoutLine: {'line': b'cd /home/dyj/ros2_ws/build/stonefish_ros2 && /usr/bin/cmake -E cmake_depends "Unix Makefiles" /home/dyj/ros2_ws/src/stonefish_ros2 /home/dyj/ros2_ws/src/stonefish_ros2 /home/dyj/ros2_ws/build/stonefish_ros2 /home/dyj/ros2_ws/build/stonefish_ros2 /home/dyj/ros2_ws/build/stonefish_ros2/CMakeFiles/stonefish_ros2__rosidl_typesupport_fastrtps_c.dir/DependInfo.cmake --color=\n'}
[0.091478] (stonefish_ros2) StdoutLine: {'line': b'[ 63%] Built target stonefish_ros2__rosidl_typesupport_introspection_c\n'}
[0.091567] (stonefish_ros2) StdoutLine: {'line': b'make[2]: \xe8\xbf\x9b\xe5\x85\xa5\xe7\x9b\xae\xe5\xbd\x95\xe2\x80\x9c/home/dyj/ros2_ws/build/stonefish_ros2\xe2\x80\x9d\n'}
[0.091605] (stonefish_ros2) StdoutLine: {'line': b'cd /home/dyj/ros2_ws/build/stonefish_ros2 && /usr/bin/cmake -E cmake_depends "Unix Makefiles" /home/dyj/ros2_ws/src/stonefish_ros2 /home/dyj/ros2_ws/src/stonefish_ros2 /home/dyj/ros2_ws/build/stonefish_ros2 /home/dyj/ros2_ws/build/stonefish_ros2 /home/dyj/ros2_ws/build/stonefish_ros2/CMakeFiles/fluid_dynamics_test.dir/DependInfo.cmake --color=\n'}
[0.091986] (stonefish_ros2) StdoutLine: {'line': b'make[2]: \xe7\xa6\xbb\xe5\xbc\x80\xe7\x9b\xae\xe5\xbd\x95\xe2\x80\x9c/home/dyj/ros2_ws/build/stonefish_ros2\xe2\x80\x9d\n'}
[0.092034] (stonefish_ros2) StdoutLine: {'line': b'/usr/bin/make -f CMakeFiles/camera_test.dir/build.make CMakeFiles/camera_test.dir/build\n'}
[0.094037] (stonefish_ros2) StdoutLine: {'line': b'make[2]: \xe8\xbf\x9b\xe5\x85\xa5\xe7\x9b\xae\xe5\xbd\x95\xe2\x80\x9c/home/dyj/ros2_ws/build/stonefish_ros2\xe2\x80\x9d\n'}
[0.094074] (stonefish_ros2) StdoutLine: {'line': b'cd /home/dyj/ros2_ws/build/stonefish_ros2 && /usr/bin/cmake -E cmake_depends "Unix Makefiles" /home/dyj/ros2_ws/src/stonefish_ros2 /home/dyj/ros2_ws/src/stonefish_ros2 /home/dyj/ros2_ws/build/stonefish_ros2 /home/dyj/ros2_ws/build/stonefish_ros2 /home/dyj/ros2_ws/build/stonefish_ros2/CMakeFiles/stonefish_ros2_interface.dir/DependInfo.cmake --color=\n'}
[0.094616] (stonefish_ros2) StdoutLine: {'line': b'make[2]: \xe8\xbf\x9b\xe5\x85\xa5\xe7\x9b\xae\xe5\xbd\x95\xe2\x80\x9c/home/dyj/ros2_ws/build/stonefish_ros2\xe2\x80\x9d\n'}
[0.094684] (stonefish_ros2) StdoutLine: {'line': b'make[2]: \xe5\xaf\xb9\xe2\x80\x9cCMakeFiles/camera_test.dir/build\xe2\x80\x9d\xe6\x97\xa0\xe9\x9c\x80\xe5\x81\x9a\xe4\xbb\xbb\xe4\xbd\x95\xe4\xba\x8b\xe3\x80\x82\n'}
[0.094730] (stonefish_ros2) StdoutLine: {'line': b'make[2]: \xe7\xa6\xbb\xe5\xbc\x80\xe7\x9b\xae\xe5\xbd\x95\xe2\x80\x9c/home/dyj/ros2_ws/build/stonefish_ros2\xe2\x80\x9d\n'}
[0.094892] (stonefish_ros2) StdoutLine: {'line': b'Dependee "/home/dyj/ros2_ws/src/stonefish_ros2/src/FluidDynamicsTestManager.h" is newer than depends file "/home/dyj/ros2_ws/build/stonefish_ros2/CMakeFiles/fluid_dynamics_test.dir/depend.internal".\n'}
[0.095002] (stonefish_ros2) StdoutLine: {'line': b'make[2]: \xe7\xa6\xbb\xe5\xbc\x80\xe7\x9b\xae\xe5\xbd\x95\xe2\x80\x9c/home/dyj/ros2_ws/build/stonefish_ros2\xe2\x80\x9d\n'}
[0.095061] (stonefish_ros2) StdoutLine: {'line': b'/usr/bin/make -f CMakeFiles/stonefish_ros2__rosidl_typesupport_fastrtps_c.dir/build.make CMakeFiles/stonefish_ros2__rosidl_typesupport_fastrtps_c.dir/build\n'}
[0.095370] (stonefish_ros2) StdoutLine: {'line': b'Dependee "/home/dyj/ros2_ws/src/stonefish_ros2/src/FluidDynamicsTestManager.h" is newer than depends file "/home/dyj/ros2_ws/build/stonefish_ros2/CMakeFiles/fluid_dynamics_test.dir/depend.internal".\n'}
[0.095431] (stonefish_ros2) StdoutLine: {'line': b'Dependee "/home/dyj/ros2_ws/src/stonefish_ros2/src/FluidDynamicsTestManager.h" is newer than depends file "/home/dyj/ros2_ws/build/stonefish_ros2/CMakeFiles/fluid_dynamics_test.dir/depend.internal".\n'}
[0.095484] (stonefish_ros2) StdoutLine: {'line': b'Clearing dependencies in "/home/dyj/ros2_ws/build/stonefish_ros2/CMakeFiles/fluid_dynamics_test.dir/depend.make".\n'}
[0.095584] (stonefish_ros2) StdoutLine: {'line': b'\x1b[35m\x1b[1mScanning dependencies of target fluid_dynamics_test\x1b[0m\n'}
[0.097930] (stonefish_ros2) StdoutLine: {'line': b'[ 65%] Built target camera_test\n'}
[0.099214] (stonefish_ros2) StdoutLine: {'line': b'make[2]: \xe7\xa6\xbb\xe5\xbc\x80\xe7\x9b\xae\xe5\xbd\x95\xe2\x80\x9c/home/dyj/ros2_ws/build/stonefish_ros2\xe2\x80\x9d\n'}
[0.099287] (stonefish_ros2) StdoutLine: {'line': b'/usr/bin/make -f CMakeFiles/stonefish_ros2_interface.dir/build.make CMakeFiles/stonefish_ros2_interface.dir/build\n'}
[0.099871] (-) TimerEvent: {}
[0.100267] (stonefish_ros2) StdoutLine: {'line': b'make[2]: \xe8\xbf\x9b\xe5\x85\xa5\xe7\x9b\xae\xe5\xbd\x95\xe2\x80\x9c/home/dyj/ros2_ws/build/stonefish_ros2\xe2\x80\x9d\n'}
[0.100315] (stonefish_ros2) StdoutLine: {'line': b'make[2]: \xe5\xaf\xb9\xe2\x80\x9cCMakeFiles/stonefish_ros2__rosidl_typesupport_fastrtps_c.dir/build\xe2\x80\x9d\xe6\x97\xa0\xe9\x9c\x80\xe5\x81\x9a\xe4\xbb\xbb\xe4\xbd\x95\xe4\xba\x8b\xe3\x80\x82\n'}
[0.100354] (stonefish_ros2) StdoutLine: {'line': b'make[2]: \xe7\xa6\xbb\xe5\xbc\x80\xe7\x9b\xae\xe5\xbd\x95\xe2\x80\x9c/home/dyj/ros2_ws/build/stonefish_ros2\xe2\x80\x9d\n'}
[0.107786] (stonefish_ros2) StdoutLine: {'line': b'[ 76%] Built target stonefish_ros2__rosidl_typesupport_fastrtps_c\n'}
[0.108426] (stonefish_ros2) StdoutLine: {'line': b'/usr/bin/make -f CMakeFiles/stonefish_ros2.dir/build.make CMakeFiles/stonefish_ros2.dir/depend\n'}
[0.109029] (stonefish_ros2) StdoutLine: {'line': b'make[2]: \xe8\xbf\x9b\xe5\x85\xa5\xe7\x9b\xae\xe5\xbd\x95\xe2\x80\x9c/home/dyj/ros2_ws/build/stonefish_ros2\xe2\x80\x9d\n'}
[0.109067] (stonefish_ros2) StdoutLine: {'line': b'cd /home/dyj/ros2_ws/build/stonefish_ros2 && /usr/bin/cmake -E cmake_depends "Unix Makefiles" /home/dyj/ros2_ws/src/stonefish_ros2 /home/dyj/ros2_ws/src/stonefish_ros2 /home/dyj/ros2_ws/build/stonefish_ros2 /home/dyj/ros2_ws/build/stonefish_ros2 /home/dyj/ros2_ws/build/stonefish_ros2/CMakeFiles/stonefish_ros2.dir/DependInfo.cmake --color=\n'}
[0.110728] (stonefish_ros2) StdoutLine: {'line': b'make[2]: \xe7\xa6\xbb\xe5\xbc\x80\xe7\x9b\xae\xe5\xbd\x95\xe2\x80\x9c/home/dyj/ros2_ws/build/stonefish_ros2\xe2\x80\x9d\n'}
[0.110768] (stonefish_ros2) StdoutLine: {'line': b'/usr/bin/make -f CMakeFiles/fluid_dynamics_test.dir/build.make CMakeFiles/fluid_dynamics_test.dir/build\n'}
[0.113595] (stonefish_ros2) StdoutLine: {'line': b'make[2]: \xe7\xa6\xbb\xe5\xbc\x80\xe7\x9b\xae\xe5\xbd\x95\xe2\x80\x9c/home/dyj/ros2_ws/build/stonefish_ros2\xe2\x80\x9d\n'}
[0.113682] (stonefish_ros2) StdoutLine: {'line': b'/usr/bin/make -f CMakeFiles/stonefish_ros2.dir/build.make CMakeFiles/stonefish_ros2.dir/build\n'}
[0.114066] (stonefish_ros2) StdoutLine: {'line': b'make[2]: \xe8\xbf\x9b\xe5\x85\xa5\xe7\x9b\xae\xe5\xbd\x95\xe2\x80\x9c/home/dyj/ros2_ws/build/stonefish_ros2\xe2\x80\x9d\n'}
[0.114109] (stonefish_ros2) StdoutLine: {'line': b'make[2]: \xe5\xaf\xb9\xe2\x80\x9cCMakeFiles/stonefish_ros2_interface.dir/build\xe2\x80\x9d\xe6\x97\xa0\xe9\x9c\x80\xe5\x81\x9a\xe4\xbb\xbb\xe4\xbd\x95\xe4\xba\x8b\xe3\x80\x82\n'}
[0.114151] (stonefish_ros2) StdoutLine: {'line': b'make[2]: \xe7\xa6\xbb\xe5\xbc\x80\xe7\x9b\xae\xe5\xbd\x95\xe2\x80\x9c/home/dyj/ros2_ws/build/stonefish_ros2\xe2\x80\x9d\n'}
[0.114483] (stonefish_ros2) StdoutLine: {'line': b'make[2]: \xe8\xbf\x9b\xe5\x85\xa5\xe7\x9b\xae\xe5\xbd\x95\xe2\x80\x9c/home/dyj/ros2_ws/build/stonefish_ros2\xe2\x80\x9d\n'}
[0.114524] (stonefish_ros2) StdoutLine: {'line': b'make[2]: \xe5\xaf\xb9\xe2\x80\x9cCMakeFiles/stonefish_ros2.dir/build\xe2\x80\x9d\xe6\x97\xa0\xe9\x9c\x80\xe5\x81\x9a\xe4\xbb\xbb\xe4\xbd\x95\xe4\xba\x8b\xe3\x80\x82\n'}
[0.114558] (stonefish_ros2) StdoutLine: {'line': b'make[2]: \xe7\xa6\xbb\xe5\xbc\x80\xe7\x9b\xae\xe5\xbd\x95\xe2\x80\x9c/home/dyj/ros2_ws/build/stonefish_ros2\xe2\x80\x9d\n'}
[0.116141] (stonefish_ros2) StdoutLine: {'line': b'make[2]: \xe8\xbf\x9b\xe5\x85\xa5\xe7\x9b\xae\xe5\xbd\x95\xe2\x80\x9c/home/dyj/ros2_ws/build/stonefish_ros2\xe2\x80\x9d\n'}
[0.118045] (stonefish_ros2) StdoutLine: {'line': b'[ 76%] Built target stonefish_ros2\n'}
[0.118467] (stonefish_ros2) StdoutLine: {'line': b'/usr/bin/make -f stonefish_ros2__py/CMakeFiles/stonefish_ros2__py.dir/build.make stonefish_ros2__py/CMakeFiles/stonefish_ros2__py.dir/depend\n'}
[0.119201] (stonefish_ros2) StdoutLine: {'line': b'make[2]: \xe8\xbf\x9b\xe5\x85\xa5\xe7\x9b\xae\xe5\xbd\x95\xe2\x80\x9c/home/dyj/ros2_ws/build/stonefish_ros2\xe2\x80\x9d\n'}
[0.119252] (stonefish_ros2) StdoutLine: {'line': b'cd /home/dyj/ros2_ws/build/stonefish_ros2 && /usr/bin/cmake -E cmake_depends "Unix Makefiles" /home/dyj/ros2_ws/src/stonefish_ros2 /home/dyj/ros2_ws/build/stonefish_ros2/stonefish_ros2__py /home/dyj/ros2_ws/build/stonefish_ros2 /home/dyj/ros2_ws/build/stonefish_ros2/stonefish_ros2__py /home/dyj/ros2_ws/build/stonefish_ros2/stonefish_ros2__py/CMakeFiles/stonefish_ros2__py.dir/DependInfo.cmake --color=\n'}
[0.119830] (stonefish_ros2) StdoutLine: {'line': b'[ 76%] \x1b[32mBuilding CXX object CMakeFiles/fluid_dynamics_test.dir/src/FluidDynamicsTestManager.cpp.o\x1b[0m\n'}
[0.119963] (stonefish_ros2) StdoutLine: {'line': b'[ 80%] Built target stonefish_ros2_interface\n'}
[0.120196] (stonefish_ros2) StdoutLine: {'line': b'/usr/bin/c++  -DBT_EULER_DEFAULT_ZYX -DBT_USE_DOUBLE_PRECISION -DDATA_DIR_PATH=\\"/home/dyj/ros2_ws/src/stonefish_ros2/Data/\\" -DDEFAULT_RMW_IMPLEMENTATION=rmw_cyclonedds_cpp -DRCUTILS_ENABLE_FAULT_INJECTION -DROS_PACKAGE_NAME=\\"stonefish_ros2\\" -DSHADER_DIR_PATH=\\"/usr/local/share/Stonefish/shaders/\\" -Dqh_QHpointer -DvtkRenderingContext2D_AUTOINIT="1(vtkRenderingContextOpenGL2)" -DvtkRenderingCore_AUTOINIT="3(vtkInteractionStyle,vtkRenderingFreeType,vtkRenderingOpenGL2)" -I/usr/include/vtk-7.1 -I/usr/include/freetype2 -I/home/dyj/ros2_ws/build/stonefish_ros2/rosidl_generator_cpp -isystem /opt/ros/rolling/include -isystem /usr/local/include/Stonefish  -Wall -Wextra -Wpedantic -std=gnu++2a -o CMakeFiles/fluid_dynamics_test.dir/src/FluidDynamicsTestManager.cpp.o -c /home/dyj/ros2_ws/src/stonefish_ros2/src/FluidDynamicsTestManager.cpp\n'}
[0.120249] (stonefish_ros2) StdoutLine: {'line': b'[ 81%] \x1b[32mBuilding CXX object CMakeFiles/fluid_dynamics_test.dir/src/main.cpp.o\x1b[0m\n'}
[0.120351] (stonefish_ros2) StdoutLine: {'line': b'/usr/bin/make -f CMakeFiles/stonefish_simulator_nogpu.dir/build.make CMakeFiles/stonefish_simulator_nogpu.dir/depend\n'}
[0.120426] (stonefish_ros2) StdoutLine: {'line': b'/usr/bin/make -f CMakeFiles/stonefish_simulator.dir/build.make CMakeFiles/stonefish_simulator.dir/depend\n'}
[0.120578] (stonefish_ros2) StdoutLine: {'line': b'/usr/bin/c++  -DBT_EULER_DEFAULT_ZYX -DBT_USE_DOUBLE_PRECISION -DDATA_DIR_PATH=\\"/home/dyj/ros2_ws/src/stonefish_ros2/Data/\\" -DDEFAULT_RMW_IMPLEMENTATION=rmw_cyclonedds_cpp -DRCUTILS_ENABLE_FAULT_INJECTION -DROS_PACKAGE_NAME=\\"stonefish_ros2\\" -DSHADER_DIR_PATH=\\"/usr/local/share/Stonefish/shaders/\\" -Dqh_QHpointer -DvtkRenderingContext2D_AUTOINIT="1(vtkRenderingContextOpenGL2)" -DvtkRenderingCore_AUTOINIT="3(vtkInteractionStyle,vtkRenderingFreeType,vtkRenderingOpenGL2)" -I/usr/include/vtk-7.1 -I/usr/include/freetype2 -I/home/dyj/ros2_ws/build/stonefish_ros2/rosidl_generator_cpp -isystem /opt/ros/rolling/include -isystem /usr/local/include/Stonefish  -Wall -Wextra -Wpedantic -std=gnu++2a -o CMakeFiles/fluid_dynamics_test.dir/src/main.cpp.o -c /home/dyj/ros2_ws/src/stonefish_ros2/src/main.cpp\n'}
[0.121540] (stonefish_ros2) StdoutLine: {'line': b'[ 82%] \x1b[32mBuilding CXX object CMakeFiles/fluid_dynamics_test.dir/src/FluidDynamicsTestApp.cpp.o\x1b[0m\n'}
[0.121765] (stonefish_ros2) StdoutLine: {'line': b'make[2]: \xe8\xbf\x9b\xe5\x85\xa5\xe7\x9b\xae\xe5\xbd\x95\xe2\x80\x9c/home/dyj/ros2_ws/build/stonefish_ros2\xe2\x80\x9d\n'}
[0.121802] (stonefish_ros2) StdoutLine: {'line': b'cd /home/dyj/ros2_ws/build/stonefish_ros2 && /usr/bin/cmake -E cmake_depends "Unix Makefiles" /home/dyj/ros2_ws/src/stonefish_ros2 /home/dyj/ros2_ws/src/stonefish_ros2 /home/dyj/ros2_ws/build/stonefish_ros2 /home/dyj/ros2_ws/build/stonefish_ros2 /home/dyj/ros2_ws/build/stonefish_ros2/CMakeFiles/stonefish_simulator.dir/DependInfo.cmake --color=\n'}
[0.121857] (stonefish_ros2) StdoutLine: {'line': b'make[2]: \xe8\xbf\x9b\xe5\x85\xa5\xe7\x9b\xae\xe5\xbd\x95\xe2\x80\x9c/home/dyj/ros2_ws/build/stonefish_ros2\xe2\x80\x9d\n'}
[0.121894] (stonefish_ros2) StdoutLine: {'line': b'cd /home/dyj/ros2_ws/build/stonefish_ros2 && /usr/bin/cmake -E cmake_depends "Unix Makefiles" /home/dyj/ros2_ws/src/stonefish_ros2 /home/dyj/ros2_ws/src/stonefish_ros2 /home/dyj/ros2_ws/build/stonefish_ros2 /home/dyj/ros2_ws/build/stonefish_ros2 /home/dyj/ros2_ws/build/stonefish_ros2/CMakeFiles/stonefish_simulator_nogpu.dir/DependInfo.cmake --color=\n'}
[0.121945] (stonefish_ros2) StdoutLine: {'line': b'/usr/bin/c++  -DBT_EULER_DEFAULT_ZYX -DBT_USE_DOUBLE_PRECISION -DDATA_DIR_PATH=\\"/home/dyj/ros2_ws/src/stonefish_ros2/Data/\\" -DDEFAULT_RMW_IMPLEMENTATION=rmw_cyclonedds_cpp -DRCUTILS_ENABLE_FAULT_INJECTION -DROS_PACKAGE_NAME=\\"stonefish_ros2\\" -DSHADER_DIR_PATH=\\"/usr/local/share/Stonefish/shaders/\\" -Dqh_QHpointer -DvtkRenderingContext2D_AUTOINIT="1(vtkRenderingContextOpenGL2)" -DvtkRenderingCore_AUTOINIT="3(vtkInteractionStyle,vtkRenderingFreeType,vtkRenderingOpenGL2)" -I/usr/include/vtk-7.1 -I/usr/include/freetype2 -I/home/dyj/ros2_ws/build/stonefish_ros2/rosidl_generator_cpp -isystem /opt/ros/rolling/include -isystem /usr/local/include/Stonefish  -Wall -Wextra -Wpedantic -std=gnu++2a -o CMakeFiles/fluid_dynamics_test.dir/src/FluidDynamicsTestApp.cpp.o -c /home/dyj/ros2_ws/src/stonefish_ros2/src/FluidDynamicsTestApp.cpp\n'}
[0.123490] (stonefish_ros2) StdoutLine: {'line': b'make[2]: \xe7\xa6\xbb\xe5\xbc\x80\xe7\x9b\xae\xe5\xbd\x95\xe2\x80\x9c/home/dyj/ros2_ws/build/stonefish_ros2\xe2\x80\x9d\n'}
[0.123561] (stonefish_ros2) StdoutLine: {'line': b'/usr/bin/make -f stonefish_ros2__py/CMakeFiles/stonefish_ros2__py.dir/build.make stonefish_ros2__py/CMakeFiles/stonefish_ros2__py.dir/build\n'}
[0.124595] (stonefish_ros2) StdoutLine: {'line': b'make[2]: \xe8\xbf\x9b\xe5\x85\xa5\xe7\x9b\xae\xe5\xbd\x95\xe2\x80\x9c/home/dyj/ros2_ws/build/stonefish_ros2\xe2\x80\x9d\n'}
[0.124638] (stonefish_ros2) StdoutLine: {'line': b'make[2]: \xe5\xaf\xb9\xe2\x80\x9cstonefish_ros2__py/CMakeFiles/stonefish_ros2__py.dir/build\xe2\x80\x9d\xe6\x97\xa0\xe9\x9c\x80\xe5\x81\x9a\xe4\xbb\xbb\xe4\xbd\x95\xe4\xba\x8b\xe3\x80\x82\n'}
[0.124674] (stonefish_ros2) StdoutLine: {'line': b'make[2]: \xe7\xa6\xbb\xe5\xbc\x80\xe7\x9b\xae\xe5\xbd\x95\xe2\x80\x9c/home/dyj/ros2_ws/build/stonefish_ros2\xe2\x80\x9d\n'}
[0.126609] (stonefish_ros2) StdoutLine: {'line': b'make[2]: \xe7\xa6\xbb\xe5\xbc\x80\xe7\x9b\xae\xe5\xbd\x95\xe2\x80\x9c/home/dyj/ros2_ws/build/stonefish_ros2\xe2\x80\x9d\n'}
[0.126676] (stonefish_ros2) StdoutLine: {'line': b'make[2]: \xe7\xa6\xbb\xe5\xbc\x80\xe7\x9b\xae\xe5\xbd\x95\xe2\x80\x9c/home/dyj/ros2_ws/build/stonefish_ros2\xe2\x80\x9d\n'}
[0.126832] (stonefish_ros2) StdoutLine: {'line': b'/usr/bin/make -f CMakeFiles/stonefish_simulator_nogpu.dir/build.make CMakeFiles/stonefish_simulator_nogpu.dir/build\n'}
[0.126880] (stonefish_ros2) StdoutLine: {'line': b'/usr/bin/make -f CMakeFiles/stonefish_simulator.dir/build.make CMakeFiles/stonefish_simulator.dir/build\n'}
[0.128221] (stonefish_ros2) StdoutLine: {'line': b'[ 83%] Built target stonefish_ros2__py\n'}
[0.128577] (stonefish_ros2) StdoutLine: {'line': b'/usr/bin/make -f CMakeFiles/stonefish_ros2__rosidl_generator_py.dir/build.make CMakeFiles/stonefish_ros2__rosidl_generator_py.dir/depend\n'}
[0.131109] (stonefish_ros2) StdoutLine: {'line': b'make[2]: \xe8\xbf\x9b\xe5\x85\xa5\xe7\x9b\xae\xe5\xbd\x95\xe2\x80\x9c/home/dyj/ros2_ws/build/stonefish_ros2\xe2\x80\x9d\n'}
[0.131150] (stonefish_ros2) StdoutLine: {'line': b'cd /home/dyj/ros2_ws/build/stonefish_ros2 && /usr/bin/cmake -E cmake_depends "Unix Makefiles" /home/dyj/ros2_ws/src/stonefish_ros2 /home/dyj/ros2_ws/src/stonefish_ros2 /home/dyj/ros2_ws/build/stonefish_ros2 /home/dyj/ros2_ws/build/stonefish_ros2 /home/dyj/ros2_ws/build/stonefish_ros2/CMakeFiles/stonefish_ros2__rosidl_generator_py.dir/DependInfo.cmake --color=\n'}
[0.133601] (stonefish_ros2) StdoutLine: {'line': b'make[2]: \xe8\xbf\x9b\xe5\x85\xa5\xe7\x9b\xae\xe5\xbd\x95\xe2\x80\x9c/home/dyj/ros2_ws/build/stonefish_ros2\xe2\x80\x9d\n'}
[0.133643] (stonefish_ros2) StdoutLine: {'line': b'make[2]: \xe5\xaf\xb9\xe2\x80\x9cCMakeFiles/stonefish_simulator.dir/build\xe2\x80\x9d\xe6\x97\xa0\xe9\x9c\x80\xe5\x81\x9a\xe4\xbb\xbb\xe4\xbd\x95\xe4\xba\x8b\xe3\x80\x82\n'}
[0.133683] (stonefish_ros2) StdoutLine: {'line': b'make[2]: \xe7\xa6\xbb\xe5\xbc\x80\xe7\x9b\xae\xe5\xbd\x95\xe2\x80\x9c/home/dyj/ros2_ws/build/stonefish_ros2\xe2\x80\x9d\n'}
[0.136131] (stonefish_ros2) StdoutLine: {'line': b'make[2]: \xe7\xa6\xbb\xe5\xbc\x80\xe7\x9b\xae\xe5\xbd\x95\xe2\x80\x9c/home/dyj/ros2_ws/build/stonefish_ros2\xe2\x80\x9d\n'}
[0.136189] (stonefish_ros2) StdoutLine: {'line': b'/usr/bin/make -f CMakeFiles/stonefish_ros2__rosidl_generator_py.dir/build.make CMakeFiles/stonefish_ros2__rosidl_generator_py.dir/build\n'}
[0.136522] (stonefish_ros2) StdoutLine: {'line': b'make[2]: \xe8\xbf\x9b\xe5\x85\xa5\xe7\x9b\xae\xe5\xbd\x95\xe2\x80\x9c/home/dyj/ros2_ws/build/stonefish_ros2\xe2\x80\x9d\n'}
[0.136557] (stonefish_ros2) StdoutLine: {'line': b'make[2]: \xe5\xaf\xb9\xe2\x80\x9cCMakeFiles/stonefish_simulator_nogpu.dir/build\xe2\x80\x9d\xe6\x97\xa0\xe9\x9c\x80\xe5\x81\x9a\xe4\xbb\xbb\xe4\xbd\x95\xe4\xba\x8b\xe3\x80\x82\n'}
[0.136598] (stonefish_ros2) StdoutLine: {'line': b'make[2]: \xe7\xa6\xbb\xe5\xbc\x80\xe7\x9b\xae\xe5\xbd\x95\xe2\x80\x9c/home/dyj/ros2_ws/build/stonefish_ros2\xe2\x80\x9d\n'}
[0.137663] (stonefish_ros2) StdoutLine: {'line': b'[ 84%] Built target stonefish_simulator\n'}
[0.140373] (stonefish_ros2) StdoutLine: {'line': b'[ 86%] Built target stonefish_simulator_nogpu\n'}
[0.142108] (stonefish_ros2) StdoutLine: {'line': b'make[2]: \xe8\xbf\x9b\xe5\x85\xa5\xe7\x9b\xae\xe5\xbd\x95\xe2\x80\x9c/home/dyj/ros2_ws/build/stonefish_ros2\xe2\x80\x9d\n'}
[0.142151] (stonefish_ros2) StdoutLine: {'line': b'make[2]: \xe5\xaf\xb9\xe2\x80\x9cCMakeFiles/stonefish_ros2__rosidl_generator_py.dir/build\xe2\x80\x9d\xe6\x97\xa0\xe9\x9c\x80\xe5\x81\x9a\xe4\xbb\xbb\xe4\xbd\x95\xe4\xba\x8b\xe3\x80\x82\n'}
[0.142188] (stonefish_ros2) StdoutLine: {'line': b'make[2]: \xe7\xa6\xbb\xe5\xbc\x80\xe7\x9b\xae\xe5\xbd\x95\xe2\x80\x9c/home/dyj/ros2_ws/build/stonefish_ros2\xe2\x80\x9d\n'}
[0.146205] (stonefish_ros2) StdoutLine: {'line': b'[ 96%] Built target stonefish_ros2__rosidl_generator_py\n'}
[0.146567] (stonefish_ros2) StdoutLine: {'line': b'/usr/bin/make -f CMakeFiles/stonefish_ros2__rosidl_typesupport_c__pyext.dir/build.make CMakeFiles/stonefish_ros2__rosidl_typesupport_c__pyext.dir/depend\n'}
[0.146694] (stonefish_ros2) StdoutLine: {'line': b'/usr/bin/make -f CMakeFiles/stonefish_ros2__rosidl_typesupport_fastrtps_c__pyext.dir/build.make CMakeFiles/stonefish_ros2__rosidl_typesupport_fastrtps_c__pyext.dir/depend\n'}
[0.146782] (stonefish_ros2) StdoutLine: {'line': b'/usr/bin/make -f CMakeFiles/stonefish_ros2__rosidl_typesupport_introspection_c__pyext.dir/build.make CMakeFiles/stonefish_ros2__rosidl_typesupport_introspection_c__pyext.dir/depend\n'}
[0.147448] (stonefish_ros2) StdoutLine: {'line': b'make[2]: \xe8\xbf\x9b\xe5\x85\xa5\xe7\x9b\xae\xe5\xbd\x95\xe2\x80\x9c/home/dyj/ros2_ws/build/stonefish_ros2\xe2\x80\x9d\n'}
[0.147485] (stonefish_ros2) StdoutLine: {'line': b'cd /home/dyj/ros2_ws/build/stonefish_ros2 && /usr/bin/cmake -E cmake_depends "Unix Makefiles" /home/dyj/ros2_ws/src/stonefish_ros2 /home/dyj/ros2_ws/src/stonefish_ros2 /home/dyj/ros2_ws/build/stonefish_ros2 /home/dyj/ros2_ws/build/stonefish_ros2 /home/dyj/ros2_ws/build/stonefish_ros2/CMakeFiles/stonefish_ros2__rosidl_typesupport_c__pyext.dir/DependInfo.cmake --color=\n'}
[0.147546] (stonefish_ros2) StdoutLine: {'line': b'make[2]: \xe8\xbf\x9b\xe5\x85\xa5\xe7\x9b\xae\xe5\xbd\x95\xe2\x80\x9c/home/dyj/ros2_ws/build/stonefish_ros2\xe2\x80\x9d\n'}
[0.147581] (stonefish_ros2) StdoutLine: {'line': b'cd /home/dyj/ros2_ws/build/stonefish_ros2 && /usr/bin/cmake -E cmake_depends "Unix Makefiles" /home/dyj/ros2_ws/src/stonefish_ros2 /home/dyj/ros2_ws/src/stonefish_ros2 /home/dyj/ros2_ws/build/stonefish_ros2 /home/dyj/ros2_ws/build/stonefish_ros2 /home/dyj/ros2_ws/build/stonefish_ros2/CMakeFiles/stonefish_ros2__rosidl_typesupport_fastrtps_c__pyext.dir/DependInfo.cmake --color=\n'}
[0.148734] (stonefish_ros2) StdoutLine: {'line': b'make[2]: \xe8\xbf\x9b\xe5\x85\xa5\xe7\x9b\xae\xe5\xbd\x95\xe2\x80\x9c/home/dyj/ros2_ws/build/stonefish_ros2\xe2\x80\x9d\n'}
[0.148780] (stonefish_ros2) StdoutLine: {'line': b'cd /home/dyj/ros2_ws/build/stonefish_ros2 && /usr/bin/cmake -E cmake_depends "Unix Makefiles" /home/dyj/ros2_ws/src/stonefish_ros2 /home/dyj/ros2_ws/src/stonefish_ros2 /home/dyj/ros2_ws/build/stonefish_ros2 /home/dyj/ros2_ws/build/stonefish_ros2 /home/dyj/ros2_ws/build/stonefish_ros2/CMakeFiles/stonefish_ros2__rosidl_typesupport_introspection_c__pyext.dir/DependInfo.cmake --color=\n'}
[0.152053] (stonefish_ros2) StdoutLine: {'line': b'make[2]: \xe7\xa6\xbb\xe5\xbc\x80\xe7\x9b\xae\xe5\xbd\x95\xe2\x80\x9c/home/dyj/ros2_ws/build/stonefish_ros2\xe2\x80\x9d\n'}
[0.152129] (stonefish_ros2) StdoutLine: {'line': b'make[2]: \xe7\xa6\xbb\xe5\xbc\x80\xe7\x9b\xae\xe5\xbd\x95\xe2\x80\x9c/home/dyj/ros2_ws/build/stonefish_ros2\xe2\x80\x9d\n'}
[0.152185] (stonefish_ros2) StdoutLine: {'line': b'/usr/bin/make -f CMakeFiles/stonefish_ros2__rosidl_typesupport_c__pyext.dir/build.make CMakeFiles/stonefish_ros2__rosidl_typesupport_c__pyext.dir/build\n'}
[0.152234] (stonefish_ros2) StdoutLine: {'line': b'/usr/bin/make -f CMakeFiles/stonefish_ros2__rosidl_typesupport_fastrtps_c__pyext.dir/build.make CMakeFiles/stonefish_ros2__rosidl_typesupport_fastrtps_c__pyext.dir/build\n'}
[0.156167] (stonefish_ros2) StdoutLine: {'line': b'make[2]: \xe8\xbf\x9b\xe5\x85\xa5\xe7\x9b\xae\xe5\xbd\x95\xe2\x80\x9c/home/dyj/ros2_ws/build/stonefish_ros2\xe2\x80\x9d\n'}
[0.156213] (stonefish_ros2) StdoutLine: {'line': b'make[2]: \xe5\xaf\xb9\xe2\x80\x9cCMakeFiles/stonefish_ros2__rosidl_typesupport_fastrtps_c__pyext.dir/build\xe2\x80\x9d\xe6\x97\xa0\xe9\x9c\x80\xe5\x81\x9a\xe4\xbb\xbb\xe4\xbd\x95\xe4\xba\x8b\xe3\x80\x82\n'}
[0.156250] (stonefish_ros2) StdoutLine: {'line': b'make[2]: \xe7\xa6\xbb\xe5\xbc\x80\xe7\x9b\xae\xe5\xbd\x95\xe2\x80\x9c/home/dyj/ros2_ws/build/stonefish_ros2\xe2\x80\x9d\n'}
[0.156309] (stonefish_ros2) StdoutLine: {'line': b'make[2]: \xe8\xbf\x9b\xe5\x85\xa5\xe7\x9b\xae\xe5\xbd\x95\xe2\x80\x9c/home/dyj/ros2_ws/build/stonefish_ros2\xe2\x80\x9d\n'}
[0.156344] (stonefish_ros2) StdoutLine: {'line': b'make[2]: \xe5\xaf\xb9\xe2\x80\x9cCMakeFiles/stonefish_ros2__rosidl_typesupport_c__pyext.dir/build\xe2\x80\x9d\xe6\x97\xa0\xe9\x9c\x80\xe5\x81\x9a\xe4\xbb\xbb\xe4\xbd\x95\xe4\xba\x8b\xe3\x80\x82\n'}
[0.156379] (stonefish_ros2) StdoutLine: {'line': b'make[2]: \xe7\xa6\xbb\xe5\xbc\x80\xe7\x9b\xae\xe5\xbd\x95\xe2\x80\x9c/home/dyj/ros2_ws/build/stonefish_ros2\xe2\x80\x9d\n'}
[0.156493] (stonefish_ros2) StdoutLine: {'line': b'make[2]: \xe7\xa6\xbb\xe5\xbc\x80\xe7\x9b\xae\xe5\xbd\x95\xe2\x80\x9c/home/dyj/ros2_ws/build/stonefish_ros2\xe2\x80\x9d\n'}
[0.156554] (stonefish_ros2) StdoutLine: {'line': b'/usr/bin/make -f CMakeFiles/stonefish_ros2__rosidl_typesupport_introspection_c__pyext.dir/build.make CMakeFiles/stonefish_ros2__rosidl_typesupport_introspection_c__pyext.dir/build\n'}
[0.160134] (stonefish_ros2) StdoutLine: {'line': b'[ 98%] Built target stonefish_ros2__rosidl_typesupport_fastrtps_c__pyext\n'}
[0.160181] (stonefish_ros2) StdoutLine: {'line': b'make[2]: \xe8\xbf\x9b\xe5\x85\xa5\xe7\x9b\xae\xe5\xbd\x95\xe2\x80\x9c/home/dyj/ros2_ws/build/stonefish_ros2\xe2\x80\x9d\n'}
[0.160217] (stonefish_ros2) StdoutLine: {'line': b'make[2]: \xe5\xaf\xb9\xe2\x80\x9cCMakeFiles/stonefish_ros2__rosidl_typesupport_introspection_c__pyext.dir/build\xe2\x80\x9d\xe6\x97\xa0\xe9\x9c\x80\xe5\x81\x9a\xe4\xbb\xbb\xe4\xbd\x95\xe4\xba\x8b\xe3\x80\x82\n'}
[0.160252] (stonefish_ros2) StdoutLine: {'line': b'make[2]: \xe7\xa6\xbb\xe5\xbc\x80\xe7\x9b\xae\xe5\xbd\x95\xe2\x80\x9c/home/dyj/ros2_ws/build/stonefish_ros2\xe2\x80\x9d\n'}
[0.160285] (stonefish_ros2) StdoutLine: {'line': b'[ 99%] Built target stonefish_ros2__rosidl_typesupport_c__pyext\n'}
[0.163631] (stonefish_ros2) StdoutLine: {'line': b'[100%] Built target stonefish_ros2__rosidl_typesupport_introspection_c__pyext\n'}
[0.174111] (stonefish_ros2) StdoutLine: {'line': b'running egg_info\n'}
[0.174471] (stonefish_ros2) StdoutLine: {'line': b'writing stonefish_ros2.egg-info/PKG-INFO\n'}
[0.174594] (stonefish_ros2) StdoutLine: {'line': b'writing dependency_links to stonefish_ros2.egg-info/dependency_links.txt\n'}
[0.174662] (stonefish_ros2) StdoutLine: {'line': b'writing top-level names to stonefish_ros2.egg-info/top_level.txt\n'}
[0.192249] (stonefish_ros2) StdoutLine: {'line': b"reading manifest file 'stonefish_ros2.egg-info/SOURCES.txt'\n"}
[0.192577] (stonefish_ros2) StdoutLine: {'line': b"writing manifest file 'stonefish_ros2.egg-info/SOURCES.txt'\n"}
[0.199947] (-) TimerEvent: {}
[0.202581] (stonefish_ros2) StdoutLine: {'line': b'make[2]: \xe7\xa6\xbb\xe5\xbc\x80\xe7\x9b\xae\xe5\xbd\x95\xe2\x80\x9c/home/dyj/ros2_ws/build/stonefish_ros2\xe2\x80\x9d\n'}
[0.211476] (stonefish_ros2) StdoutLine: {'line': b'[100%] Built target ament_cmake_python_build_stonefish_ros2_egg\n'}
[0.300064] (-) TimerEvent: {}
[0.400368] (-) TimerEvent: {}
[0.500710] (-) TimerEvent: {}
[0.601064] (-) TimerEvent: {}
[0.701391] (-) TimerEvent: {}
[0.801730] (-) TimerEvent: {}
[0.902092] (-) TimerEvent: {}
[1.002440] (-) TimerEvent: {}
[1.102794] (-) TimerEvent: {}
[1.203142] (-) TimerEvent: {}
[1.303486] (-) TimerEvent: {}
[1.403833] (-) TimerEvent: {}
[1.504181] (-) TimerEvent: {}
[1.604529] (-) TimerEvent: {}
[1.704879] (-) TimerEvent: {}
[1.805231] (-) TimerEvent: {}
[1.905584] (-) TimerEvent: {}
[2.005927] (-) TimerEvent: {}
[2.106256] (-) TimerEvent: {}
[2.152009] (stonefish_ros2) StderrLine: {'line': b'In file included from \x1b[01m\x1b[K/home/dyj/ros2_ws/src/stonefish_ros2/src/FluidDynamicsTestApp.cpp:26\x1b[m\x1b[K:\n'}
[2.152297] (stonefish_ros2) StderrLine: {'line': b'\x1b[01m\x1b[K/home/dyj/ros2_ws/src/stonefish_ros2/src/FluidDynamicsTestApp.h:35:95:\x1b[m\x1b[K \x1b[01;31m\x1b[Kerror: \x1b[m\x1b[K\xe2\x80\x98\x1b[01m\x1b[KFluidDynamicsTestManager\x1b[m\x1b[K\xe2\x80\x99 has not been declared\n'}
[2.152418] (stonefish_ros2) StderrLine: {'line': b'   35 |     FluidDynamicsTestApp(std::string dataDirPath, sf::RenderSettings s, sf::HelperSettings h, \x1b[01;31m\x1b[KFluidDynamicsTestManager\x1b[m\x1b[K* sim);\n'}
[2.152522] (stonefish_ros2) StderrLine: {'line': b'      |                                                                                               \x1b[01;31m\x1b[K^~~~~~~~~~~~~~~~~~~~~~~~\x1b[m\x1b[K\n'}
[2.194203] (stonefish_ros2) StderrLine: {'line': b'In file included from \x1b[01m\x1b[K/home/dyj/ros2_ws/src/stonefish_ros2/src/main.cpp:26\x1b[m\x1b[K:\n'}
[2.194468] (stonefish_ros2) StderrLine: {'line': b'\x1b[01m\x1b[K/home/dyj/ros2_ws/src/stonefish_ros2/src/FluidDynamicsTestApp.h:35:95:\x1b[m\x1b[K \x1b[01;31m\x1b[Kerror: \x1b[m\x1b[K\xe2\x80\x98\x1b[01m\x1b[KFluidDynamicsTestManager\x1b[m\x1b[K\xe2\x80\x99 has not been declared\n'}
[2.194586] (stonefish_ros2) StderrLine: {'line': b'   35 |     FluidDynamicsTestApp(std::string dataDirPath, sf::RenderSettings s, sf::HelperSettings h, \x1b[01;31m\x1b[KFluidDynamicsTestManager\x1b[m\x1b[K* sim);\n'}
[2.194679] (stonefish_ros2) StderrLine: {'line': b'      |                                                                                               \x1b[01;31m\x1b[K^~~~~~~~~~~~~~~~~~~~~~~~\x1b[m\x1b[K\n'}
[2.195741] (stonefish_ros2) StderrLine: {'line': b'\x1b[01m\x1b[K/home/dyj/ros2_ws/src/stonefish_ros2/src/main.cpp:\x1b[m\x1b[K In function \xe2\x80\x98\x1b[01m\x1b[Kint main(int, const char**)\x1b[m\x1b[K\xe2\x80\x99:\n'}
[2.195837] (stonefish_ros2) StderrLine: {'line': b'\x1b[01m\x1b[K/home/dyj/ros2_ws/src/stonefish_ros2/src/main.cpp:53:5:\x1b[m\x1b[K \x1b[01;31m\x1b[Kerror: \x1b[m\x1b[K\xe2\x80\x98\x1b[01m\x1b[KFluidDynamicsTestManager\x1b[m\x1b[K\xe2\x80\x99 was not declared in this scope; did you mean \xe2\x80\x98\x1b[01m\x1b[Ksf::FluidDynamicsTestManager\x1b[m\x1b[K\xe2\x80\x99?\n'}
[2.195929] (stonefish_ros2) StderrLine: {'line': b'   53 |     \x1b[01;31m\x1b[KFluidDynamicsTestManager\x1b[m\x1b[K simulationManager(500.0);\n'}
[2.196012] (stonefish_ros2) StderrLine: {'line': b'      |     \x1b[01;31m\x1b[K^~~~~~~~~~~~~~~~~~~~~~~~\x1b[m\x1b[K\n'}
[2.196093] (stonefish_ros2) StderrLine: {'line': b'      |     \x1b[32m\x1b[Ksf::FluidDynamicsTestManager\x1b[m\x1b[K\n'}
[2.196171] (stonefish_ros2) StderrLine: {'line': b'In file included from \x1b[01m\x1b[K/home/dyj/ros2_ws/src/stonefish_ros2/src/FluidDynamicsTestApp.h:30\x1b[m\x1b[K,\n'}
[2.196251] (stonefish_ros2) StderrLine: {'line': b'                 from \x1b[01m\x1b[K/home/dyj/ros2_ws/src/stonefish_ros2/src/main.cpp:26\x1b[m\x1b[K:\n'}
[2.196330] (stonefish_ros2) StderrLine: {'line': b'\x1b[01m\x1b[K/home/dyj/ros2_ws/src/stonefish_ros2/src/FluidDynamicsTestManager.h:21:7:\x1b[m\x1b[K \x1b[01;36m\x1b[Knote: \x1b[m\x1b[K\xe2\x80\x98\x1b[01m\x1b[Ksf::FluidDynamicsTestManager\x1b[m\x1b[K\xe2\x80\x99 declared here\n'}
[2.196411] (stonefish_ros2) StderrLine: {'line': b'   21 | class \x1b[01;36m\x1b[KFluidDynamicsTestManager\x1b[m\x1b[K : public SimulationManager\n'}
[2.196490] (stonefish_ros2) StderrLine: {'line': b'      |       \x1b[01;36m\x1b[K^~~~~~~~~~~~~~~~~~~~~~~~\x1b[m\x1b[K\n'}
[2.204156] (stonefish_ros2) StderrLine: {'line': b'\x1b[01m\x1b[K/home/dyj/ros2_ws/src/stonefish_ros2/src/main.cpp:54:5:\x1b[m\x1b[K \x1b[01;31m\x1b[Kerror: \x1b[m\x1b[K\xe2\x80\x98\x1b[01m\x1b[KsimulationManager\x1b[m\x1b[K\xe2\x80\x99 was not declared in this scope; did you mean \xe2\x80\x98\x1b[01m\x1b[KbtSimulationIslandManager\x1b[m\x1b[K\xe2\x80\x99?\n'}
[2.204285] (stonefish_ros2) StderrLine: {'line': b'   54 |     \x1b[01;31m\x1b[KsimulationManager\x1b[m\x1b[K.setRealtimeFactor(1.0);\n'}
[2.204369] (stonefish_ros2) StderrLine: {'line': b'      |     \x1b[01;31m\x1b[K^~~~~~~~~~~~~~~~~\x1b[m\x1b[K\n'}
[2.204450] (stonefish_ros2) StderrLine: {'line': b'      |     \x1b[32m\x1b[KbtSimulationIslandManager\x1b[m\x1b[K\n'}
[2.205278] (stonefish_ros2) StderrLine: {'line': b'\x1b[01m\x1b[K/home/dyj/ros2_ws/src/stonefish_ros2/src/main.cpp:30:14:\x1b[m\x1b[K \x1b[01;35m\x1b[Kwarning: \x1b[m\x1b[Kunused parameter \xe2\x80\x98\x1b[01m\x1b[Kargc\x1b[m\x1b[K\xe2\x80\x99 [\x1b[01;35m\x1b[K-Wunused-parameter\x1b[m\x1b[K]\n'}
[2.205322] (stonefish_ros2) StderrLine: {'line': b'   30 | int main(\x1b[01;35m\x1b[Kint argc\x1b[m\x1b[K, const char * argv[])\n'}
[2.205356] (stonefish_ros2) StderrLine: {'line': b'      |          \x1b[01;35m\x1b[K~~~~^~~~\x1b[m\x1b[K\n'}
[2.205388] (stonefish_ros2) StderrLine: {'line': b'\x1b[01m\x1b[K/home/dyj/ros2_ws/src/stonefish_ros2/src/main.cpp:30:33:\x1b[m\x1b[K \x1b[01;35m\x1b[Kwarning: \x1b[m\x1b[Kunused parameter \xe2\x80\x98\x1b[01m\x1b[Kargv\x1b[m\x1b[K\xe2\x80\x99 [\x1b[01;35m\x1b[K-Wunused-parameter\x1b[m\x1b[K]\n'}
[2.205420] (stonefish_ros2) StderrLine: {'line': b'   30 | int main(int argc, \x1b[01;35m\x1b[Kconst char * argv[]\x1b[m\x1b[K)\n'}
[2.205452] (stonefish_ros2) StderrLine: {'line': b'      |                    \x1b[01;35m\x1b[K~~~~~~~~~~~~~^~~~~~\x1b[m\x1b[K\n'}
[2.206297] (-) TimerEvent: {}
[2.209860] (stonefish_ros2) StderrLine: {'line': b'\x1b[01m\x1b[K/home/dyj/ros2_ws/src/stonefish_ros2/src/FluidDynamicsTestApp.cpp:42:113:\x1b[m\x1b[K \x1b[01;31m\x1b[Kerror: \x1b[m\x1b[K\xe2\x80\x98\x1b[01m\x1b[KFluidDynamicsTestManager\x1b[m\x1b[K\xe2\x80\x99 has not been declared\n'}
[2.209933] (stonefish_ros2) StderrLine: {'line': b'   42 | FluidDynamicsTestApp::FluidDynamicsTestApp(std::string dataDirPath, sf::RenderSettings s, sf::HelperSettings h, \x1b[01;31m\x1b[KFluidDynamicsTestManager\x1b[m\x1b[K* sim)\n'}
[2.209990] (stonefish_ros2) StderrLine: {'line': b'      |                                                                                                                 \x1b[01;31m\x1b[K^~~~~~~~~~~~~~~~~~~~~~~~\x1b[m\x1b[K\n'}
[2.210455] (stonefish_ros2) StderrLine: {'line': b'\x1b[01m\x1b[K/home/dyj/ros2_ws/src/stonefish_ros2/src/FluidDynamicsTestApp.cpp:\x1b[m\x1b[K In constructor \xe2\x80\x98\x1b[01m\x1b[KFluidDynamicsTestApp::FluidDynamicsTestApp(std::string, sf::RenderSettings, sf::HelperSettings, int*)\x1b[m\x1b[K\xe2\x80\x99:\n'}
[2.210518] (stonefish_ros2) StderrLine: {'line': b'\x1b[01m\x1b[K/home/dyj/ros2_ws/src/stonefish_ros2/src/FluidDynamicsTestApp.cpp:43:74:\x1b[m\x1b[K \x1b[01;31m\x1b[Kerror: \x1b[m\x1b[Kno matching function for call to \xe2\x80\x98\x1b[01m\x1b[Ksf::GraphicalSimulationApp::GraphicalSimulationApp(const char [19], std::string&, sf::RenderSettings&, sf::HelperSettings&, int*&)\x1b[m\x1b[K\xe2\x80\x99\n'}
[2.210661] (stonefish_ros2) StderrLine: {'line': b'   43 |     : GraphicalSimulationApp("FluidDynamics Test", dataDirPath, s, h, sim\x1b[01;31m\x1b[K)\x1b[m\x1b[K\n'}
[2.210697] (stonefish_ros2) StderrLine: {'line': b'      |                                                                          \x1b[01;31m\x1b[K^\x1b[m\x1b[K\n'}
[2.210730] (stonefish_ros2) StderrLine: {'line': b'In file included from \x1b[01m\x1b[K/home/dyj/ros2_ws/src/stonefish_ros2/src/FluidDynamicsTestApp.h:29\x1b[m\x1b[K,\n'}
[2.210762] (stonefish_ros2) StderrLine: {'line': b'                 from \x1b[01m\x1b[K/home/dyj/ros2_ws/src/stonefish_ros2/src/FluidDynamicsTestApp.cpp:26\x1b[m\x1b[K:\n'}
[2.210795] (stonefish_ros2) StderrLine: {'line': b'\x1b[01m\x1b[K/usr/local/include/Stonefish/core/GraphicalSimulationApp.h:53:9:\x1b[m\x1b[K \x1b[01;36m\x1b[Knote: \x1b[m\x1b[Kcandidate: \xe2\x80\x98\x1b[01m\x1b[Ksf::GraphicalSimulationApp::GraphicalSimulationApp(std::string, std::string, sf::RenderSettings, sf::HelperSettings, sf::SimulationManager*)\x1b[m\x1b[K\xe2\x80\x99\n'}
[2.210832] (stonefish_ros2) StderrLine: {'line': b'   53 |         \x1b[01;36m\x1b[KGraphicalSimulationApp\x1b[m\x1b[K(std::string title, std::string dataDirPath, RenderSettings s, HelperSettings h, SimulationManager* sim);\n'}
[2.210865] (stonefish_ros2) StderrLine: {'line': b'      |         \x1b[01;36m\x1b[K^~~~~~~~~~~~~~~~~~~~~~\x1b[m\x1b[K\n'}
[2.210897] (stonefish_ros2) StderrLine: {'line': b'In file included from \x1b[01m\x1b[K/home/dyj/ros2_ws/src/stonefish_ros2/src/FluidDynamicsTestApp.h:29\x1b[m\x1b[K,\n'}
[2.210929] (stonefish_ros2) StderrLine: {'line': b'                 from \x1b[01m\x1b[K/home/dyj/ros2_ws/src/stonefish_ros2/src/FluidDynamicsTestApp.cpp:26\x1b[m\x1b[K:\n'}
[2.210961] (stonefish_ros2) StderrLine: {'line': b'\x1b[01m\x1b[K/usr/local/include/Stonefish/core/GraphicalSimulationApp.h:53:131:\x1b[m\x1b[K \x1b[01;36m\x1b[Knote: \x1b[m\x1b[K  no known conversion for argument 5 from \xe2\x80\x98\x1b[01m\x1b[Kint*\x1b[m\x1b[K\xe2\x80\x99 to \xe2\x80\x98\x1b[01m\x1b[Ksf::SimulationManager*\x1b[m\x1b[K\xe2\x80\x99\n'}
[2.210994] (stonefish_ros2) StderrLine: {'line': b'   53 |         GraphicalSimulationApp(std::string title, std::string dataDirPath, RenderSettings s, HelperSettings h, \x1b[01;36m\x1b[KSimulationManager* sim\x1b[m\x1b[K);\n'}
[2.211027] (stonefish_ros2) StderrLine: {'line': b'      |                                                                                                                \x1b[01;36m\x1b[K~~~~~~~~~~~~~~~~~~~^~~\x1b[m\x1b[K\n'}
[2.211059] (stonefish_ros2) StderrLine: {'line': b'In file included from \x1b[01m\x1b[K/home/dyj/ros2_ws/src/stonefish_ros2/src/FluidDynamicsTestApp.h:29\x1b[m\x1b[K,\n'}
[2.211091] (stonefish_ros2) StderrLine: {'line': b'                 from \x1b[01m\x1b[K/home/dyj/ros2_ws/src/stonefish_ros2/src/FluidDynamicsTestApp.cpp:26\x1b[m\x1b[K:\n'}
[2.211123] (stonefish_ros2) StderrLine: {'line': b'\x1b[01m\x1b[K/usr/local/include/Stonefish/core/GraphicalSimulationApp.h:42:11:\x1b[m\x1b[K \x1b[01;36m\x1b[Knote: \x1b[m\x1b[Kcandidate: \xe2\x80\x98\x1b[01m\x1b[Ksf::GraphicalSimulationApp::GraphicalSimulationApp(const sf::GraphicalSimulationApp&)\x1b[m\x1b[K\xe2\x80\x99\n'}
[2.211156] (stonefish_ros2) StderrLine: {'line': b'   42 |     class \x1b[01;36m\x1b[KGraphicalSimulationApp\x1b[m\x1b[K : public SimulationApp\n'}
[2.211187] (stonefish_ros2) StderrLine: {'line': b'      |           \x1b[01;36m\x1b[K^~~~~~~~~~~~~~~~~~~~~~\x1b[m\x1b[K\n'}
[2.211219] (stonefish_ros2) StderrLine: {'line': b'\x1b[01m\x1b[K/usr/local/include/Stonefish/core/GraphicalSimulationApp.h:42:11:\x1b[m\x1b[K \x1b[01;36m\x1b[Knote: \x1b[m\x1b[K  candidate expects 1 argument, 5 provided\n'}
[2.216753] (stonefish_ros2) StderrLine: {'line': b'In file included from \x1b[01m\x1b[K/home/dyj/ros2_ws/src/stonefish_ros2/src/FluidDynamicsTestManager.cpp:30\x1b[m\x1b[K:\n'}
[2.216903] (stonefish_ros2) StderrLine: {'line': b'\x1b[01m\x1b[K/home/dyj/ros2_ws/src/stonefish_ros2/src/FluidDynamicsTestApp.h:35:95:\x1b[m\x1b[K \x1b[01;31m\x1b[Kerror: \x1b[m\x1b[K\xe2\x80\x98\x1b[01m\x1b[KFluidDynamicsTestManager\x1b[m\x1b[K\xe2\x80\x99 has not been declared\n'}
[2.216995] (stonefish_ros2) StderrLine: {'line': b'   35 |     FluidDynamicsTestApp(std::string dataDirPath, sf::RenderSettings s, sf::HelperSettings h, \x1b[01;31m\x1b[KFluidDynamicsTestManager\x1b[m\x1b[K* sim);\n'}
[2.217065] (stonefish_ros2) StderrLine: {'line': b'      |                                                                                               \x1b[01;31m\x1b[K^~~~~~~~~~~~~~~~~~~~~~~~\x1b[m\x1b[K\n'}
[2.286855] (stonefish_ros2) StderrLine: {'line': b'\x1b[01m\x1b[K/home/dyj/ros2_ws/src/stonefish_ros2/src/FluidDynamicsTestManager.cpp:51:1:\x1b[m\x1b[K \x1b[01;31m\x1b[Kerror: \x1b[m\x1b[K\xe2\x80\x98\x1b[01m\x1b[KFluidDynamicsTestManager\x1b[m\x1b[K\xe2\x80\x99 does not name a type; did you mean \xe2\x80\x98\x1b[01m\x1b[KFluidDynamicsTestApp\x1b[m\x1b[K\xe2\x80\x99?\n'}
[2.287085] (stonefish_ros2) StderrLine: {'line': b'   51 | \x1b[01;31m\x1b[KFluidDynamicsTestManager\x1b[m\x1b[K::FluidDynamicsTestManager(sf::Scalar stepsPerSecond)\n'}
[2.287168] (stonefish_ros2) StderrLine: {'line': b'      | \x1b[01;31m\x1b[K^~~~~~~~~~~~~~~~~~~~~~~~\x1b[m\x1b[K\n'}
[2.287233] (stonefish_ros2) StderrLine: {'line': b'      | \x1b[32m\x1b[KFluidDynamicsTestApp\x1b[m\x1b[K\n'}
[2.287292] (stonefish_ros2) StderrLine: {'line': b'\x1b[01m\x1b[K/home/dyj/ros2_ws/src/stonefish_ros2/src/FluidDynamicsTestManager.cpp:62:6:\x1b[m\x1b[K \x1b[01;31m\x1b[Kerror: \x1b[m\x1b[K\xe2\x80\x98\x1b[01m\x1b[KFluidDynamicsTestManager\x1b[m\x1b[K\xe2\x80\x99 has not been declared\n'}
[2.287352] (stonefish_ros2) StderrLine: {'line': b'   62 | void \x1b[01;31m\x1b[KFluidDynamicsTestManager\x1b[m\x1b[K::cmdCallback(const geometry_msgs::msg::Twist::SharedPtr msg)\n'}
[2.287409] (stonefish_ros2) StderrLine: {'line': b'      |      \x1b[01;31m\x1b[K^~~~~~~~~~~~~~~~~~~~~~~~\x1b[m\x1b[K\n'}
[2.292303] (stonefish_ros2) StderrLine: {'line': b'\x1b[01m\x1b[K/home/dyj/ros2_ws/src/stonefish_ros2/src/FluidDynamicsTestManager.cpp:\x1b[m\x1b[K In function \xe2\x80\x98\x1b[01m\x1b[Kvoid cmdCallback(geometry_msgs::msg::Twist_<std::allocator<void> >::SharedPtr)\x1b[m\x1b[K\xe2\x80\x99:\n'}
[2.292463] (stonefish_ros2) StderrLine: {'line': b'\x1b[01m\x1b[K/home/dyj/ros2_ws/src/stonefish_ros2/src/FluidDynamicsTestManager.cpp:64:9:\x1b[m\x1b[K \x1b[01;31m\x1b[Kerror: \x1b[m\x1b[K\xe2\x80\x98\x1b[01m\x1b[Kthruster1_\x1b[m\x1b[K\xe2\x80\x99 was not declared in this scope\n'}
[2.292554] (stonefish_ros2) StderrLine: {'line': b'   64 |     if (\x1b[01;31m\x1b[Kthruster1_\x1b[m\x1b[K && thruster2_) {\n'}
[2.292622] (stonefish_ros2) StderrLine: {'line': b'      |         \x1b[01;31m\x1b[K^~~~~~~~~~\x1b[m\x1b[K\n'}
[2.295937] (stonefish_ros2) StderrLine: {'line': b'\x1b[01m\x1b[K/home/dyj/ros2_ws/src/stonefish_ros2/src/FluidDynamicsTestManager.cpp:64:23:\x1b[m\x1b[K \x1b[01;31m\x1b[Kerror: \x1b[m\x1b[K\xe2\x80\x98\x1b[01m\x1b[Kthruster2_\x1b[m\x1b[K\xe2\x80\x99 was not declared in this scope\n'}
[2.296085] (stonefish_ros2) StderrLine: {'line': b'   64 |     if (thruster1_ && \x1b[01;31m\x1b[Kthruster2_\x1b[m\x1b[K) {\n'}
[2.296167] (stonefish_ros2) StderrLine: {'line': b'      |                       \x1b[01;31m\x1b[K^~~~~~~~~~\x1b[m\x1b[K\n'}
[2.298828] (stonefish_ros2) StderrLine: {'line': b'In file included from \x1b[01m\x1b[K/opt/ros/rolling/include/rclcpp/service.hpp:34\x1b[m\x1b[K,\n'}
[2.298919] (stonefish_ros2) StderrLine: {'line': b'                 from \x1b[01m\x1b[K/opt/ros/rolling/include/rclcpp/callback_group.hpp:25\x1b[m\x1b[K,\n'}
[2.299037] (stonefish_ros2) StderrLine: {'line': b'                 from \x1b[01m\x1b[K/opt/ros/rolling/include/rclcpp/any_executable.hpp:20\x1b[m\x1b[K,\n'}
[2.299095] (stonefish_ros2) StderrLine: {'line': b'                 from \x1b[01m\x1b[K/opt/ros/rolling/include/rclcpp/memory_strategy.hpp:25\x1b[m\x1b[K,\n'}
[2.299151] (stonefish_ros2) StderrLine: {'line': b'                 from \x1b[01m\x1b[K/opt/ros/rolling/include/rclcpp/memory_strategies.hpp:18\x1b[m\x1b[K,\n'}
[2.299208] (stonefish_ros2) StderrLine: {'line': b'                 from \x1b[01m\x1b[K/opt/ros/rolling/include/rclcpp/executor_options.hpp:20\x1b[m\x1b[K,\n'}
[2.299263] (stonefish_ros2) StderrLine: {'line': b'                 from \x1b[01m\x1b[K/opt/ros/rolling/include/rclcpp/executor.hpp:37\x1b[m\x1b[K,\n'}
[2.299319] (stonefish_ros2) StderrLine: {'line': b'                 from \x1b[01m\x1b[K/opt/ros/rolling/include/rclcpp/executors/multi_threaded_executor.hpp:25\x1b[m\x1b[K,\n'}
[2.299381] (stonefish_ros2) StderrLine: {'line': b'                 from \x1b[01m\x1b[K/opt/ros/rolling/include/rclcpp/executors.hpp:21\x1b[m\x1b[K,\n'}
[2.299438] (stonefish_ros2) StderrLine: {'line': b'                 from \x1b[01m\x1b[K/opt/ros/rolling/include/rclcpp/rclcpp.hpp:155\x1b[m\x1b[K,\n'}
[2.299494] (stonefish_ros2) StderrLine: {'line': b'                 from \x1b[01m\x1b[K/home/dyj/ros2_ws/src/stonefish_ros2/src/FluidDynamicsTestManager.h:8\x1b[m\x1b[K,\n'}
[2.299558] (stonefish_ros2) StderrLine: {'line': b'                 from \x1b[01m\x1b[K/home/dyj/ros2_ws/src/stonefish_ros2/src/FluidDynamicsTestManager.cpp:28\x1b[m\x1b[K:\n'}
[2.299614] (stonefish_ros2) StderrLine: {'line': b'\x1b[01m\x1b[K/home/dyj/ros2_ws/src/stonefish_ros2/src/FluidDynamicsTestManager.cpp:69:21:\x1b[m\x1b[K \x1b[01;31m\x1b[Kerror: \x1b[m\x1b[K\xe2\x80\x98\x1b[01m\x1b[Kros_node_\x1b[m\x1b[K\xe2\x80\x99 was not declared in this scope; did you mean \xe2\x80\x98\x1b[01m\x1b[Krcl_node_t\x1b[m\x1b[K\xe2\x80\x99?\n'}
[2.299672] (stonefish_ros2) StderrLine: {'line': b'   69 |         RCLCPP_INFO(\x1b[01;31m\x1b[Kros_node_\x1b[m\x1b[K->get_logger(), "Set thrust: %f", thrust);\n'}
[2.299729] (stonefish_ros2) StderrLine: {'line': b'      |                     \x1b[01;31m\x1b[K^~~~~~~~~\x1b[m\x1b[K\n'}
[2.299785] (stonefish_ros2) StderrLine: {'line': b'\x1b[01m\x1b[K/home/dyj/ros2_ws/src/stonefish_ros2/src/FluidDynamicsTestManager.cpp:69:9:\x1b[m\x1b[K \x1b[01;31m\x1b[Kerror: \x1b[m\x1b[Ktemplate argument 1 is invalid\n'}
[2.299842] (stonefish_ros2) StderrLine: {'line': b'   69 |         \x1b[01;31m\x1b[KRCLCPP_INFO\x1b[m\x1b[K(ros_node_->get_logger(), "Set thrust: %f", thrust);\n'}
[2.299898] (stonefish_ros2) StderrLine: {'line': b'      |         \x1b[01;31m\x1b[K^~~~~~~~~~~\x1b[m\x1b[K\n'}
[2.299953] (stonefish_ros2) StderrLine: {'line': b'\x1b[01m\x1b[K/home/dyj/ros2_ws/src/stonefish_ros2/src/FluidDynamicsTestManager.cpp:69:9:\x1b[m\x1b[K \x1b[01;31m\x1b[Kerror: \x1b[m\x1b[Ktemplate argument 1 is invalid\n'}
[2.300013] (stonefish_ros2) StderrLine: {'line': b'   69 |         \x1b[01;31m\x1b[KRCLCPP_INFO\x1b[m\x1b[K(ros_node_->get_logger(), "Set thrust: %f", thrust);\n'}
[2.300070] (stonefish_ros2) StderrLine: {'line': b'      |         \x1b[01;31m\x1b[K^~~~~~~~~~~\x1b[m\x1b[K\n'}
[2.300127] (stonefish_ros2) StderrLine: {'line': b'\x1b[01m\x1b[K/home/dyj/ros2_ws/src/stonefish_ros2/src/FluidDynamicsTestManager.cpp:69:9:\x1b[m\x1b[K \x1b[01;31m\x1b[Kerror: \x1b[m\x1b[Ktemplate argument 1 is invalid\n'}
[2.300183] (stonefish_ros2) StderrLine: {'line': b'   69 |         \x1b[01;31m\x1b[KRCLCPP_INFO\x1b[m\x1b[K(ros_node_->get_logger(), "Set thrust: %f", thrust);\n'}
[2.300239] (stonefish_ros2) StderrLine: {'line': b'      |         \x1b[01;31m\x1b[K^~~~~~~~~~~\x1b[m\x1b[K\n'}
[2.300295] (stonefish_ros2) StderrLine: {'line': b'\x1b[01m\x1b[K/home/dyj/ros2_ws/src/stonefish_ros2/src/FluidDynamicsTestManager.cpp:\x1b[m\x1b[K At global scope:\n'}
[2.300351] (stonefish_ros2) StderrLine: {'line': b'\x1b[01m\x1b[K/home/dyj/ros2_ws/src/stonefish_ros2/src/FluidDynamicsTestManager.cpp:73:6:\x1b[m\x1b[K \x1b[01;31m\x1b[Kerror: \x1b[m\x1b[K\xe2\x80\x98\x1b[01m\x1b[KFluidDynamicsTestManager\x1b[m\x1b[K\xe2\x80\x99 has not been declared\n'}
[2.300407] (stonefish_ros2) StderrLine: {'line': b'   73 | void \x1b[01;31m\x1b[KFluidDynamicsTestManager\x1b[m\x1b[K::BuildScenario()\n'}
[2.300463] (stonefish_ros2) StderrLine: {'line': b'      |      \x1b[01;31m\x1b[K^~~~~~~~~~~~~~~~~~~~~~~~\x1b[m\x1b[K\n'}
[2.302031] (stonefish_ros2) StderrLine: {'line': b'\x1b[01m\x1b[K/home/dyj/ros2_ws/src/stonefish_ros2/src/FluidDynamicsTestManager.cpp:\x1b[m\x1b[K In function \xe2\x80\x98\x1b[01m\x1b[Kvoid BuildScenario()\x1b[m\x1b[K\xe2\x80\x99:\n'}
[2.302098] (stonefish_ros2) StderrLine: {'line': b'\x1b[01m\x1b[K/home/dyj/ros2_ws/src/stonefish_ros2/src/FluidDynamicsTestManager.cpp:77:5:\x1b[m\x1b[K \x1b[01;31m\x1b[Kerror: \x1b[m\x1b[K\xe2\x80\x98\x1b[01m\x1b[KgetJointErp\x1b[m\x1b[K\xe2\x80\x99 was not declared in this scope\n'}
[2.302168] (stonefish_ros2) StderrLine: {'line': b'   77 |     \x1b[01;31m\x1b[KgetJointErp\x1b[m\x1b[K(erp, stopErp);\n'}
[2.302223] (stonefish_ros2) StderrLine: {'line': b'      |     \x1b[01;31m\x1b[K^~~~~~~~~~~\x1b[m\x1b[K\n'}
[2.306359] (-) TimerEvent: {}
[2.307137] (stonefish_ros2) StderrLine: {'line': b'\x1b[01m\x1b[K/home/dyj/ros2_ws/src/stonefish_ros2/src/FluidDynamicsTestManager.cpp:78:23:\x1b[m\x1b[K \x1b[01;31m\x1b[Kerror: \x1b[m\x1b[K\xe2\x80\x98\x1b[01m\x1b[KgetDynamicsWorld\x1b[m\x1b[K\xe2\x80\x99 was not declared in this scope; did you mean \xe2\x80\x98\x1b[01m\x1b[KbtDynamicsWorld\x1b[m\x1b[K\xe2\x80\x99?\n'}
[2.307243] (stonefish_ros2) StderrLine: {'line': b'   78 |     sf::Scalar erp2 = \x1b[01;31m\x1b[KgetDynamicsWorld\x1b[m\x1b[K()->getSolverInfo().m_erp2;\n'}
[2.307307] (stonefish_ros2) StderrLine: {'line': b'      |                       \x1b[01;31m\x1b[K^~~~~~~~~~~~~~~~\x1b[m\x1b[K\n'}
[2.307366] (stonefish_ros2) StderrLine: {'line': b'      |                       \x1b[32m\x1b[KbtDynamicsWorld\x1b[m\x1b[K\n'}
[2.317672] (stonefish_ros2) StderrLine: {'line': b'\x1b[01m\x1b[K/home/dyj/ros2_ws/src/stonefish_ros2/src/FluidDynamicsTestManager.cpp:82:5:\x1b[m\x1b[K \x1b[01;31m\x1b[Kerror: \x1b[m\x1b[K\xe2\x80\x98\x1b[01m\x1b[KgetSleepingThresholds\x1b[m\x1b[K\xe2\x80\x99 was not declared in this scope\n'}
[2.317819] (stonefish_ros2) StderrLine: {'line': b'   82 |     \x1b[01;31m\x1b[KgetSleepingThresholds\x1b[m\x1b[K(linSleep, angSleep);\n'}
[2.317907] (stonefish_ros2) StderrLine: {'line': b'      |     \x1b[01;31m\x1b[K^~~~~~~~~~~~~~~~~~~~~\x1b[m\x1b[K\n'}
[2.323374] (stonefish_ros2) StderrLine: {'line': b'\x1b[01m\x1b[K/home/dyj/ros2_ws/src/stonefish_ros2/src/FluidDynamicsTestManager.cpp:85:5:\x1b[m\x1b[K \x1b[01;31m\x1b[Kerror: \x1b[m\x1b[K\xe2\x80\x98\x1b[01m\x1b[KsetSolverParams\x1b[m\x1b[K\xe2\x80\x99 was not declared in this scope\n'}
[2.323511] (stonefish_ros2) StderrLine: {'line': b'   85 |     \x1b[01;31m\x1b[KsetSolverParams\x1b[m\x1b[K(erp, stopErp, erp2, globalDamping, globalFriction, linSleep, angSleep);\n'}
[2.323593] (stonefish_ros2) StderrLine: {'line': b'      |     \x1b[01;31m\x1b[K^~~~~~~~~~~~~~~\x1b[m\x1b[K\n'}
[2.335288] (stonefish_ros2) StderrLine: {'line': b'\x1b[01m\x1b[K/home/dyj/ros2_ws/src/stonefish_ros2/src/FluidDynamicsTestManager.cpp:86:5:\x1b[m\x1b[K \x1b[01;31m\x1b[Kerror: \x1b[m\x1b[K\xe2\x80\x98\x1b[01m\x1b[KsetFluidDynamicsPrescaler\x1b[m\x1b[K\xe2\x80\x99 was not declared in this scope\n'}
[2.335450] (stonefish_ros2) StderrLine: {'line': b'   86 |     \x1b[01;31m\x1b[KsetFluidDynamicsPrescaler\x1b[m\x1b[K(1);\n'}
[2.335531] (stonefish_ros2) StderrLine: {'line': b'      |     \x1b[01;31m\x1b[K^~~~~~~~~~~~~~~~~~~~~~~~~\x1b[m\x1b[K\n'}
[2.340469] (stonefish_ros2) StderrLine: {'line': b'\x1b[01m\x1b[K/home/dyj/ros2_ws/src/stonefish_ros2/src/FluidDynamicsTestManager.cpp:89:5:\x1b[m\x1b[K \x1b[01;31m\x1b[Kerror: \x1b[m\x1b[K\xe2\x80\x98\x1b[01m\x1b[KCreateMaterial\x1b[m\x1b[K\xe2\x80\x99 was not declared in this scope\n'}
[2.340610] (stonefish_ros2) StderrLine: {'line': b'   89 |     \x1b[01;31m\x1b[KCreateMaterial\x1b[m\x1b[K("Light", sf::UnitSystem::Density(sf::CGS, sf::MKS, 0.9), 0.3);\n'}
[2.340693] (stonefish_ros2) StderrLine: {'line': b'      |     \x1b[01;31m\x1b[K^~~~~~~~~~~~~~\x1b[m\x1b[K\n'}
[2.351872] (stonefish_ros2) StderrLine: {'line': b'\x1b[01m\x1b[K/home/dyj/ros2_ws/src/stonefish_ros2/src/FluidDynamicsTestManager.cpp:92:5:\x1b[m\x1b[K \x1b[01;31m\x1b[Kerror: \x1b[m\x1b[K\xe2\x80\x98\x1b[01m\x1b[KSetMaterialsInteraction\x1b[m\x1b[K\xe2\x80\x99 was not declared in this scope\n'}
[2.352030] (stonefish_ros2) StderrLine: {'line': b'   92 |     \x1b[01;31m\x1b[KSetMaterialsInteraction\x1b[m\x1b[K("Light", "Light", 0.5, 0.2);\n'}
[2.352112] (stonefish_ros2) StderrLine: {'line': b'      |     \x1b[01;31m\x1b[K^~~~~~~~~~~~~~~~~~~~~~~\x1b[m\x1b[K\n'}
[2.354874] (stonefish_ros2) StderrLine: {'line': b'\x1b[01m\x1b[K/home/dyj/ros2_ws/src/stonefish_ros2/src/FluidDynamicsTestManager.cpp:100:5:\x1b[m\x1b[K \x1b[01;31m\x1b[Kerror: \x1b[m\x1b[K\xe2\x80\x98\x1b[01m\x1b[KCreateLook\x1b[m\x1b[K\xe2\x80\x99 was not declared in this scope\n'}
[2.355011] (stonefish_ros2) StderrLine: {'line': b'  100 |     \x1b[01;31m\x1b[KCreateLook\x1b[m\x1b[K("Yellow", sf::Color::RGB(1.f, 0.9f, 0.1f), 0.3f, 0.f);\n'}
[2.355093] (stonefish_ros2) StderrLine: {'line': b'      |     \x1b[01;31m\x1b[K^~~~~~~~~~\x1b[m\x1b[K\n'}
[2.358098] (stonefish_ros2) StderrLine: {'line': b'\x1b[01m\x1b[K/home/dyj/ros2_ws/src/stonefish_ros2/src/FluidDynamicsTestManager.cpp:104:5:\x1b[m\x1b[K \x1b[01;31m\x1b[Kerror: \x1b[m\x1b[K\xe2\x80\x98\x1b[01m\x1b[KEnableOcean\x1b[m\x1b[K\xe2\x80\x99 was not declared in this scope\n'}
[2.358248] (stonefish_ros2) StderrLine: {'line': b'  104 |     \x1b[01;31m\x1b[KEnableOcean\x1b[m\x1b[K(0.0);\n'}
[2.358330] (stonefish_ros2) StderrLine: {'line': b'      |     \x1b[01;31m\x1b[K^~~~~~~~~~~\x1b[m\x1b[K\n'}
[2.360115] (stonefish_ros2) StderrLine: {'line': b'\x1b[01m\x1b[K/home/dyj/ros2_ws/src/stonefish_ros2/src/FluidDynamicsTestManager.cpp:105:5:\x1b[m\x1b[K \x1b[01;31m\x1b[Kerror: \x1b[m\x1b[K\xe2\x80\x98\x1b[01m\x1b[KgetOcean\x1b[m\x1b[K\xe2\x80\x99 was not declared in this scope\n'}
[2.360265] (stonefish_ros2) StderrLine: {'line': b'  105 |     \x1b[01;31m\x1b[KgetOcean\x1b[m\x1b[K()->setWaterType(0.2);\n'}
[2.360348] (stonefish_ros2) StderrLine: {'line': b'      |     \x1b[01;31m\x1b[K^~~~~~~~\x1b[m\x1b[K\n'}
[2.363851] (stonefish_ros2) StderrLine: {'line': b'\x1b[01m\x1b[K/home/dyj/ros2_ws/src/stonefish_ros2/src/FluidDynamicsTestManager.cpp:106:5:\x1b[m\x1b[K \x1b[01;31m\x1b[Kerror: \x1b[m\x1b[K\xe2\x80\x98\x1b[01m\x1b[KgetAtmosphere\x1b[m\x1b[K\xe2\x80\x99 was not declared in this scope\n'}
[2.363987] (stonefish_ros2) StderrLine: {'line': b'  106 |     \x1b[01;31m\x1b[KgetAtmosphere\x1b[m\x1b[K()->SetSunPosition(0.0, 60.0);\n'}
[2.364076] (stonefish_ros2) StderrLine: {'line': b'      |     \x1b[01;31m\x1b[K^~~~~~~~~~~~~\x1b[m\x1b[K\n'}
[2.369491] (stonefish_ros2) StderrLine: {'line': b'\x1b[01m\x1b[K/home/dyj/ros2_ws/src/stonefish_ros2/src/FluidDynamicsTestManager.cpp:116:5:\x1b[m\x1b[K \x1b[01;31m\x1b[Kerror: \x1b[m\x1b[K\xe2\x80\x98\x1b[01m\x1b[KAddSolidEntity\x1b[m\x1b[K\xe2\x80\x99 was not declared in this scope\n'}
[2.369628] (stonefish_ros2) StderrLine: {'line': b'  116 |     \x1b[01;31m\x1b[KAddSolidEntity\x1b[m\x1b[K(AUV_body, sf::Transform(sf::Quaternion(0.0, 0.5, 0.0), sf::Vector3(0, 0, 6)));\n'}
[2.369710] (stonefish_ros2) StderrLine: {'line': b'      |     \x1b[01;31m\x1b[K^~~~~~~~~~~~~~\x1b[m\x1b[K\n'}
[2.372561] (stonefish_ros2) StderrLine: {'line': b'\x1b[01m\x1b[K/home/dyj/ros2_ws/src/stonefish_ros2/src/FluidDynamicsTestManager.cpp:150:5:\x1b[m\x1b[K \x1b[01;31m\x1b[Kerror: \x1b[m\x1b[K\xe2\x80\x98\x1b[01m\x1b[KAddRobot\x1b[m\x1b[K\xe2\x80\x99 was not declared in this scope\n'}
[2.372715] (stonefish_ros2) StderrLine: {'line': b'  150 |     \x1b[01;31m\x1b[KAddRobot\x1b[m\x1b[K(robot, sf::Transform(sf::IQ(), sf::Vector3(4, 0, 0)));\n'}
[2.372797] (stonefish_ros2) StderrLine: {'line': b'      |     \x1b[01;31m\x1b[K^~~~~~~~\x1b[m\x1b[K\n'}
[2.377091] (stonefish_ros2) StderrLine: {'line': b'\x1b[01m\x1b[K/home/dyj/ros2_ws/src/stonefish_ros2/src/FluidDynamicsTestManager.cpp:163:5:\x1b[m\x1b[K \x1b[01;31m\x1b[Kerror: \x1b[m\x1b[K\xe2\x80\x98\x1b[01m\x1b[Kthruster1_\x1b[m\x1b[K\xe2\x80\x99 was not declared in this scope\n'}
[2.377239] (stonefish_ros2) StderrLine: {'line': b'  163 |     \x1b[01;31m\x1b[Kthruster1_\x1b[m\x1b[K = new sf::SimpleThruster("Thruster1", propeller, true, false);\n'}
[2.377389] (stonefish_ros2) StderrLine: {'line': b'      |     \x1b[01;31m\x1b[K^~~~~~~~~~\x1b[m\x1b[K\n'}
[2.380962] (stonefish_ros2) StderrLine: {'line': b'\x1b[01m\x1b[K/home/dyj/ros2_ws/src/stonefish_ros2/src/FluidDynamicsTestManager.cpp:166:5:\x1b[m\x1b[K \x1b[01;31m\x1b[Kerror: \x1b[m\x1b[K\xe2\x80\x98\x1b[01m\x1b[KAddActuator\x1b[m\x1b[K\xe2\x80\x99 was not declared in this scope\n'}
[2.381065] (stonefish_ros2) StderrLine: {'line': b'  166 |     \x1b[01;31m\x1b[KAddActuator\x1b[m\x1b[K(thruster1_);\n'}
[2.381135] (stonefish_ros2) StderrLine: {'line': b'      |     \x1b[01;31m\x1b[K^~~~~~~~~~~\x1b[m\x1b[K\n'}
[2.383781] (stonefish_ros2) StderrLine: {'line': b'\x1b[01m\x1b[K/home/dyj/ros2_ws/src/stonefish_ros2/src/FluidDynamicsTestManager.cpp:168:5:\x1b[m\x1b[K \x1b[01;31m\x1b[Kerror: \x1b[m\x1b[K\xe2\x80\x98\x1b[01m\x1b[Kthruster2_\x1b[m\x1b[K\xe2\x80\x99 was not declared in this scope\n'}
[2.383863] (stonefish_ros2) StderrLine: {'line': b'  168 |     \x1b[01;31m\x1b[Kthruster2_\x1b[m\x1b[K = new sf::SimpleThruster("Thruster2", propeller, true, false);\n'}
[2.383926] (stonefish_ros2) StderrLine: {'line': b'      |     \x1b[01;31m\x1b[K^~~~~~~~~~\x1b[m\x1b[K\n'}
[2.387166] (stonefish_ros2) StderrLine: {'line': b'\x1b[01m\x1b[K/home/dyj/ros2_ws/src/stonefish_ros2/src/FluidDynamicsTestManager.cpp:185:9:\x1b[m\x1b[K \x1b[01;31m\x1b[Kerror: \x1b[m\x1b[K\xe2\x80\x98\x1b[01m\x1b[KAddSensor\x1b[m\x1b[K\xe2\x80\x99 was not declared in this scope\n'}
[2.387239] (stonefish_ros2) StderrLine: {'line': b'  185 |         \x1b[01;31m\x1b[KAddSensor\x1b[m\x1b[K(odometry);\n'}
[2.387298] (stonefish_ros2) StderrLine: {'line': b'      |         \x1b[01;31m\x1b[K^~~~~~~~~\x1b[m\x1b[K\n'}
[2.387904] (stonefish_ros2) StderrLine: {'line': b'\x1b[01m\x1b[K/home/dyj/ros2_ws/src/stonefish_ros2/src/FluidDynamicsTestManager.cpp:\x1b[m\x1b[K At global scope:\n'}
[2.387966] (stonefish_ros2) StderrLine: {'line': b'\x1b[01m\x1b[K/home/dyj/ros2_ws/src/stonefish_ros2/src/FluidDynamicsTestManager.cpp:194:6:\x1b[m\x1b[K \x1b[01;31m\x1b[Kerror: \x1b[m\x1b[K\xe2\x80\x98\x1b[01m\x1b[KFluidDynamicsTestManager\x1b[m\x1b[K\xe2\x80\x99 has not been declared\n'}
[2.388023] (stonefish_ros2) StderrLine: {'line': b'  194 | void \x1b[01;31m\x1b[KFluidDynamicsTestManager\x1b[m\x1b[K::SimulationStepCompleted(sf::Scalar timeStep) {\n'}
[2.388080] (stonefish_ros2) StderrLine: {'line': b'      |      \x1b[01;31m\x1b[K^~~~~~~~~~~~~~~~~~~~~~~~\x1b[m\x1b[K\n'}
[2.389950] (stonefish_ros2) StderrLine: {'line': b'\x1b[01m\x1b[K/home/dyj/ros2_ws/src/stonefish_ros2/src/FluidDynamicsTestManager.cpp:\x1b[m\x1b[K In function \xe2\x80\x98\x1b[01m\x1b[Kvoid SimulationStepCompleted(sf::Scalar)\x1b[m\x1b[K\xe2\x80\x99:\n'}
[2.390016] (stonefish_ros2) StderrLine: {'line': b'\x1b[01m\x1b[K/home/dyj/ros2_ws/src/stonefish_ros2/src/FluidDynamicsTestManager.cpp:195:23:\x1b[m\x1b[K \x1b[01;31m\x1b[Kerror: \x1b[m\x1b[K\xe2\x80\x98\x1b[01m\x1b[Kros_node_\x1b[m\x1b[K\xe2\x80\x99 was not declared in this scope; did you mean \xe2\x80\x98\x1b[01m\x1b[Krcl_node_t\x1b[m\x1b[K\xe2\x80\x99?\n'}
[2.390075] (stonefish_ros2) StderrLine: {'line': b'  195 |     rclcpp::spin_some(\x1b[01;31m\x1b[Kros_node_\x1b[m\x1b[K);\n'}
[2.390138] (stonefish_ros2) StderrLine: {'line': b'      |                       \x1b[01;31m\x1b[K^~~~~~~~~\x1b[m\x1b[K\n'}
[2.390194] (stonefish_ros2) StderrLine: {'line': b'      |                       \x1b[32m\x1b[Krcl_node_t\x1b[m\x1b[K\n'}
[2.390321] (stonefish_ros2) StderrLine: {'line': b'\x1b[01m\x1b[K/home/dyj/ros2_ws/src/stonefish_ros2/src/FluidDynamicsTestManager.cpp:197:56:\x1b[m\x1b[K \x1b[01;31m\x1b[Kerror: \x1b[m\x1b[K\xe2\x80\x98\x1b[01m\x1b[Kstd::filesystem\x1b[m\x1b[K\xe2\x80\x99 has not been declared\n'}
[2.390382] (stonefish_ros2) StderrLine: {'line': b'  197 |     std::cout << "Current working directory: " << std::\x1b[01;31m\x1b[Kfilesystem\x1b[m\x1b[K::current_path() << std::endl;\n'}
[2.390438] (stonefish_ros2) StderrLine: {'line': b'      |                                                        \x1b[01;31m\x1b[K^~~~~~~~~~\x1b[m\x1b[K\n'}
[2.392006] (stonefish_ros2) StderrLine: {'line': b'\x1b[01m\x1b[K/home/dyj/ros2_ws/src/stonefish_ros2/src/FluidDynamicsTestManager.cpp:200:22:\x1b[m\x1b[K \x1b[01;31m\x1b[Kerror: \x1b[m\x1b[K\xe2\x80\x98\x1b[01m\x1b[KgetOcean\x1b[m\x1b[K\xe2\x80\x99 was not declared in this scope\n'}
[2.392067] (stonefish_ros2) StderrLine: {'line': b'  200 |     sf::Scalar rho = \x1b[01;31m\x1b[KgetOcean\x1b[m\x1b[K()->getLiquid().density;\n'}
[2.392121] (stonefish_ros2) StderrLine: {'line': b'      |                      \x1b[01;31m\x1b[K^~~~~~~~\x1b[m\x1b[K\n'}
[2.393886] (stonefish_ros2) StderrLine: {'line': b'\x1b[01m\x1b[K/home/dyj/ros2_ws/src/stonefish_ros2/src/FluidDynamicsTestManager.cpp:203:39:\x1b[m\x1b[K \x1b[01;31m\x1b[Kerror: \x1b[m\x1b[K\xe2\x80\x98\x1b[01m\x1b[KgetEntity\x1b[m\x1b[K\xe2\x80\x99 was not declared in this scope\n'}
[2.393954] (stonefish_ros2) StderrLine: {'line': b'  203 |     sf::Sphere* sphere = (sf::Sphere*)\x1b[01;31m\x1b[KgetEntity\x1b[m\x1b[K("Sphere");\n'}
[2.394009] (stonefish_ros2) StderrLine: {'line': b'      |                                       \x1b[01;31m\x1b[K^~~~~~~~~\x1b[m\x1b[K\n'}
[2.397727] (stonefish_ros2) StderrLine: {'line': b'\x1b[01m\x1b[K/home/dyj/ros2_ws/src/stonefish_ros2/src/FluidDynamicsTestManager.cpp:234:5:\x1b[m\x1b[K \x1b[01;31m\x1b[Kerror: \x1b[m\x1b[K\xe2\x80\x98\x1b[01m\x1b[Ktotal_force_pub_\x1b[m\x1b[K\xe2\x80\x99 was not declared in this scope; did you mean \xe2\x80\x98\x1b[01m\x1b[Ktotal_force_msg\x1b[m\x1b[K\xe2\x80\x99?\n'}
[2.397813] (stonefish_ros2) StderrLine: {'line': b'  234 |     \x1b[01;31m\x1b[Ktotal_force_pub_\x1b[m\x1b[K->publish(total_force_msg);\n'}
[2.397877] (stonefish_ros2) StderrLine: {'line': b'      |     \x1b[01;31m\x1b[K^~~~~~~~~~~~~~~~\x1b[m\x1b[K\n'}
[2.397935] (stonefish_ros2) StderrLine: {'line': b'      |     \x1b[32m\x1b[Ktotal_force_msg\x1b[m\x1b[K\n'}
[2.402252] (stonefish_ros2) StderrLine: {'line': b'\x1b[01m\x1b[K/home/dyj/ros2_ws/src/stonefish_ros2/src/FluidDynamicsTestManager.cpp:240:5:\x1b[m\x1b[K \x1b[01;31m\x1b[Kerror: \x1b[m\x1b[K\xe2\x80\x98\x1b[01m\x1b[Kbuoyancy_force_pub_\x1b[m\x1b[K\xe2\x80\x99 was not declared in this scope; did you mean \xe2\x80\x98\x1b[01m\x1b[Kbuoyancy_force_msg\x1b[m\x1b[K\xe2\x80\x99?\n'}
[2.402327] (stonefish_ros2) StderrLine: {'line': b'  240 |     \x1b[01;31m\x1b[Kbuoyancy_force_pub_\x1b[m\x1b[K->publish(buoyancy_force_msg);\n'}
[2.402383] (stonefish_ros2) StderrLine: {'line': b'      |     \x1b[01;31m\x1b[K^~~~~~~~~~~~~~~~~~~\x1b[m\x1b[K\n'}
[2.402437] (stonefish_ros2) StderrLine: {'line': b'      |     \x1b[32m\x1b[Kbuoyancy_force_msg\x1b[m\x1b[K\n'}
[2.406422] (-) TimerEvent: {}
[2.407254] (stonefish_ros2) StderrLine: {'line': b'\x1b[01m\x1b[K/home/dyj/ros2_ws/src/stonefish_ros2/src/FluidDynamicsTestManager.cpp:246:5:\x1b[m\x1b[K \x1b[01;31m\x1b[Kerror: \x1b[m\x1b[K\xe2\x80\x98\x1b[01m\x1b[Klinear_velocity_pub_\x1b[m\x1b[K\xe2\x80\x99 was not declared in this scope; did you mean \xe2\x80\x98\x1b[01m\x1b[Klinear_velocity_msg\x1b[m\x1b[K\xe2\x80\x99?\n'}
[2.407347] (stonefish_ros2) StderrLine: {'line': b'  246 |     \x1b[01;31m\x1b[Klinear_velocity_pub_\x1b[m\x1b[K->publish(linear_velocity_msg);\n'}
[2.407410] (stonefish_ros2) StderrLine: {'line': b'      |     \x1b[01;31m\x1b[K^~~~~~~~~~~~~~~~~~~~\x1b[m\x1b[K\n'}
[2.407467] (stonefish_ros2) StderrLine: {'line': b'      |     \x1b[32m\x1b[Klinear_velocity_msg\x1b[m\x1b[K\n'}
[2.412664] (stonefish_ros2) StderrLine: {'line': b'\x1b[01m\x1b[K/home/dyj/ros2_ws/src/stonefish_ros2/src/FluidDynamicsTestManager.cpp:250:5:\x1b[m\x1b[K \x1b[01;31m\x1b[Kerror: \x1b[m\x1b[K\xe2\x80\x98\x1b[01m\x1b[Ksubmerged_volume_pub_\x1b[m\x1b[K\xe2\x80\x99 was not declared in this scope; did you mean \xe2\x80\x98\x1b[01m\x1b[Ksubmerged_volume_msg\x1b[m\x1b[K\xe2\x80\x99?\n'}
[2.412739] (stonefish_ros2) StderrLine: {'line': b'  250 |     \x1b[01;31m\x1b[Ksubmerged_volume_pub_\x1b[m\x1b[K->publish(submerged_volume_msg);\n'}
[2.412803] (stonefish_ros2) StderrLine: {'line': b'      |     \x1b[01;31m\x1b[K^~~~~~~~~~~~~~~~~~~~~\x1b[m\x1b[K\n'}
[2.412858] (stonefish_ros2) StderrLine: {'line': b'      |     \x1b[32m\x1b[Ksubmerged_volume_msg\x1b[m\x1b[K\n'}
[2.506472] (stonefish_ros2) StderrLine: {'line': b'make[2]: *** [CMakeFiles/fluid_dynamics_test.dir/build.make:92\xef\xbc\x9aCMakeFiles/fluid_dynamics_test.dir/src/main.cpp.o] \xe9\x94\x99\xe8\xaf\xaf 1\n'}
[2.506705] (-) TimerEvent: {}
[2.506824] (stonefish_ros2) StderrLine: {'line': b'make[2]: *** \xe6\xad\xa3\xe5\x9c\xa8\xe7\xad\x89\xe5\xbe\x85\xe6\x9c\xaa\xe5\xae\x8c\xe6\x88\x90\xe7\x9a\x84\xe4\xbb\xbb\xe5\x8a\xa1....\n'}
[2.512556] (stonefish_ros2) StderrLine: {'line': b'make[2]: *** [CMakeFiles/fluid_dynamics_test.dir/build.make:79\xef\xbc\x9aCMakeFiles/fluid_dynamics_test.dir/src/FluidDynamicsTestApp.cpp.o] \xe9\x94\x99\xe8\xaf\xaf 1\n'}
[2.606840] (-) TimerEvent: {}
[2.705536] (stonefish_ros2) StderrLine: {'line': b'make[2]: *** [CMakeFiles/fluid_dynamics_test.dir/build.make:66\xef\xbc\x9aCMakeFiles/fluid_dynamics_test.dir/src/FluidDynamicsTestManager.cpp.o] \xe9\x94\x99\xe8\xaf\xaf 1\n'}
[2.705838] (stonefish_ros2) StdoutLine: {'line': b'make[2]: \xe7\xa6\xbb\xe5\xbc\x80\xe7\x9b\xae\xe5\xbd\x95\xe2\x80\x9c/home/dyj/ros2_ws/build/stonefish_ros2\xe2\x80\x9d\n'}
[2.705952] (stonefish_ros2) StdoutLine: {'line': b'make[1]: \xe7\xa6\xbb\xe5\xbc\x80\xe7\x9b\xae\xe5\xbd\x95\xe2\x80\x9c/home/dyj/ros2_ws/build/stonefish_ros2\xe2\x80\x9d\n'}
[2.706023] (stonefish_ros2) StderrLine: {'line': b'make[1]: *** [CMakeFiles/Makefile2:390\xef\xbc\x9aCMakeFiles/fluid_dynamics_test.dir/all] \xe9\x94\x99\xe8\xaf\xaf 2\n'}
[2.706095] (stonefish_ros2) StderrLine: {'line': b'make: *** [Makefile:144\xef\xbc\x9aall] \xe9\x94\x99\xe8\xaf\xaf 2\n'}
[2.706896] (-) TimerEvent: {}
[2.710450] (stonefish_ros2) CommandEnded: {'returncode': 2}
[2.720211] (stonefish_ros2) JobEnded: {'identifier': 'stonefish_ros2', 'rc': 2}
[2.730501] (-) EventReactorShutdown: {}
