[0.000000] (-) TimerEvent: {}
[0.000185] (stonefish_ros2) JobQueued: {'identifier': 'stonefish_ros2', 'dependencies': OrderedDict()}
[0.000221] (stonefish_ros2) JobStarted: {'identifier': 'stonefish_ros2'}
[0.004963] (stonefish_ros2) JobProgress: {'identifier': 'stonefish_ros2', 'progress': 'cmake'}
[0.005555] (stonefish_ros2) JobProgress: {'identifier': 'stonefish_ros2', 'progress': 'build'}
[0.006229] (stonefish_ros2) Command: {'cmd': ['/usr/bin/cmake', '--build', '/home/dyj/ros2_ws/build/stonefish_ros2', '--', '-j16', '-l16'], 'cwd': '/home/dyj/ros2_ws/build/stonefish_ros2', 'env': OrderedDict([('GJS_DEBUG_TOPICS', 'JS ERROR;JS LOG'), ('LESSOPEN', '| /usr/bin/lesspipe %s'), ('HTTPS_PROXY', 'http://127.0.0.1:7890/'), ('no_proxy', 'localhost,127.0.0.0/8,::1'), ('LANGUAGE', 'zh_CN:zh'), ('USER', 'dyj'), ('all_proxy', 'socks://127.0.0.1:7891/'), ('SSH_AGENT_PID', '1372'), ('XDG_SESSION_TYPE', 'x11'), ('SHLVL', '1'), ('LD_LIBRARY_PATH', '/opt/ros/rolling/lib:/usr/local/lib:/usr/local/lib:/opt/ros/rolling/opt/yaml_cpp_vendor/lib:/opt/ros/rolling/opt/rviz_ogre_vendor/lib:/opt/ros/rolling/lib/x86_64-linux-gnu:/opt/ros/rolling/libb'), ('HOME', '/home/dyj'), ('OLDPWD', '/home/dyj/桌面'), ('DESKTOP_SESSION', 'ubuntu'), ('NO_PROXY', 'localhost,127.0.0.0/8,::1'), ('ROS_PYTHON_VERSION', '3'), ('GNOME_SHELL_SESSION_MODE', 'ubuntu'), ('GTK_MODULES', 'gail:atk-bridge'), ('MANAGERPID', '1020'), ('DBUS_SESSION_BUS_ADDRESS', 'unix:path=/run/user/1000/bus'), ('COLORTERM', 'truecolor'), ('IM_CONFIG_PHASE', '1'), ('https_proxy', 'http://127.0.0.1:7890/'), ('ROS_DISTRO', 'rolling'), ('LOGNAME', 'dyj'), ('ALL_PROXY', 'socks://127.0.0.1:7891/'), ('http_proxy', 'http://127.0.0.1:7890/'), ('JOURNAL_STREAM', '8:49447'), ('_', '/usr/bin/colcon'), ('ROS_VERSION', '2'), ('PKG_CONFIG_PATH', '/usr/local/lib/pkgconfig:/usr/local/lib/pkgconfig:'), ('XDG_SESSION_CLASS', 'user'), ('USERNAME', 'dyj'), ('TERM', 'xterm-256color'), ('GNOME_DESKTOP_SESSION_ID', 'this-is-deprecated'), ('ROS_LOCALHOST_ONLY', '0'), ('WINDOWPATH', '2'), ('PATH', '/opt/ros/rolling/bin:/usr/local/sbin:/usr/local/bin:/usr/sbin:/usr/bin:/sbin:/bin:/usr/games:/usr/local/games:/snap/bin'), ('SESSION_MANAGER', 'local/dyj-Jiaolong-Series-MRID6:@/tmp/.ICE-unix/1407,unix/dyj-Jiaolong-Series-MRID6:/tmp/.ICE-unix/1407'), ('INVOCATION_ID', '2c40440abd1d4280b41abb92091ea868'), ('XDG_MENU_PREFIX', 'gnome-'), ('GNOME_TERMINAL_SCREEN', '/org/gnome/Terminal/screen/7ffe0fe5_868f_48f6_bc8d_aabe5e006e53'), ('XDG_RUNTIME_DIR', '/run/user/1000'), ('DISPLAY', ':0'), ('LANG', 'zh_CN.UTF-8'), ('XDG_CURRENT_DESKTOP', 'ubuntu:GNOME'), ('XMODIFIERS', '@im=ibus'), ('XDG_SESSION_DESKTOP', 'ubuntu'), ('XAUTHORITY', '/run/user/1000/gdm/Xauthority'), ('LS_COLORS', 'rs=0:di=01;34:ln=01;36:mh=00:pi=40;33:so=01;35:do=01;35:bd=40;33;01:cd=40;33;01:or=40;31;01:mi=00:su=37;41:sg=30;43:ca=30;41:tw=30;42:ow=34;42:st=37;44:ex=01;32:*.tar=01;31:*.tgz=01;31:*.arc=01;31:*.arj=01;31:*.taz=01;31:*.lha=01;31:*.lz4=01;31:*.lzh=01;31:*.lzma=01;31:*.tlz=01;31:*.txz=01;31:*.tzo=01;31:*.t7z=01;31:*.zip=01;31:*.z=01;31:*.dz=01;31:*.gz=01;31:*.lrz=01;31:*.lz=01;31:*.lzo=01;31:*.xz=01;31:*.zst=01;31:*.tzst=01;31:*.bz2=01;31:*.bz=01;31:*.tbz=01;31:*.tbz2=01;31:*.tz=01;31:*.deb=01;31:*.rpm=01;31:*.jar=01;31:*.war=01;31:*.ear=01;31:*.sar=01;31:*.rar=01;31:*.alz=01;31:*.ace=01;31:*.zoo=01;31:*.cpio=01;31:*.7z=01;31:*.rz=01;31:*.cab=01;31:*.wim=01;31:*.swm=01;31:*.dwm=01;31:*.esd=01;31:*.jpg=01;35:*.jpeg=01;35:*.mjpg=01;35:*.mjpeg=01;35:*.gif=01;35:*.bmp=01;35:*.pbm=01;35:*.pgm=01;35:*.ppm=01;35:*.tga=01;35:*.xbm=01;35:*.xpm=01;35:*.tif=01;35:*.tiff=01;35:*.png=01;35:*.svg=01;35:*.svgz=01;35:*.mng=01;35:*.pcx=01;35:*.mov=01;35:*.mpg=01;35:*.mpeg=01;35:*.m2v=01;35:*.mkv=01;35:*.webm=01;35:*.ogm=01;35:*.mp4=01;35:*.m4v=01;35:*.mp4v=01;35:*.vob=01;35:*.qt=01;35:*.nuv=01;35:*.wmv=01;35:*.asf=01;35:*.rm=01;35:*.rmvb=01;35:*.flc=01;35:*.avi=01;35:*.fli=01;35:*.flv=01;35:*.gl=01;35:*.dl=01;35:*.xcf=01;35:*.xwd=01;35:*.yuv=01;35:*.cgm=01;35:*.emf=01;35:*.ogv=01;35:*.ogx=01;35:*.aac=00;36:*.au=00;36:*.flac=00;36:*.m4a=00;36:*.mid=00;36:*.midi=00;36:*.mka=00;36:*.mp3=00;36:*.mpc=00;36:*.ogg=00;36:*.ra=00;36:*.wav=00;36:*.oga=00;36:*.opus=00;36:*.spx=00;36:*.xspf=00;36:'), ('GNOME_TERMINAL_SERVICE', ':1.109'), ('SSH_AUTH_SOCK', '/run/user/1000/keyring/ssh'), ('AMENT_PREFIX_PATH', '/opt/ros/rolling'), ('SHELL', '/bin/bash'), ('QT_ACCESSIBILITY', '1'), ('GDMSESSION', 'ubuntu'), ('LESSCLOSE', '/usr/bin/lesspipe %s %s'), ('GPG_AGENT_INFO', '/run/user/1000/gnupg/S.gpg-agent:0:1'), ('GJS_DEBUG_OUTPUT', 'stderr'), ('QT_IM_MODULE', 'ibus'), ('PWD', '/home/dyj/ros2_ws/build/stonefish_ros2'), ('XDG_CONFIG_DIRS', '/etc/xdg/xdg-ubuntu:/etc/xdg'), ('XDG_DATA_DIRS', '/usr/share/ubuntu:/usr/local/share/:/usr/share/:/var/lib/snapd/desktop'), ('PYTHONPATH', '/opt/ros/rolling/lib/python3.8/site-packages'), ('HTTP_PROXY', 'http://127.0.0.1:7890/'), ('COLCON', '1'), ('VTE_VERSION', '6003'), ('CMAKE_PREFIX_PATH', '/usr/local:/usr/local::/opt/ros/rolling')]), 'shell': False}
[0.026955] (stonefish_ros2) StdoutLine: {'line': b'/usr/bin/cmake -S/home/dyj/ros2_ws/src/stonefish_ros2 -B/home/dyj/ros2_ws/build/stonefish_ros2 --check-build-system CMakeFiles/Makefile.cmake 0\n'}
[0.037849] (stonefish_ros2) StdoutLine: {'line': b'/usr/bin/cmake -E cmake_progress_start /home/dyj/ros2_ws/build/stonefish_ros2/CMakeFiles /home/dyj/ros2_ws/build/stonefish_ros2/CMakeFiles/progress.marks\n'}
[0.044708] (stonefish_ros2) StdoutLine: {'line': b'/usr/bin/make -f CMakeFiles/Makefile2 all\n'}
[0.045444] (stonefish_ros2) StdoutLine: {'line': b'make[1]: \xe8\xbf\x9b\xe5\x85\xa5\xe7\x9b\xae\xe5\xbd\x95\xe2\x80\x9c/home/dyj/ros2_ws/build/stonefish_ros2\xe2\x80\x9d\n'}
[0.045591] (stonefish_ros2) StdoutLine: {'line': b'/usr/bin/make -f CMakeFiles/stonefish_ros2__cpp.dir/build.make CMakeFiles/stonefish_ros2__cpp.dir/depend\n'}
[0.045703] (stonefish_ros2) StdoutLine: {'line': b'/usr/bin/make -f CMakeFiles/stonefish_ros2__rosidl_generator_c.dir/build.make CMakeFiles/stonefish_ros2__rosidl_generator_c.dir/depend\n'}
[0.045776] (stonefish_ros2) StdoutLine: {'line': b'/usr/bin/make -f CMakeFiles/ament_cmake_python_symlink_stonefish_ros2.dir/build.make CMakeFiles/ament_cmake_python_symlink_stonefish_ros2.dir/depend\n'}
[0.046107] (stonefish_ros2) StdoutLine: {'line': b'make[2]: \xe8\xbf\x9b\xe5\x85\xa5\xe7\x9b\xae\xe5\xbd\x95\xe2\x80\x9c/home/dyj/ros2_ws/build/stonefish_ros2\xe2\x80\x9d\n'}
[0.046165] (stonefish_ros2) StdoutLine: {'line': b'cd /home/dyj/ros2_ws/build/stonefish_ros2 && /usr/bin/cmake -E cmake_depends "Unix Makefiles" /home/dyj/ros2_ws/src/stonefish_ros2 /home/dyj/ros2_ws/src/stonefish_ros2 /home/dyj/ros2_ws/build/stonefish_ros2 /home/dyj/ros2_ws/build/stonefish_ros2 /home/dyj/ros2_ws/build/stonefish_ros2/CMakeFiles/ament_cmake_python_symlink_stonefish_ros2.dir/DependInfo.cmake --color=\n'}
[0.047079] (stonefish_ros2) StdoutLine: {'line': b'make[2]: \xe8\xbf\x9b\xe5\x85\xa5\xe7\x9b\xae\xe5\xbd\x95\xe2\x80\x9c/home/dyj/ros2_ws/build/stonefish_ros2\xe2\x80\x9d\n'}
[0.047230] (stonefish_ros2) StdoutLine: {'line': b'cd /home/dyj/ros2_ws/build/stonefish_ros2 && /usr/bin/cmake -E cmake_depends "Unix Makefiles" /home/dyj/ros2_ws/src/stonefish_ros2 /home/dyj/ros2_ws/src/stonefish_ros2 /home/dyj/ros2_ws/build/stonefish_ros2 /home/dyj/ros2_ws/build/stonefish_ros2 /home/dyj/ros2_ws/build/stonefish_ros2/CMakeFiles/stonefish_ros2__cpp.dir/DependInfo.cmake --color=\n'}
[0.047353] (stonefish_ros2) StdoutLine: {'line': b'make[2]: \xe8\xbf\x9b\xe5\x85\xa5\xe7\x9b\xae\xe5\xbd\x95\xe2\x80\x9c/home/dyj/ros2_ws/build/stonefish_ros2\xe2\x80\x9d\n'}
[0.047428] (stonefish_ros2) StdoutLine: {'line': b'cd /home/dyj/ros2_ws/build/stonefish_ros2 && /usr/bin/cmake -E cmake_depends "Unix Makefiles" /home/dyj/ros2_ws/src/stonefish_ros2 /home/dyj/ros2_ws/src/stonefish_ros2 /home/dyj/ros2_ws/build/stonefish_ros2 /home/dyj/ros2_ws/build/stonefish_ros2 /home/dyj/ros2_ws/build/stonefish_ros2/CMakeFiles/stonefish_ros2__rosidl_generator_c.dir/DependInfo.cmake --color=\n'}
[0.050948] (stonefish_ros2) StdoutLine: {'line': b'make[2]: \xe7\xa6\xbb\xe5\xbc\x80\xe7\x9b\xae\xe5\xbd\x95\xe2\x80\x9c/home/dyj/ros2_ws/build/stonefish_ros2\xe2\x80\x9d\n'}
[0.051088] (stonefish_ros2) StdoutLine: {'line': b'/usr/bin/make -f CMakeFiles/ament_cmake_python_symlink_stonefish_ros2.dir/build.make CMakeFiles/ament_cmake_python_symlink_stonefish_ros2.dir/build\n'}
[0.051418] (stonefish_ros2) StdoutLine: {'line': b'make[2]: \xe8\xbf\x9b\xe5\x85\xa5\xe7\x9b\xae\xe5\xbd\x95\xe2\x80\x9c/home/dyj/ros2_ws/build/stonefish_ros2\xe2\x80\x9d\n'}
[0.051549] (stonefish_ros2) StdoutLine: {'line': b'/usr/bin/cmake -E create_symlink /home/dyj/ros2_ws/build/stonefish_ros2/rosidl_generator_py/stonefish_ros2 /home/dyj/ros2_ws/build/stonefish_ros2/ament_cmake_python/stonefish_ros2/stonefish_ros2\n'}
[0.051899] (stonefish_ros2) StdoutLine: {'line': b'make[2]: \xe7\xa6\xbb\xe5\xbc\x80\xe7\x9b\xae\xe5\xbd\x95\xe2\x80\x9c/home/dyj/ros2_ws/build/stonefish_ros2\xe2\x80\x9d\n'}
[0.052045] (stonefish_ros2) StdoutLine: {'line': b'/usr/bin/make -f CMakeFiles/stonefish_ros2__rosidl_generator_c.dir/build.make CMakeFiles/stonefish_ros2__rosidl_generator_c.dir/build\n'}
[0.055999] (stonefish_ros2) StdoutLine: {'line': b'make[2]: \xe7\xa6\xbb\xe5\xbc\x80\xe7\x9b\xae\xe5\xbd\x95\xe2\x80\x9c/home/dyj/ros2_ws/build/stonefish_ros2\xe2\x80\x9d\n'}
[0.056060] (stonefish_ros2) StdoutLine: {'line': b'/usr/bin/make -f CMakeFiles/stonefish_ros2__cpp.dir/build.make CMakeFiles/stonefish_ros2__cpp.dir/build\n'}
[0.056226] (stonefish_ros2) StdoutLine: {'line': b'make[2]: \xe8\xbf\x9b\xe5\x85\xa5\xe7\x9b\xae\xe5\xbd\x95\xe2\x80\x9c/home/dyj/ros2_ws/build/stonefish_ros2\xe2\x80\x9d\n'}
[0.056256] (stonefish_ros2) StdoutLine: {'line': b'make[2]: \xe5\xaf\xb9\xe2\x80\x9cCMakeFiles/stonefish_ros2__rosidl_generator_c.dir/build\xe2\x80\x9d\xe6\x97\xa0\xe9\x9c\x80\xe5\x81\x9a\xe4\xbb\xbb\xe4\xbd\x95\xe4\xba\x8b\xe3\x80\x82\n'}
[0.056283] (stonefish_ros2) StdoutLine: {'line': b'make[2]: \xe7\xa6\xbb\xe5\xbc\x80\xe7\x9b\xae\xe5\xbd\x95\xe2\x80\x9c/home/dyj/ros2_ws/build/stonefish_ros2\xe2\x80\x9d\n'}
[0.057245] (stonefish_ros2) StdoutLine: {'line': b'make[2]: \xe8\xbf\x9b\xe5\x85\xa5\xe7\x9b\xae\xe5\xbd\x95\xe2\x80\x9c/home/dyj/ros2_ws/build/stonefish_ros2\xe2\x80\x9d\n'}
[0.057301] (stonefish_ros2) StdoutLine: {'line': b'make[2]: \xe5\xaf\xb9\xe2\x80\x9cCMakeFiles/stonefish_ros2__cpp.dir/build\xe2\x80\x9d\xe6\x97\xa0\xe9\x9c\x80\xe5\x81\x9a\xe4\xbb\xbb\xe4\xbd\x95\xe4\xba\x8b\xe3\x80\x82\n'}
[0.057336] (stonefish_ros2) StdoutLine: {'line': b'make[2]: \xe7\xa6\xbb\xe5\xbc\x80\xe7\x9b\xae\xe5\xbd\x95\xe2\x80\x9c/home/dyj/ros2_ws/build/stonefish_ros2\xe2\x80\x9d\n'}
[0.058613] (stonefish_ros2) StdoutLine: {'line': b'make[2]: \xe7\xa6\xbb\xe5\xbc\x80\xe7\x9b\xae\xe5\xbd\x95\xe2\x80\x9c/home/dyj/ros2_ws/build/stonefish_ros2\xe2\x80\x9d\n'}
[0.059654] (stonefish_ros2) StdoutLine: {'line': b'[ 10%] Built target stonefish_ros2__rosidl_generator_c\n'}
[0.059982] (stonefish_ros2) StdoutLine: {'line': b'/usr/bin/make -f CMakeFiles/stonefish_ros2__rosidl_typesupport_c.dir/build.make CMakeFiles/stonefish_ros2__rosidl_typesupport_c.dir/depend\n'}
[0.060081] (stonefish_ros2) StdoutLine: {'line': b'/usr/bin/make -f CMakeFiles/stonefish_ros2__rosidl_typesupport_introspection_c.dir/build.make CMakeFiles/stonefish_ros2__rosidl_typesupport_introspection_c.dir/depend\n'}
[0.060558] (stonefish_ros2) StdoutLine: {'line': b'[ 11%] Built target stonefish_ros2__cpp\n'}
[0.060912] (stonefish_ros2) StdoutLine: {'line': b'/usr/bin/make -f CMakeFiles/stonefish_ros2__rosidl_typesupport_cpp.dir/build.make CMakeFiles/stonefish_ros2__rosidl_typesupport_cpp.dir/depend\n'}
[0.061070] (stonefish_ros2) StdoutLine: {'line': b'/usr/bin/make -f CMakeFiles/stonefish_ros2__rosidl_typesupport_fastrtps_cpp.dir/build.make CMakeFiles/stonefish_ros2__rosidl_typesupport_fastrtps_cpp.dir/depend\n'}
[0.061170] (stonefish_ros2) StdoutLine: {'line': b'/usr/bin/make -f CMakeFiles/stonefish_ros2__rosidl_typesupport_introspection_cpp.dir/build.make CMakeFiles/stonefish_ros2__rosidl_typesupport_introspection_cpp.dir/depend\n'}
[0.061477] (stonefish_ros2) StdoutLine: {'line': b'make[2]: \xe8\xbf\x9b\xe5\x85\xa5\xe7\x9b\xae\xe5\xbd\x95\xe2\x80\x9c/home/dyj/ros2_ws/build/stonefish_ros2\xe2\x80\x9d\n'}
[0.061550] (stonefish_ros2) StdoutLine: {'line': b'cd /home/dyj/ros2_ws/build/stonefish_ros2 && /usr/bin/cmake -E cmake_depends "Unix Makefiles" /home/dyj/ros2_ws/src/stonefish_ros2 /home/dyj/ros2_ws/src/stonefish_ros2 /home/dyj/ros2_ws/build/stonefish_ros2 /home/dyj/ros2_ws/build/stonefish_ros2 /home/dyj/ros2_ws/build/stonefish_ros2/CMakeFiles/stonefish_ros2__rosidl_typesupport_c.dir/DependInfo.cmake --color=\n'}
[0.061939] (stonefish_ros2) StdoutLine: {'line': b'[ 11%] Built target ament_cmake_python_symlink_stonefish_ros2\n'}
[0.062257] (stonefish_ros2) StdoutLine: {'line': b'/usr/bin/make -f CMakeFiles/ament_cmake_python_build_stonefish_ros2_egg.dir/build.make CMakeFiles/ament_cmake_python_build_stonefish_ros2_egg.dir/depend\n'}
[0.062327] (stonefish_ros2) StdoutLine: {'line': b'make[2]: \xe8\xbf\x9b\xe5\x85\xa5\xe7\x9b\xae\xe5\xbd\x95\xe2\x80\x9c/home/dyj/ros2_ws/build/stonefish_ros2\xe2\x80\x9d\n'}
[0.062367] (stonefish_ros2) StdoutLine: {'line': b'cd /home/dyj/ros2_ws/build/stonefish_ros2 && /usr/bin/cmake -E cmake_depends "Unix Makefiles" /home/dyj/ros2_ws/src/stonefish_ros2 /home/dyj/ros2_ws/src/stonefish_ros2 /home/dyj/ros2_ws/build/stonefish_ros2 /home/dyj/ros2_ws/build/stonefish_ros2 /home/dyj/ros2_ws/build/stonefish_ros2/CMakeFiles/stonefish_ros2__rosidl_typesupport_introspection_c.dir/DependInfo.cmake --color=\n'}
[0.062424] (stonefish_ros2) StdoutLine: {'line': b'make[2]: \xe8\xbf\x9b\xe5\x85\xa5\xe7\x9b\xae\xe5\xbd\x95\xe2\x80\x9c/home/dyj/ros2_ws/build/stonefish_ros2\xe2\x80\x9d\n'}
[0.062461] (stonefish_ros2) StdoutLine: {'line': b'cd /home/dyj/ros2_ws/build/stonefish_ros2 && /usr/bin/cmake -E cmake_depends "Unix Makefiles" /home/dyj/ros2_ws/src/stonefish_ros2 /home/dyj/ros2_ws/src/stonefish_ros2 /home/dyj/ros2_ws/build/stonefish_ros2 /home/dyj/ros2_ws/build/stonefish_ros2 /home/dyj/ros2_ws/build/stonefish_ros2/CMakeFiles/stonefish_ros2__rosidl_typesupport_cpp.dir/DependInfo.cmake --color=\n'}
[0.062689] (stonefish_ros2) StdoutLine: {'line': b'make[2]: \xe8\xbf\x9b\xe5\x85\xa5\xe7\x9b\xae\xe5\xbd\x95\xe2\x80\x9c/home/dyj/ros2_ws/build/stonefish_ros2\xe2\x80\x9d\n'}
[0.062767] (stonefish_ros2) StdoutLine: {'line': b'cd /home/dyj/ros2_ws/build/stonefish_ros2 && /usr/bin/cmake -E cmake_depends "Unix Makefiles" /home/dyj/ros2_ws/src/stonefish_ros2 /home/dyj/ros2_ws/src/stonefish_ros2 /home/dyj/ros2_ws/build/stonefish_ros2 /home/dyj/ros2_ws/build/stonefish_ros2 /home/dyj/ros2_ws/build/stonefish_ros2/CMakeFiles/ament_cmake_python_build_stonefish_ros2_egg.dir/DependInfo.cmake --color=\n'}
[0.062872] (stonefish_ros2) StdoutLine: {'line': b'make[2]: \xe8\xbf\x9b\xe5\x85\xa5\xe7\x9b\xae\xe5\xbd\x95\xe2\x80\x9c/home/dyj/ros2_ws/build/stonefish_ros2\xe2\x80\x9d\n'}
[0.062926] (stonefish_ros2) StdoutLine: {'line': b'cd /home/dyj/ros2_ws/build/stonefish_ros2 && /usr/bin/cmake -E cmake_depends "Unix Makefiles" /home/dyj/ros2_ws/src/stonefish_ros2 /home/dyj/ros2_ws/src/stonefish_ros2 /home/dyj/ros2_ws/build/stonefish_ros2 /home/dyj/ros2_ws/build/stonefish_ros2 /home/dyj/ros2_ws/build/stonefish_ros2/CMakeFiles/stonefish_ros2__rosidl_typesupport_introspection_cpp.dir/DependInfo.cmake --color=\n'}
[0.063255] (stonefish_ros2) StdoutLine: {'line': b'make[2]: \xe8\xbf\x9b\xe5\x85\xa5\xe7\x9b\xae\xe5\xbd\x95\xe2\x80\x9c/home/dyj/ros2_ws/build/stonefish_ros2\xe2\x80\x9d\n'}
[0.063314] (stonefish_ros2) StdoutLine: {'line': b'cd /home/dyj/ros2_ws/build/stonefish_ros2 && /usr/bin/cmake -E cmake_depends "Unix Makefiles" /home/dyj/ros2_ws/src/stonefish_ros2 /home/dyj/ros2_ws/src/stonefish_ros2 /home/dyj/ros2_ws/build/stonefish_ros2 /home/dyj/ros2_ws/build/stonefish_ros2 /home/dyj/ros2_ws/build/stonefish_ros2/CMakeFiles/stonefish_ros2__rosidl_typesupport_fastrtps_cpp.dir/DependInfo.cmake --color=\n'}
[0.066465] (stonefish_ros2) StdoutLine: {'line': b'make[2]: \xe7\xa6\xbb\xe5\xbc\x80\xe7\x9b\xae\xe5\xbd\x95\xe2\x80\x9c/home/dyj/ros2_ws/build/stonefish_ros2\xe2\x80\x9d\n'}
[0.066572] (stonefish_ros2) StdoutLine: {'line': b'/usr/bin/make -f CMakeFiles/ament_cmake_python_build_stonefish_ros2_egg.dir/build.make CMakeFiles/ament_cmake_python_build_stonefish_ros2_egg.dir/build\n'}
[0.066660] (stonefish_ros2) StdoutLine: {'line': b'make[2]: \xe7\xa6\xbb\xe5\xbc\x80\xe7\x9b\xae\xe5\xbd\x95\xe2\x80\x9c/home/dyj/ros2_ws/build/stonefish_ros2\xe2\x80\x9d\n'}
[0.066729] (stonefish_ros2) StdoutLine: {'line': b'/usr/bin/make -f CMakeFiles/stonefish_ros2__rosidl_typesupport_cpp.dir/build.make CMakeFiles/stonefish_ros2__rosidl_typesupport_cpp.dir/build\n'}
[0.066923] (stonefish_ros2) StdoutLine: {'line': b'make[2]: \xe7\xa6\xbb\xe5\xbc\x80\xe7\x9b\xae\xe5\xbd\x95\xe2\x80\x9c/home/dyj/ros2_ws/build/stonefish_ros2\xe2\x80\x9d\n'}
[0.066989] (stonefish_ros2) StdoutLine: {'line': b'make[2]: \xe7\xa6\xbb\xe5\xbc\x80\xe7\x9b\xae\xe5\xbd\x95\xe2\x80\x9c/home/dyj/ros2_ws/build/stonefish_ros2\xe2\x80\x9d\n'}
[0.067079] (stonefish_ros2) StdoutLine: {'line': b'make[2]: \xe8\xbf\x9b\xe5\x85\xa5\xe7\x9b\xae\xe5\xbd\x95\xe2\x80\x9c/home/dyj/ros2_ws/build/stonefish_ros2\xe2\x80\x9d\n'}
[0.067138] (stonefish_ros2) StdoutLine: {'line': b'cd /home/dyj/ros2_ws/build/stonefish_ros2/ament_cmake_python/stonefish_ros2 && /usr/bin/python3.8 setup.py egg_info\n'}
[0.067183] (stonefish_ros2) StdoutLine: {'line': b'/usr/bin/make -f CMakeFiles/stonefish_ros2__rosidl_typesupport_introspection_c.dir/build.make CMakeFiles/stonefish_ros2__rosidl_typesupport_introspection_c.dir/build\n'}
[0.067222] (stonefish_ros2) StdoutLine: {'line': b'/usr/bin/make -f CMakeFiles/stonefish_ros2__rosidl_typesupport_introspection_cpp.dir/build.make CMakeFiles/stonefish_ros2__rosidl_typesupport_introspection_cpp.dir/build\n'}
[0.067615] (stonefish_ros2) StdoutLine: {'line': b'make[2]: \xe7\xa6\xbb\xe5\xbc\x80\xe7\x9b\xae\xe5\xbd\x95\xe2\x80\x9c/home/dyj/ros2_ws/build/stonefish_ros2\xe2\x80\x9d\n'}
[0.067692] (stonefish_ros2) StdoutLine: {'line': b'/usr/bin/make -f CMakeFiles/stonefish_ros2__rosidl_typesupport_fastrtps_cpp.dir/build.make CMakeFiles/stonefish_ros2__rosidl_typesupport_fastrtps_cpp.dir/build\n'}
[0.068157] (stonefish_ros2) StdoutLine: {'line': b'make[2]: \xe7\xa6\xbb\xe5\xbc\x80\xe7\x9b\xae\xe5\xbd\x95\xe2\x80\x9c/home/dyj/ros2_ws/build/stonefish_ros2\xe2\x80\x9d\n'}
[0.068218] (stonefish_ros2) StdoutLine: {'line': b'/usr/bin/make -f CMakeFiles/stonefish_ros2__rosidl_typesupport_c.dir/build.make CMakeFiles/stonefish_ros2__rosidl_typesupport_c.dir/build\n'}
[0.070772] (stonefish_ros2) StdoutLine: {'line': b'make[2]: \xe8\xbf\x9b\xe5\x85\xa5\xe7\x9b\xae\xe5\xbd\x95\xe2\x80\x9c/home/dyj/ros2_ws/build/stonefish_ros2\xe2\x80\x9d\n'}
[0.070824] (stonefish_ros2) StdoutLine: {'line': b'make[2]: \xe5\xaf\xb9\xe2\x80\x9cCMakeFiles/stonefish_ros2__rosidl_typesupport_cpp.dir/build\xe2\x80\x9d\xe6\x97\xa0\xe9\x9c\x80\xe5\x81\x9a\xe4\xbb\xbb\xe4\xbd\x95\xe4\xba\x8b\xe3\x80\x82\n'}
[0.070856] (stonefish_ros2) StdoutLine: {'line': b'make[2]: \xe7\xa6\xbb\xe5\xbc\x80\xe7\x9b\xae\xe5\xbd\x95\xe2\x80\x9c/home/dyj/ros2_ws/build/stonefish_ros2\xe2\x80\x9d\n'}
[0.071239] (stonefish_ros2) StdoutLine: {'line': b'make[2]: \xe8\xbf\x9b\xe5\x85\xa5\xe7\x9b\xae\xe5\xbd\x95\xe2\x80\x9c/home/dyj/ros2_ws/build/stonefish_ros2\xe2\x80\x9d\n'}
[0.071304] (stonefish_ros2) StdoutLine: {'line': b'make[2]: \xe5\xaf\xb9\xe2\x80\x9cCMakeFiles/stonefish_ros2__rosidl_typesupport_introspection_cpp.dir/build\xe2\x80\x9d\xe6\x97\xa0\xe9\x9c\x80\xe5\x81\x9a\xe4\xbb\xbb\xe4\xbd\x95\xe4\xba\x8b\xe3\x80\x82\n'}
[0.071351] (stonefish_ros2) StdoutLine: {'line': b'make[2]: \xe7\xa6\xbb\xe5\xbc\x80\xe7\x9b\xae\xe5\xbd\x95\xe2\x80\x9c/home/dyj/ros2_ws/build/stonefish_ros2\xe2\x80\x9d\n'}
[0.071959] (stonefish_ros2) StdoutLine: {'line': b'make[2]: \xe8\xbf\x9b\xe5\x85\xa5\xe7\x9b\xae\xe5\xbd\x95\xe2\x80\x9c/home/dyj/ros2_ws/build/stonefish_ros2\xe2\x80\x9d\n'}
[0.072014] (stonefish_ros2) StdoutLine: {'line': b'make[2]: \xe5\xaf\xb9\xe2\x80\x9cCMakeFiles/stonefish_ros2__rosidl_typesupport_c.dir/build\xe2\x80\x9d\xe6\x97\xa0\xe9\x9c\x80\xe5\x81\x9a\xe4\xbb\xbb\xe4\xbd\x95\xe4\xba\x8b\xe3\x80\x82\n'}
[0.072079] (stonefish_ros2) StdoutLine: {'line': b'make[2]: \xe7\xa6\xbb\xe5\xbc\x80\xe7\x9b\xae\xe5\xbd\x95\xe2\x80\x9c/home/dyj/ros2_ws/build/stonefish_ros2\xe2\x80\x9d\n'}
[0.072157] (stonefish_ros2) StdoutLine: {'line': b'make[2]: \xe8\xbf\x9b\xe5\x85\xa5\xe7\x9b\xae\xe5\xbd\x95\xe2\x80\x9c/home/dyj/ros2_ws/build/stonefish_ros2\xe2\x80\x9d\n'}
[0.072199] (stonefish_ros2) StdoutLine: {'line': b'make[2]: \xe5\xaf\xb9\xe2\x80\x9cCMakeFiles/stonefish_ros2__rosidl_typesupport_introspection_c.dir/build\xe2\x80\x9d\xe6\x97\xa0\xe9\x9c\x80\xe5\x81\x9a\xe4\xbb\xbb\xe4\xbd\x95\xe4\xba\x8b\xe3\x80\x82\n'}
[0.072235] (stonefish_ros2) StdoutLine: {'line': b'make[2]: \xe7\xa6\xbb\xe5\xbc\x80\xe7\x9b\xae\xe5\xbd\x95\xe2\x80\x9c/home/dyj/ros2_ws/build/stonefish_ros2\xe2\x80\x9d\n'}
[0.072854] (stonefish_ros2) StdoutLine: {'line': b'make[2]: \xe8\xbf\x9b\xe5\x85\xa5\xe7\x9b\xae\xe5\xbd\x95\xe2\x80\x9c/home/dyj/ros2_ws/build/stonefish_ros2\xe2\x80\x9d\n'}
[0.072901] (stonefish_ros2) StdoutLine: {'line': b'make[2]: \xe5\xaf\xb9\xe2\x80\x9cCMakeFiles/stonefish_ros2__rosidl_typesupport_fastrtps_cpp.dir/build\xe2\x80\x9d\xe6\x97\xa0\xe9\x9c\x80\xe5\x81\x9a\xe4\xbb\xbb\xe4\xbd\x95\xe4\xba\x8b\xe3\x80\x82\n'}
[0.072939] (stonefish_ros2) StdoutLine: {'line': b'make[2]: \xe7\xa6\xbb\xe5\xbc\x80\xe7\x9b\xae\xe5\xbd\x95\xe2\x80\x9c/home/dyj/ros2_ws/build/stonefish_ros2\xe2\x80\x9d\n'}
[0.075116] (stonefish_ros2) StdoutLine: {'line': b'[ 31%] Built target stonefish_ros2__rosidl_typesupport_cpp\n'}
[0.075198] (stonefish_ros2) StdoutLine: {'line': b'[ 32%] Built target stonefish_ros2__rosidl_typesupport_introspection_cpp\n'}
[0.075377] (stonefish_ros2) StdoutLine: {'line': b'[ 42%] Built target stonefish_ros2__rosidl_typesupport_c\n'}
[0.075531] (stonefish_ros2) StdoutLine: {'line': b'[ 53%] Built target stonefish_ros2__rosidl_typesupport_introspection_c\n'}
[0.075577] (stonefish_ros2) StdoutLine: {'line': b'/usr/bin/make -f CMakeFiles/camera_test.dir/build.make CMakeFiles/camera_test.dir/depend\n'}
[0.075633] (stonefish_ros2) StdoutLine: {'line': b'/usr/bin/make -f CMakeFiles/stonefish_ros2_interface.dir/build.make CMakeFiles/stonefish_ros2_interface.dir/depend\n'}
[0.075731] (stonefish_ros2) StdoutLine: {'line': b'/usr/bin/make -f CMakeFiles/fluid_dynamics_test.dir/build.make CMakeFiles/fluid_dynamics_test.dir/depend\n'}
[0.076119] (stonefish_ros2) StdoutLine: {'line': b'make[2]: \xe8\xbf\x9b\xe5\x85\xa5\xe7\x9b\xae\xe5\xbd\x95\xe2\x80\x9c/home/dyj/ros2_ws/build/stonefish_ros2\xe2\x80\x9d\n'}
[0.076178] (stonefish_ros2) StdoutLine: {'line': b'cd /home/dyj/ros2_ws/build/stonefish_ros2 && /usr/bin/cmake -E cmake_depends "Unix Makefiles" /home/dyj/ros2_ws/src/stonefish_ros2 /home/dyj/ros2_ws/src/stonefish_ros2 /home/dyj/ros2_ws/build/stonefish_ros2 /home/dyj/ros2_ws/build/stonefish_ros2 /home/dyj/ros2_ws/build/stonefish_ros2/CMakeFiles/camera_test.dir/DependInfo.cmake --color=\n'}
[0.076427] (stonefish_ros2) StdoutLine: {'line': b'[ 63%] Built target stonefish_ros2__rosidl_typesupport_fastrtps_cpp\n'}
[0.076767] (stonefish_ros2) StdoutLine: {'line': b'/usr/bin/make -f CMakeFiles/stonefish_ros2__rosidl_typesupport_fastrtps_c.dir/build.make CMakeFiles/stonefish_ros2__rosidl_typesupport_fastrtps_c.dir/depend\n'}
[0.078371] (stonefish_ros2) StdoutLine: {'line': b'make[2]: \xe8\xbf\x9b\xe5\x85\xa5\xe7\x9b\xae\xe5\xbd\x95\xe2\x80\x9c/home/dyj/ros2_ws/build/stonefish_ros2\xe2\x80\x9d\n'}
[0.078404] (stonefish_ros2) StdoutLine: {'line': b'cd /home/dyj/ros2_ws/build/stonefish_ros2 && /usr/bin/cmake -E cmake_depends "Unix Makefiles" /home/dyj/ros2_ws/src/stonefish_ros2 /home/dyj/ros2_ws/src/stonefish_ros2 /home/dyj/ros2_ws/build/stonefish_ros2 /home/dyj/ros2_ws/build/stonefish_ros2 /home/dyj/ros2_ws/build/stonefish_ros2/CMakeFiles/fluid_dynamics_test.dir/DependInfo.cmake --color=\n'}
[0.078928] (stonefish_ros2) StdoutLine: {'line': b'make[2]: \xe8\xbf\x9b\xe5\x85\xa5\xe7\x9b\xae\xe5\xbd\x95\xe2\x80\x9c/home/dyj/ros2_ws/build/stonefish_ros2\xe2\x80\x9d\n'}
[0.078987] (stonefish_ros2) StdoutLine: {'line': b'cd /home/dyj/ros2_ws/build/stonefish_ros2 && /usr/bin/cmake -E cmake_depends "Unix Makefiles" /home/dyj/ros2_ws/src/stonefish_ros2 /home/dyj/ros2_ws/src/stonefish_ros2 /home/dyj/ros2_ws/build/stonefish_ros2 /home/dyj/ros2_ws/build/stonefish_ros2 /home/dyj/ros2_ws/build/stonefish_ros2/CMakeFiles/stonefish_ros2__rosidl_typesupport_fastrtps_c.dir/DependInfo.cmake --color=\n'}
[0.080015] (stonefish_ros2) StdoutLine: {'line': b'make[2]: \xe7\xa6\xbb\xe5\xbc\x80\xe7\x9b\xae\xe5\xbd\x95\xe2\x80\x9c/home/dyj/ros2_ws/build/stonefish_ros2\xe2\x80\x9d\n'}
[0.080070] (stonefish_ros2) StdoutLine: {'line': b'/usr/bin/make -f CMakeFiles/camera_test.dir/build.make CMakeFiles/camera_test.dir/build\n'}
[0.080988] (stonefish_ros2) StdoutLine: {'line': b'make[2]: \xe8\xbf\x9b\xe5\x85\xa5\xe7\x9b\xae\xe5\xbd\x95\xe2\x80\x9c/home/dyj/ros2_ws/build/stonefish_ros2\xe2\x80\x9d\n'}
[0.081015] (stonefish_ros2) StdoutLine: {'line': b'cd /home/dyj/ros2_ws/build/stonefish_ros2 && /usr/bin/cmake -E cmake_depends "Unix Makefiles" /home/dyj/ros2_ws/src/stonefish_ros2 /home/dyj/ros2_ws/src/stonefish_ros2 /home/dyj/ros2_ws/build/stonefish_ros2 /home/dyj/ros2_ws/build/stonefish_ros2 /home/dyj/ros2_ws/build/stonefish_ros2/CMakeFiles/stonefish_ros2_interface.dir/DependInfo.cmake --color=\n'}
[0.081869] (stonefish_ros2) StdoutLine: {'line': b'Dependee "/home/dyj/ros2_ws/src/stonefish_ros2/src/FluidDynamicsTestManager.h" is newer than depender "CMakeFiles/fluid_dynamics_test.dir/src/FluidDynamicsTestApp.cpp.o".\n'}
[0.082404] (stonefish_ros2) StdoutLine: {'line': b'Dependee "/home/dyj/ros2_ws/src/stonefish_ros2/src/FluidDynamicsTestManager.cpp" is newer than depends file "/home/dyj/ros2_ws/build/stonefish_ros2/CMakeFiles/fluid_dynamics_test.dir/depend.internal".\n'}
[0.082442] (stonefish_ros2) StdoutLine: {'line': b'Dependee "/home/dyj/ros2_ws/src/stonefish_ros2/src/FluidDynamicsTestManager.h" is newer than depends file "/home/dyj/ros2_ws/build/stonefish_ros2/CMakeFiles/fluid_dynamics_test.dir/depend.internal".\n'}
[0.082485] (stonefish_ros2) StdoutLine: {'line': b'Dependee "/home/dyj/ros2_ws/src/stonefish_ros2/src/FluidDynamicsTestManager.h" is newer than depender "CMakeFiles/fluid_dynamics_test.dir/src/main.cpp.o".\n'}
[0.082713] (stonefish_ros2) StdoutLine: {'line': b'make[2]: \xe8\xbf\x9b\xe5\x85\xa5\xe7\x9b\xae\xe5\xbd\x95\xe2\x80\x9c/home/dyj/ros2_ws/build/stonefish_ros2\xe2\x80\x9d\n'}
[0.082741] (stonefish_ros2) StdoutLine: {'line': b'make[2]: \xe5\xaf\xb9\xe2\x80\x9cCMakeFiles/camera_test.dir/build\xe2\x80\x9d\xe6\x97\xa0\xe9\x9c\x80\xe5\x81\x9a\xe4\xbb\xbb\xe4\xbd\x95\xe4\xba\x8b\xe3\x80\x82\n'}
[0.082776] (stonefish_ros2) StdoutLine: {'line': b'make[2]: \xe7\xa6\xbb\xe5\xbc\x80\xe7\x9b\xae\xe5\xbd\x95\xe2\x80\x9c/home/dyj/ros2_ws/build/stonefish_ros2\xe2\x80\x9d\n'}
[0.083121] (stonefish_ros2) StdoutLine: {'line': b'make[2]: \xe7\xa6\xbb\xe5\xbc\x80\xe7\x9b\xae\xe5\xbd\x95\xe2\x80\x9c/home/dyj/ros2_ws/build/stonefish_ros2\xe2\x80\x9d\n'}
[0.083174] (stonefish_ros2) StdoutLine: {'line': b'/usr/bin/make -f CMakeFiles/stonefish_ros2__rosidl_typesupport_fastrtps_c.dir/build.make CMakeFiles/stonefish_ros2__rosidl_typesupport_fastrtps_c.dir/build\n'}
[0.083276] (stonefish_ros2) StdoutLine: {'line': b'Clearing dependencies in "/home/dyj/ros2_ws/build/stonefish_ros2/CMakeFiles/fluid_dynamics_test.dir/depend.make".\n'}
[0.083423] (stonefish_ros2) StdoutLine: {'line': b'\x1b[35m\x1b[1mScanning dependencies of target fluid_dynamics_test\x1b[0m\n'}
[0.085738] (stonefish_ros2) StdoutLine: {'line': b'make[2]: \xe7\xa6\xbb\xe5\xbc\x80\xe7\x9b\xae\xe5\xbd\x95\xe2\x80\x9c/home/dyj/ros2_ws/build/stonefish_ros2\xe2\x80\x9d\n'}
[0.085816] (stonefish_ros2) StdoutLine: {'line': b'/usr/bin/make -f CMakeFiles/stonefish_ros2_interface.dir/build.make CMakeFiles/stonefish_ros2_interface.dir/build\n'}
[0.086646] (stonefish_ros2) StdoutLine: {'line': b'[ 65%] Built target camera_test\n'}
[0.088508] (stonefish_ros2) StdoutLine: {'line': b'make[2]: \xe8\xbf\x9b\xe5\x85\xa5\xe7\x9b\xae\xe5\xbd\x95\xe2\x80\x9c/home/dyj/ros2_ws/build/stonefish_ros2\xe2\x80\x9d\n'}
[0.088562] (stonefish_ros2) StdoutLine: {'line': b'make[2]: \xe5\xaf\xb9\xe2\x80\x9cCMakeFiles/stonefish_ros2__rosidl_typesupport_fastrtps_c.dir/build\xe2\x80\x9d\xe6\x97\xa0\xe9\x9c\x80\xe5\x81\x9a\xe4\xbb\xbb\xe4\xbd\x95\xe4\xba\x8b\xe3\x80\x82\n'}
[0.088615] (stonefish_ros2) StdoutLine: {'line': b'make[2]: \xe7\xa6\xbb\xe5\xbc\x80\xe7\x9b\xae\xe5\xbd\x95\xe2\x80\x9c/home/dyj/ros2_ws/build/stonefish_ros2\xe2\x80\x9d\n'}
[0.092143] (stonefish_ros2) StdoutLine: {'line': b'[ 76%] Built target stonefish_ros2__rosidl_typesupport_fastrtps_c\n'}
[0.092469] (stonefish_ros2) StdoutLine: {'line': b'/usr/bin/make -f CMakeFiles/stonefish_ros2.dir/build.make CMakeFiles/stonefish_ros2.dir/depend\n'}
[0.092964] (stonefish_ros2) StdoutLine: {'line': b'make[2]: \xe8\xbf\x9b\xe5\x85\xa5\xe7\x9b\xae\xe5\xbd\x95\xe2\x80\x9c/home/dyj/ros2_ws/build/stonefish_ros2\xe2\x80\x9d\n'}
[0.093003] (stonefish_ros2) StdoutLine: {'line': b'cd /home/dyj/ros2_ws/build/stonefish_ros2 && /usr/bin/cmake -E cmake_depends "Unix Makefiles" /home/dyj/ros2_ws/src/stonefish_ros2 /home/dyj/ros2_ws/src/stonefish_ros2 /home/dyj/ros2_ws/build/stonefish_ros2 /home/dyj/ros2_ws/build/stonefish_ros2 /home/dyj/ros2_ws/build/stonefish_ros2/CMakeFiles/stonefish_ros2.dir/DependInfo.cmake --color=\n'}
[0.096697] (stonefish_ros2) StdoutLine: {'line': b'make[2]: \xe7\xa6\xbb\xe5\xbc\x80\xe7\x9b\xae\xe5\xbd\x95\xe2\x80\x9c/home/dyj/ros2_ws/build/stonefish_ros2\xe2\x80\x9d\n'}
[0.096775] (stonefish_ros2) StdoutLine: {'line': b'/usr/bin/make -f CMakeFiles/stonefish_ros2.dir/build.make CMakeFiles/stonefish_ros2.dir/build\n'}
[0.097578] (stonefish_ros2) StdoutLine: {'line': b'make[2]: \xe8\xbf\x9b\xe5\x85\xa5\xe7\x9b\xae\xe5\xbd\x95\xe2\x80\x9c/home/dyj/ros2_ws/build/stonefish_ros2\xe2\x80\x9d\n'}
[0.097671] (stonefish_ros2) StdoutLine: {'line': b'make[2]: \xe5\xaf\xb9\xe2\x80\x9cCMakeFiles/stonefish_ros2.dir/build\xe2\x80\x9d\xe6\x97\xa0\xe9\x9c\x80\xe5\x81\x9a\xe4\xbb\xbb\xe4\xbd\x95\xe4\xba\x8b\xe3\x80\x82\n'}
[0.097759] (stonefish_ros2) StdoutLine: {'line': b'make[2]: \xe7\xa6\xbb\xe5\xbc\x80\xe7\x9b\xae\xe5\xbd\x95\xe2\x80\x9c/home/dyj/ros2_ws/build/stonefish_ros2\xe2\x80\x9d\n'}
[0.099494] (-) TimerEvent: {}
[0.101097] (stonefish_ros2) StdoutLine: {'line': b'make[2]: \xe7\xa6\xbb\xe5\xbc\x80\xe7\x9b\xae\xe5\xbd\x95\xe2\x80\x9c/home/dyj/ros2_ws/build/stonefish_ros2\xe2\x80\x9d\n'}
[0.101229] (stonefish_ros2) StdoutLine: {'line': b'[ 76%] Built target stonefish_ros2\n'}
[0.101348] (stonefish_ros2) StdoutLine: {'line': b'make[2]: \xe8\xbf\x9b\xe5\x85\xa5\xe7\x9b\xae\xe5\xbd\x95\xe2\x80\x9c/home/dyj/ros2_ws/build/stonefish_ros2\xe2\x80\x9d\n'}
[0.101426] (stonefish_ros2) StdoutLine: {'line': b'make[2]: \xe5\xaf\xb9\xe2\x80\x9cCMakeFiles/stonefish_ros2_interface.dir/build\xe2\x80\x9d\xe6\x97\xa0\xe9\x9c\x80\xe5\x81\x9a\xe4\xbb\xbb\xe4\xbd\x95\xe4\xba\x8b\xe3\x80\x82\n'}
[0.101539] (stonefish_ros2) StdoutLine: {'line': b'make[2]: \xe7\xa6\xbb\xe5\xbc\x80\xe7\x9b\xae\xe5\xbd\x95\xe2\x80\x9c/home/dyj/ros2_ws/build/stonefish_ros2\xe2\x80\x9d\n'}
[0.101869] (stonefish_ros2) StdoutLine: {'line': b'/usr/bin/make -f CMakeFiles/fluid_dynamics_test.dir/build.make CMakeFiles/fluid_dynamics_test.dir/build\n'}
[0.101931] (stonefish_ros2) StdoutLine: {'line': b'/usr/bin/make -f stonefish_ros2__py/CMakeFiles/stonefish_ros2__py.dir/build.make stonefish_ros2__py/CMakeFiles/stonefish_ros2__py.dir/depend\n'}
[0.102174] (stonefish_ros2) StdoutLine: {'line': b'make[2]: \xe8\xbf\x9b\xe5\x85\xa5\xe7\x9b\xae\xe5\xbd\x95\xe2\x80\x9c/home/dyj/ros2_ws/build/stonefish_ros2\xe2\x80\x9d\n'}
[0.102236] (stonefish_ros2) StdoutLine: {'line': b'cd /home/dyj/ros2_ws/build/stonefish_ros2 && /usr/bin/cmake -E cmake_depends "Unix Makefiles" /home/dyj/ros2_ws/src/stonefish_ros2 /home/dyj/ros2_ws/build/stonefish_ros2/stonefish_ros2__py /home/dyj/ros2_ws/build/stonefish_ros2 /home/dyj/ros2_ws/build/stonefish_ros2/stonefish_ros2__py /home/dyj/ros2_ws/build/stonefish_ros2/stonefish_ros2__py/CMakeFiles/stonefish_ros2__py.dir/DependInfo.cmake --color=\n'}
[0.104710] (stonefish_ros2) StdoutLine: {'line': b'[ 80%] Built target stonefish_ros2_interface\n'}
[0.105036] (stonefish_ros2) StdoutLine: {'line': b'/usr/bin/make -f CMakeFiles/stonefish_simulator_nogpu.dir/build.make CMakeFiles/stonefish_simulator_nogpu.dir/depend\n'}
[0.105173] (stonefish_ros2) StdoutLine: {'line': b'/usr/bin/make -f CMakeFiles/stonefish_simulator.dir/build.make CMakeFiles/stonefish_simulator.dir/depend\n'}
[0.106509] (stonefish_ros2) StdoutLine: {'line': b'make[2]: \xe8\xbf\x9b\xe5\x85\xa5\xe7\x9b\xae\xe5\xbd\x95\xe2\x80\x9c/home/dyj/ros2_ws/build/stonefish_ros2\xe2\x80\x9d\n'}
[0.106570] (stonefish_ros2) StdoutLine: {'line': b'cd /home/dyj/ros2_ws/build/stonefish_ros2 && /usr/bin/cmake -E cmake_depends "Unix Makefiles" /home/dyj/ros2_ws/src/stonefish_ros2 /home/dyj/ros2_ws/src/stonefish_ros2 /home/dyj/ros2_ws/build/stonefish_ros2 /home/dyj/ros2_ws/build/stonefish_ros2 /home/dyj/ros2_ws/build/stonefish_ros2/CMakeFiles/stonefish_simulator_nogpu.dir/DependInfo.cmake --color=\n'}
[0.106629] (stonefish_ros2) StdoutLine: {'line': b'make[2]: \xe8\xbf\x9b\xe5\x85\xa5\xe7\x9b\xae\xe5\xbd\x95\xe2\x80\x9c/home/dyj/ros2_ws/build/stonefish_ros2\xe2\x80\x9d\n'}
[0.106660] (stonefish_ros2) StdoutLine: {'line': b'cd /home/dyj/ros2_ws/build/stonefish_ros2 && /usr/bin/cmake -E cmake_depends "Unix Makefiles" /home/dyj/ros2_ws/src/stonefish_ros2 /home/dyj/ros2_ws/src/stonefish_ros2 /home/dyj/ros2_ws/build/stonefish_ros2 /home/dyj/ros2_ws/build/stonefish_ros2 /home/dyj/ros2_ws/build/stonefish_ros2/CMakeFiles/stonefish_simulator.dir/DependInfo.cmake --color=\n'}
[0.106718] (stonefish_ros2) StdoutLine: {'line': b'make[2]: \xe8\xbf\x9b\xe5\x85\xa5\xe7\x9b\xae\xe5\xbd\x95\xe2\x80\x9c/home/dyj/ros2_ws/build/stonefish_ros2\xe2\x80\x9d\n'}
[0.108544] (stonefish_ros2) StdoutLine: {'line': b'make[2]: \xe7\xa6\xbb\xe5\xbc\x80\xe7\x9b\xae\xe5\xbd\x95\xe2\x80\x9c/home/dyj/ros2_ws/build/stonefish_ros2\xe2\x80\x9d\n'}
[0.108737] (stonefish_ros2) StdoutLine: {'line': b'/usr/bin/make -f stonefish_ros2__py/CMakeFiles/stonefish_ros2__py.dir/build.make stonefish_ros2__py/CMakeFiles/stonefish_ros2__py.dir/build\n'}
[0.109663] (stonefish_ros2) StdoutLine: {'line': b'make[2]: \xe8\xbf\x9b\xe5\x85\xa5\xe7\x9b\xae\xe5\xbd\x95\xe2\x80\x9c/home/dyj/ros2_ws/build/stonefish_ros2\xe2\x80\x9d\n'}
[0.109804] (stonefish_ros2) StdoutLine: {'line': b'make[2]: \xe5\xaf\xb9\xe2\x80\x9cstonefish_ros2__py/CMakeFiles/stonefish_ros2__py.dir/build\xe2\x80\x9d\xe6\x97\xa0\xe9\x9c\x80\xe5\x81\x9a\xe4\xbb\xbb\xe4\xbd\x95\xe4\xba\x8b\xe3\x80\x82\n'}
[0.109911] (stonefish_ros2) StdoutLine: {'line': b'make[2]: \xe7\xa6\xbb\xe5\xbc\x80\xe7\x9b\xae\xe5\xbd\x95\xe2\x80\x9c/home/dyj/ros2_ws/build/stonefish_ros2\xe2\x80\x9d\n'}
[0.111123] (stonefish_ros2) StdoutLine: {'line': b'[ 80%] \x1b[32mBuilding CXX object CMakeFiles/fluid_dynamics_test.dir/src/FluidDynamicsTestManager.cpp.o\x1b[0m\n'}
[0.111278] (stonefish_ros2) StdoutLine: {'line': b'make[2]: \xe7\xa6\xbb\xe5\xbc\x80\xe7\x9b\xae\xe5\xbd\x95\xe2\x80\x9c/home/dyj/ros2_ws/build/stonefish_ros2\xe2\x80\x9d\n'}
[0.111382] (stonefish_ros2) StdoutLine: {'line': b'/usr/bin/make -f CMakeFiles/stonefish_simulator_nogpu.dir/build.make CMakeFiles/stonefish_simulator_nogpu.dir/build\n'}
[0.111616] (stonefish_ros2) StdoutLine: {'line': b'/usr/bin/c++  -DBT_EULER_DEFAULT_ZYX -DBT_USE_DOUBLE_PRECISION -DDATA_DIR_PATH=\\"/home/dyj/ros2_ws/src/stonefish_ros2/Data/\\" -DDEFAULT_RMW_IMPLEMENTATION=rmw_cyclonedds_cpp -DRCUTILS_ENABLE_FAULT_INJECTION -DROS_PACKAGE_NAME=\\"stonefish_ros2\\" -DSHADER_DIR_PATH=\\"/usr/local/share/Stonefish/shaders/\\" -Dqh_QHpointer -DvtkRenderingContext2D_AUTOINIT="1(vtkRenderingContextOpenGL2)" -DvtkRenderingCore_AUTOINIT="3(vtkInteractionStyle,vtkRenderingFreeType,vtkRenderingOpenGL2)" -I/usr/include/vtk-7.1 -I/usr/include/freetype2 -I/home/dyj/ros2_ws/build/stonefish_ros2/rosidl_generator_cpp -isystem /opt/ros/rolling/include -isystem /usr/local/include/Stonefish  -Wall -Wextra -Wpedantic -std=gnu++2a -o CMakeFiles/fluid_dynamics_test.dir/src/FluidDynamicsTestManager.cpp.o -c /home/dyj/ros2_ws/src/stonefish_ros2/src/FluidDynamicsTestManager.cpp\n'}
[0.111901] (stonefish_ros2) StdoutLine: {'line': b'[ 81%] \x1b[32mBuilding CXX object CMakeFiles/fluid_dynamics_test.dir/src/main.cpp.o\x1b[0m\n'}
[0.112258] (stonefish_ros2) StdoutLine: {'line': b'/usr/bin/c++  -DBT_EULER_DEFAULT_ZYX -DBT_USE_DOUBLE_PRECISION -DDATA_DIR_PATH=\\"/home/dyj/ros2_ws/src/stonefish_ros2/Data/\\" -DDEFAULT_RMW_IMPLEMENTATION=rmw_cyclonedds_cpp -DRCUTILS_ENABLE_FAULT_INJECTION -DROS_PACKAGE_NAME=\\"stonefish_ros2\\" -DSHADER_DIR_PATH=\\"/usr/local/share/Stonefish/shaders/\\" -Dqh_QHpointer -DvtkRenderingContext2D_AUTOINIT="1(vtkRenderingContextOpenGL2)" -DvtkRenderingCore_AUTOINIT="3(vtkInteractionStyle,vtkRenderingFreeType,vtkRenderingOpenGL2)" -I/usr/include/vtk-7.1 -I/usr/include/freetype2 -I/home/dyj/ros2_ws/build/stonefish_ros2/rosidl_generator_cpp -isystem /opt/ros/rolling/include -isystem /usr/local/include/Stonefish  -Wall -Wextra -Wpedantic -std=gnu++2a -o CMakeFiles/fluid_dynamics_test.dir/src/main.cpp.o -c /home/dyj/ros2_ws/src/stonefish_ros2/src/main.cpp\n'}
[0.112630] (stonefish_ros2) StdoutLine: {'line': b'[ 82%] \x1b[32mBuilding CXX object CMakeFiles/fluid_dynamics_test.dir/src/FluidDynamicsTestApp.cpp.o\x1b[0m\n'}
[0.113027] (stonefish_ros2) StdoutLine: {'line': b'/usr/bin/c++  -DBT_EULER_DEFAULT_ZYX -DBT_USE_DOUBLE_PRECISION -DDATA_DIR_PATH=\\"/home/dyj/ros2_ws/src/stonefish_ros2/Data/\\" -DDEFAULT_RMW_IMPLEMENTATION=rmw_cyclonedds_cpp -DRCUTILS_ENABLE_FAULT_INJECTION -DROS_PACKAGE_NAME=\\"stonefish_ros2\\" -DSHADER_DIR_PATH=\\"/usr/local/share/Stonefish/shaders/\\" -Dqh_QHpointer -DvtkRenderingContext2D_AUTOINIT="1(vtkRenderingContextOpenGL2)" -DvtkRenderingCore_AUTOINIT="3(vtkInteractionStyle,vtkRenderingFreeType,vtkRenderingOpenGL2)" -I/usr/include/vtk-7.1 -I/usr/include/freetype2 -I/home/dyj/ros2_ws/build/stonefish_ros2/rosidl_generator_cpp -isystem /opt/ros/rolling/include -isystem /usr/local/include/Stonefish  -Wall -Wextra -Wpedantic -std=gnu++2a -o CMakeFiles/fluid_dynamics_test.dir/src/FluidDynamicsTestApp.cpp.o -c /home/dyj/ros2_ws/src/stonefish_ros2/src/FluidDynamicsTestApp.cpp\n'}
[0.113120] (stonefish_ros2) StdoutLine: {'line': b'[ 83%] Built target stonefish_ros2__py\n'}
[0.113401] (stonefish_ros2) StdoutLine: {'line': b'/usr/bin/make -f CMakeFiles/stonefish_ros2__rosidl_generator_py.dir/build.make CMakeFiles/stonefish_ros2__rosidl_generator_py.dir/depend\n'}
[0.114289] (stonefish_ros2) StdoutLine: {'line': b'make[2]: \xe7\xa6\xbb\xe5\xbc\x80\xe7\x9b\xae\xe5\xbd\x95\xe2\x80\x9c/home/dyj/ros2_ws/build/stonefish_ros2\xe2\x80\x9d\n'}
[0.114392] (stonefish_ros2) StdoutLine: {'line': b'/usr/bin/make -f CMakeFiles/stonefish_simulator.dir/build.make CMakeFiles/stonefish_simulator.dir/build\n'}
[0.116139] (stonefish_ros2) StdoutLine: {'line': b'make[2]: \xe8\xbf\x9b\xe5\x85\xa5\xe7\x9b\xae\xe5\xbd\x95\xe2\x80\x9c/home/dyj/ros2_ws/build/stonefish_ros2\xe2\x80\x9d\n'}
[0.116203] (stonefish_ros2) StdoutLine: {'line': b'cd /home/dyj/ros2_ws/build/stonefish_ros2 && /usr/bin/cmake -E cmake_depends "Unix Makefiles" /home/dyj/ros2_ws/src/stonefish_ros2 /home/dyj/ros2_ws/src/stonefish_ros2 /home/dyj/ros2_ws/build/stonefish_ros2 /home/dyj/ros2_ws/build/stonefish_ros2 /home/dyj/ros2_ws/build/stonefish_ros2/CMakeFiles/stonefish_ros2__rosidl_generator_py.dir/DependInfo.cmake --color=\n'}
[0.119591] (stonefish_ros2) StdoutLine: {'line': b'make[2]: \xe8\xbf\x9b\xe5\x85\xa5\xe7\x9b\xae\xe5\xbd\x95\xe2\x80\x9c/home/dyj/ros2_ws/build/stonefish_ros2\xe2\x80\x9d\n'}
[0.119674] (stonefish_ros2) StdoutLine: {'line': b'make[2]: \xe5\xaf\xb9\xe2\x80\x9cCMakeFiles/stonefish_simulator_nogpu.dir/build\xe2\x80\x9d\xe6\x97\xa0\xe9\x9c\x80\xe5\x81\x9a\xe4\xbb\xbb\xe4\xbd\x95\xe4\xba\x8b\xe3\x80\x82\n'}
[0.119726] (stonefish_ros2) StdoutLine: {'line': b'make[2]: \xe7\xa6\xbb\xe5\xbc\x80\xe7\x9b\xae\xe5\xbd\x95\xe2\x80\x9c/home/dyj/ros2_ws/build/stonefish_ros2\xe2\x80\x9d\n'}
[0.121162] (stonefish_ros2) StdoutLine: {'line': b'make[2]: \xe7\xa6\xbb\xe5\xbc\x80\xe7\x9b\xae\xe5\xbd\x95\xe2\x80\x9c/home/dyj/ros2_ws/build/stonefish_ros2\xe2\x80\x9d\n'}
[0.121245] (stonefish_ros2) StdoutLine: {'line': b'/usr/bin/make -f CMakeFiles/stonefish_ros2__rosidl_generator_py.dir/build.make CMakeFiles/stonefish_ros2__rosidl_generator_py.dir/build\n'}
[0.121663] (stonefish_ros2) StdoutLine: {'line': b'make[2]: \xe8\xbf\x9b\xe5\x85\xa5\xe7\x9b\xae\xe5\xbd\x95\xe2\x80\x9c/home/dyj/ros2_ws/build/stonefish_ros2\xe2\x80\x9d\n'}
[0.121735] (stonefish_ros2) StdoutLine: {'line': b'make[2]: \xe5\xaf\xb9\xe2\x80\x9cCMakeFiles/stonefish_simulator.dir/build\xe2\x80\x9d\xe6\x97\xa0\xe9\x9c\x80\xe5\x81\x9a\xe4\xbb\xbb\xe4\xbd\x95\xe4\xba\x8b\xe3\x80\x82\n'}
[0.121784] (stonefish_ros2) StdoutLine: {'line': b'make[2]: \xe7\xa6\xbb\xe5\xbc\x80\xe7\x9b\xae\xe5\xbd\x95\xe2\x80\x9c/home/dyj/ros2_ws/build/stonefish_ros2\xe2\x80\x9d\n'}
[0.124118] (stonefish_ros2) StdoutLine: {'line': b'[ 85%] Built target stonefish_simulator_nogpu\n'}
[0.125205] (stonefish_ros2) StdoutLine: {'line': b'[ 86%] Built target stonefish_simulator\n'}
[0.127101] (stonefish_ros2) StdoutLine: {'line': b'make[2]: \xe8\xbf\x9b\xe5\x85\xa5\xe7\x9b\xae\xe5\xbd\x95\xe2\x80\x9c/home/dyj/ros2_ws/build/stonefish_ros2\xe2\x80\x9d\n'}
[0.127173] (stonefish_ros2) StdoutLine: {'line': b'make[2]: \xe5\xaf\xb9\xe2\x80\x9cCMakeFiles/stonefish_ros2__rosidl_generator_py.dir/build\xe2\x80\x9d\xe6\x97\xa0\xe9\x9c\x80\xe5\x81\x9a\xe4\xbb\xbb\xe4\xbd\x95\xe4\xba\x8b\xe3\x80\x82\n'}
[0.127221] (stonefish_ros2) StdoutLine: {'line': b'make[2]: \xe7\xa6\xbb\xe5\xbc\x80\xe7\x9b\xae\xe5\xbd\x95\xe2\x80\x9c/home/dyj/ros2_ws/build/stonefish_ros2\xe2\x80\x9d\n'}
[0.130954] (stonefish_ros2) StdoutLine: {'line': b'[ 96%] Built target stonefish_ros2__rosidl_generator_py\n'}
[0.131306] (stonefish_ros2) StdoutLine: {'line': b'/usr/bin/make -f CMakeFiles/stonefish_ros2__rosidl_typesupport_c__pyext.dir/build.make CMakeFiles/stonefish_ros2__rosidl_typesupport_c__pyext.dir/depend\n'}
[0.131378] (stonefish_ros2) StdoutLine: {'line': b'/usr/bin/make -f CMakeFiles/stonefish_ros2__rosidl_typesupport_fastrtps_c__pyext.dir/build.make CMakeFiles/stonefish_ros2__rosidl_typesupport_fastrtps_c__pyext.dir/depend\n'}
[0.131439] (stonefish_ros2) StdoutLine: {'line': b'/usr/bin/make -f CMakeFiles/stonefish_ros2__rosidl_typesupport_introspection_c__pyext.dir/build.make CMakeFiles/stonefish_ros2__rosidl_typesupport_introspection_c__pyext.dir/depend\n'}
[0.132272] (stonefish_ros2) StdoutLine: {'line': b'make[2]: \xe8\xbf\x9b\xe5\x85\xa5\xe7\x9b\xae\xe5\xbd\x95\xe2\x80\x9c/home/dyj/ros2_ws/build/stonefish_ros2\xe2\x80\x9d\n'}
[0.132331] (stonefish_ros2) StdoutLine: {'line': b'cd /home/dyj/ros2_ws/build/stonefish_ros2 && /usr/bin/cmake -E cmake_depends "Unix Makefiles" /home/dyj/ros2_ws/src/stonefish_ros2 /home/dyj/ros2_ws/src/stonefish_ros2 /home/dyj/ros2_ws/build/stonefish_ros2 /home/dyj/ros2_ws/build/stonefish_ros2 /home/dyj/ros2_ws/build/stonefish_ros2/CMakeFiles/stonefish_ros2__rosidl_typesupport_introspection_c__pyext.dir/DependInfo.cmake --color=\n'}
[0.132396] (stonefish_ros2) StdoutLine: {'line': b'make[2]: \xe8\xbf\x9b\xe5\x85\xa5\xe7\x9b\xae\xe5\xbd\x95\xe2\x80\x9c/home/dyj/ros2_ws/build/stonefish_ros2\xe2\x80\x9d\n'}
[0.132438] (stonefish_ros2) StdoutLine: {'line': b'cd /home/dyj/ros2_ws/build/stonefish_ros2 && /usr/bin/cmake -E cmake_depends "Unix Makefiles" /home/dyj/ros2_ws/src/stonefish_ros2 /home/dyj/ros2_ws/src/stonefish_ros2 /home/dyj/ros2_ws/build/stonefish_ros2 /home/dyj/ros2_ws/build/stonefish_ros2 /home/dyj/ros2_ws/build/stonefish_ros2/CMakeFiles/stonefish_ros2__rosidl_typesupport_c__pyext.dir/DependInfo.cmake --color=\n'}
[0.132521] (stonefish_ros2) StdoutLine: {'line': b'make[2]: \xe8\xbf\x9b\xe5\x85\xa5\xe7\x9b\xae\xe5\xbd\x95\xe2\x80\x9c/home/dyj/ros2_ws/build/stonefish_ros2\xe2\x80\x9d\n'}
[0.132564] (stonefish_ros2) StdoutLine: {'line': b'cd /home/dyj/ros2_ws/build/stonefish_ros2 && /usr/bin/cmake -E cmake_depends "Unix Makefiles" /home/dyj/ros2_ws/src/stonefish_ros2 /home/dyj/ros2_ws/src/stonefish_ros2 /home/dyj/ros2_ws/build/stonefish_ros2 /home/dyj/ros2_ws/build/stonefish_ros2 /home/dyj/ros2_ws/build/stonefish_ros2/CMakeFiles/stonefish_ros2__rosidl_typesupport_fastrtps_c__pyext.dir/DependInfo.cmake --color=\n'}
[0.136923] (stonefish_ros2) StdoutLine: {'line': b'make[2]: \xe7\xa6\xbb\xe5\xbc\x80\xe7\x9b\xae\xe5\xbd\x95\xe2\x80\x9c/home/dyj/ros2_ws/build/stonefish_ros2\xe2\x80\x9d\n'}
[0.137069] (stonefish_ros2) StdoutLine: {'line': b'make[2]: \xe7\xa6\xbb\xe5\xbc\x80\xe7\x9b\xae\xe5\xbd\x95\xe2\x80\x9c/home/dyj/ros2_ws/build/stonefish_ros2\xe2\x80\x9d\n'}
[0.137145] (stonefish_ros2) StdoutLine: {'line': b'/usr/bin/make -f CMakeFiles/stonefish_ros2__rosidl_typesupport_c__pyext.dir/build.make CMakeFiles/stonefish_ros2__rosidl_typesupport_c__pyext.dir/build\n'}
[0.137201] (stonefish_ros2) StdoutLine: {'line': b'/usr/bin/make -f CMakeFiles/stonefish_ros2__rosidl_typesupport_introspection_c__pyext.dir/build.make CMakeFiles/stonefish_ros2__rosidl_typesupport_introspection_c__pyext.dir/build\n'}
[0.138398] (stonefish_ros2) StdoutLine: {'line': b'make[2]: \xe7\xa6\xbb\xe5\xbc\x80\xe7\x9b\xae\xe5\xbd\x95\xe2\x80\x9c/home/dyj/ros2_ws/build/stonefish_ros2\xe2\x80\x9d\n'}
[0.138493] (stonefish_ros2) StdoutLine: {'line': b'/usr/bin/make -f CMakeFiles/stonefish_ros2__rosidl_typesupport_fastrtps_c__pyext.dir/build.make CMakeFiles/stonefish_ros2__rosidl_typesupport_fastrtps_c__pyext.dir/build\n'}
[0.140661] (stonefish_ros2) StdoutLine: {'line': b'make[2]: \xe8\xbf\x9b\xe5\x85\xa5\xe7\x9b\xae\xe5\xbd\x95\xe2\x80\x9c/home/dyj/ros2_ws/build/stonefish_ros2\xe2\x80\x9d\n'}
[0.140740] (stonefish_ros2) StdoutLine: {'line': b'make[2]: \xe5\xaf\xb9\xe2\x80\x9cCMakeFiles/stonefish_ros2__rosidl_typesupport_c__pyext.dir/build\xe2\x80\x9d\xe6\x97\xa0\xe9\x9c\x80\xe5\x81\x9a\xe4\xbb\xbb\xe4\xbd\x95\xe4\xba\x8b\xe3\x80\x82\n'}
[0.140790] (stonefish_ros2) StdoutLine: {'line': b'make[2]: \xe7\xa6\xbb\xe5\xbc\x80\xe7\x9b\xae\xe5\xbd\x95\xe2\x80\x9c/home/dyj/ros2_ws/build/stonefish_ros2\xe2\x80\x9d\n'}
[0.140860] (stonefish_ros2) StdoutLine: {'line': b'make[2]: \xe8\xbf\x9b\xe5\x85\xa5\xe7\x9b\xae\xe5\xbd\x95\xe2\x80\x9c/home/dyj/ros2_ws/build/stonefish_ros2\xe2\x80\x9d\n'}
[0.140905] (stonefish_ros2) StdoutLine: {'line': b'make[2]: \xe5\xaf\xb9\xe2\x80\x9cCMakeFiles/stonefish_ros2__rosidl_typesupport_introspection_c__pyext.dir/build\xe2\x80\x9d\xe6\x97\xa0\xe9\x9c\x80\xe5\x81\x9a\xe4\xbb\xbb\xe4\xbd\x95\xe4\xba\x8b\xe3\x80\x82\n'}
[0.140948] (stonefish_ros2) StdoutLine: {'line': b'make[2]: \xe7\xa6\xbb\xe5\xbc\x80\xe7\x9b\xae\xe5\xbd\x95\xe2\x80\x9c/home/dyj/ros2_ws/build/stonefish_ros2\xe2\x80\x9d\n'}
[0.145099] (stonefish_ros2) StdoutLine: {'line': b'make[2]: \xe8\xbf\x9b\xe5\x85\xa5\xe7\x9b\xae\xe5\xbd\x95\xe2\x80\x9c/home/dyj/ros2_ws/build/stonefish_ros2\xe2\x80\x9d\n'}
[0.145213] (stonefish_ros2) StdoutLine: {'line': b'make[2]: \xe5\xaf\xb9\xe2\x80\x9cCMakeFiles/stonefish_ros2__rosidl_typesupport_fastrtps_c__pyext.dir/build\xe2\x80\x9d\xe6\x97\xa0\xe9\x9c\x80\xe5\x81\x9a\xe4\xbb\xbb\xe4\xbd\x95\xe4\xba\x8b\xe3\x80\x82\n'}
[0.145273] (stonefish_ros2) StdoutLine: {'line': b'make[2]: \xe7\xa6\xbb\xe5\xbc\x80\xe7\x9b\xae\xe5\xbd\x95\xe2\x80\x9c/home/dyj/ros2_ws/build/stonefish_ros2\xe2\x80\x9d\n'}
[0.145358] (stonefish_ros2) StdoutLine: {'line': b'[ 99%] Built target stonefish_ros2__rosidl_typesupport_introspection_c__pyext\n'}
[0.145416] (stonefish_ros2) StdoutLine: {'line': b'[ 99%] Built target stonefish_ros2__rosidl_typesupport_c__pyext\n'}
[0.148732] (stonefish_ros2) StdoutLine: {'line': b'[100%] Built target stonefish_ros2__rosidl_typesupport_fastrtps_c__pyext\n'}
[0.166744] (stonefish_ros2) StdoutLine: {'line': b'running egg_info\n'}
[0.167146] (stonefish_ros2) StdoutLine: {'line': b'writing stonefish_ros2.egg-info/PKG-INFO\n'}
[0.167311] (stonefish_ros2) StdoutLine: {'line': b'writing dependency_links to stonefish_ros2.egg-info/dependency_links.txt\n'}
[0.167401] (stonefish_ros2) StdoutLine: {'line': b'writing top-level names to stonefish_ros2.egg-info/top_level.txt\n'}
[0.184838] (stonefish_ros2) StdoutLine: {'line': b"reading manifest file 'stonefish_ros2.egg-info/SOURCES.txt'\n"}
[0.185273] (stonefish_ros2) StdoutLine: {'line': b"writing manifest file 'stonefish_ros2.egg-info/SOURCES.txt'\n"}
[0.198383] (stonefish_ros2) StdoutLine: {'line': b'make[2]: \xe7\xa6\xbb\xe5\xbc\x80\xe7\x9b\xae\xe5\xbd\x95\xe2\x80\x9c/home/dyj/ros2_ws/build/stonefish_ros2\xe2\x80\x9d\n'}
[0.199579] (-) TimerEvent: {}
[0.203992] (stonefish_ros2) StdoutLine: {'line': b'[100%] Built target ament_cmake_python_build_stonefish_ros2_egg\n'}
[0.299708] (-) TimerEvent: {}
[0.400045] (-) TimerEvent: {}
[0.500370] (-) TimerEvent: {}
[0.600700] (-) TimerEvent: {}
[0.701021] (-) TimerEvent: {}
[0.801344] (-) TimerEvent: {}
[0.901666] (-) TimerEvent: {}
[1.001969] (-) TimerEvent: {}
[1.102268] (-) TimerEvent: {}
[1.202584] (-) TimerEvent: {}
[1.302901] (-) TimerEvent: {}
[1.403209] (-) TimerEvent: {}
[1.503522] (-) TimerEvent: {}
[1.603826] (-) TimerEvent: {}
[1.704146] (-) TimerEvent: {}
[1.804469] (-) TimerEvent: {}
[1.904803] (-) TimerEvent: {}
[2.005115] (-) TimerEvent: {}
[2.105436] (-) TimerEvent: {}
[2.137382] (stonefish_ros2) StderrLine: {'line': b'In file included from \x1b[01m\x1b[K/home/dyj/ros2_ws/src/stonefish_ros2/src/FluidDynamicsTestManager.cpp:28\x1b[m\x1b[K:\n'}
[2.137625] (stonefish_ros2) StderrLine: {'line': b'\x1b[01m\x1b[K/home/dyj/ros2_ws/src/stonefish_ros2/src/FluidDynamicsTestManager.h:21:1:\x1b[m\x1b[K \x1b[01;31m\x1b[Kerror: \x1b[m\x1b[Kexpected class-name before \xe2\x80\x98\x1b[01m\x1b[K{\x1b[m\x1b[K\xe2\x80\x99 token\n'}
[2.137720] (stonefish_ros2) StderrLine: {'line': b'   21 | \x1b[01;31m\x1b[K{\x1b[m\x1b[K\n'}
[2.137786] (stonefish_ros2) StderrLine: {'line': b'      | \x1b[01;31m\x1b[K^\x1b[m\x1b[K\n'}
[2.165131] (stonefish_ros2) StderrLine: {'line': b'\x1b[01m\x1b[K/home/dyj/ros2_ws/src/stonefish_ros2/src/FluidDynamicsTestManager.h:25:10:\x1b[m\x1b[K \x1b[01;31m\x1b[Kerror: \x1b[m\x1b[K\xe2\x80\x98\x1b[01m\x1b[Kvoid FluidDynamicsTestManager::BuildScenario()\x1b[m\x1b[K\xe2\x80\x99 marked \xe2\x80\x98\x1b[01m\x1b[Koverride\x1b[m\x1b[K\xe2\x80\x99, but does not override\n'}
[2.165351] (stonefish_ros2) StderrLine: {'line': b'   25 |     void \x1b[01;31m\x1b[KBuildScenario\x1b[m\x1b[K() override;\n'}
[2.165432] (stonefish_ros2) StderrLine: {'line': b'      |          \x1b[01;31m\x1b[K^~~~~~~~~~~~~\x1b[m\x1b[K\n'}
[2.165495] (stonefish_ros2) StderrLine: {'line': b'\x1b[01m\x1b[K/home/dyj/ros2_ws/src/stonefish_ros2/src/FluidDynamicsTestManager.h:26:10:\x1b[m\x1b[K \x1b[01;31m\x1b[Kerror: \x1b[m\x1b[K\xe2\x80\x98\x1b[01m\x1b[Kvoid FluidDynamicsTestManager::SimulationStepCompleted(sf::Scalar)\x1b[m\x1b[K\xe2\x80\x99 marked \xe2\x80\x98\x1b[01m\x1b[Koverride\x1b[m\x1b[K\xe2\x80\x99, but does not override\n'}
[2.165567] (stonefish_ros2) StderrLine: {'line': b'   26 |     void \x1b[01;31m\x1b[KSimulationStepCompleted\x1b[m\x1b[K(sf::Scalar timeStep) override;\n'}
[2.165643] (stonefish_ros2) StderrLine: {'line': b'      |          \x1b[01;31m\x1b[K^~~~~~~~~~~~~~~~~~~~~~~\x1b[m\x1b[K\n'}
[2.205556] (-) TimerEvent: {}
[2.235469] (stonefish_ros2) StderrLine: {'line': b'In file included from \x1b[01m\x1b[K/home/dyj/ros2_ws/src/stonefish_ros2/src/FluidDynamicsTestApp.h:30\x1b[m\x1b[K,\n'}
[2.235696] (stonefish_ros2) StderrLine: {'line': b'                 from \x1b[01m\x1b[K/home/dyj/ros2_ws/src/stonefish_ros2/src/main.cpp:26\x1b[m\x1b[K:\n'}
[2.235779] (stonefish_ros2) StderrLine: {'line': b'\x1b[01m\x1b[K/home/dyj/ros2_ws/src/stonefish_ros2/src/FluidDynamicsTestManager.h:21:1:\x1b[m\x1b[K \x1b[01;31m\x1b[Kerror: \x1b[m\x1b[Kexpected class-name before \xe2\x80\x98\x1b[01m\x1b[K{\x1b[m\x1b[K\xe2\x80\x99 token\n'}
[2.235847] (stonefish_ros2) StderrLine: {'line': b'   21 | \x1b[01;31m\x1b[K{\x1b[m\x1b[K\n'}
[2.235908] (stonefish_ros2) StderrLine: {'line': b'      | \x1b[01;31m\x1b[K^\x1b[m\x1b[K\n'}
[2.254637] (stonefish_ros2) StderrLine: {'line': b'In file included from \x1b[01m\x1b[K/home/dyj/ros2_ws/src/stonefish_ros2/src/FluidDynamicsTestApp.h:30\x1b[m\x1b[K,\n'}
[2.254820] (stonefish_ros2) StderrLine: {'line': b'                 from \x1b[01m\x1b[K/home/dyj/ros2_ws/src/stonefish_ros2/src/FluidDynamicsTestApp.cpp:26\x1b[m\x1b[K:\n'}
[2.254890] (stonefish_ros2) StderrLine: {'line': b'\x1b[01m\x1b[K/home/dyj/ros2_ws/src/stonefish_ros2/src/FluidDynamicsTestManager.h:21:1:\x1b[m\x1b[K \x1b[01;31m\x1b[Kerror: \x1b[m\x1b[Kexpected class-name before \xe2\x80\x98\x1b[01m\x1b[K{\x1b[m\x1b[K\xe2\x80\x99 token\n'}
[2.254957] (stonefish_ros2) StderrLine: {'line': b'   21 | \x1b[01;31m\x1b[K{\x1b[m\x1b[K\n'}
[2.255015] (stonefish_ros2) StderrLine: {'line': b'      | \x1b[01;31m\x1b[K^\x1b[m\x1b[K\n'}
[2.263002] (stonefish_ros2) StderrLine: {'line': b'\x1b[01m\x1b[K/home/dyj/ros2_ws/src/stonefish_ros2/src/FluidDynamicsTestManager.h:25:10:\x1b[m\x1b[K \x1b[01;31m\x1b[Kerror: \x1b[m\x1b[K\xe2\x80\x98\x1b[01m\x1b[Kvoid FluidDynamicsTestManager::BuildScenario()\x1b[m\x1b[K\xe2\x80\x99 marked \xe2\x80\x98\x1b[01m\x1b[Koverride\x1b[m\x1b[K\xe2\x80\x99, but does not override\n'}
[2.263129] (stonefish_ros2) StderrLine: {'line': b'   25 |     void \x1b[01;31m\x1b[KBuildScenario\x1b[m\x1b[K() override;\n'}
[2.263202] (stonefish_ros2) StderrLine: {'line': b'      |          \x1b[01;31m\x1b[K^~~~~~~~~~~~~\x1b[m\x1b[K\n'}
[2.263264] (stonefish_ros2) StderrLine: {'line': b'\x1b[01m\x1b[K/home/dyj/ros2_ws/src/stonefish_ros2/src/FluidDynamicsTestManager.h:26:10:\x1b[m\x1b[K \x1b[01;31m\x1b[Kerror: \x1b[m\x1b[K\xe2\x80\x98\x1b[01m\x1b[Kvoid FluidDynamicsTestManager::SimulationStepCompleted(sf::Scalar)\x1b[m\x1b[K\xe2\x80\x99 marked \xe2\x80\x98\x1b[01m\x1b[Koverride\x1b[m\x1b[K\xe2\x80\x99, but does not override\n'}
[2.263327] (stonefish_ros2) StderrLine: {'line': b'   26 |     void \x1b[01;31m\x1b[KSimulationStepCompleted\x1b[m\x1b[K(sf::Scalar timeStep) override;\n'}
[2.263385] (stonefish_ros2) StderrLine: {'line': b'      |          \x1b[01;31m\x1b[K^~~~~~~~~~~~~~~~~~~~~~~\x1b[m\x1b[K\n'}
[2.264232] (stonefish_ros2) StderrLine: {'line': b'\x1b[01m\x1b[K/home/dyj/ros2_ws/src/stonefish_ros2/src/main.cpp:\x1b[m\x1b[K In function \xe2\x80\x98\x1b[01m\x1b[Kint main(int, const char**)\x1b[m\x1b[K\xe2\x80\x99:\n'}
[2.264296] (stonefish_ros2) StderrLine: {'line': b'\x1b[01m\x1b[K/home/dyj/ros2_ws/src/stonefish_ros2/src/main.cpp:54:23:\x1b[m\x1b[K \x1b[01;31m\x1b[Kerror: \x1b[m\x1b[K\xe2\x80\x98\x1b[01m\x1b[Kclass FluidDynamicsTestManager\x1b[m\x1b[K\xe2\x80\x99 has no member named \xe2\x80\x98\x1b[01m\x1b[KsetRealtimeFactor\x1b[m\x1b[K\xe2\x80\x99\n'}
[2.264354] (stonefish_ros2) StderrLine: {'line': b'   54 |     simulationManager.\x1b[01;31m\x1b[KsetRealtimeFactor\x1b[m\x1b[K(1.0);\n'}
[2.264410] (stonefish_ros2) StderrLine: {'line': b'      |                       \x1b[01;31m\x1b[K^~~~~~~~~~~~~~~~~\x1b[m\x1b[K\n'}
[2.265527] (stonefish_ros2) StderrLine: {'line': b'\x1b[01m\x1b[K/home/dyj/ros2_ws/src/stonefish_ros2/src/main.cpp:30:14:\x1b[m\x1b[K \x1b[01;35m\x1b[Kwarning: \x1b[m\x1b[Kunused parameter \xe2\x80\x98\x1b[01m\x1b[Kargc\x1b[m\x1b[K\xe2\x80\x99 [\x1b[01;35m\x1b[K-Wunused-parameter\x1b[m\x1b[K]\n'}
[2.265586] (stonefish_ros2) StderrLine: {'line': b'   30 | int main(\x1b[01;35m\x1b[Kint argc\x1b[m\x1b[K, const char * argv[])\n'}
[2.265649] (stonefish_ros2) StderrLine: {'line': b'      |          \x1b[01;35m\x1b[K~~~~^~~~\x1b[m\x1b[K\n'}
[2.265705] (stonefish_ros2) StderrLine: {'line': b'\x1b[01m\x1b[K/home/dyj/ros2_ws/src/stonefish_ros2/src/main.cpp:30:33:\x1b[m\x1b[K \x1b[01;35m\x1b[Kwarning: \x1b[m\x1b[Kunused parameter \xe2\x80\x98\x1b[01m\x1b[Kargv\x1b[m\x1b[K\xe2\x80\x99 [\x1b[01;35m\x1b[K-Wunused-parameter\x1b[m\x1b[K]\n'}
[2.265760] (stonefish_ros2) StderrLine: {'line': b'   30 | int main(int argc, \x1b[01;35m\x1b[Kconst char * argv[]\x1b[m\x1b[K)\n'}
[2.265814] (stonefish_ros2) StderrLine: {'line': b'      |                    \x1b[01;35m\x1b[K~~~~~~~~~~~~~^~~~~~\x1b[m\x1b[K\n'}
[2.284021] (stonefish_ros2) StderrLine: {'line': b'\x1b[01m\x1b[K/home/dyj/ros2_ws/src/stonefish_ros2/src/FluidDynamicsTestManager.h:25:10:\x1b[m\x1b[K \x1b[01;31m\x1b[Kerror: \x1b[m\x1b[K\xe2\x80\x98\x1b[01m\x1b[Kvoid FluidDynamicsTestManager::BuildScenario()\x1b[m\x1b[K\xe2\x80\x99 marked \xe2\x80\x98\x1b[01m\x1b[Koverride\x1b[m\x1b[K\xe2\x80\x99, but does not override\n'}
[2.284179] (stonefish_ros2) StderrLine: {'line': b'   25 |     void \x1b[01;31m\x1b[KBuildScenario\x1b[m\x1b[K() override;\n'}
[2.284250] (stonefish_ros2) StderrLine: {'line': b'      |          \x1b[01;31m\x1b[K^~~~~~~~~~~~~\x1b[m\x1b[K\n'}
[2.284311] (stonefish_ros2) StderrLine: {'line': b'\x1b[01m\x1b[K/home/dyj/ros2_ws/src/stonefish_ros2/src/FluidDynamicsTestManager.h:26:10:\x1b[m\x1b[K \x1b[01;31m\x1b[Kerror: \x1b[m\x1b[K\xe2\x80\x98\x1b[01m\x1b[Kvoid FluidDynamicsTestManager::SimulationStepCompleted(sf::Scalar)\x1b[m\x1b[K\xe2\x80\x99 marked \xe2\x80\x98\x1b[01m\x1b[Koverride\x1b[m\x1b[K\xe2\x80\x99, but does not override\n'}
[2.284382] (stonefish_ros2) StderrLine: {'line': b'   26 |     void \x1b[01;31m\x1b[KSimulationStepCompleted\x1b[m\x1b[K(sf::Scalar timeStep) override;\n'}
[2.284440] (stonefish_ros2) StderrLine: {'line': b'      |          \x1b[01;31m\x1b[K^~~~~~~~~~~~~~~~~~~~~~~\x1b[m\x1b[K\n'}
[2.305669] (-) TimerEvent: {}
[2.345750] (stonefish_ros2) StderrLine: {'line': b'\x1b[01m\x1b[K/home/dyj/ros2_ws/src/stonefish_ros2/src/FluidDynamicsTestManager.cpp:51:77:\x1b[m\x1b[K \x1b[01;31m\x1b[Kerror: \x1b[m\x1b[Kdefinition of \xe2\x80\x98\x1b[01m\x1b[KFluidDynamicsTestManager::FluidDynamicsTestManager(sf::Scalar)\x1b[m\x1b[K\xe2\x80\x99 is not in namespace enclosing \xe2\x80\x98\x1b[01m\x1b[KFluidDynamicsTestManager\x1b[m\x1b[K\xe2\x80\x99 [\x1b[01;31m\x1b[K-fpermissive\x1b[m\x1b[K]\n'}
[2.345979] (stonefish_ros2) StderrLine: {'line': b'   51 | FluidDynamicsTestManager::FluidDynamicsTestManager(sf::Scalar stepsPerSecond\x1b[01;31m\x1b[K)\x1b[m\x1b[K\n'}
[2.346064] (stonefish_ros2) StderrLine: {'line': b'      |                                                                             \x1b[01;31m\x1b[K^\x1b[m\x1b[K\n'}
[2.346341] (stonefish_ros2) StderrLine: {'line': b'\x1b[01m\x1b[K/home/dyj/ros2_ws/src/stonefish_ros2/src/FluidDynamicsTestApp.cpp:\x1b[m\x1b[K In constructor \xe2\x80\x98\x1b[01m\x1b[KFluidDynamicsTestApp::FluidDynamicsTestApp(std::string, sf::RenderSettings, sf::HelperSettings, FluidDynamicsTestManager*)\x1b[m\x1b[K\xe2\x80\x99:\n'}
[2.346415] (stonefish_ros2) StderrLine: {'line': b'\x1b[01m\x1b[K/home/dyj/ros2_ws/src/stonefish_ros2/src/FluidDynamicsTestApp.cpp:43:74:\x1b[m\x1b[K \x1b[01;31m\x1b[Kerror: \x1b[m\x1b[Kno matching function for call to \xe2\x80\x98\x1b[01m\x1b[Ksf::GraphicalSimulationApp::GraphicalSimulationApp(const char [19], std::string&, sf::RenderSettings&, sf::HelperSettings&, FluidDynamicsTestManager*&)\x1b[m\x1b[K\xe2\x80\x99\n'}
[2.346489] (stonefish_ros2) StderrLine: {'line': b'   43 |     : GraphicalSimulationApp("FluidDynamics Test", dataDirPath, s, h, sim\x1b[01;31m\x1b[K)\x1b[m\x1b[K\n'}
[2.346550] (stonefish_ros2) StderrLine: {'line': b'      |                                                                          \x1b[01;31m\x1b[K^\x1b[m\x1b[K\n'}
[2.346608] (stonefish_ros2) StderrLine: {'line': b'In file included from \x1b[01m\x1b[K/home/dyj/ros2_ws/src/stonefish_ros2/src/FluidDynamicsTestApp.h:29\x1b[m\x1b[K,\n'}
[2.346668] (stonefish_ros2) StderrLine: {'line': b'                 from \x1b[01m\x1b[K/home/dyj/ros2_ws/src/stonefish_ros2/src/FluidDynamicsTestApp.cpp:26\x1b[m\x1b[K:\n'}
[2.346725] (stonefish_ros2) StderrLine: {'line': b'\x1b[01m\x1b[K/usr/local/include/Stonefish/core/GraphicalSimulationApp.h:53:9:\x1b[m\x1b[K \x1b[01;36m\x1b[Knote: \x1b[m\x1b[Kcandidate: \xe2\x80\x98\x1b[01m\x1b[Ksf::GraphicalSimulationApp::GraphicalSimulationApp(std::string, std::string, sf::RenderSettings, sf::HelperSettings, sf::SimulationManager*)\x1b[m\x1b[K\xe2\x80\x99\n'}
[2.346787] (stonefish_ros2) StderrLine: {'line': b'   53 |         \x1b[01;36m\x1b[KGraphicalSimulationApp\x1b[m\x1b[K(std::string title, std::string dataDirPath, RenderSettings s, HelperSettings h, SimulationManager* sim);\n'}
[2.346883] (stonefish_ros2) StderrLine: {'line': b'      |         \x1b[01;36m\x1b[K^~~~~~~~~~~~~~~~~~~~~~\x1b[m\x1b[K\n'}
[2.346939] (stonefish_ros2) StderrLine: {'line': b'In file included from \x1b[01m\x1b[K/home/dyj/ros2_ws/src/stonefish_ros2/src/FluidDynamicsTestApp.h:29\x1b[m\x1b[K,\n'}
[2.346993] (stonefish_ros2) StderrLine: {'line': b'                 from \x1b[01m\x1b[K/home/dyj/ros2_ws/src/stonefish_ros2/src/FluidDynamicsTestApp.cpp:26\x1b[m\x1b[K:\n'}
[2.347047] (stonefish_ros2) StderrLine: {'line': b'\x1b[01m\x1b[K/usr/local/include/Stonefish/core/GraphicalSimulationApp.h:53:131:\x1b[m\x1b[K \x1b[01;36m\x1b[Knote: \x1b[m\x1b[K  no known conversion for argument 5 from \xe2\x80\x98\x1b[01m\x1b[KFluidDynamicsTestManager*\x1b[m\x1b[K\xe2\x80\x99 to \xe2\x80\x98\x1b[01m\x1b[Ksf::SimulationManager*\x1b[m\x1b[K\xe2\x80\x99\n'}
[2.347106] (stonefish_ros2) StderrLine: {'line': b'   53 |         GraphicalSimulationApp(std::string title, std::string dataDirPath, RenderSettings s, HelperSettings h, \x1b[01;36m\x1b[KSimulationManager* sim\x1b[m\x1b[K);\n'}
[2.347160] (stonefish_ros2) StderrLine: {'line': b'      |                                                                                                                \x1b[01;36m\x1b[K~~~~~~~~~~~~~~~~~~~^~~\x1b[m\x1b[K\n'}
[2.347214] (stonefish_ros2) StderrLine: {'line': b'In file included from \x1b[01m\x1b[K/home/dyj/ros2_ws/src/stonefish_ros2/src/FluidDynamicsTestApp.h:29\x1b[m\x1b[K,\n'}
[2.347268] (stonefish_ros2) StderrLine: {'line': b'                 from \x1b[01m\x1b[K/home/dyj/ros2_ws/src/stonefish_ros2/src/FluidDynamicsTestApp.cpp:26\x1b[m\x1b[K:\n'}
[2.347322] (stonefish_ros2) StderrLine: {'line': b'\x1b[01m\x1b[K/usr/local/include/Stonefish/core/GraphicalSimulationApp.h:42:11:\x1b[m\x1b[K \x1b[01;36m\x1b[Knote: \x1b[m\x1b[Kcandidate: \xe2\x80\x98\x1b[01m\x1b[Ksf::GraphicalSimulationApp::GraphicalSimulationApp(const sf::GraphicalSimulationApp&)\x1b[m\x1b[K\xe2\x80\x99\n'}
[2.347377] (stonefish_ros2) StderrLine: {'line': b'   42 |     class \x1b[01;36m\x1b[KGraphicalSimulationApp\x1b[m\x1b[K : public SimulationApp\n'}
[2.347431] (stonefish_ros2) StderrLine: {'line': b'      |           \x1b[01;36m\x1b[K^~~~~~~~~~~~~~~~~~~~~~\x1b[m\x1b[K\n'}
[2.347486] (stonefish_ros2) StderrLine: {'line': b'\x1b[01m\x1b[K/usr/local/include/Stonefish/core/GraphicalSimulationApp.h:42:11:\x1b[m\x1b[K \x1b[01;36m\x1b[Knote: \x1b[m\x1b[K  candidate expects 1 argument, 5 provided\n'}
[2.347540] (stonefish_ros2) StderrLine: {'line': b'\x1b[01m\x1b[K/home/dyj/ros2_ws/src/stonefish_ros2/src/FluidDynamicsTestManager.cpp:\x1b[m\x1b[K In constructor \xe2\x80\x98\x1b[01m\x1b[KFluidDynamicsTestManager::FluidDynamicsTestManager(sf::Scalar)\x1b[m\x1b[K\xe2\x80\x99:\n'}
[2.347595] (stonefish_ros2) StderrLine: {'line': b'\x1b[01m\x1b[K/home/dyj/ros2_ws/src/stonefish_ros2/src/FluidDynamicsTestManager.cpp:52:3:\x1b[m\x1b[K \x1b[01;31m\x1b[Kerror: \x1b[m\x1b[Kclass \xe2\x80\x98\x1b[01m\x1b[KFluidDynamicsTestManager\x1b[m\x1b[K\xe2\x80\x99 does not have any field named \xe2\x80\x98\x1b[01m\x1b[KSimulationManager\x1b[m\x1b[K\xe2\x80\x99\n'}
[2.347653] (stonefish_ros2) StderrLine: {'line': b'   52 | : \x1b[01;31m\x1b[KSimulationManager\x1b[m\x1b[K(stepsPerSecond, sf::SolverType::SOLVER_SI, sf::CollisionFilteringType::COLLISION_EXCLUSIVE)\n'}
[2.347707] (stonefish_ros2) StderrLine: {'line': b'      |   \x1b[01;31m\x1b[K^~~~~~~~~~~~~~~~~\x1b[m\x1b[K\n'}
[2.352727] (stonefish_ros2) StderrLine: {'line': b'\x1b[01m\x1b[K/home/dyj/ros2_ws/src/stonefish_ros2/src/FluidDynamicsTestManager.cpp:\x1b[m\x1b[K At global scope:\n'}
[2.352805] (stonefish_ros2) StderrLine: {'line': b'\x1b[01m\x1b[K/home/dyj/ros2_ws/src/stonefish_ros2/src/FluidDynamicsTestManager.cpp:62:90:\x1b[m\x1b[K \x1b[01;31m\x1b[Kerror: \x1b[m\x1b[Kdefinition of \xe2\x80\x98\x1b[01m\x1b[Kvoid FluidDynamicsTestManager::cmdCallback(geometry_msgs::msg::Twist_<std::allocator<void> >::SharedPtr)\x1b[m\x1b[K\xe2\x80\x99 is not in namespace enclosing \xe2\x80\x98\x1b[01m\x1b[KFluidDynamicsTestManager\x1b[m\x1b[K\xe2\x80\x99 [\x1b[01;31m\x1b[K-fpermissive\x1b[m\x1b[K]\n'}
[2.352874] (stonefish_ros2) StderrLine: {'line': b'   62 | void FluidDynamicsTestManager::cmdCallback(const geometry_msgs::msg::Twist::SharedPtr msg\x1b[01;31m\x1b[K)\x1b[m\x1b[K\n'}
[2.352930] (stonefish_ros2) StderrLine: {'line': b'      |                                                                                          \x1b[01;31m\x1b[K^\x1b[m\x1b[K\n'}
[2.354709] (stonefish_ros2) StderrLine: {'line': b'\x1b[01m\x1b[K/home/dyj/ros2_ws/src/stonefish_ros2/src/FluidDynamicsTestManager.cpp:73:46:\x1b[m\x1b[K \x1b[01;31m\x1b[Kerror: \x1b[m\x1b[Kdefinition of \xe2\x80\x98\x1b[01m\x1b[Kvoid FluidDynamicsTestManager::BuildScenario()\x1b[m\x1b[K\xe2\x80\x99 is not in namespace enclosing \xe2\x80\x98\x1b[01m\x1b[KFluidDynamicsTestManager\x1b[m\x1b[K\xe2\x80\x99 [\x1b[01;31m\x1b[K-fpermissive\x1b[m\x1b[K]\n'}
[2.354795] (stonefish_ros2) StderrLine: {'line': b'   73 | void FluidDynamicsTestManager::BuildScenario(\x1b[01;31m\x1b[K)\x1b[m\x1b[K\n'}
[2.354851] (stonefish_ros2) StderrLine: {'line': b'      |                                              \x1b[01;31m\x1b[K^\x1b[m\x1b[K\n'}
[2.360216] (stonefish_ros2) StderrLine: {'line': b'\x1b[01m\x1b[K/home/dyj/ros2_ws/src/stonefish_ros2/src/FluidDynamicsTestManager.cpp:\x1b[m\x1b[K In member function \xe2\x80\x98\x1b[01m\x1b[Kvoid FluidDynamicsTestManager::BuildScenario()\x1b[m\x1b[K\xe2\x80\x99:\n'}
[2.360288] (stonefish_ros2) StderrLine: {'line': b'\x1b[01m\x1b[K/home/dyj/ros2_ws/src/stonefish_ros2/src/FluidDynamicsTestManager.cpp:77:5:\x1b[m\x1b[K \x1b[01;31m\x1b[Kerror: \x1b[m\x1b[K\xe2\x80\x98\x1b[01m\x1b[KgetJointErp\x1b[m\x1b[K\xe2\x80\x99 was not declared in this scope\n'}
[2.360344] (stonefish_ros2) StderrLine: {'line': b'   77 |     \x1b[01;31m\x1b[KgetJointErp\x1b[m\x1b[K(erp, stopErp);\n'}
[2.360398] (stonefish_ros2) StderrLine: {'line': b'      |     \x1b[01;31m\x1b[K^~~~~~~~~~~\x1b[m\x1b[K\n'}
[2.367186] (stonefish_ros2) StderrLine: {'line': b'\x1b[01m\x1b[K/home/dyj/ros2_ws/src/stonefish_ros2/src/FluidDynamicsTestManager.cpp:78:23:\x1b[m\x1b[K \x1b[01;31m\x1b[Kerror: \x1b[m\x1b[K\xe2\x80\x98\x1b[01m\x1b[KgetDynamicsWorld\x1b[m\x1b[K\xe2\x80\x99 was not declared in this scope; did you mean \xe2\x80\x98\x1b[01m\x1b[KbtDynamicsWorld\x1b[m\x1b[K\xe2\x80\x99?\n'}
[2.367256] (stonefish_ros2) StderrLine: {'line': b'   78 |     sf::Scalar erp2 = \x1b[01;31m\x1b[KgetDynamicsWorld\x1b[m\x1b[K()->getSolverInfo().m_erp2;\n'}
[2.367323] (stonefish_ros2) StderrLine: {'line': b'      |                       \x1b[01;31m\x1b[K^~~~~~~~~~~~~~~~\x1b[m\x1b[K\n'}
[2.367376] (stonefish_ros2) StderrLine: {'line': b'      |                       \x1b[32m\x1b[KbtDynamicsWorld\x1b[m\x1b[K\n'}
[2.384225] (stonefish_ros2) StderrLine: {'line': b'\x1b[01m\x1b[K/home/dyj/ros2_ws/src/stonefish_ros2/src/FluidDynamicsTestManager.cpp:82:5:\x1b[m\x1b[K \x1b[01;31m\x1b[Kerror: \x1b[m\x1b[K\xe2\x80\x98\x1b[01m\x1b[KgetSleepingThresholds\x1b[m\x1b[K\xe2\x80\x99 was not declared in this scope\n'}
[2.384363] (stonefish_ros2) StderrLine: {'line': b'   82 |     \x1b[01;31m\x1b[KgetSleepingThresholds\x1b[m\x1b[K(linSleep, angSleep);\n'}
[2.384443] (stonefish_ros2) StderrLine: {'line': b'      |     \x1b[01;31m\x1b[K^~~~~~~~~~~~~~~~~~~~~\x1b[m\x1b[K\n'}
[2.392864] (stonefish_ros2) StderrLine: {'line': b'\x1b[01m\x1b[K/home/dyj/ros2_ws/src/stonefish_ros2/src/FluidDynamicsTestManager.cpp:85:5:\x1b[m\x1b[K \x1b[01;31m\x1b[Kerror: \x1b[m\x1b[K\xe2\x80\x98\x1b[01m\x1b[KsetSolverParams\x1b[m\x1b[K\xe2\x80\x99 was not declared in this scope\n'}
[2.393012] (stonefish_ros2) StderrLine: {'line': b'   85 |     \x1b[01;31m\x1b[KsetSolverParams\x1b[m\x1b[K(erp, stopErp, erp2, globalDamping, globalFriction, linSleep, angSleep);\n'}
[2.393098] (stonefish_ros2) StderrLine: {'line': b'      |     \x1b[01;31m\x1b[K^~~~~~~~~~~~~~~\x1b[m\x1b[K\n'}
[2.405754] (-) TimerEvent: {}
[2.412054] (stonefish_ros2) StderrLine: {'line': b'\x1b[01m\x1b[K/home/dyj/ros2_ws/src/stonefish_ros2/src/FluidDynamicsTestManager.cpp:86:5:\x1b[m\x1b[K \x1b[01;31m\x1b[Kerror: \x1b[m\x1b[K\xe2\x80\x98\x1b[01m\x1b[KsetFluidDynamicsPrescaler\x1b[m\x1b[K\xe2\x80\x99 was not declared in this scope\n'}
[2.412222] (stonefish_ros2) StderrLine: {'line': b'   86 |     \x1b[01;31m\x1b[KsetFluidDynamicsPrescaler\x1b[m\x1b[K(1);\n'}
[2.412304] (stonefish_ros2) StderrLine: {'line': b'      |     \x1b[01;31m\x1b[K^~~~~~~~~~~~~~~~~~~~~~~~~\x1b[m\x1b[K\n'}
[2.419996] (stonefish_ros2) StderrLine: {'line': b'\x1b[01m\x1b[K/home/dyj/ros2_ws/src/stonefish_ros2/src/FluidDynamicsTestManager.cpp:89:5:\x1b[m\x1b[K \x1b[01;31m\x1b[Kerror: \x1b[m\x1b[K\xe2\x80\x98\x1b[01m\x1b[KCreateMaterial\x1b[m\x1b[K\xe2\x80\x99 was not declared in this scope\n'}
[2.420149] (stonefish_ros2) StderrLine: {'line': b'   89 |     \x1b[01;31m\x1b[KCreateMaterial\x1b[m\x1b[K("Light", sf::UnitSystem::Density(sf::CGS, sf::MKS, 0.9), 0.3);\n'}
[2.420235] (stonefish_ros2) StderrLine: {'line': b'      |     \x1b[01;31m\x1b[K^~~~~~~~~~~~~~\x1b[m\x1b[K\n'}
[2.438216] (stonefish_ros2) StderrLine: {'line': b'\x1b[01m\x1b[K/home/dyj/ros2_ws/src/stonefish_ros2/src/FluidDynamicsTestManager.cpp:92:5:\x1b[m\x1b[K \x1b[01;31m\x1b[Kerror: \x1b[m\x1b[K\xe2\x80\x98\x1b[01m\x1b[KSetMaterialsInteraction\x1b[m\x1b[K\xe2\x80\x99 was not declared in this scope\n'}
[2.438406] (stonefish_ros2) StderrLine: {'line': b'   92 |     \x1b[01;31m\x1b[KSetMaterialsInteraction\x1b[m\x1b[K("Light", "Light", 0.5, 0.2);\n'}
[2.438486] (stonefish_ros2) StderrLine: {'line': b'      |     \x1b[01;31m\x1b[K^~~~~~~~~~~~~~~~~~~~~~~\x1b[m\x1b[K\n'}
[2.442595] (stonefish_ros2) StderrLine: {'line': b'\x1b[01m\x1b[K/home/dyj/ros2_ws/src/stonefish_ros2/src/FluidDynamicsTestManager.cpp:100:5:\x1b[m\x1b[K \x1b[01;31m\x1b[Kerror: \x1b[m\x1b[K\xe2\x80\x98\x1b[01m\x1b[KCreateLook\x1b[m\x1b[K\xe2\x80\x99 was not declared in this scope\n'}
[2.442709] (stonefish_ros2) StderrLine: {'line': b'  100 |     \x1b[01;31m\x1b[KCreateLook\x1b[m\x1b[K("Yellow", sf::Color::RGB(1.f, 0.9f, 0.1f), 0.3f, 0.f);\n'}
[2.442778] (stonefish_ros2) StderrLine: {'line': b'      |     \x1b[01;31m\x1b[K^~~~~~~~~~\x1b[m\x1b[K\n'}
[2.447319] (stonefish_ros2) StderrLine: {'line': b'\x1b[01m\x1b[K/home/dyj/ros2_ws/src/stonefish_ros2/src/FluidDynamicsTestManager.cpp:104:5:\x1b[m\x1b[K \x1b[01;31m\x1b[Kerror: \x1b[m\x1b[K\xe2\x80\x98\x1b[01m\x1b[KEnableOcean\x1b[m\x1b[K\xe2\x80\x99 was not declared in this scope\n'}
[2.447404] (stonefish_ros2) StderrLine: {'line': b'  104 |     \x1b[01;31m\x1b[KEnableOcean\x1b[m\x1b[K(0.0);\n'}
[2.447462] (stonefish_ros2) StderrLine: {'line': b'      |     \x1b[01;31m\x1b[K^~~~~~~~~~~\x1b[m\x1b[K\n'}
[2.450110] (stonefish_ros2) StderrLine: {'line': b'\x1b[01m\x1b[K/home/dyj/ros2_ws/src/stonefish_ros2/src/FluidDynamicsTestManager.cpp:105:5:\x1b[m\x1b[K \x1b[01;31m\x1b[Kerror: \x1b[m\x1b[K\xe2\x80\x98\x1b[01m\x1b[KgetOcean\x1b[m\x1b[K\xe2\x80\x99 was not declared in this scope; did you mean \xe2\x80\x98\x1b[01m\x1b[KOcean\x1b[m\x1b[K\xe2\x80\x99?\n'}
[2.450184] (stonefish_ros2) StderrLine: {'line': b'  105 |     \x1b[01;31m\x1b[KgetOcean\x1b[m\x1b[K()->setWaterType(0.2);\n'}
[2.450240] (stonefish_ros2) StderrLine: {'line': b'      |     \x1b[01;31m\x1b[K^~~~~~~~\x1b[m\x1b[K\n'}
[2.450294] (stonefish_ros2) StderrLine: {'line': b'      |     \x1b[32m\x1b[KOcean\x1b[m\x1b[K\n'}
[2.453493] (stonefish_ros2) StderrLine: {'line': b'\x1b[01m\x1b[K/home/dyj/ros2_ws/src/stonefish_ros2/src/FluidDynamicsTestManager.cpp:106:5:\x1b[m\x1b[K \x1b[01;31m\x1b[Kerror: \x1b[m\x1b[K\xe2\x80\x98\x1b[01m\x1b[KgetAtmosphere\x1b[m\x1b[K\xe2\x80\x99 was not declared in this scope; did you mean \xe2\x80\x98\x1b[01m\x1b[KAtmosphere\x1b[m\x1b[K\xe2\x80\x99?\n'}
[2.453561] (stonefish_ros2) StderrLine: {'line': b'  106 |     \x1b[01;31m\x1b[KgetAtmosphere\x1b[m\x1b[K()->SetSunPosition(0.0, 60.0);\n'}
[2.453621] (stonefish_ros2) StderrLine: {'line': b'      |     \x1b[01;31m\x1b[K^~~~~~~~~~~~~\x1b[m\x1b[K\n'}
[2.453677] (stonefish_ros2) StderrLine: {'line': b'      |     \x1b[32m\x1b[KAtmosphere\x1b[m\x1b[K\n'}
[2.457508] (stonefish_ros2) StderrLine: {'line': b'\x1b[01m\x1b[K/home/dyj/ros2_ws/src/stonefish_ros2/src/FluidDynamicsTestManager.cpp:116:5:\x1b[m\x1b[K \x1b[01;31m\x1b[Kerror: \x1b[m\x1b[K\xe2\x80\x98\x1b[01m\x1b[KAddSolidEntity\x1b[m\x1b[K\xe2\x80\x99 was not declared in this scope; did you mean \xe2\x80\x98\x1b[01m\x1b[KSolidEntity\x1b[m\x1b[K\xe2\x80\x99?\n'}
[2.457575] (stonefish_ros2) StderrLine: {'line': b'  116 |     \x1b[01;31m\x1b[KAddSolidEntity\x1b[m\x1b[K(AUV_body, sf::Transform(sf::Quaternion(0.0, 0.5, 0.0), sf::Vector3(0, 0, 6)));\n'}
[2.457650] (stonefish_ros2) StderrLine: {'line': b'      |     \x1b[01;31m\x1b[K^~~~~~~~~~~~~~\x1b[m\x1b[K\n'}
[2.457708] (stonefish_ros2) StderrLine: {'line': b'      |     \x1b[32m\x1b[KSolidEntity\x1b[m\x1b[K\n'}
[2.461156] (stonefish_ros2) StderrLine: {'line': b'\x1b[01m\x1b[K/home/dyj/ros2_ws/src/stonefish_ros2/src/FluidDynamicsTestManager.cpp:150:5:\x1b[m\x1b[K \x1b[01;31m\x1b[Kerror: \x1b[m\x1b[K\xe2\x80\x98\x1b[01m\x1b[KAddRobot\x1b[m\x1b[K\xe2\x80\x99 was not declared in this scope; did you mean \xe2\x80\x98\x1b[01m\x1b[KRobot\x1b[m\x1b[K\xe2\x80\x99?\n'}
[2.461226] (stonefish_ros2) StderrLine: {'line': b'  150 |     \x1b[01;31m\x1b[KAddRobot\x1b[m\x1b[K(robot, sf::Transform(sf::IQ(), sf::Vector3(4, 0, 0)));\n'}
[2.461281] (stonefish_ros2) StderrLine: {'line': b'      |     \x1b[01;31m\x1b[K^~~~~~~~\x1b[m\x1b[K\n'}
[2.461334] (stonefish_ros2) StderrLine: {'line': b'      |     \x1b[32m\x1b[KRobot\x1b[m\x1b[K\n'}
[2.467290] (stonefish_ros2) StderrLine: {'line': b'\x1b[01m\x1b[K/home/dyj/ros2_ws/src/stonefish_ros2/src/FluidDynamicsTestManager.cpp:166:5:\x1b[m\x1b[K \x1b[01;31m\x1b[Kerror: \x1b[m\x1b[K\xe2\x80\x98\x1b[01m\x1b[KAddActuator\x1b[m\x1b[K\xe2\x80\x99 was not declared in this scope; did you mean \xe2\x80\x98\x1b[01m\x1b[KActuator\x1b[m\x1b[K\xe2\x80\x99?\n'}
[2.467437] (stonefish_ros2) StderrLine: {'line': b'  166 |     \x1b[01;31m\x1b[KAddActuator\x1b[m\x1b[K(thruster1_);\n'}
[2.467520] (stonefish_ros2) StderrLine: {'line': b'      |     \x1b[01;31m\x1b[K^~~~~~~~~~~\x1b[m\x1b[K\n'}
[2.467587] (stonefish_ros2) StderrLine: {'line': b'      |     \x1b[32m\x1b[KActuator\x1b[m\x1b[K\n'}
[2.470850] (stonefish_ros2) StderrLine: {'line': b'\x1b[01m\x1b[K/home/dyj/ros2_ws/src/stonefish_ros2/src/FluidDynamicsTestManager.cpp:185:9:\x1b[m\x1b[K \x1b[01;31m\x1b[Kerror: \x1b[m\x1b[K\xe2\x80\x98\x1b[01m\x1b[KAddSensor\x1b[m\x1b[K\xe2\x80\x99 was not declared in this scope; did you mean \xe2\x80\x98\x1b[01m\x1b[KSensor\x1b[m\x1b[K\xe2\x80\x99?\n'}
[2.470988] (stonefish_ros2) StderrLine: {'line': b'  185 |         \x1b[01;31m\x1b[KAddSensor\x1b[m\x1b[K(odometry);\n'}
[2.471074] (stonefish_ros2) StderrLine: {'line': b'      |         \x1b[01;31m\x1b[K^~~~~~~~~\x1b[m\x1b[K\n'}
[2.471147] (stonefish_ros2) StderrLine: {'line': b'      |         \x1b[32m\x1b[KSensor\x1b[m\x1b[K\n'}
[2.471558] (stonefish_ros2) StderrLine: {'line': b'\x1b[01m\x1b[K/home/dyj/ros2_ws/src/stonefish_ros2/src/FluidDynamicsTestManager.cpp:\x1b[m\x1b[K At global scope:\n'}
[2.471687] (stonefish_ros2) StderrLine: {'line': b'\x1b[01m\x1b[K/home/dyj/ros2_ws/src/stonefish_ros2/src/FluidDynamicsTestManager.cpp:194:75:\x1b[m\x1b[K \x1b[01;31m\x1b[Kerror: \x1b[m\x1b[Kdefinition of \xe2\x80\x98\x1b[01m\x1b[Kvoid FluidDynamicsTestManager::SimulationStepCompleted(sf::Scalar)\x1b[m\x1b[K\xe2\x80\x99 is not in namespace enclosing \xe2\x80\x98\x1b[01m\x1b[KFluidDynamicsTestManager\x1b[m\x1b[K\xe2\x80\x99 [\x1b[01;31m\x1b[K-fpermissive\x1b[m\x1b[K]\n'}
[2.471786] (stonefish_ros2) StderrLine: {'line': b'  194 | void FluidDynamicsTestManager::SimulationStepCompleted(sf::Scalar timeStep\x1b[01;31m\x1b[K)\x1b[m\x1b[K {\n'}
[2.471856] (stonefish_ros2) StderrLine: {'line': b'      |                                                                           \x1b[01;31m\x1b[K^\x1b[m\x1b[K\n'}
[2.472474] (stonefish_ros2) StderrLine: {'line': b'\x1b[01m\x1b[K/home/dyj/ros2_ws/src/stonefish_ros2/src/FluidDynamicsTestManager.cpp:\x1b[m\x1b[K In member function \xe2\x80\x98\x1b[01m\x1b[Kvoid FluidDynamicsTestManager::SimulationStepCompleted(sf::Scalar)\x1b[m\x1b[K\xe2\x80\x99:\n'}
[2.472603] (stonefish_ros2) StderrLine: {'line': b'\x1b[01m\x1b[K/home/dyj/ros2_ws/src/stonefish_ros2/src/FluidDynamicsTestManager.cpp:197:56:\x1b[m\x1b[K \x1b[01;31m\x1b[Kerror: \x1b[m\x1b[K\xe2\x80\x98\x1b[01m\x1b[Kstd::filesystem\x1b[m\x1b[K\xe2\x80\x99 has not been declared\n'}
[2.472687] (stonefish_ros2) StderrLine: {'line': b'  197 |     std::cout << "Current working directory: " << std::\x1b[01;31m\x1b[Kfilesystem\x1b[m\x1b[K::current_path() << std::endl;\n'}
[2.472762] (stonefish_ros2) StderrLine: {'line': b'      |                                                        \x1b[01;31m\x1b[K^~~~~~~~~~\x1b[m\x1b[K\n'}
[2.475030] (stonefish_ros2) StderrLine: {'line': b'\x1b[01m\x1b[K/home/dyj/ros2_ws/src/stonefish_ros2/src/FluidDynamicsTestManager.cpp:200:22:\x1b[m\x1b[K \x1b[01;31m\x1b[Kerror: \x1b[m\x1b[K\xe2\x80\x98\x1b[01m\x1b[KgetOcean\x1b[m\x1b[K\xe2\x80\x99 was not declared in this scope; did you mean \xe2\x80\x98\x1b[01m\x1b[KOcean\x1b[m\x1b[K\xe2\x80\x99?\n'}
[2.475174] (stonefish_ros2) StderrLine: {'line': b'  200 |     sf::Scalar rho = \x1b[01;31m\x1b[KgetOcean\x1b[m\x1b[K()->getLiquid().density;\n'}
[2.475255] (stonefish_ros2) StderrLine: {'line': b'      |                      \x1b[01;31m\x1b[K^~~~~~~~\x1b[m\x1b[K\n'}
[2.475322] (stonefish_ros2) StderrLine: {'line': b'      |                      \x1b[32m\x1b[KOcean\x1b[m\x1b[K\n'}
[2.477524] (stonefish_ros2) StderrLine: {'line': b'\x1b[01m\x1b[K/home/dyj/ros2_ws/src/stonefish_ros2/src/FluidDynamicsTestManager.cpp:203:39:\x1b[m\x1b[K \x1b[01;31m\x1b[Kerror: \x1b[m\x1b[K\xe2\x80\x98\x1b[01m\x1b[KgetEntity\x1b[m\x1b[K\xe2\x80\x99 was not declared in this scope; did you mean \xe2\x80\x98\x1b[01m\x1b[KEntity\x1b[m\x1b[K\xe2\x80\x99?\n'}
[2.477674] (stonefish_ros2) StderrLine: {'line': b'  203 |     sf::Sphere* sphere = (sf::Sphere*)\x1b[01;31m\x1b[KgetEntity\x1b[m\x1b[K("Sphere");\n'}
[2.477755] (stonefish_ros2) StderrLine: {'line': b'      |                                       \x1b[01;31m\x1b[K^~~~~~~~~\x1b[m\x1b[K\n'}
[2.477819] (stonefish_ros2) StderrLine: {'line': b'      |                                       \x1b[32m\x1b[KEntity\x1b[m\x1b[K\n'}
[2.505858] (-) TimerEvent: {}
[2.584543] (stonefish_ros2) StderrLine: {'line': b'make[2]: *** [CMakeFiles/fluid_dynamics_test.dir/build.make:92\xef\xbc\x9aCMakeFiles/fluid_dynamics_test.dir/src/main.cpp.o] \xe9\x94\x99\xe8\xaf\xaf 1\n'}
[2.584780] (stonefish_ros2) StderrLine: {'line': b'make[2]: *** \xe6\xad\xa3\xe5\x9c\xa8\xe7\xad\x89\xe5\xbe\x85\xe6\x9c\xaa\xe5\xae\x8c\xe6\x88\x90\xe7\x9a\x84\xe4\xbb\xbb\xe5\x8a\xa1....\n'}
[2.605973] (-) TimerEvent: {}
[2.651958] (stonefish_ros2) StderrLine: {'line': b'make[2]: *** [CMakeFiles/fluid_dynamics_test.dir/build.make:79\xef\xbc\x9aCMakeFiles/fluid_dynamics_test.dir/src/FluidDynamicsTestApp.cpp.o] \xe9\x94\x99\xe8\xaf\xaf 1\n'}
[2.706086] (-) TimerEvent: {}
[2.806382] (-) TimerEvent: {}
[2.906702] (-) TimerEvent: {}
[3.007023] (-) TimerEvent: {}
[3.107357] (-) TimerEvent: {}
[3.207686] (-) TimerEvent: {}
[3.308005] (-) TimerEvent: {}
[3.408334] (-) TimerEvent: {}
[3.508654] (-) TimerEvent: {}
[3.608967] (-) TimerEvent: {}
[3.709263] (-) TimerEvent: {}
[3.799774] (stonefish_ros2) StderrLine: {'line': b'make[2]: *** [CMakeFiles/fluid_dynamics_test.dir/build.make:66\xef\xbc\x9aCMakeFiles/fluid_dynamics_test.dir/src/FluidDynamicsTestManager.cpp.o] \xe9\x94\x99\xe8\xaf\xaf 1\n'}
[3.800041] (stonefish_ros2) StdoutLine: {'line': b'make[2]: \xe7\xa6\xbb\xe5\xbc\x80\xe7\x9b\xae\xe5\xbd\x95\xe2\x80\x9c/home/dyj/ros2_ws/build/stonefish_ros2\xe2\x80\x9d\n'}
[3.800134] (stonefish_ros2) StdoutLine: {'line': b'make[1]: \xe7\xa6\xbb\xe5\xbc\x80\xe7\x9b\xae\xe5\xbd\x95\xe2\x80\x9c/home/dyj/ros2_ws/build/stonefish_ros2\xe2\x80\x9d\n'}
[3.800206] (stonefish_ros2) StderrLine: {'line': b'make[1]: *** [CMakeFiles/Makefile2:390\xef\xbc\x9aCMakeFiles/fluid_dynamics_test.dir/all] \xe9\x94\x99\xe8\xaf\xaf 2\n'}
[3.800303] (stonefish_ros2) StderrLine: {'line': b'make: *** [Makefile:144\xef\xbc\x9aall] \xe9\x94\x99\xe8\xaf\xaf 2\n'}
[3.803119] (stonefish_ros2) CommandEnded: {'returncode': 2}
[3.809318] (-) TimerEvent: {}
[3.812226] (stonefish_ros2) JobEnded: {'identifier': 'stonefish_ros2', 'rc': 2}
[3.822485] (-) EventReactorShutdown: {}
