[01m[K/home/dyj/ros2_ws/src/stonefish_ros2/src/FluidDynamicsTestManager.cpp:[m[K In member function â€˜[01m[Kvirtual void FluidDynamicsTestManager::BuildScenario()[m[Kâ€™:
[01m[K/home/dyj/ros2_ws/src/stonefish_ros2/src/FluidDynamicsTestManager.cpp:155:38:[m[K [01;31m[Kerror: [m[Kexpected primary-expression before â€˜[01m[K...[m[Kâ€™ token
  155 |     thruster1_->AttachToSolid(hull1, [01;31m[K...[m[K);
      |                                      [01;31m[K^~~[m[K
[01m[K/home/dyj/ros2_ws/src/stonefish_ros2/src/FluidDynamicsTestManager.cpp:160:38:[m[K [01;31m[Kerror: [m[Kexpected primary-expression before â€˜[01m[K...[m[Kâ€™ token
  160 |     thruster2_->AttachToSolid(hull2, [01;31m[K...[m[K);
      |                                      [01;31m[K^~~[m[K
[01m[K/home/dyj/ros2_ws/src/stonefish_ros2/src/FluidDynamicsTestManager.cpp:[m[K In member function â€˜[01m[Kvirtual void FluidDynamicsTestManager::SimulationStepCompleted(sf::Scalar)[m[Kâ€™:
[01m[K/home/dyj/ros2_ws/src/stonefish_ros2/src/FluidDynamicsTestManager.cpp:186:67:[m[K [01;35m[Kwarning: [m[Kunused parameter â€˜[01m[KtimeStep[m[Kâ€™ [[01;35m[K-Wunused-parameter[m[K]
  186 | void FluidDynamicsTestManager::SimulationStepCompleted([01;35m[Ksf::Scalar timeStep[m[K)
      |                                                        [01;35m[K~~~~~~~~~~~^~~~~~~~[m[K
make[2]: *** [CMakeFiles/fluid_dynamics_test.dir/build.make:63ï¼šCMakeFiles/fluid_dynamics_test.dir/src/FluidDynamicsTestManager.cpp.o] é”™è¯¯ 1
make[1]: *** [CMakeFiles/Makefile2:642ï¼šCMakeFiles/fluid_dynamics_test.dir/all] é”™è¯¯ 2
make: *** [Makefile:141ï¼šall] é”™è¯¯ 2
