[  0%] Built target ament_cmake_python_symlink_stonefish_ros2
[  1%] Built target stonefish_ros2__cpp
[ 11%] Built target stonefish_ros2__rosidl_generator_c
[ 22%] Built target stonefish_ros2__rosidl_typesupport_cpp
[ 32%] Built target stonefish_ros2__rosidl_typesupport_introspection_cpp
[ 43%] Built target stonefish_ros2__rosidl_typesupport_c
[ 53%] Built target stonefish_ros2__rosidl_typesupport_introspection_c
[35m[1mScanning dependencies of target fluid_dynamics_test[0m
[ 64%] Built target stonefish_ros2__rosidl_typesupport_fastrtps_cpp
[ 75%] Built target stonefish_ros2__rosidl_typesupport_fastrtps_c
[ 80%] Built target stonefish_ros2_interface
[ 80%] [32mBuilding CXX object CMakeFiles/fluid_dynamics_test.dir/src/FluidDynamicsTestManager.cpp.o[0m
[ 80%] Built target stonefish_ros2
[ 81%] Built target stonefish_simulator
[ 83%] Built target stonefish_simulator_nogpu
[ 84%] Built target stonefish_ros2__py
running egg_info
writing stonefish_ros2.egg-info/PKG-INFO
writing dependency_links to stonefish_ros2.egg-info/dependency_links.txt
writing top-level names to stonefish_ros2.egg-info/top_level.txt
[ 94%] Built target stonefish_ros2__rosidl_generator_py
reading manifest file 'stonefish_ros2.egg-info/SOURCES.txt'
writing manifest file 'stonefish_ros2.egg-info/SOURCES.txt'
[ 96%] Built target stonefish_ros2__rosidl_typesupport_introspection_c__pyext
[ 97%] Built target stonefish_ros2__rosidl_typesupport_c__pyext
[ 98%] Built target stonefish_ros2__rosidl_typesupport_fastrtps_c__pyext
[ 98%] Built target ament_cmake_python_build_stonefish_ros2_egg
[01m[K/home/dyj/ros2_ws/src/stonefish_ros2/src/FluidDynamicsTestManager.cpp:[m[K In member function â€˜[01m[Kvirtual void FluidDynamicsTestManager::BuildScenario()[m[Kâ€™:
[01m[K/home/dyj/ros2_ws/src/stonefish_ros2/src/FluidDynamicsTestManager.cpp:155:38:[m[K [01;31m[Kerror: [m[Kexpected primary-expression before â€˜[01m[K...[m[Kâ€™ token
  155 |     thruster1_->AttachToSolid(hull1, [01;31m[K...[m[K);
      |                                      [01;31m[K^~~[m[K
[01m[K/home/dyj/ros2_ws/src/stonefish_ros2/src/FluidDynamicsTestManager.cpp:160:38:[m[K [01;31m[Kerror: [m[Kexpected primary-expression before â€˜[01m[K...[m[Kâ€™ token
  160 |     thruster2_->AttachToSolid(hull2, [01;31m[K...[m[K);
      |                                      [01;31m[K^~~[m[K
[01m[K/home/dyj/ros2_ws/src/stonefish_ros2/src/FluidDynamicsTestManager.cpp:[m[K In member function â€˜[01m[Kvirtual void FluidDynamicsTestManager::SimulationStepCompleted(sf::Scalar)[m[Kâ€™:
[01m[K/home/dyj/ros2_ws/src/stonefish_ros2/src/FluidDynamicsTestManager.cpp:186:67:[m[K [01;35m[Kwarning: [m[Kunused parameter â€˜[01m[KtimeStep[m[Kâ€™ [[01;35m[K-Wunused-parameter[m[K]
  186 | void FluidDynamicsTestManager::SimulationStepCompleted([01;35m[Ksf::Scalar timeStep[m[K)
      |                                                        [01;35m[K~~~~~~~~~~~^~~~~~~~[m[K
make[2]: *** [CMakeFiles/fluid_dynamics_test.dir/build.make:63ï¼šCMakeFiles/fluid_dynamics_test.dir/src/FluidDynamicsTestManager.cpp.o] é”™è¯¯ 1
make[1]: *** [CMakeFiles/Makefile2:642ï¼šCMakeFiles/fluid_dynamics_test.dir/all] é”™è¯¯ 2
make: *** [Makefile:141ï¼šall] é”™è¯¯ 2
