/usr/bin/cmake -S/home/dyj/ros2_ws/src/stonefish_ros2 -B/home/dyj/ros2_ws/build/stonefish_ros2 --check-build-system CMakeFiles/Makefile.cmake 0
/usr/bin/cmake -E cmake_progress_start /home/dyj/ros2_ws/build/stonefish_ros2/CMakeFiles /home/dyj/ros2_ws/build/stonefish_ros2/CMakeFiles/progress.marks
/usr/bin/make -f CMakeFiles/Makefile2 all
make[1]: 进入目录“/home/dyj/ros2_ws/build/stonefish_ros2”
/usr/bin/make -f CMakeFiles/stonefish_ros2__cpp.dir/build.make CMakeFiles/stonefish_ros2__cpp.dir/depend
/usr/bin/make -f CMakeFiles/stonefish_ros2__rosidl_generator_c.dir/build.make CMakeFiles/stonefish_ros2__rosidl_generator_c.dir/depend
/usr/bin/make -f CMakeFiles/ament_cmake_python_symlink_stonefish_ros2.dir/build.make CMakeFiles/ament_cmake_python_symlink_stonefish_ros2.dir/depend
make[2]: 进入目录“/home/dyj/ros2_ws/build/stonefish_ros2”
cd /home/dyj/ros2_ws/build/stonefish_ros2 && /usr/bin/cmake -E cmake_depends "Unix Makefiles" /home/dyj/ros2_ws/src/stonefish_ros2 /home/dyj/ros2_ws/src/stonefish_ros2 /home/dyj/ros2_ws/build/stonefish_ros2 /home/dyj/ros2_ws/build/stonefish_ros2 /home/dyj/ros2_ws/build/stonefish_ros2/CMakeFiles/ament_cmake_python_symlink_stonefish_ros2.dir/DependInfo.cmake --color=
make[2]: 进入目录“/home/dyj/ros2_ws/build/stonefish_ros2”
cd /home/dyj/ros2_ws/build/stonefish_ros2 && /usr/bin/cmake -E cmake_depends "Unix Makefiles" /home/dyj/ros2_ws/src/stonefish_ros2 /home/dyj/ros2_ws/src/stonefish_ros2 /home/dyj/ros2_ws/build/stonefish_ros2 /home/dyj/ros2_ws/build/stonefish_ros2 /home/dyj/ros2_ws/build/stonefish_ros2/CMakeFiles/stonefish_ros2__cpp.dir/DependInfo.cmake --color=
make[2]: 进入目录“/home/dyj/ros2_ws/build/stonefish_ros2”
cd /home/dyj/ros2_ws/build/stonefish_ros2 && /usr/bin/cmake -E cmake_depends "Unix Makefiles" /home/dyj/ros2_ws/src/stonefish_ros2 /home/dyj/ros2_ws/src/stonefish_ros2 /home/dyj/ros2_ws/build/stonefish_ros2 /home/dyj/ros2_ws/build/stonefish_ros2 /home/dyj/ros2_ws/build/stonefish_ros2/CMakeFiles/stonefish_ros2__rosidl_generator_c.dir/DependInfo.cmake --color=
make[2]: 离开目录“/home/dyj/ros2_ws/build/stonefish_ros2”
/usr/bin/make -f CMakeFiles/ament_cmake_python_symlink_stonefish_ros2.dir/build.make CMakeFiles/ament_cmake_python_symlink_stonefish_ros2.dir/build
make[2]: 离开目录“/home/dyj/ros2_ws/build/stonefish_ros2”
/usr/bin/make -f CMakeFiles/stonefish_ros2__cpp.dir/build.make CMakeFiles/stonefish_ros2__cpp.dir/build
make[2]: 进入目录“/home/dyj/ros2_ws/build/stonefish_ros2”
/usr/bin/cmake -E create_symlink /home/dyj/ros2_ws/build/stonefish_ros2/rosidl_generator_py/stonefish_ros2 /home/dyj/ros2_ws/build/stonefish_ros2/ament_cmake_python/stonefish_ros2/stonefish_ros2
make[2]: 进入目录“/home/dyj/ros2_ws/build/stonefish_ros2”
make[2]: 对“CMakeFiles/stonefish_ros2__cpp.dir/build”无需做任何事。
make[2]: 离开目录“/home/dyj/ros2_ws/build/stonefish_ros2”
make[2]: 离开目录“/home/dyj/ros2_ws/build/stonefish_ros2”
make[2]: 离开目录“/home/dyj/ros2_ws/build/stonefish_ros2”
/usr/bin/make -f CMakeFiles/stonefish_ros2__rosidl_generator_c.dir/build.make CMakeFiles/stonefish_ros2__rosidl_generator_c.dir/build
[  1%] Built target stonefish_ros2__cpp
/usr/bin/make -f CMakeFiles/stonefish_ros2__rosidl_typesupport_cpp.dir/build.make CMakeFiles/stonefish_ros2__rosidl_typesupport_cpp.dir/depend
/usr/bin/make -f CMakeFiles/stonefish_ros2__rosidl_typesupport_fastrtps_cpp.dir/build.make CMakeFiles/stonefish_ros2__rosidl_typesupport_fastrtps_cpp.dir/depend
/usr/bin/make -f CMakeFiles/stonefish_ros2__rosidl_typesupport_introspection_cpp.dir/build.make CMakeFiles/stonefish_ros2__rosidl_typesupport_introspection_cpp.dir/depend
make[2]: 进入目录“/home/dyj/ros2_ws/build/stonefish_ros2”
cd /home/dyj/ros2_ws/build/stonefish_ros2 && /usr/bin/cmake -E cmake_depends "Unix Makefiles" /home/dyj/ros2_ws/src/stonefish_ros2 /home/dyj/ros2_ws/src/stonefish_ros2 /home/dyj/ros2_ws/build/stonefish_ros2 /home/dyj/ros2_ws/build/stonefish_ros2 /home/dyj/ros2_ws/build/stonefish_ros2/CMakeFiles/stonefish_ros2__rosidl_typesupport_cpp.dir/DependInfo.cmake --color=
make[2]: 进入目录“/home/dyj/ros2_ws/build/stonefish_ros2”
cd /home/dyj/ros2_ws/build/stonefish_ros2 && /usr/bin/cmake -E cmake_depends "Unix Makefiles" /home/dyj/ros2_ws/src/stonefish_ros2 /home/dyj/ros2_ws/src/stonefish_ros2 /home/dyj/ros2_ws/build/stonefish_ros2 /home/dyj/ros2_ws/build/stonefish_ros2 /home/dyj/ros2_ws/build/stonefish_ros2/CMakeFiles/stonefish_ros2__rosidl_typesupport_introspection_cpp.dir/DependInfo.cmake --color=
make[2]: 进入目录“/home/dyj/ros2_ws/build/stonefish_ros2”
cd /home/dyj/ros2_ws/build/stonefish_ros2 && /usr/bin/cmake -E cmake_depends "Unix Makefiles" /home/dyj/ros2_ws/src/stonefish_ros2 /home/dyj/ros2_ws/src/stonefish_ros2 /home/dyj/ros2_ws/build/stonefish_ros2 /home/dyj/ros2_ws/build/stonefish_ros2 /home/dyj/ros2_ws/build/stonefish_ros2/CMakeFiles/stonefish_ros2__rosidl_typesupport_fastrtps_cpp.dir/DependInfo.cmake --color=
make[2]: 进入目录“/home/dyj/ros2_ws/build/stonefish_ros2”
make[2]: 对“CMakeFiles/stonefish_ros2__rosidl_generator_c.dir/build”无需做任何事。
make[2]: 离开目录“/home/dyj/ros2_ws/build/stonefish_ros2”
make[2]: 离开目录“/home/dyj/ros2_ws/build/stonefish_ros2”
/usr/bin/make -f CMakeFiles/stonefish_ros2__rosidl_typesupport_introspection_cpp.dir/build.make CMakeFiles/stonefish_ros2__rosidl_typesupport_introspection_cpp.dir/build
[  1%] Built target ament_cmake_python_symlink_stonefish_ros2
[ 11%] Built target stonefish_ros2__rosidl_generator_c
/usr/bin/make -f CMakeFiles/ament_cmake_python_build_stonefish_ros2_egg.dir/build.make CMakeFiles/ament_cmake_python_build_stonefish_ros2_egg.dir/depend
make[2]: 离开目录“/home/dyj/ros2_ws/build/stonefish_ros2”
/usr/bin/make -f CMakeFiles/stonefish_ros2__rosidl_typesupport_fastrtps_cpp.dir/build.make CMakeFiles/stonefish_ros2__rosidl_typesupport_fastrtps_cpp.dir/build
/usr/bin/make -f CMakeFiles/stonefish_ros2__rosidl_typesupport_c.dir/build.make CMakeFiles/stonefish_ros2__rosidl_typesupport_c.dir/depend
/usr/bin/make -f CMakeFiles/stonefish_ros2__rosidl_typesupport_introspection_c.dir/build.make CMakeFiles/stonefish_ros2__rosidl_typesupport_introspection_c.dir/depend
make[2]: 进入目录“/home/dyj/ros2_ws/build/stonefish_ros2”
cd /home/dyj/ros2_ws/build/stonefish_ros2 && /usr/bin/cmake -E cmake_depends "Unix Makefiles" /home/dyj/ros2_ws/src/stonefish_ros2 /home/dyj/ros2_ws/src/stonefish_ros2 /home/dyj/ros2_ws/build/stonefish_ros2 /home/dyj/ros2_ws/build/stonefish_ros2 /home/dyj/ros2_ws/build/stonefish_ros2/CMakeFiles/ament_cmake_python_build_stonefish_ros2_egg.dir/DependInfo.cmake --color=
make[2]: 进入目录“/home/dyj/ros2_ws/build/stonefish_ros2”
cd /home/dyj/ros2_ws/build/stonefish_ros2 && /usr/bin/cmake -E cmake_depends "Unix Makefiles" /home/dyj/ros2_ws/src/stonefish_ros2 /home/dyj/ros2_ws/src/stonefish_ros2 /home/dyj/ros2_ws/build/stonefish_ros2 /home/dyj/ros2_ws/build/stonefish_ros2 /home/dyj/ros2_ws/build/stonefish_ros2/CMakeFiles/stonefish_ros2__rosidl_typesupport_c.dir/DependInfo.cmake --color=
make[2]: 进入目录“/home/dyj/ros2_ws/build/stonefish_ros2”
make[2]: 对“CMakeFiles/stonefish_ros2__rosidl_typesupport_introspection_cpp.dir/build”无需做任何事。
make[2]: 离开目录“/home/dyj/ros2_ws/build/stonefish_ros2”
make[2]: 离开目录“/home/dyj/ros2_ws/build/stonefish_ros2”
/usr/bin/make -f CMakeFiles/stonefish_ros2__rosidl_typesupport_cpp.dir/build.make CMakeFiles/stonefish_ros2__rosidl_typesupport_cpp.dir/build
make[2]: 离开目录“/home/dyj/ros2_ws/build/stonefish_ros2”
/usr/bin/make -f CMakeFiles/ament_cmake_python_build_stonefish_ros2_egg.dir/build.make CMakeFiles/ament_cmake_python_build_stonefish_ros2_egg.dir/build
make[2]: 进入目录“/home/dyj/ros2_ws/build/stonefish_ros2”
cd /home/dyj/ros2_ws/build/stonefish_ros2 && /usr/bin/cmake -E cmake_depends "Unix Makefiles" /home/dyj/ros2_ws/src/stonefish_ros2 /home/dyj/ros2_ws/src/stonefish_ros2 /home/dyj/ros2_ws/build/stonefish_ros2 /home/dyj/ros2_ws/build/stonefish_ros2 /home/dyj/ros2_ws/build/stonefish_ros2/CMakeFiles/stonefish_ros2__rosidl_typesupport_introspection_c.dir/DependInfo.cmake --color=
make[2]: 进入目录“/home/dyj/ros2_ws/build/stonefish_ros2”
cd /home/dyj/ros2_ws/build/stonefish_ros2/ament_cmake_python/stonefish_ros2 && /usr/bin/python3.8 setup.py egg_info
make[2]: 进入目录“/home/dyj/ros2_ws/build/stonefish_ros2”
make[2]: 对“CMakeFiles/stonefish_ros2__rosidl_typesupport_fastrtps_cpp.dir/build”无需做任何事。
make[2]: 离开目录“/home/dyj/ros2_ws/build/stonefish_ros2”
make[2]: 离开目录“/home/dyj/ros2_ws/build/stonefish_ros2”
/usr/bin/make -f CMakeFiles/stonefish_ros2__rosidl_typesupport_c.dir/build.make CMakeFiles/stonefish_ros2__rosidl_typesupport_c.dir/build
[ 22%] Built target stonefish_ros2__rosidl_typesupport_introspection_cpp
make[2]: 进入目录“/home/dyj/ros2_ws/build/stonefish_ros2”
make[2]: 对“CMakeFiles/stonefish_ros2__rosidl_typesupport_cpp.dir/build”无需做任何事。
make[2]: 离开目录“/home/dyj/ros2_ws/build/stonefish_ros2”
[ 32%] Built target stonefish_ros2__rosidl_typesupport_fastrtps_cpp
/usr/bin/make -f CMakeFiles/stonefish_ros2__rosidl_typesupport_fastrtps_c.dir/build.make CMakeFiles/stonefish_ros2__rosidl_typesupport_fastrtps_c.dir/depend
make[2]: 离开目录“/home/dyj/ros2_ws/build/stonefish_ros2”
/usr/bin/make -f CMakeFiles/stonefish_ros2__rosidl_typesupport_introspection_c.dir/build.make CMakeFiles/stonefish_ros2__rosidl_typesupport_introspection_c.dir/build
make[2]: 进入目录“/home/dyj/ros2_ws/build/stonefish_ros2”
make[2]: 对“CMakeFiles/stonefish_ros2__rosidl_typesupport_c.dir/build”无需做任何事。
make[2]: 离开目录“/home/dyj/ros2_ws/build/stonefish_ros2”
[ 42%] Built target stonefish_ros2__rosidl_typesupport_cpp
/usr/bin/make -f CMakeFiles/camera_test.dir/build.make CMakeFiles/camera_test.dir/depend
/usr/bin/make -f CMakeFiles/stonefish_ros2_interface.dir/build.make CMakeFiles/stonefish_ros2_interface.dir/depend
/usr/bin/make -f CMakeFiles/fluid_dynamics_test.dir/build.make CMakeFiles/fluid_dynamics_test.dir/depend
make[2]: 进入目录“/home/dyj/ros2_ws/build/stonefish_ros2”
cd /home/dyj/ros2_ws/build/stonefish_ros2 && /usr/bin/cmake -E cmake_depends "Unix Makefiles" /home/dyj/ros2_ws/src/stonefish_ros2 /home/dyj/ros2_ws/src/stonefish_ros2 /home/dyj/ros2_ws/build/stonefish_ros2 /home/dyj/ros2_ws/build/stonefish_ros2 /home/dyj/ros2_ws/build/stonefish_ros2/CMakeFiles/stonefish_ros2__rosidl_typesupport_fastrtps_c.dir/DependInfo.cmake --color=
make[2]: 进入目录“/home/dyj/ros2_ws/build/stonefish_ros2”
cd /home/dyj/ros2_ws/build/stonefish_ros2 && /usr/bin/cmake -E cmake_depends "Unix Makefiles" /home/dyj/ros2_ws/src/stonefish_ros2 /home/dyj/ros2_ws/src/stonefish_ros2 /home/dyj/ros2_ws/build/stonefish_ros2 /home/dyj/ros2_ws/build/stonefish_ros2 /home/dyj/ros2_ws/build/stonefish_ros2/CMakeFiles/camera_test.dir/DependInfo.cmake --color=
make[2]: 进入目录“/home/dyj/ros2_ws/build/stonefish_ros2”
cd /home/dyj/ros2_ws/build/stonefish_ros2 && /usr/bin/cmake -E cmake_depends "Unix Makefiles" /home/dyj/ros2_ws/src/stonefish_ros2 /home/dyj/ros2_ws/src/stonefish_ros2 /home/dyj/ros2_ws/build/stonefish_ros2 /home/dyj/ros2_ws/build/stonefish_ros2 /home/dyj/ros2_ws/build/stonefish_ros2/CMakeFiles/fluid_dynamics_test.dir/DependInfo.cmake --color=
[ 52%] Built target stonefish_ros2__rosidl_typesupport_c
make[2]: 进入目录“/home/dyj/ros2_ws/build/stonefish_ros2”
make[2]: 对“CMakeFiles/stonefish_ros2__rosidl_typesupport_introspection_c.dir/build”无需做任何事。
make[2]: 离开目录“/home/dyj/ros2_ws/build/stonefish_ros2”
make[2]: 离开目录“/home/dyj/ros2_ws/build/stonefish_ros2”
/usr/bin/make -f CMakeFiles/camera_test.dir/build.make CMakeFiles/camera_test.dir/build
make[2]: 离开目录“/home/dyj/ros2_ws/build/stonefish_ros2”
/usr/bin/make -f CMakeFiles/stonefish_ros2__rosidl_typesupport_fastrtps_c.dir/build.make CMakeFiles/stonefish_ros2__rosidl_typesupport_fastrtps_c.dir/build
make[2]: 进入目录“/home/dyj/ros2_ws/build/stonefish_ros2”
cd /home/dyj/ros2_ws/build/stonefish_ros2 && /usr/bin/cmake -E cmake_depends "Unix Makefiles" /home/dyj/ros2_ws/src/stonefish_ros2 /home/dyj/ros2_ws/src/stonefish_ros2 /home/dyj/ros2_ws/build/stonefish_ros2 /home/dyj/ros2_ws/build/stonefish_ros2 /home/dyj/ros2_ws/build/stonefish_ros2/CMakeFiles/stonefish_ros2_interface.dir/DependInfo.cmake --color=
make[2]: 进入目录“/home/dyj/ros2_ws/build/stonefish_ros2”
make[2]: 对“CMakeFiles/camera_test.dir/build”无需做任何事。
make[2]: 离开目录“/home/dyj/ros2_ws/build/stonefish_ros2”
Dependee "/home/dyj/ros2_ws/src/stonefish_ros2/src/FluidDynamicsTestManager.cpp" is newer than depends file "/home/dyj/ros2_ws/build/stonefish_ros2/CMakeFiles/fluid_dynamics_test.dir/depend.internal".
Clearing dependencies in "/home/dyj/ros2_ws/build/stonefish_ros2/CMakeFiles/fluid_dynamics_test.dir/depend.make".
[35m[1mScanning dependencies of target fluid_dynamics_test[0m
[ 63%] Built target stonefish_ros2__rosidl_typesupport_introspection_c
make[2]: 进入目录“/home/dyj/ros2_ws/build/stonefish_ros2”
make[2]: 对“CMakeFiles/stonefish_ros2__rosidl_typesupport_fastrtps_c.dir/build”无需做任何事。
make[2]: 离开目录“/home/dyj/ros2_ws/build/stonefish_ros2”
make[2]: 离开目录“/home/dyj/ros2_ws/build/stonefish_ros2”
/usr/bin/make -f CMakeFiles/stonefish_ros2_interface.dir/build.make CMakeFiles/stonefish_ros2_interface.dir/build
[ 65%] Built target camera_test
[ 76%] Built target stonefish_ros2__rosidl_typesupport_fastrtps_c
/usr/bin/make -f CMakeFiles/stonefish_ros2.dir/build.make CMakeFiles/stonefish_ros2.dir/depend
make[2]: 进入目录“/home/dyj/ros2_ws/build/stonefish_ros2”
cd /home/dyj/ros2_ws/build/stonefish_ros2 && /usr/bin/cmake -E cmake_depends "Unix Makefiles" /home/dyj/ros2_ws/src/stonefish_ros2 /home/dyj/ros2_ws/src/stonefish_ros2 /home/dyj/ros2_ws/build/stonefish_ros2 /home/dyj/ros2_ws/build/stonefish_ros2 /home/dyj/ros2_ws/build/stonefish_ros2/CMakeFiles/stonefish_ros2.dir/DependInfo.cmake --color=
make[2]: 离开目录“/home/dyj/ros2_ws/build/stonefish_ros2”
/usr/bin/make -f CMakeFiles/stonefish_ros2.dir/build.make CMakeFiles/stonefish_ros2.dir/build
make[2]: 进入目录“/home/dyj/ros2_ws/build/stonefish_ros2”
make[2]: 对“CMakeFiles/stonefish_ros2.dir/build”无需做任何事。
make[2]: 离开目录“/home/dyj/ros2_ws/build/stonefish_ros2”
make[2]: 离开目录“/home/dyj/ros2_ws/build/stonefish_ros2”
/usr/bin/make -f CMakeFiles/fluid_dynamics_test.dir/build.make CMakeFiles/fluid_dynamics_test.dir/build
make[2]: 进入目录“/home/dyj/ros2_ws/build/stonefish_ros2”
make[2]: 对“CMakeFiles/stonefish_ros2_interface.dir/build”无需做任何事。
make[2]: 离开目录“/home/dyj/ros2_ws/build/stonefish_ros2”
make[2]: 进入目录“/home/dyj/ros2_ws/build/stonefish_ros2”
[ 80%] Built target stonefish_ros2_interface
/usr/bin/make -f CMakeFiles/stonefish_simulator_nogpu.dir/build.make CMakeFiles/stonefish_simulator_nogpu.dir/depend
/usr/bin/make -f CMakeFiles/stonefish_simulator.dir/build.make CMakeFiles/stonefish_simulator.dir/depend
[ 80%] Built target stonefish_ros2
/usr/bin/make -f stonefish_ros2__py/CMakeFiles/stonefish_ros2__py.dir/build.make stonefish_ros2__py/CMakeFiles/stonefish_ros2__py.dir/depend
make[2]: 进入目录“/home/dyj/ros2_ws/build/stonefish_ros2”
cd /home/dyj/ros2_ws/build/stonefish_ros2 && /usr/bin/cmake -E cmake_depends "Unix Makefiles" /home/dyj/ros2_ws/src/stonefish_ros2 /home/dyj/ros2_ws/src/stonefish_ros2 /home/dyj/ros2_ws/build/stonefish_ros2 /home/dyj/ros2_ws/build/stonefish_ros2 /home/dyj/ros2_ws/build/stonefish_ros2/CMakeFiles/stonefish_simulator_nogpu.dir/DependInfo.cmake --color=
make[2]: 进入目录“/home/dyj/ros2_ws/build/stonefish_ros2”
cd /home/dyj/ros2_ws/build/stonefish_ros2 && /usr/bin/cmake -E cmake_depends "Unix Makefiles" /home/dyj/ros2_ws/src/stonefish_ros2 /home/dyj/ros2_ws/build/stonefish_ros2/stonefish_ros2__py /home/dyj/ros2_ws/build/stonefish_ros2 /home/dyj/ros2_ws/build/stonefish_ros2/stonefish_ros2__py /home/dyj/ros2_ws/build/stonefish_ros2/stonefish_ros2__py/CMakeFiles/stonefish_ros2__py.dir/DependInfo.cmake --color=
[ 80%] [32mBuilding CXX object CMakeFiles/fluid_dynamics_test.dir/src/FluidDynamicsTestManager.cpp.o[0m
/usr/bin/c++  -DBT_EULER_DEFAULT_ZYX -DBT_USE_DOUBLE_PRECISION -DDATA_DIR_PATH=\"/home/dyj/ros2_ws/src/stonefish_ros2/Data/\" -DDEFAULT_RMW_IMPLEMENTATION=rmw_cyclonedds_cpp -DRCUTILS_ENABLE_FAULT_INJECTION -DROS_PACKAGE_NAME=\"stonefish_ros2\" -DSHADER_DIR_PATH=\"/usr/local/share/Stonefish/shaders/\" -Dqh_QHpointer -DvtkRenderingContext2D_AUTOINIT="1(vtkRenderingContextOpenGL2)" -DvtkRenderingCore_AUTOINIT="3(vtkInteractionStyle,vtkRenderingFreeType,vtkRenderingOpenGL2)" -I/usr/include/vtk-7.1 -I/usr/include/freetype2 -I/home/dyj/ros2_ws/build/stonefish_ros2/rosidl_generator_cpp -isystem /opt/ros/rolling/include -isystem /usr/local/include/Stonefish  -Wall -Wextra -Wpedantic -std=gnu++2a -o CMakeFiles/fluid_dynamics_test.dir/src/FluidDynamicsTestManager.cpp.o -c /home/dyj/ros2_ws/src/stonefish_ros2/src/FluidDynamicsTestManager.cpp
make[2]: 进入目录“/home/dyj/ros2_ws/build/stonefish_ros2”
cd /home/dyj/ros2_ws/build/stonefish_ros2 && /usr/bin/cmake -E cmake_depends "Unix Makefiles" /home/dyj/ros2_ws/src/stonefish_ros2 /home/dyj/ros2_ws/src/stonefish_ros2 /home/dyj/ros2_ws/build/stonefish_ros2 /home/dyj/ros2_ws/build/stonefish_ros2 /home/dyj/ros2_ws/build/stonefish_ros2/CMakeFiles/stonefish_simulator.dir/DependInfo.cmake --color=
make[2]: 离开目录“/home/dyj/ros2_ws/build/stonefish_ros2”
/usr/bin/make -f stonefish_ros2__py/CMakeFiles/stonefish_ros2__py.dir/build.make stonefish_ros2__py/CMakeFiles/stonefish_ros2__py.dir/build
make[2]: 离开目录“/home/dyj/ros2_ws/build/stonefish_ros2”
/usr/bin/make -f CMakeFiles/stonefish_simulator_nogpu.dir/build.make CMakeFiles/stonefish_simulator_nogpu.dir/build
make[2]: 离开目录“/home/dyj/ros2_ws/build/stonefish_ros2”
/usr/bin/make -f CMakeFiles/stonefish_simulator.dir/build.make CMakeFiles/stonefish_simulator.dir/build
make[2]: 进入目录“/home/dyj/ros2_ws/build/stonefish_ros2”
make[2]: 对“stonefish_ros2__py/CMakeFiles/stonefish_ros2__py.dir/build”无需做任何事。
make[2]: 离开目录“/home/dyj/ros2_ws/build/stonefish_ros2”
make[2]: 进入目录“/home/dyj/ros2_ws/build/stonefish_ros2”
make[2]: 对“CMakeFiles/stonefish_simulator_nogpu.dir/build”无需做任何事。
make[2]: 离开目录“/home/dyj/ros2_ws/build/stonefish_ros2”
[ 81%] Built target stonefish_ros2__py
make[2]: 进入目录“/home/dyj/ros2_ws/build/stonefish_ros2”
make[2]: 对“CMakeFiles/stonefish_simulator.dir/build”无需做任何事。
make[2]: 离开目录“/home/dyj/ros2_ws/build/stonefish_ros2”
/usr/bin/make -f CMakeFiles/stonefish_ros2__rosidl_generator_py.dir/build.make CMakeFiles/stonefish_ros2__rosidl_generator_py.dir/depend
make[2]: 进入目录“/home/dyj/ros2_ws/build/stonefish_ros2”
cd /home/dyj/ros2_ws/build/stonefish_ros2 && /usr/bin/cmake -E cmake_depends "Unix Makefiles" /home/dyj/ros2_ws/src/stonefish_ros2 /home/dyj/ros2_ws/src/stonefish_ros2 /home/dyj/ros2_ws/build/stonefish_ros2 /home/dyj/ros2_ws/build/stonefish_ros2 /home/dyj/ros2_ws/build/stonefish_ros2/CMakeFiles/stonefish_ros2__rosidl_generator_py.dir/DependInfo.cmake --color=
[ 82%] Built target stonefish_simulator
[ 84%] Built target stonefish_simulator_nogpu
make[2]: 离开目录“/home/dyj/ros2_ws/build/stonefish_ros2”
/usr/bin/make -f CMakeFiles/stonefish_ros2__rosidl_generator_py.dir/build.make CMakeFiles/stonefish_ros2__rosidl_generator_py.dir/build
make[2]: 进入目录“/home/dyj/ros2_ws/build/stonefish_ros2”
make[2]: 对“CMakeFiles/stonefish_ros2__rosidl_generator_py.dir/build”无需做任何事。
make[2]: 离开目录“/home/dyj/ros2_ws/build/stonefish_ros2”
[ 94%] Built target stonefish_ros2__rosidl_generator_py
/usr/bin/make -f CMakeFiles/stonefish_ros2__rosidl_typesupport_c__pyext.dir/build.make CMakeFiles/stonefish_ros2__rosidl_typesupport_c__pyext.dir/depend
/usr/bin/make -f CMakeFiles/stonefish_ros2__rosidl_typesupport_fastrtps_c__pyext.dir/build.make CMakeFiles/stonefish_ros2__rosidl_typesupport_fastrtps_c__pyext.dir/depend
/usr/bin/make -f CMakeFiles/stonefish_ros2__rosidl_typesupport_introspection_c__pyext.dir/build.make CMakeFiles/stonefish_ros2__rosidl_typesupport_introspection_c__pyext.dir/depend
make[2]: 进入目录“/home/dyj/ros2_ws/build/stonefish_ros2”
cd /home/dyj/ros2_ws/build/stonefish_ros2 && /usr/bin/cmake -E cmake_depends "Unix Makefiles" /home/dyj/ros2_ws/src/stonefish_ros2 /home/dyj/ros2_ws/src/stonefish_ros2 /home/dyj/ros2_ws/build/stonefish_ros2 /home/dyj/ros2_ws/build/stonefish_ros2 /home/dyj/ros2_ws/build/stonefish_ros2/CMakeFiles/stonefish_ros2__rosidl_typesupport_c__pyext.dir/DependInfo.cmake --color=
make[2]: 进入目录“/home/dyj/ros2_ws/build/stonefish_ros2”
cd /home/dyj/ros2_ws/build/stonefish_ros2 && /usr/bin/cmake -E cmake_depends "Unix Makefiles" /home/dyj/ros2_ws/src/stonefish_ros2 /home/dyj/ros2_ws/src/stonefish_ros2 /home/dyj/ros2_ws/build/stonefish_ros2 /home/dyj/ros2_ws/build/stonefish_ros2 /home/dyj/ros2_ws/build/stonefish_ros2/CMakeFiles/stonefish_ros2__rosidl_typesupport_introspection_c__pyext.dir/DependInfo.cmake --color=
make[2]: 进入目录“/home/dyj/ros2_ws/build/stonefish_ros2”
cd /home/dyj/ros2_ws/build/stonefish_ros2 && /usr/bin/cmake -E cmake_depends "Unix Makefiles" /home/dyj/ros2_ws/src/stonefish_ros2 /home/dyj/ros2_ws/src/stonefish_ros2 /home/dyj/ros2_ws/build/stonefish_ros2 /home/dyj/ros2_ws/build/stonefish_ros2 /home/dyj/ros2_ws/build/stonefish_ros2/CMakeFiles/stonefish_ros2__rosidl_typesupport_fastrtps_c__pyext.dir/DependInfo.cmake --color=
make[2]: 离开目录“/home/dyj/ros2_ws/build/stonefish_ros2”
/usr/bin/make -f CMakeFiles/stonefish_ros2__rosidl_typesupport_introspection_c__pyext.dir/build.make CMakeFiles/stonefish_ros2__rosidl_typesupport_introspection_c__pyext.dir/build
make[2]: 离开目录“/home/dyj/ros2_ws/build/stonefish_ros2”
/usr/bin/make -f CMakeFiles/stonefish_ros2__rosidl_typesupport_c__pyext.dir/build.make CMakeFiles/stonefish_ros2__rosidl_typesupport_c__pyext.dir/build
make[2]: 离开目录“/home/dyj/ros2_ws/build/stonefish_ros2”
/usr/bin/make -f CMakeFiles/stonefish_ros2__rosidl_typesupport_fastrtps_c__pyext.dir/build.make CMakeFiles/stonefish_ros2__rosidl_typesupport_fastrtps_c__pyext.dir/build
make[2]: 进入目录“/home/dyj/ros2_ws/build/stonefish_ros2”
make[2]: 对“CMakeFiles/stonefish_ros2__rosidl_typesupport_introspection_c__pyext.dir/build”无需做任何事。
make[2]: 离开目录“/home/dyj/ros2_ws/build/stonefish_ros2”
make[2]: 进入目录“/home/dyj/ros2_ws/build/stonefish_ros2”
make[2]: 对“CMakeFiles/stonefish_ros2__rosidl_typesupport_c__pyext.dir/build”无需做任何事。
make[2]: 离开目录“/home/dyj/ros2_ws/build/stonefish_ros2”
make[2]: 进入目录“/home/dyj/ros2_ws/build/stonefish_ros2”
make[2]: 对“CMakeFiles/stonefish_ros2__rosidl_typesupport_fastrtps_c__pyext.dir/build”无需做任何事。
make[2]: 离开目录“/home/dyj/ros2_ws/build/stonefish_ros2”
[ 96%] Built target stonefish_ros2__rosidl_typesupport_c__pyext
[ 97%] Built target stonefish_ros2__rosidl_typesupport_fastrtps_c__pyext
[ 98%] Built target stonefish_ros2__rosidl_typesupport_introspection_c__pyext
running egg_info
writing stonefish_ros2.egg-info/PKG-INFO
writing dependency_links to stonefish_ros2.egg-info/dependency_links.txt
writing top-level names to stonefish_ros2.egg-info/top_level.txt
reading manifest file 'stonefish_ros2.egg-info/SOURCES.txt'
writing manifest file 'stonefish_ros2.egg-info/SOURCES.txt'
make[2]: 离开目录“/home/dyj/ros2_ws/build/stonefish_ros2”
[ 98%] Built target ament_cmake_python_build_stonefish_ros2_egg
[ 98%] [32m[1mLinking CXX executable fluid_dynamics_test[0m
/usr/bin/cmake -E cmake_link_script CMakeFiles/fluid_dynamics_test.dir/link.txt --verbose=1
/usr/bin/c++       CMakeFiles/fluid_dynamics_test.dir/src/FluidDynamicsTestManager.cpp.o CMakeFiles/fluid_dynamics_test.dir/src/FluidDynamicsTestApp.cpp.o CMakeFiles/fluid_dynamics_test.dir/src/main.cpp.o  -o fluid_dynamics_test  -Wl,-rpath,/usr/local/lib:/home/dyj/ros2_ws/build/stonefish_ros2:/opt/ros/rolling/lib /usr/local/lib/libStonefish.so libstonefish_ros2__rosidl_typesupport_cpp.so /opt/ros/rolling/lib/librclcpp.so /opt/ros/rolling/lib/libgeometry_msgs__rosidl_typesupport_introspection_c.so /opt/ros/rolling/lib/libgeometry_msgs__rosidl_typesupport_introspection_cpp.so /opt/ros/rolling/lib/libgeometry_msgs__rosidl_typesupport_cpp.so /opt/ros/rolling/lib/libgeometry_msgs__rosidl_generator_py.so /usr/lib/x86_64-linux-gnu/libfreetype.so /usr/lib/x86_64-linux-gnu/libOpenGL.so /usr/lib/x86_64-linux-gnu/libGLX.so /usr/lib/x86_64-linux-gnu/libGLU.so -lSDL2 /usr/lib/gcc/x86_64-linux-gnu/9/libgomp.so /usr/lib/x86_64-linux-gnu/libpthread.so /opt/ros/rolling/lib/libgeometry_msgs__rosidl_generator_c.so /opt/ros/rolling/lib/libgeometry_msgs__rosidl_typesupport_c.so /opt/ros/rolling/lib/libstd_srvs__rosidl_typesupport_introspection_c.so /opt/ros/rolling/lib/libstd_srvs__rosidl_typesupport_introspection_cpp.so /opt/ros/rolling/lib/libstd_srvs__rosidl_typesupport_cpp.so /opt/ros/rolling/lib/libstd_srvs__rosidl_generator_py.so /opt/ros/rolling/lib/libstd_srvs__rosidl_generator_c.so /opt/ros/rolling/lib/libstd_srvs__rosidl_typesupport_c.so -lpthread /opt/ros/rolling/lib/liblibstatistics_collector.so /opt/ros/rolling/lib/liblibstatistics_collector_test_msgs__rosidl_typesupport_introspection_c.so /opt/ros/rolling/lib/liblibstatistics_collector_test_msgs__rosidl_typesupport_introspection_cpp.so /opt/ros/rolling/lib/liblibstatistics_collector_test_msgs__rosidl_typesupport_cpp.so /opt/ros/rolling/lib/liblibstatistics_collector_test_msgs__rosidl_generator_py.so /opt/ros/rolling/lib/liblibstatistics_collector_test_msgs__rosidl_generator_c.so /opt/ros/rolling/lib/liblibstatistics_collector_test_msgs__rosidl_typesupport_c.so /opt/ros/rolling/lib/libstd_msgs__rosidl_typesupport_introspection_c.so /opt/ros/rolling/lib/libstd_msgs__rosidl_typesupport_introspection_cpp.so /opt/ros/rolling/lib/libstd_msgs__rosidl_typesupport_cpp.so /opt/ros/rolling/lib/libstd_msgs__rosidl_generator_py.so /opt/ros/rolling/lib/libstd_msgs__rosidl_generator_c.so /opt/ros/rolling/lib/libstd_msgs__rosidl_typesupport_c.so /opt/ros/rolling/lib/librcl.so /opt/ros/rolling/lib/librcl_interfaces__rosidl_typesupport_introspection_c.so /opt/ros/rolling/lib/librcl_interfaces__rosidl_typesupport_introspection_cpp.so /opt/ros/rolling/lib/librcl_interfaces__rosidl_typesupport_cpp.so /opt/ros/rolling/lib/librcl_interfaces__rosidl_generator_py.so /opt/ros/rolling/lib/librcl_interfaces__rosidl_generator_c.so /opt/ros/rolling/lib/librcl_interfaces__rosidl_typesupport_c.so /opt/ros/rolling/lib/librmw_implementation.so /opt/ros/rolling/lib/libament_index_cpp.so /opt/ros/rolling/lib/librcl_logging_spdlog.so /opt/ros/rolling/lib/librcl_logging_interface.so /opt/ros/rolling/lib/librcl_yaml_param_parser.so /opt/ros/rolling/lib/librmw.so /opt/ros/rolling/lib/libyaml.so /opt/ros/rolling/lib/librosgraph_msgs__rosidl_typesupport_introspection_c.so /opt/ros/rolling/lib/librosgraph_msgs__rosidl_typesupport_introspection_cpp.so /opt/ros/rolling/lib/librosgraph_msgs__rosidl_typesupport_cpp.so /opt/ros/rolling/lib/librosgraph_msgs__rosidl_generator_py.so /opt/ros/rolling/lib/librosgraph_msgs__rosidl_generator_c.so /opt/ros/rolling/lib/librosgraph_msgs__rosidl_typesupport_c.so /opt/ros/rolling/lib/libstatistics_msgs__rosidl_typesupport_introspection_c.so /opt/ros/rolling/lib/libstatistics_msgs__rosidl_typesupport_introspection_cpp.so /opt/ros/rolling/lib/libstatistics_msgs__rosidl_typesupport_cpp.so /opt/ros/rolling/lib/libstatistics_msgs__rosidl_generator_py.so /opt/ros/rolling/lib/libstatistics_msgs__rosidl_generator_c.so /opt/ros/rolling/lib/libstatistics_msgs__rosidl_typesupport_c.so /opt/ros/rolling/lib/libbuiltin_interfaces__rosidl_typesupport_introspection_c.so /opt/ros/rolling/lib/libbuiltin_interfaces__rosidl_typesupport_introspection_cpp.so /opt/ros/rolling/lib/librosidl_typesupport_introspection_cpp.so /opt/ros/rolling/lib/librosidl_typesupport_introspection_c.so /opt/ros/rolling/lib/libbuiltin_interfaces__rosidl_typesupport_cpp.so /opt/ros/rolling/lib/librosidl_typesupport_cpp.so /opt/ros/rolling/lib/libbuiltin_interfaces__rosidl_generator_py.so /opt/ros/rolling/lib/libbuiltin_interfaces__rosidl_generator_c.so /opt/ros/rolling/lib/libbuiltin_interfaces__rosidl_typesupport_c.so /opt/ros/rolling/lib/librosidl_typesupport_c.so /opt/ros/rolling/lib/librosidl_runtime_c.so /opt/ros/rolling/lib/librcpputils.so /opt/ros/rolling/lib/librcutils.so -ldl /usr/lib/x86_64-linux-gnu/libpython3.8.so /opt/ros/rolling/lib/libtracetools.so 
/usr/bin/ld: /usr/lib/gcc/x86_64-linux-gnu/9/../../../x86_64-linux-gnu/Scrt1.o: in function `_start':
(.text+0x24): undefined reference to `main'
collect2: error: ld returned 1 exit status
make[2]: *** [CMakeFiles/fluid_dynamics_test.dir/build.make:192：fluid_dynamics_test] 错误 1
make[2]: 离开目录“/home/dyj/ros2_ws/build/stonefish_ros2”
make[1]: *** [CMakeFiles/Makefile2:390：CMakeFiles/fluid_dynamics_test.dir/all] 错误 2
make[1]: 离开目录“/home/dyj/ros2_ws/build/stonefish_ros2”
make: *** [Makefile:144：all] 错误 2
